@(#)CERN job starter $Date: 2010/06/23 14:22:16 $
Working directory is </pool/lsf/syu/60064366> on <b6ebc65ee4.cern.ch>

Starting job on  Thu Jul 20 19:37:19 CEST 2017
Running on  Linux b6ebc65ee4.cern.ch 2.6.32-642.11.1.el6.x86_64 #1 SMP Wed Nov 16 09:40:09 CET 2016 x86_64 x86_64 x86_64 GNU/Linux
System release  Scientific Linux CERN SLC release 6.9 (Carbon)
name: interactive
carddir: 
queue: local
# On branch master
# Changed but not updated:
#   (use "git add <file>..." to update what will be committed)
#   (use "git checkout -- <file>..." to discard changes in working directory)
#
#	modified:   cards/production/13TeV/monoHiggs/Zp2HDM/Zprime_A0h_A0chichi/Zprime_A0h_A0chichi_MZp2500_MA0800/Zprime_A0h_A0chichi_MZp2500_MA0800_customizecards.dat
#	modified:   cards/production/13TeV/monoHiggs/Zp2HDM/Zprime_A0h_A0chichi/Zprime_A0h_A0chichi_MZp600_MA0300/Zprime_A0h_A0chichi_MZp600_MA0300_customizecards.dat
#
# Untracked files:
#   (use "git add <file>..." to include in what will be committed)
#
#	2HDMPZ2II_MH3_1000_MH4_100_MH2_1000_MHC_1000_proc_card.dat
#	2HDMPZ2II_MH3_1000_MH4_150_MH2_1000_MHC_1000_proc_card.dat
#	2HDMPZ2II_MH3_1000_MH4_200_MH2_1000_MHC_1000_proc_card.dat
#	2HDMPZ2II_MH3_1000_MH4_250_MH2_1000_MHC_1000_proc_card.dat
#	2HDMPZ2II_MH3_1000_MH4_300_MH2_1000_MHC_1000_proc_card.dat
#	2HDMPZ2II_MH3_1000_MH4_350_MH2_1000_MHC_1000_proc_card.dat
#	2HDMPZ2II_MH3_1000_MH4_400_MH2_1000_MHC_1000_proc_card.dat
#	2HDMPZ2II_MH3_1000_MH4_450_MH2_1000_MHC_1000_proc_card.dat
#	2HDMPZ2II_MH3_1000_MH4_500_MH2_1000_MHC_1000_proc_card.dat
#	2HDMPZ2II_MH3_100_MH4_100_MH2_100_MHC_100_proc_card.dat
#	2HDMPZ2II_MH3_1100_MH4_100_MH2_1100_MHC_1100_proc_card.dat
#	2HDMPZ2II_MH3_1100_MH4_150_MH2_1100_MHC_1100_proc_card.dat
#	2HDMPZ2II_MH3_1100_MH4_200_MH2_1100_MHC_1100_proc_card.dat
#	2HDMPZ2II_MH3_1100_MH4_250_MH2_1100_MHC_1100_proc_card.dat
#	2HDMPZ2II_MH3_1100_MH4_300_MH2_1100_MHC_1100_proc_card.dat
#	2HDMPZ2II_MH3_1100_MH4_350_MH2_1100_MHC_1100_proc_card.dat
#	2HDMPZ2II_MH3_1100_MH4_400_MH2_1100_MHC_1100_proc_card.dat
#	2HDMPZ2II_MH3_1100_MH4_450_MH2_1100_MHC_1100_proc_card.dat
#	2HDMPZ2II_MH3_1100_MH4_500_MH2_1100_MHC_1100_proc_card.dat
#	2HDMPZ2II_MH3_1200_MH4_100_MH2_1200_MHC_1200_proc_card.dat
#	2HDMPZ2II_MH3_1200_MH4_150_MH2_1200_MHC_1200_proc_card.dat
#	2HDMPZ2II_MH3_1200_MH4_200_MH2_1200_MHC_1200_proc_card.dat
#	2HDMPZ2II_MH3_1200_MH4_250_MH2_1200_MHC_1200_proc_card.dat
#	2HDMPZ2II_MH3_1200_MH4_300_MH2_1200_MHC_1200_proc_card.dat
#	2HDMPZ2II_MH3_1200_MH4_350_MH2_1200_MHC_1200_proc_card.dat
#	2HDMPZ2II_MH3_1200_MH4_400_MH2_1200_MHC_1200_proc_card.dat
#	2HDMPZ2II_MH3_1200_MH4_450_MH2_1200_MHC_1200_proc_card.dat
#	2HDMPZ2II_MH3_1200_MH4_500_MH2_1200_MHC_1200_proc_card.dat
#	2HDMPZ2II_MH3_1300_MH4_100_MH2_1300_MHC_1300_proc_card.dat
#	2HDMPZ2II_MH3_1300_MH4_150_MH2_1300_MHC_1300_proc_card.dat
#	2HDMPZ2II_MH3_1300_MH4_200_MH2_1300_MHC_1300_proc_card.dat
#	2HDMPZ2II_MH3_1300_MH4_250_MH2_1300_MHC_1300_proc_card.dat
#	2HDMPZ2II_MH3_1300_MH4_300_MH2_1300_MHC_1300_proc_card.dat
#	2HDMPZ2II_MH3_1300_MH4_350_MH2_1300_MHC_1300_proc_card.dat
#	2HDMPZ2II_MH3_1300_MH4_400_MH2_1300_MHC_1300_proc_card.dat
#	2HDMPZ2II_MH3_1300_MH4_450_MH2_1300_MHC_1300_proc_card.dat
#	2HDMPZ2II_MH3_1300_MH4_500_MH2_1300_MHC_1300_proc_card.dat
#	2HDMPZ2II_MH3_1400_MH4_100_MH2_1400_MHC_1400_proc_card.dat
#	2HDMPZ2II_MH3_1400_MH4_150_MH2_1400_MHC_1400_proc_card.dat
#	2HDMPZ2II_MH3_1400_MH4_200_MH2_1400_MHC_1400_proc_card.dat
#	2HDMPZ2II_MH3_1400_MH4_250_MH2_1400_MHC_1400_proc_card.dat
#	2HDMPZ2II_MH3_1400_MH4_300_MH2_1400_MHC_1400_proc_card.dat
#	2HDMPZ2II_MH3_1400_MH4_350_MH2_1400_MHC_1400_proc_card.dat
#	2HDMPZ2II_MH3_1400_MH4_400_MH2_1400_MHC_1400_proc_card.dat
#	2HDMPZ2II_MH3_1400_MH4_450_MH2_1400_MHC_1400_proc_card.dat
#	2HDMPZ2II_MH3_1400_MH4_500_MH2_1400_MHC_1400_proc_card.dat
#	2HDMPZ2II_MH3_1500_MH4_100_MH2_1500_MHC_1500_proc_card.dat
#	2HDMPZ2II_MH3_1500_MH4_150_MH2_1500_MHC_1500_proc_card.dat
#	2HDMPZ2II_MH3_1500_MH4_200_MH2_1500_MHC_1500_proc_card.dat
#	2HDMPZ2II_MH3_1500_MH4_250_MH2_1500_MHC_1500_proc_card.dat
#	2HDMPZ2II_MH3_1500_MH4_300_MH2_1500_MHC_1500_proc_card.dat
#	2HDMPZ2II_MH3_1500_MH4_350_MH2_1500_MHC_1500_proc_card.dat
#	2HDMPZ2II_MH3_1500_MH4_400_MH2_1500_MHC_1500_proc_card.dat
#	2HDMPZ2II_MH3_1500_MH4_450_MH2_1500_MHC_1500_proc_card.dat
#	2HDMPZ2II_MH3_1500_MH4_500_MH2_1500_MHC_1500_proc_card.dat
#	2HDMPZ2II_MH3_1600_MH4_100_MH2_1600_MHC_1600_proc_card.dat
#	2HDMPZ2II_MH3_1600_MH4_150_MH2_1600_MHC_1600_proc_card.dat
#	2HDMPZ2II_MH3_1600_MH4_200_MH2_1600_MHC_1600_proc_card.dat
#	2HDMPZ2II_MH3_1600_MH4_250_MH2_1600_MHC_1600_proc_card.dat
#	2HDMPZ2II_MH3_1600_MH4_300_MH2_1600_MHC_1600_proc_card.dat
#	2HDMPZ2II_MH3_1600_MH4_350_MH2_1600_MHC_1600_proc_card.dat
#	2HDMPZ2II_MH3_1600_MH4_400_MH2_1600_MHC_1600_proc_card.dat
#	2HDMPZ2II_MH3_1600_MH4_450_MH2_1600_MHC_1600_proc_card.dat
#	2HDMPZ2II_MH3_1600_MH4_500_MH2_1600_MHC_1600_proc_card.dat
#	2HDMPZ2II_MH3_200_MH4_100_MH2_200_MHC_200_proc_card.dat
#	2HDMPZ2II_MH3_200_MH4_150_MH2_200_MHC_200_proc_card.dat
#	2HDMPZ2II_MH3_200_MH4_200_MH2_200_MHC_200_proc_card.dat
#	2HDMPZ2II_MH3_300_MH4_100_MH2_300_MHC_300_proc_card.dat
#	2HDMPZ2II_MH3_300_MH4_150_MH2_300_MHC_300_proc_card.dat
#	2HDMPZ2II_MH3_300_MH4_200_MH2_300_MHC_300_proc_card.dat
#	2HDMPZ2II_MH3_300_MH4_250_MH2_300_MHC_300_proc_card.dat
#	2HDMPZ2II_MH3_300_MH4_300_MH2_300_MHC_300_proc_card.dat
#	2HDMPZ2II_MH3_400_MH4_100_MH2_400_MHC_400_proc_card.dat
#	2HDMPZ2II_MH3_400_MH4_150_MH2_400_MHC_400_proc_card.dat
#	2HDMPZ2II_MH3_400_MH4_200_MH2_400_MHC_400_proc_card.dat
#	2HDMPZ2II_MH3_400_MH4_250_MH2_400_MHC_400_proc_card.dat
#	2HDMPZ2II_MH3_400_MH4_300_MH2_400_MHC_400_proc_card.dat
#	2HDMPZ2II_MH3_400_MH4_350_MH2_400_MHC_400_proc_card.dat
#	2HDMPZ2II_MH3_400_MH4_400_MH2_400_MHC_400_proc_card.dat
#	2HDMPZ2II_MH3_500_MH4_100_MH2_500_MHC_500_proc_card.dat
#	2HDMPZ2II_MH3_500_MH4_150_MH2_500_MHC_500_proc_card.dat
#	2HDMPZ2II_MH3_500_MH4_200_MH2_500_MHC_500_proc_card.dat
#	2HDMPZ2II_MH3_500_MH4_250_MH2_500_MHC_500_proc_card.dat
#	2HDMPZ2II_MH3_500_MH4_300_MH2_500_MHC_500_proc_card.dat
#	2HDMPZ2II_MH3_500_MH4_350_MH2_500_MHC_500_proc_card.dat
#	2HDMPZ2II_MH3_500_MH4_400_MH2_500_MHC_500_proc_card.dat
#	2HDMPZ2II_MH3_500_MH4_450_MH2_500_MHC_500_proc_card.dat
#	2HDMPZ2II_MH3_500_MH4_500_MH2_500_MHC_500_proc_card.dat
#	2HDMPZ2II_MH3_600_MH4_100_MH2_600_MHC_600_proc_card.dat
#	2HDMPZ2II_MH3_600_MH4_150_MH2_600_MHC_600_proc_card.dat
#	2HDMPZ2II_MH3_600_MH4_200_MH2_600_MHC_600_proc_card.dat
#	2HDMPZ2II_MH3_600_MH4_250_MH2_600_MHC_600_proc_card.dat
#	2HDMPZ2II_MH3_600_MH4_300_MH2_600_MHC_600_proc_card.dat
#	2HDMPZ2II_MH3_600_MH4_350_MH2_600_MHC_600_proc_card.dat
#	2HDMPZ2II_MH3_600_MH4_400_MH2_600_MHC_600_proc_card.dat
#	2HDMPZ2II_MH3_600_MH4_450_MH2_600_MHC_600_proc_card.dat
#	2HDMPZ2II_MH3_600_MH4_500_MH2_600_MHC_600_proc_card.dat
#	2HDMPZ2II_MH3_700_MH4_100_MH2_700_MHC_700_proc_card.dat
#	2HDMPZ2II_MH3_700_MH4_150_MH2_700_MHC_700_proc_card.dat
#	2HDMPZ2II_MH3_700_MH4_200_MH2_700_MHC_700_proc_card.dat
#	2HDMPZ2II_MH3_700_MH4_250_MH2_700_MHC_700_proc_card.dat
#	2HDMPZ2II_MH3_700_MH4_300_MH2_700_MHC_700_proc_card.dat
#	2HDMPZ2II_MH3_700_MH4_350_MH2_700_MHC_700_proc_card.dat
#	2HDMPZ2II_MH3_700_MH4_400_MH2_700_MHC_700_proc_card.dat
#	2HDMPZ2II_MH3_700_MH4_450_MH2_700_MHC_700_proc_card.dat
#	2HDMPZ2II_MH3_700_MH4_500_MH2_700_MHC_700_proc_card.dat
#	2HDMPZ2II_MH3_800_MH4_100_MH2_800_MHC_800_proc_card.dat
#	2HDMPZ2II_MH3_800_MH4_150_MH2_800_MHC_800_proc_card.dat
#	2HDMPZ2II_MH3_800_MH4_200_MH2_800_MHC_800_proc_card.dat
#	2HDMPZ2II_MH3_800_MH4_250_MH2_800_MHC_800_proc_card.dat
#	2HDMPZ2II_MH3_800_MH4_300_MH2_800_MHC_800_proc_card.dat
#	2HDMPZ2II_MH3_800_MH4_350_MH2_800_MHC_800_proc_card.dat
#	2HDMPZ2II_MH3_800_MH4_400_MH2_800_MHC_800_proc_card.dat
#	2HDMPZ2II_MH3_800_MH4_450_MH2_800_MHC_800_proc_card.dat
#	2HDMPZ2II_MH3_800_MH4_500_MH2_800_MHC_800_proc_card.dat
#	2HDMPZ2II_MH3_900_MH4_100_MH2_900_MHC_900_proc_card.dat
#	2HDMPZ2II_MH3_900_MH4_150_MH2_900_MHC_900_proc_card.dat
#	2HDMPZ2II_MH3_900_MH4_200_MH2_900_MHC_900_proc_card.dat
#	2HDMPZ2II_MH3_900_MH4_250_MH2_900_MHC_900_proc_card.dat
#	2HDMPZ2II_MH3_900_MH4_300_MH2_900_MHC_900_proc_card.dat
#	2HDMPZ2II_MH3_900_MH4_350_MH2_900_MHC_900_proc_card.dat
#	2HDMPZ2II_MH3_900_MH4_400_MH2_900_MHC_900_proc_card.dat
#	2HDMPZ2II_MH3_900_MH4_450_MH2_900_MHC_900_proc_card.dat
#	2HDMPZ2II_MH3_900_MH4_500_MH2_900_MHC_900_proc_card.dat
#	2HDMPZ2II_proc_card.dat
#	2HDM_MZp1000_MA0300_MDM100_proc_card.dat
#	2HDM_MZp4000_MA0300_MDM100_proc_card.dat
#	2HDM_proc_card.dat
#	ATLAS_mass
#	LSFJOB_60064156/
#	LSFJOB_60064170/
#	LSFJOB_60064177/
#	LSFJOB_60064192/
#	LSFJOB_60064267/
#	LSFJOB_60064361/
#	LSFJOB_60064396/
#	LSFJOB_60064398/
#	LSFJOB_60064405/
#	Log057
#	Zprime_A0h_A0chichi_MZp600_MA0300.log
#	Zprime_A0h_A0chichi_MZp600_MA0300/
#	Zprime_A0h_A0chichi_MZp600_MA0300_tarball.tar.xz
#	a0width
#	cards/production/13TeV/monoHiggs/Zp2HDM/Zprime_A0h_A0chichi/Zprime_A0h_A0chichi_MZp1000_MA0300/Zprime_A0h_A0chichi_MZp1000_MA0300_extramodels.dat
#	cards/production/13TeV/monoHiggs/Zp2HDM/Zprime_A0h_A0chichi/Zprime_A0h_A0chichi_MZp1000_MA0500/Zprime_A0h_A0chichi_MZp1000_MA0500_extramodels.dat
#	cards/production/13TeV/monoHiggs/Zp2HDM/Zprime_A0h_A0chichi/Zprime_A0h_A0chichi_MZp1000_MA0800/Zprime_A0h_A0chichi_MZp1000_MA0800_extramodels.dat
#	cards/production/13TeV/monoHiggs/Zp2HDM/Zprime_A0h_A0chichi/Zprime_A0h_A0chichi_MZp1200_MA0500/Zprime_A0h_A0chichi_MZp1200_MA0500_extramodels.dat
#	cards/production/13TeV/monoHiggs/Zp2HDM/Zprime_A0h_A0chichi/Zprime_A0h_A0chichi_MZp1200_MA0800/Zprime_A0h_A0chichi_MZp1200_MA0800_extramodels.dat
#	cards/production/13TeV/monoHiggs/Zp2HDM/Zprime_A0h_A0chichi/Zprime_A0h_A0chichi_MZp1400_MA0500/Zprime_A0h_A0chichi_MZp1400_MA0500_extramodels.dat
#	cards/production/13TeV/monoHiggs/Zp2HDM/Zprime_A0h_A0chichi/Zprime_A0h_A0chichi_MZp1400_MA0800/Zprime_A0h_A0chichi_MZp1400_MA0800_extramodels.dat
#	cards/production/13TeV/monoHiggs/Zp2HDM/Zprime_A0h_A0chichi/Zprime_A0h_A0chichi_MZp1700_MA0500/Zprime_A0h_A0chichi_MZp1700_MA0500_extramodels.dat
#	cards/production/13TeV/monoHiggs/Zp2HDM/Zprime_A0h_A0chichi/Zprime_A0h_A0chichi_MZp1700_MA0800/Zprime_A0h_A0chichi_MZp1700_MA0800_extramodels.dat
#	cards/production/13TeV/monoHiggs/Zp2HDM/Zprime_A0h_A0chichi/Zprime_A0h_A0chichi_MZp2000_MA0500/Zprime_A0h_A0chichi_MZp2000_MA0500_extramodels.dat
#	cards/production/13TeV/monoHiggs/Zp2HDM/Zprime_A0h_A0chichi/Zprime_A0h_A0chichi_MZp2000_MA0800/Zprime_A0h_A0chichi_MZp2000_MA0800_extramodels.dat
#	cards/production/13TeV/monoHiggs/Zp2HDM/Zprime_A0h_A0chichi/Zprime_A0h_A0chichi_MZp2500_MA0300/Zprime_A0h_A0chichi_MZp2500_MA0300_extramodels.dat
#	cards/production/13TeV/monoHiggs/Zp2HDM/Zprime_A0h_A0chichi/Zprime_A0h_A0chichi_MZp2500_MA0500/Zprime_A0h_A0chichi_MZp2500_MA0500_extramodels.dat
#	cards/production/13TeV/monoHiggs/Zp2HDM/Zprime_A0h_A0chichi/Zprime_A0h_A0chichi_MZp2500_MA0800/Zprime_A0h_A0chichi_MZp2500_MA0800_extramodels.dat
#	cards/production/13TeV/monoHiggs/Zp2HDM/Zprime_A0h_A0chichi/Zprime_A0h_A0chichi_MZp2750_MA0300/
#	cards/production/13TeV/monoHiggs/Zp2HDM/Zprime_A0h_A0chichi/Zprime_A0h_A0chichi_MZp2750_MA0500/
#	cards/production/13TeV/monoHiggs/Zp2HDM/Zprime_A0h_A0chichi/Zprime_A0h_A0chichi_MZp2750_MA0800/
#	cards/production/13TeV/monoHiggs/Zp2HDM/Zprime_A0h_A0chichi/Zprime_A0h_A0chichi_MZp3000_MA0300/
#	cards/production/13TeV/monoHiggs/Zp2HDM/Zprime_A0h_A0chichi/Zprime_A0h_A0chichi_MZp3000_MA0500/
#	cards/production/13TeV/monoHiggs/Zp2HDM/Zprime_A0h_A0chichi/Zprime_A0h_A0chichi_MZp3000_MA0800/
#	cards/production/13TeV/monoHiggs/Zp2HDM/Zprime_A0h_A0chichi/Zprime_A0h_A0chichi_MZp3500_MA0300/
#	cards/production/13TeV/monoHiggs/Zp2HDM/Zprime_A0h_A0chichi/Zprime_A0h_A0chichi_MZp3500_MA0500/
#	cards/production/13TeV/monoHiggs/Zp2HDM/Zprime_A0h_A0chichi/Zprime_A0h_A0chichi_MZp3500_MA0800/
#	cards/production/13TeV/monoHiggs/Zp2HDM/Zprime_A0h_A0chichi/Zprime_A0h_A0chichi_MZp4000_MA0300/
#	cards/production/13TeV/monoHiggs/Zp2HDM/Zprime_A0h_A0chichi/Zprime_A0h_A0chichi_MZp4000_MA0500/
#	cards/production/13TeV/monoHiggs/Zp2HDM/Zprime_A0h_A0chichi/Zprime_A0h_A0chichi_MZp4000_MA0800/
#	cards/production/13TeV/monoHiggs/Zp2HDM/Zprime_A0h_A0chichi/Zprime_A0h_A0chichi_MZp600_MA0300/Zprime_A0h_A0chichi_MZp600_MA0300_extramodels.dat
#	cards/production/13TeV/monoHiggs/Zp2HDM/Zprime_A0h_A0chichi/Zprime_A0h_A0chichi_MZp800_MA0500/Zprime_A0h_A0chichi_MZp800_MA0500_extramodels.dat
#	cards/production/13TeV/monoHiggs/Zp2HDM/Zprime_A0h_A0chichi/mass
#	cards/production/13TeV/monoHiggs/Zp2HDM/Zprime_A0h_A0chichi/old_Zprime_A0h_A0chichi_MZp3000_MA0300/
#	cards/testATLAS/
#	cards/testATLAS_customizecards.dat
#	interactive/
#	launch_2HDM.sh
#	launch_2HDMPZ2II.sh
#	log069.log
#	mass
#	runLaunch.sh
#	temp/
#	testATLAS.log
#	testATLAS/
#	width
#	xs_launch_2HDMPZ2II.sh
#	zpwidth
no changes added to commit (use "git add" and/or "git commit -a")
Current git revision is:
0a3bda3e567d269a20762d24dd6e701e5ee0ece0
diff --git a/bin/MadGraph5_aMCatNLO/cards/production/13TeV/monoHiggs/Zp2HDM/Zprime_A0h_A0chichi/Zprime_A0h_A0chichi_MZp2500_MA0800/Zprime_A0h_A0chichi_MZp2500_MA0800_customizecards.dat b/bin/MadGraph5_aMCatNLO/cards/production/13TeV/monoHiggs/Zp2HDM/Zprime_A0h_A0chichi/Zprime_A0h_A0chichi_MZp2500_MA0800/Zprime_A0h_A0chichi_MZp2500_MA0800_customizecards.dat
index 4580452..4ce9c64 100644
--- a/bin/MadGraph5_aMCatNLO/cards/production/13TeV/monoHiggs/Zp2HDM/Zprime_A0h_A0chichi/Zprime_A0h_A0chichi_MZp2500_MA0800/Zprime_A0h_A0chichi_MZp2500_MA0800_customizecards.dat
+++ b/bin/MadGraph5_aMCatNLO/cards/production/13TeV/monoHiggs/Zp2HDM/Zprime_A0h_A0chichi/Zprime_A0h_A0chichi_MZp2500_MA0800/Zprime_A0h_A0chichi_MZp2500_MA0800_customizecards.dat
@@ -4,5 +4,5 @@ set param_card mass 27 800
 set param_card mass 28 800
 set param_card ZpINPUTS 1 1
 set param_card ZpINPUTS 2 0.8
-set param_card DECAY 32 51.33163
-set param_card DECAY 28 75.5153
+set param_card DECAY 32 5.141429e+01
+set param_card DECAY 28 7.330065e+01
diff --git a/bin/MadGraph5_aMCatNLO/cards/production/13TeV/monoHiggs/Zp2HDM/Zprime_A0h_A0chichi/Zprime_A0h_A0chichi_MZp600_MA0300/Zprime_A0h_A0chichi_MZp600_MA0300_customizecards.dat b/bin/MadGraph5_aMCatNLO/cards/production/13TeV/monoHiggs/Zp2HDM/Zprime_A0h_A0chichi/Zprime_A0h_A0chichi_MZp600_MA0300/Zprime_A0h_A0chichi_MZp600_MA0300_customizecards.dat
index cb192f2..9b18abd 100644
--- a/bin/MadGraph5_aMCatNLO/cards/production/13TeV/monoHiggs/Zp2HDM/Zprime_A0h_A0chichi/Zprime_A0h_A0chichi_MZp600_MA0300/Zprime_A0h_A0chichi_MZp600_MA0300_customizecards.dat
+++ b/bin/MadGraph5_aMCatNLO/cards/production/13TeV/monoHiggs/Zp2HDM/Zprime_A0h_A0chichi/Zprime_A0h_A0chichi_MZp600_MA0300/Zprime_A0h_A0chichi_MZp600_MA0300_customizecards.dat
@@ -4,5 +4,5 @@ set param_card mass 27 300
 set param_card mass 28 300
 set param_card ZpINPUTS 1 1
 set param_card ZpINPUTS 2 0.8
-set param_card DECAY 32 11.22981
-set param_card DECAY 28 8.95228
+set param_card DECAY 32 AUTO
+set param_card DECAY 28 AUTO
/afs/cern.ch/work/s/syu/2HDM_gridpack/genproductions/bin/MadGraph5_aMCatNLO
Reusing existing directory assuming generated code already exists
WARNING: If you changed the process card you need to clean the folder and run from scratch
************************************************************
*                                                          *
*                     W E L C O M E to                     *
*              M A D G R A P H 5 _ a M C @ N L O           *
*                                                          *
*                                                          *
*                 *                       *                *
*                   *        * *        *                  *
*                     * * * * 5 * * * *                    *
*                   *        * *        *                  *
*                 *                       *                *
*                                                          *
*         VERSION 2.4.2                 2016-06-10         *
*                                                          *
*    The MadGraph5_aMC@NLO Development Team - Find us at   *
*    https://server06.fynu.ucl.ac.be/projects/madgraph     *
*                            and                           *
*            http://amcatnlo.web.cern.ch/amcatnlo/         *
*                                                          *
*               Type 'help' for in-line help.              *
*           Type 'tutorial' to learn how MG5 works         *
*    Type 'tutorial aMCatNLO' to learn how aMC@NLO works   *
*    Type 'tutorial MadLoop' to learn how MadLoop works    *
*                                                          *
************************************************************
load MG5 configuration from input/mg5_configuration.txt 
None does not seem to correspond to a valid fastjet-config executable (v3+). We will use fjcore instead.
 Please set the 'fastjet'variable to the full (absolute) /PATH/TO/fastjet-config (including fastjet-config).
 MG5_aMC> set fastjet /PATH/TO/fastjet-config

set lhapdf to /cvmfs/cms.cern.ch/slc6_amd64_gcc481/external/lhapdf/6.1.5-ddibom3/share/LHAPDF/../../bin/lhapdf-config
No valid eps viewer found. Please set in ./input/mg5_configuration.txt
No valid web browser found. Please set in ./input/mg5_configuration.txt
import /afs/cern.ch/work/s/syu/2HDM_gridpack/genproductions/bin/MadGraph5_aMCatNLO/2HDMPZ2II_MH3_800_MH4_500_MH2_800_MHC_800_proc_card.dat
The import format was not given, so we guess it as command
import model 2HDMPZ2II
INFO: Change particles name to pass to MG5 convention 
Defined multiparticle p = g u c d s u~ c~ d~ s~
Defined multiparticle j = g u c d s u~ c~ d~ s~
Defined multiparticle l+ = e+ mu+
Defined multiparticle l- = e- mu-
Defined multiparticle vl = ve vm vt
Defined multiparticle vl~ = ve~ vm~ vt~
Defined multiparticle all = g ghg ghg~ u c d s u~ c~ d~ s~ a gha gha~ ve vm vt e- mu- ve~ vm~ vt~ e+ mu+ t b t~ b~ z w+ ghz ghwp ghwm h+ h1 h2 h3 h4 w- ghz~ ghwp~ ghwm~ h- ta- xd ta+ xd~
generate p p > xd xd~ h1 / z [QCD]
[1;60m------------------------------------------------------------------------[0m
[1;60m No Born diagrams found. Now switching to the loop-induced mode.        [0m
[1;60m Please cite ref. 'arXiv:1507.00020' when using results from this mode. [0m
[1;60m------------------------------------------------------------------------[0m
[1;34mWARNING: Some loop diagrams contributing to this process are discarded because they are not pure (QCD)-perturbation.
Make sure you did not want to include them. [0m
[1;34mWARNING: Some loop diagrams contributing to this process are discarded because they are not pure (QCD)-perturbation.
Make sure you did not want to include them. [0m
[1;34mWARNING: Some loop diagrams contributing to this process are discarded because they are not pure (QCD)-perturbation.
Make sure you did not want to include them. [0m
[1;34mWARNING: Some loop diagrams contributing to this process are discarded because they are not pure (QCD)-perturbation.
Make sure you did not want to include them. [0m
1 processes with 80 diagrams generated in 22.253 s
Total: 1 processes with 80 diagrams
output 2HDMPZ2II_MH3_800_MH4_500_MH2_800_MHC_800 -nojpeg
INFO: initialize a new directory: 2HDMPZ2II_MH3_800_MH4_500_MH2_800_MHC_800 
INFO: remove old information in 2HDMPZ2II_MH3_800_MH4_500_MH2_800_MHC_800 
INFO: Organizing processes into subprocess groups 
INFO: Generating Helas calls for process: g g > xd xd~ h1 WEIGHTED<=12 [ noborn = QCD ] / z 
INFO: Processing color information for loop process: g g > xd xd~ h1 [ noborn = QCD ] / z 
INFO: Creating color matrix  loop process: g g > xd xd~ h1 WEIGHTED<=12 [ noborn = QCD ] / z 
INFO: Creating files in directory /afs/cern.ch/work/s/syu/2HDM_gridpack/genproductions/bin/MadGraph5_aMCatNLO/interactive/interactive_gridpack/work/MG5_aMC_v2_4_2/2HDMPZ2II_MH3_800_MH4_500_MH2_800_MHC_800/SubProcesses/PV0_0_1_gg_xdxdxh1_no_z 
ALOHA: aloha creates FFV1 set of routines with options: L1
INFO: Computing diagram color coefficients 
INFO: Drawing loop Feynman diagrams for Process: g g > xd xd~ h1 WEIGHTED<=12 [ noborn = QCD ] / z 
INFO: Creating files in directory P0_gg_xdxdxh1 
INFO: Generating Feynman diagrams for Process: g g > xd xd~ h1 WEIGHTED<=12 [ noborn = QCD ] / z 
INFO: Finding symmetric diagrams for subprocess group gg_xdxdxh1 
History written to /afs/cern.ch/work/s/syu/2HDM_gridpack/genproductions/bin/MadGraph5_aMCatNLO/interactive/interactive_gridpack/work/MG5_aMC_v2_4_2/2HDMPZ2II_MH3_800_MH4_500_MH2_800_MHC_800/Cards/proc_card_mg5.dat
Generated helas calls for 1 subprocesses (80 diagrams) in 1.431 s
Export UFO model to MG4 format
ALOHA: aloha creates FFS1 routines
ALOHA: aloha creates FFS3 set of routines with options: L2
ALOHA: aloha creates SSS1 routines
save configuration file to /afs/cern.ch/work/s/syu/2HDM_gridpack/genproductions/bin/MadGraph5_aMCatNLO/interactive/interactive_gridpack/work/MG5_aMC_v2_4_2/2HDMPZ2II_MH3_800_MH4_500_MH2_800_MHC_800/Cards/me5_configuration.txt
INFO: Use Fortran compiler gfortran 
INFO: Use c++ compiler g++ 
INFO: Generate web pages 
Output to directory /afs/cern.ch/work/s/syu/2HDM_gridpack/genproductions/bin/MadGraph5_aMCatNLO/interactive/interactive_gridpack/work/MG5_aMC_v2_4_2/2HDMPZ2II_MH3_800_MH4_500_MH2_800_MHC_800 done.
Type "launch" to generate events from this process, or see
/afs/cern.ch/work/s/syu/2HDM_gridpack/genproductions/bin/MadGraph5_aMCatNLO/interactive/interactive_gridpack/work/MG5_aMC_v2_4_2/2HDMPZ2II_MH3_800_MH4_500_MH2_800_MHC_800/README
Run "open index.html" to see more information about this process.
launch 2HDMPZ2II_MH3_800_MH4_500_MH2_800_MHC_800
************************************************************
*                                                          *
*                      W E L C O M E to                    *
*             M A D G R A P H 5 _ a M C @ N L O            *
*                      M A D E V E N T                     *
*                                                          *
*                 *                       *                *
*                   *        * *        *                  *
*                     * * * * 5 * * * *                    *
*                   *        * *        *                  *
*                 *                       *                *
*                                                          *
*         VERSION 2.4.2                 2016-06-10         *
*                                                          *
*    The MadGraph5_aMC@NLO Development Team - Find us at   *
*    https://server06.fynu.ucl.ac.be/projects/madgraph     *
*                                                          *
*               Type 'help' for in-line help.              *
*                                                          *
************************************************************
INFO: load configuration from /afs/cern.ch/work/s/syu/2HDM_gridpack/genproductions/bin/MadGraph5_aMCatNLO/interactive/interactive_gridpack/work/MG5_aMC_v2_4_2/2HDMPZ2II_MH3_800_MH4_500_MH2_800_MHC_800/Cards/me5_configuration.txt  
INFO: load configuration from /afs/cern.ch/work/s/syu/2HDM_gridpack/genproductions/bin/MadGraph5_aMCatNLO/interactive/interactive_gridpack/work/MG5_aMC_v2_4_2/input/mg5_configuration.txt  
INFO: load configuration from /afs/cern.ch/work/s/syu/2HDM_gridpack/genproductions/bin/MadGraph5_aMCatNLO/interactive/interactive_gridpack/work/MG5_aMC_v2_4_2/2HDMPZ2II_MH3_800_MH4_500_MH2_800_MHC_800/Cards/me5_configuration.txt  
No valid eps viewer found. Please set in ./input/mg5_configuration.txt
No valid web browser found. Please set in ./input/mg5_configuration.txt
generate_events run_01
The following switches determine which programs are run:
 1 Run the pythia shower/hadronization:                              pythia=NOT INSTALLED
 2 Run PGS as detector simulator:                                       pgs=NOT INSTALLED
 3 Run Delphes as detector simulator:                               delphes=NOT INSTALLED
 4 Decay particles with the MadSpin module:                         madspin=OFF
 5 Add weights to the events based on changing model parameters:   reweight=OFF
  Either type the switch number (1 to 5) to change its default setting,
  or set any switch explicitly (e.g. type 'madspin=ON' at the prompt)
  Type '0', 'auto', 'done' or just press enter when you are done.
 [[4m0[0m, 4, 5, auto, done, madspin=ON, madspin=OFF, madspin, reweight=ON, ... ]
[1;34mThe answer to the previous question is not set in your input file[0m
[1;34mUse 0 value[0m
set sinp 0.35
[1;60mINFO: modify param_card information BLOCK higgs with id (5,) set to 0.35 [0m
set tanbeta 1
[1;60mINFO: modify param_card information BLOCK frblock with id (2,) set to 1.0 [0m
set laP1 3.0
[1;60mINFO: modify param_card information BLOCK higgs with id (2,) set to 3.0 [0m
set laP2 3.0
[1;60mINFO: modify param_card information BLOCK higgs with id (3,) set to 3.0 [0m
set lam3 3.0
[1;60mINFO: modify param_card information BLOCK higgs with id (1,) set to 3.0 [0m
set sinbma 1.0
[1;60mINFO: modify param_card information BLOCK frblock with id (3,) set to 1.0 [0m
set gPXd 1.0
[1;60mINFO: modify param_card information BLOCK dminputs with id (1,) set to 1.0 [0m
set Mxd 1.0
[1;60mINFO: modify param_card information BLOCK mass with id (52,) set to 1.0 [0m
set mhc 800
[1;60mINFO: modify param_card information BLOCK mass with id (37,) set to 800.0 [0m
set mh2 800
[1;60mINFO: modify param_card information BLOCK mass with id (35,) set to 800.0 [0m
set mh3 800
[1;60mINFO: modify param_card information BLOCK mass with id (36,) set to 800.0 [0m
set mh4 500
[1;60mINFO: modify param_card information BLOCK mass with id (55,) set to 500.0 [0m
set Wh1 auto
[1;60mINFO: modify param_card information BLOCK decay with id (25,) set to Auto [0m
set Wh2 auto
[1;60mINFO: modify param_card information BLOCK decay with id (35,) set to Auto [0m
set Wh3 auto
[1;60mINFO: modify param_card information BLOCK decay with id (36,) set to Auto [0m
set Whc auto
[1;60mINFO: modify param_card information BLOCK decay with id (37,) set to Auto [0m
set Wh4 auto
[1;60mINFO: modify param_card information BLOCK decay with id (55,) set to Auto [0m
Do you want to edit a card (press enter to bypass editing)?
  1 / param      : param_card.dat
  2 / run        : run_card.dat
  3 / MadLoopParams : MadLoopParams.dat
 you can also
   - enter the path to a valid card or banner.
   - use the 'set' command to modify a parameter directly.
     The set option works only for param_card and run_card.
     Type 'help set' for more information on this command.
   - call an external program (ASperGE/MadWidth/...).
     Type 'help' for the list of available command
 [[4m0[0m, done, 1, param, 2, run, 3, MadLoopParams, enter path]
[1;60mThe answer to the previous question is not set in your input file[0m
[1;60mUse 0 value[0m
Generating 20000 events with run name run_01
survey  run_01 
INFO: compile directory 
INFO: Computing the width set on auto in the param_card.dat 
INFO: Change particles name to pass to MG5 convention 
************************************************************
*                                                          *
*                     W E L C O M E to                     *
*              M A D G R A P H 5 _ a M C @ N L O           *
*                                                          *
*                                                          *
*                 *                       *                *
*                   *        * *        *                  *
*                     * * * * 5 * * * *                    *
*                   *        * *        *                  *
*                 *                       *                *
*                                                          *
*         VERSION 2.4.2                 2016-06-10         *
*                                                          *
*    The MadGraph5_aMC@NLO Development Team - Find us at   *
*    https://server06.fynu.ucl.ac.be/projects/madgraph     *
*                            and                           *
*            http://amcatnlo.web.cern.ch/amcatnlo/         *
*                                                          *
*               Type 'help' for in-line help.              *
*           Type 'tutorial' to learn how MG5 works         *
*    Type 'tutorial aMCatNLO' to learn how aMC@NLO works   *
*    Type 'tutorial MadLoop' to learn how MadLoop works    *
*                                                          *
************************************************************
load MG5 configuration from input/mg5_configuration.txt 
None does not seem to correspond to a valid fastjet-config executable (v3+). We will use fjcore instead.
 Please set the 'fastjet'variable to the full (absolute) /PATH/TO/fastjet-config (including fastjet-config).
 MG5_aMC> set fastjet /PATH/TO/fastjet-config

set lhapdf to /cvmfs/cms.cern.ch/slc6_amd64_gcc481/external/lhapdf/6.1.5-ddibom3/share/LHAPDF/../../bin/lhapdf-config
No valid eps viewer found. Please set in ./input/mg5_configuration.txt
No valid web browser found. Please set in ./input/mg5_configuration.txt
set automatic_html_opening False --no_save
compute_widths 25 35 36 37 55 --precision_channel=0.01 --body_decay=4.0025 --path=/afs/cern.ch/work/s/syu/2HDM_gridpack/genproductions/bin/MadGraph5_aMCatNLO/interactive/interactive_gridpack/work/MG5_aMC_v2_4_2/2HDMPZ2II_MH3_800_MH4_500_MH2_800_MHC_800/Cards/param_card.dat --output=/afs/cern.ch/work/s/syu/2HDM_gridpack/genproductions/bin/MadGraph5_aMCatNLO/interactive/interactive_gridpack/work/MG5_aMC_v2_4_2/2HDMPZ2II_MH3_800_MH4_500_MH2_800_MHC_800/Cards/param_card.dat
[1;34mPlease note that the automatic computation of the width is
    only valid in narrow-width approximation and at tree-level.[0m
INFO: Get two body decay from FeynRules formula 
Results written to /afs/cern.ch/work/s/syu/2HDM_gridpack/genproductions/bin/MadGraph5_aMCatNLO/interactive/interactive_gridpack/work/MG5_aMC_v2_4_2/2HDMPZ2II_MH3_800_MH4_500_MH2_800_MHC_800/Cards/param_card.dat
INFO: get decay diagram for h1 
Vertexlist of this model has not been searched.Automatically run the model.find_vertexlist()
Found 6 stable particles
INFO: get decay diagram for h2 
INFO:     current estimated error: 0.0501008593312 go to 4-body decay: 
100 / 140: 4s
INFO:     stop to 4.0 body-decay. approximate error: 0.0549488371069 
INFO: get decay diagram for h3 
INFO:     current estimated error: 0.0521858890382 go to 4-body decay: 
100 / 102: 5s
INFO:     stop to 4.0 body-decay. approximate error: 0.0605984426078 
INFO: get decay diagram for h+ 
INFO:     current estimated error: 0.0156663924357 go to 4-body decay: 
INFO: get decay diagram for h4 
Pass to numerical integration for computing the widths:
INFO: More info in temporary files:
    /afs/cern.ch/work/s/syu/2HDM_gridpack/genproductions/bin/MadGraph5_aMCatNLO/interactive/interactive_gridpack/work/MG5_aMC_v2_4_2/tmpDwsbK2/temp_decay/index.html 
Results written to /afs/cern.ch/work/s/syu/2HDM_gridpack/genproductions/bin/MadGraph5_aMCatNLO/interactive/interactive_gridpack/work/MG5_aMC_v2_4_2/2HDMPZ2II_MH3_800_MH4_500_MH2_800_MHC_800/Cards/param_card.dat
initMadLoop -r -f
Initializing MadLoop loop-induced matrix elements (this can take some time)...
MadLoop initialization finished.
compile Source Directory
Using random number seed offset = 21
INFO: Running Survey 
Creating Jobs
Working on SubProcesses
INFO:     P0_gg_xdxdxh1  
INFO:  Idle: 32,  Running: 16,  Completed: 0 [ current time: 20h48 ] 
INFO:  Idle: 31,  Running: 16,  Completed: 1 [  44.3s  ] 
INFO:  Idle: 30,  Running: 16,  Completed: 2 [  47.5s  ] 
INFO:  Idle: 28,  Running: 16,  Completed: 4 [  53s  ] 
INFO:  Idle: 22,  Running: 16,  Completed: 11 [  56.1s  ] 
INFO:  Idle: 20,  Running: 16,  Completed: 14 [  59.9s  ] 
INFO:  Idle: 19,  Running: 16,  Completed: 17 [  1m 41s  ] 
INFO:  Idle: 17,  Running: 16,  Completed: 19 [  1m 49s  ] 
INFO:  Idle: 11,  Running: 16,  Completed: 25 [  1m 52s  ] 
INFO:  Idle: 9,  Running: 16,  Completed: 28 [  1m 57s  ] 
INFO:  Idle: 8,  Running: 16,  Completed: 31 [  2m 2s  ] 
INFO:  Idle: 7,  Running: 16,  Completed: 33 [  2m 25s  ] 
INFO:  Idle: 6,  Running: 16,  Completed: 34 [  2m 29s  ] 
INFO:  Idle: 5,  Running: 16,  Completed: 35 [  2m 35s  ] 
INFO:  Idle: 4,  Running: 16,  Completed: 36 [  2m 41s  ] 
INFO:  Idle: 3,  Running: 16,  Completed: 37 [  2m 45s  ] 
INFO:  Idle: 2,  Running: 16,  Completed: 39 [  2m 50s  ] 
INFO: P0_gg_xdxdxh1/G1.7 is at 1.59e-05 +- 1.43e-06 pb. Now submitting iteration #2. 
INFO:  Idle: 1,  Running: 16,  Completed: 41 [  2m 54s  ] 
INFO:  Idle: 0,  Running: 16,  Completed: 42 [  2m 57s  ] 
INFO: P0_gg_xdxdxh1/G1.4 is at 3.61e-05 +- 3.36e-06 pb. Now submitting iteration #2. 
INFO: P0_gg_xdxdxh1/G1.8 is at 9.34e-07 +- 6.71e-07 pb. Now submitting iteration #2. 
INFO:  Idle: 2,  Running: 16,  Completed: 45 [  3m 2s  ] 
INFO:  Idle: 4,  Running: 16,  Completed: 47 [  3m 5s  ] 
INFO:  Idle: 7,  Running: 16,  Completed: 48 [  3m 10s  ] 
INFO: P0_gg_xdxdxh1/G3 is at 0.0146 +- 0.00036 pb. Now submitting iteration #2. 
INFO:  Idle: 6,  Running: 16,  Completed: 49 [  3m 16s  ] 
INFO: P0_gg_xdxdxh1/G1.5 is at 7.07e-05 +- 6.67e-06 pb. Now submitting iteration #2. 
INFO: P0_gg_xdxdxh1/G2.5 is at 4.66e-06 +- 4.06e-07 pb. Now submitting iteration #2. 
INFO:  Idle: 9,  Running: 16,  Completed: 50 [  3m 21s  ] 
INFO: P0_gg_xdxdxh1/G2.7 is at 2.25e-07 +- 1.77e-08 pb. Now submitting iteration #2. 
INFO: P0_gg_xdxdxh1/G2.8 is at 3.87e-08 +- 2.01e-08 pb. Now submitting iteration #2. 
INFO: P0_gg_xdxdxh1/G4.5 is at 0.00198 +- 0.000188 pb. Now submitting iteration #2. 
INFO: P0_gg_xdxdxh1/G4.4 is at 9.94e-05 +- 3.58e-06 pb. Now submitting iteration #2. 
INFO:  Idle: 26,  Running: 16,  Completed: 58 [  3m 29s  ] 
INFO: P0_gg_xdxdxh1/G4.7 is at 0.00119 +- 9.71e-05 pb. Now submitting iteration #2. 
INFO:  Idle: 29,  Running: 16,  Completed: 59 [  3m 44s  ] 
INFO:  Idle: 28,  Running: 16,  Completed: 60 [  3m 47s  ] 
INFO:  Idle: 27,  Running: 16,  Completed: 61 [  3m 58s  ] 
INFO:  Idle: 26,  Running: 16,  Completed: 63 [  4m 9s  ] 
INFO: P0_gg_xdxdxh1/G4.8 is at 1.01e-05 +- 3.55e-06 pb. Now submitting iteration #2. 
INFO:  Idle: 26,  Running: 16,  Completed: 67 [  4m 14s  ] 
INFO:  Idle: 25,  Running: 16,  Completed: 68 [  4m 17s  ] 
INFO:  Idle: 22,  Running: 16,  Completed: 73 [  4m 22s  ] 
INFO:  Idle: 21,  Running: 16,  Completed: 74 [  4m 26s  ] 
INFO:  Idle: 20,  Running: 16,  Completed: 75 [  4m 30s  ] 
INFO:  Idle: 20,  Running: 16,  Completed: 76 [  4m 41s  ] 
INFO:  Idle: 19,  Running: 16,  Completed: 77 [  4m 55s  ] 
INFO:  Idle: 18,  Running: 16,  Completed: 78 [  4m 58s  ] 
INFO:  Idle: 17,  Running: 16,  Completed: 79 [  5m 3s  ] 
INFO:  Idle: 16,  Running: 16,  Completed: 80 [  5m 9s  ] 
INFO:  Idle: 14,  Running: 16,  Completed: 83 [  5m 13s  ] 
INFO:  Idle: 12,  Running: 16,  Completed: 86 [  5m 19s  ] 
INFO:  Idle: 8,  Running: 16,  Completed: 91 [  5m 24s  ] 
INFO: P0_gg_xdxdxh1/G1.7 is at 1.633e-05 +- 1.32e-07 pb. Now submitting iteration #3. 
INFO:  Idle: 11,  Running: 16,  Completed: 92 [  5m 42s  ] 
INFO:  Idle: 11,  Running: 16,  Completed: 93 [  5m 46s  ] 
INFO:  Idle: 10,  Running: 16,  Completed: 94 [  5m 50s  ] 
INFO:  Idle: 9,  Running: 16,  Completed: 95 [  6m 1s  ] 
INFO:  Idle: 7,  Running: 16,  Completed: 97 [  6m 6s  ] 
INFO: P0_gg_xdxdxh1/G1.8 is at 1.02e-06 +- 2.84e-08 pb. Now submitting iteration #3. 
INFO:  Idle: 6,  Running: 16,  Completed: 98 [  6m 15s  ] 
INFO: P0_gg_xdxdxh1/G3 is at 0.01469 +- 4.65e-05 pb. Now submitting iteration #3. 
INFO:  Idle: 9,  Running: 16,  Completed: 99 [  6m 21s  ] 
INFO: P0_gg_xdxdxh1/G1.4 is at 3.73e-05 +- 3.8e-07 pb. Now submitting iteration #3. 
INFO:  Idle: 8,  Running: 16,  Completed: 100 [  6m 25s  ] 
INFO:  Idle: 11,  Running: 16,  Completed: 102 [  6m 31s  ] 
INFO:  Idle: 9,  Running: 16,  Completed: 108 [  6m 41s  ] 
INFO:  Idle: 9,  Running: 16,  Completed: 110 [  6m 47s  ] 
INFO: P0_gg_xdxdxh1/G2.5 is at 5.56e-06 +- 2.08e-07 pb. Now submitting iteration #3. 
INFO: P0_gg_xdxdxh1/G1.5 is at 6.67e-05 +- 8.65e-07 pb. Now submitting iteration #3. 
INFO: P0_gg_xdxdxh1/G2.7 is at 2.36e-07 +- 3.76e-09 pb. Now submitting iteration #3. 
INFO:  Idle: 8,  Running: 16,  Completed: 112 [  6m 53s  ] 
INFO: P0_gg_xdxdxh1/G2.8 is at 2.41e-07 +- 1.06e-07 pb. Now submitting iteration #3. 
INFO:  Idle: 20,  Running: 16,  Completed: 116 [  7m 0s  ] 
INFO: P0_gg_xdxdxh1/G4.5 is at 0.001925 +- 1.18e-05 pb. Now submitting iteration #3. 
INFO:  Idle: 23,  Running: 16,  Completed: 117 [  7m 22s  ] 
INFO:  Idle: 22,  Running: 16,  Completed: 118 [  7m 59s  ] 
INFO:  Idle: 21,  Running: 16,  Completed: 119 [  8m 16s  ] 
INFO: P0_gg_xdxdxh1/G4.4 is at 9.972e-05 +- 1.89e-07 pb. Now submitting iteration #3. 
INFO:  Idle: 22,  Running: 16,  Completed: 122 [  8m 23s  ] 
INFO:  Idle: 22,  Running: 16,  Completed: 123 [  8m 30s  ] 
INFO:  Idle: 20,  Running: 16,  Completed: 125 [  8m 37s  ] 
INFO:  Idle: 20,  Running: 16,  Completed: 126 [  8m 42s  ] 
INFO: P0_gg_xdxdxh1/G4.7 is at 0.00103 +- 4.61e-05 pb. Now submitting iteration #3. 
INFO: P0_gg_xdxdxh1/G4.8 is at 1.33e-05 +- 1.45e-06 pb. Now submitting iteration #3. 
INFO:  Idle: 23,  Running: 16,  Completed: 127 [  8m 50s  ] 
INFO:  Idle: 21,  Running: 16,  Completed: 133 [  8m 57s  ] 
INFO:  Idle: 19,  Running: 16,  Completed: 137 [  10m 0s  ] 
INFO:  Idle: 18,  Running: 16,  Completed: 138 [  10m 4s  ] 
INFO:  Idle: 17,  Running: 16,  Completed: 139 [  10m 20s  ] 
INFO:  Idle: 17,  Running: 16,  Completed: 140 [  10m 25s  ] 
INFO:  Idle: 16,  Running: 16,  Completed: 141 [  10m 31s  ] 
INFO:  Idle: 15,  Running: 16,  Completed: 142 [  10m 35s  ] 
INFO:  Idle: 14,  Running: 16,  Completed: 143 [  10m 49s  ] 
INFO:  Idle: 12,  Running: 16,  Completed: 145 [  10m 54s  ] 
INFO:  Idle: 11,  Running: 16,  Completed: 146 [  10m 58s  ] 
INFO:  Idle: 9,  Running: 16,  Completed: 148 [  11m 1s  ] 
INFO:  Idle: 8,  Running: 16,  Completed: 152 [  11m 5s  ] 
INFO: Survey finished for P0_gg_xdxdxh1/G1.7 at 1.656e-05 +- 7.69e-08 pb 
INFO: P0_gg_xdxdxh1/G1.8 is at 1.3e-06 +- 5.75e-08 pb. Now submitting iteration #4. 
INFO:  Idle: 11,  Running: 16,  Completed: 153 [  11m 23s  ] 
INFO:  Idle: 9,  Running: 16,  Completed: 155 [  11m 44s  ] 
INFO:  Idle: 8,  Running: 16,  Completed: 156 [  11m 48s  ] 
INFO: Survey finished for P0_gg_xdxdxh1/G3 at 0.01449 +- 7.27e-05 pb 
INFO:  Idle: 7,  Running: 16,  Completed: 158 [  12m 5s  ] 
INFO: Survey finished for P0_gg_xdxdxh1/G1.4 at 3.88e-05 +- 5.54e-07 pb 
INFO: Survey finished for P0_gg_xdxdxh1/G2.5 at 5.73e-06 +- 7.62e-08 pb 
INFO:  Idle: 6,  Running: 16,  Completed: 159 [  12m 10s  ] 
INFO:  Idle: 5,  Running: 16,  Completed: 160 [  12m 14s  ] 
INFO:  Idle: 4,  Running: 16,  Completed: 161 [  12m 20s  ] 
INFO:  Idle: 3,  Running: 16,  Completed: 162 [  12m 31s  ] 
INFO: P0_gg_xdxdxh1/G2.7 is at 2.4e-07 +- 7.6e-09 pb. Now submitting iteration #4. 
INFO:  Idle: 1,  Running: 16,  Completed: 164 [  12m 39s  ] 
INFO:  Idle: 4,  Running: 16,  Completed: 165 [  12m 45s  ] 
INFO: P0_gg_xdxdxh1/G2.8 is at 2.78e-07 +- 2.05e-08 pb. Now submitting iteration #4. 
INFO: Survey finished for P0_gg_xdxdxh1/G1.5 at 6.71e-05 +- 8.2e-07 pb 
INFO:  Idle: 1,  Running: 16,  Completed: 169 [  12m 50s  ] 
INFO:  Idle: 2,  Running: 16,  Completed: 172 [  12m 54s  ] 
INFO:  Idle: 1,  Running: 16,  Completed: 173 [  12m 58s  ] 
INFO:  Idle: 1,  Running: 16,  Completed: 174 [  13m 3s  ] 
INFO:  Idle: 0,  Running: 16,  Completed: 175 [  13m 8s  ] 
INFO:  Idle: 1,  Running: 15,  Completed: 176 [  13m 13s  ] 
INFO: Survey finished for P0_gg_xdxdxh1/G4.5 at 0.001947 +- 7.44e-06 pb 
INFO: Survey finished for P0_gg_xdxdxh1/G4.4 at 0.0001001 +- 1.5e-07 pb 
INFO:  Idle: 0,  Running: 15,  Completed: 177 [  13m 24s  ] 
INFO: Survey finished for P0_gg_xdxdxh1/G4.7 at 0.00104 +- 1.31e-05 pb 
INFO:  Idle: 0,  Running: 13,  Completed: 179 [  13m 55s  ] 
INFO: P0_gg_xdxdxh1/G4.8 is at 2.59e-05 +- 8.96e-06 pb. Now submitting iteration #4. 
INFO:  Idle: 1,  Running: 15,  Completed: 180 [  14m 2s  ] 
INFO:  Idle: 0,  Running: 15,  Completed: 181 [  15m 38s  ] 
INFO:  Idle: 0,  Running: 14,  Completed: 182 [  15m 58s  ] 
INFO:  Idle: 1,  Running: 12,  Completed: 184 [  16m 7s  ] 
INFO:  Idle: 0,  Running: 11,  Completed: 186 [  16m 12s  ] 
INFO:  Idle: 1,  Running: 8,  Completed: 189 [  16m 19s  ] 
INFO:  Idle: 0,  Running: 8,  Completed: 190 [  16m 24s  ] 
INFO: Survey finished for P0_gg_xdxdxh1/G1.8 at 1.38e-06 +- 2.22e-08 pb 
INFO: P0_gg_xdxdxh1/G2.7 is at 2.48e-07 +- 8.35e-09 pb. Now submitting iteration #5. 
INFO:  Idle: 1,  Running: 8,  Completed: 194 [  16m 50s  ] 
INFO: P0_gg_xdxdxh1/G2.8 is at 3.01e-07 +- 6.27e-09 pb. Now submitting iteration #5. 
INFO:  Idle: 1,  Running: 11,  Completed: 195 [  17m 3s  ] 
INFO:  Idle: 1,  Running: 8,  Completed: 199 [  17m 7s  ] 
INFO: P0_gg_xdxdxh1/G4.8 is at 4.67e-05 +- 8.19e-06 pb. Now submitting iteration #5. 
INFO:  Idle: 3,  Running: 9,  Completed: 200 [  17m 43s  ] 
INFO:  Idle: 0,  Running: 11,  Completed: 201 [  22m 38s  ] 
INFO:  Idle: 0,  Running: 8,  Completed: 204 [  22m 46s  ] 
INFO:  Idle: 1,  Running: 7,  Completed: 205 [  22m 57s  ] 
INFO:  Idle: 0,  Running: 6,  Completed: 207 [  23m 2s  ] 
INFO:  Idle: 0,  Running: 5,  Completed: 209 [  23m 17s  ] 
INFO:  Idle: 0,  Running: 4,  Completed: 210 [  23m 28s  ] 
INFO:  Idle: 0,  Running: 3,  Completed: 211 [  23m 32s  ] 
INFO:  Idle: 1,  Running: 2,  Completed: 212 [  23m 38s  ] 
INFO: Survey finished for P0_gg_xdxdxh1/G2.7 at 2.49e-07 +- 3.12e-09 pb 
INFO: Survey finished for P0_gg_xdxdxh1/G2.8 at 2.97e-07 +- 2.99e-09 pb 
INFO:  Idle: 0,  Running: 2,  Completed: 213 [  23m 41s  ] 
INFO: Survey finished for P0_gg_xdxdxh1/G4.8 at 5.28e-05 +- 5.7e-06 pb 
INFO:  Idle: 0,  Running: 0,  Completed: 215 [  24m 6s  ] 
INFO:  Idle: 0,  Running: 0,  Completed: 215 [  24m 6s  ] 
INFO: End survey 
refine 20000
INFO: compile directory 
compile Source Directory
Creating Jobs
INFO: Refine results to 20000 
INFO: Generating 20000.0 unweigthed events. 
INFO: Effective Luminosity 1295075.14898 pb^-1 
INFO: need to improve 5 channels 
Current estimate of cross-section: 0.01775958717 +- 7.44775698658e-05
INFO:  Idle: 2,  Running: 16,  Completed: 0 [ current time: 21h13 ] 
INFO:  Idle: 2,  Running: 16,  Completed: 1 [  1m 23s  ] 
INFO:  Idle: 1,  Running: 16,  Completed: 2 [  1m 32s  ] 
INFO:  Idle: 1,  Running: 16,  Completed: 3 [  1m 37s  ] 
INFO:  Idle: 0,  Running: 16,  Completed: 4 [  1m 50s  ] 
INFO: P0_gg_xdxdxh1/G4.7 is at 669/1357 (49%) event. Resubmit 1 job at iteration 1. 
INFO:  Idle: 0,  Running: 15,  Completed: 5 [  1m 54s  ] 
INFO:  Idle: 0,  Running: 13,  Completed: 8 [  2m 2s  ] 
INFO: P0_gg_xdxdxh1/G4.5 is at 757/2508 (30%) event. Resubmit 1 job at iteration 1. 
INFO:  Idle: 1,  Running: 8,  Completed: 14 [  2m 33s  ] 
INFO:  Idle: 0,  Running: 6,  Completed: 17 [  2m 49s  ] 
INFO:  Idle: 0,  Running: 5,  Completed: 19 [  2m 53s  ] 
INFO: P0_gg_xdxdxh1/G1.5 is at 55/89 (62%) event. Resubmit 1 job at iteration 1. 
INFO:  Idle: 1,  Running: 4,  Completed: 21 [  3m 5s  ] 
INFO: found enough event for P0_gg_xdxdxh1/G4.8 
INFO:  Idle: 0,  Running: 4,  Completed: 22 [  3m 34s  ] 
INFO: P0_gg_xdxdxh1/G3 is at 4957/18631 (27%) event. Resubmit 4 job at iteration 1. 
INFO:  Idle: 1,  Running: 6,  Completed: 25 [  3m 48s  ] 
INFO: found enough event for P0_gg_xdxdxh1/G4.7 
INFO:  Idle: 0,  Running: 6,  Completed: 26 [  3m 51s  ] 
INFO: P0_gg_xdxdxh1/G4.5 is at 1473/2538 (58%) event. Resubmit 2 job at iteration 2. 
INFO:  Idle: 0,  Running: 7,  Completed: 27 [  4m 5s  ] 
INFO:  Idle: 1,  Running: 6,  Completed: 28 [  4m 9s  ] 
INFO: P0_gg_xdxdxh1/G1.5 is at 76/89 (86%) event. Resubmit 1 job at iteration 2. 
INFO:  Idle: 0,  Running: 7,  Completed: 29 [  4m 14s  ] 
INFO:  Idle: 0,  Running: 6,  Completed: 30 [  4m 53s  ] 
INFO:  Idle: 1,  Running: 3,  Completed: 33 [  5m 0s  ] 
INFO:  Idle: 0,  Running: 3,  Completed: 34 [  5m 23s  ] 
INFO:  Idle: 1,  Running: 2,  Completed: 36 [  5m 42s  ] 
INFO: found enough event for P0_gg_xdxdxh1/G4.5 
INFO: P0_gg_xdxdxh1/G3 is at 9954/18633 (53%) event. Resubmit 7 job at iteration 2. 
INFO: found enough event for P0_gg_xdxdxh1/G1.5 
INFO:  Idle: 0,  Running: 7,  Completed: 39 [  5m 54s  ] 
INFO:  Idle: 0,  Running: 4,  Completed: 42 [  7m 13s  ] 
INFO:  Idle: 0,  Running: 3,  Completed: 43 [  7m 16s  ] 
INFO:  Idle: 0,  Running: 1,  Completed: 45 [  7m 21s  ] 
INFO: found enough event for P0_gg_xdxdxh1/G3 
INFO:  Idle: 0,  Running: 0,  Completed: 47 [  8m 30s  ] 
INFO:  Idle: 0,  Running: 0,  Completed: 47 [  8m 30s  ] 
INFO: Combining runs 
INFO: finish refine 
refine 20000
Creating Jobs
INFO: Refine results to 20000 
INFO: Generating 20000.0 unweigthed events. 
INFO: Effective Luminosity 1301899.57784 pb^-1 
INFO: need to improve 0 channels 
Current estimate of cross-section: 0.01766649317 +- 1.75193708047e-05
INFO:  Idle: 0,  Running: 0,  Completed: 0 [ current time: 21h21 ] 
INFO:  Idle: 0,  Running: 0,  Completed: 0 [  0.071s  ] 
INFO: Combining runs 
INFO: finish refine 
combine_events
INFO: Combining Events 
 
 
 
  === Results Summary for run: run_01 tag: tag_1 ===

     Cumulative sequential time for this run: 3h21m33s
     Cross-section :   0.01767 +- 1.752e-05 pb
     Nb of events :  20000
 
store_events
INFO: Storing parton level results 
INFO: End Parton 
reweight -from_cards
decay_events -from_cards
INFO: storring files of previous run 
INFO: Done 
quit
INFO:  
 
INFO:  
 
more information in /afs/cern.ch/work/s/syu/2HDM_gridpack/genproductions/bin/MadGraph5_aMCatNLO/interactive/interactive_gridpack/work/MG5_aMC_v2_4_2/2HDMPZ2II_MH3_800_MH4_500_MH2_800_MHC_800/index.html
quit
 

 


Job finished at Thu Jul 20 21:24:19 CEST 2017 on node 
 under linux version Scientific Linux CERN SLC release 6.9 (Carbon)

CERN statistics: This process used approximately : 9:24:37 KSI2K hours (33877 KSI2K seconds)
                 This process corresponds to     : 36:42:01 HS06  hours (132121 HS06  seconds)
