@(#)CERN job starter $Date: 2010/06/23 14:22:16 $
Working directory is </pool/lsf/syu/60064177> on <p05792984a09721.cern.ch>

Starting job on  Thu Jul 20 19:37:03 CEST 2017
Running on  Linux p05792984a09721.cern.ch 2.6.32-696.1.1.el6.x86_64 #1 SMP Wed Apr 12 08:44:28 CEST 2017 x86_64 x86_64 x86_64 GNU/Linux
System release  Scientific Linux CERN SLC release 6.9 (Carbon)
name: interactive
carddir: 
queue: local
# On branch master
# Changed but not updated:
#   (use "git add <file>..." to update what will be committed)
#   (use "git checkout -- <file>..." to discard changes in working directory)
#
#	modified:   cards/production/13TeV/monoHiggs/Zp2HDM/Zprime_A0h_A0chichi/Zprime_A0h_A0chichi_MZp2500_MA0800/Zprime_A0h_A0chichi_MZp2500_MA0800_customizecards.dat
#	modified:   cards/production/13TeV/monoHiggs/Zp2HDM/Zprime_A0h_A0chichi/Zprime_A0h_A0chichi_MZp600_MA0300/Zprime_A0h_A0chichi_MZp600_MA0300_customizecards.dat
#
# Untracked files:
#   (use "git add <file>..." to include in what will be committed)
#
#	2HDMPZ2II_MH3_1000_MH4_100_MH2_1000_MHC_1000_proc_card.dat
#	2HDMPZ2II_MH3_1000_MH4_150_MH2_1000_MHC_1000_proc_card.dat
#	2HDMPZ2II_MH3_1000_MH4_200_MH2_1000_MHC_1000_proc_card.dat
#	2HDMPZ2II_MH3_1000_MH4_250_MH2_1000_MHC_1000_proc_card.dat
#	2HDMPZ2II_MH3_1000_MH4_300_MH2_1000_MHC_1000_proc_card.dat
#	2HDMPZ2II_MH3_1000_MH4_350_MH2_1000_MHC_1000_proc_card.dat
#	2HDMPZ2II_MH3_1000_MH4_400_MH2_1000_MHC_1000_proc_card.dat
#	2HDMPZ2II_MH3_1000_MH4_450_MH2_1000_MHC_1000_proc_card.dat
#	2HDMPZ2II_MH3_1000_MH4_500_MH2_1000_MHC_1000_proc_card.dat
#	2HDMPZ2II_MH3_100_MH4_100_MH2_100_MHC_100_proc_card.dat
#	2HDMPZ2II_MH3_1100_MH4_100_MH2_1100_MHC_1100_proc_card.dat
#	2HDMPZ2II_MH3_1100_MH4_150_MH2_1100_MHC_1100_proc_card.dat
#	2HDMPZ2II_MH3_1100_MH4_200_MH2_1100_MHC_1100_proc_card.dat
#	2HDMPZ2II_MH3_1100_MH4_250_MH2_1100_MHC_1100_proc_card.dat
#	2HDMPZ2II_MH3_1100_MH4_300_MH2_1100_MHC_1100_proc_card.dat
#	2HDMPZ2II_MH3_1100_MH4_350_MH2_1100_MHC_1100_proc_card.dat
#	2HDMPZ2II_MH3_1100_MH4_400_MH2_1100_MHC_1100_proc_card.dat
#	2HDMPZ2II_MH3_1100_MH4_450_MH2_1100_MHC_1100_proc_card.dat
#	2HDMPZ2II_MH3_1100_MH4_500_MH2_1100_MHC_1100_proc_card.dat
#	2HDMPZ2II_MH3_1200_MH4_100_MH2_1200_MHC_1200_proc_card.dat
#	2HDMPZ2II_MH3_1200_MH4_150_MH2_1200_MHC_1200_proc_card.dat
#	2HDMPZ2II_MH3_1200_MH4_200_MH2_1200_MHC_1200_proc_card.dat
#	2HDMPZ2II_MH3_1200_MH4_250_MH2_1200_MHC_1200_proc_card.dat
#	2HDMPZ2II_MH3_1200_MH4_300_MH2_1200_MHC_1200_proc_card.dat
#	2HDMPZ2II_MH3_1200_MH4_350_MH2_1200_MHC_1200_proc_card.dat
#	2HDMPZ2II_MH3_1200_MH4_400_MH2_1200_MHC_1200_proc_card.dat
#	2HDMPZ2II_MH3_1200_MH4_450_MH2_1200_MHC_1200_proc_card.dat
#	2HDMPZ2II_MH3_1200_MH4_500_MH2_1200_MHC_1200_proc_card.dat
#	2HDMPZ2II_MH3_1300_MH4_100_MH2_1300_MHC_1300_proc_card.dat
#	2HDMPZ2II_MH3_1300_MH4_150_MH2_1300_MHC_1300_proc_card.dat
#	2HDMPZ2II_MH3_1300_MH4_200_MH2_1300_MHC_1300_proc_card.dat
#	2HDMPZ2II_MH3_1300_MH4_250_MH2_1300_MHC_1300_proc_card.dat
#	2HDMPZ2II_MH3_1300_MH4_300_MH2_1300_MHC_1300_proc_card.dat
#	2HDMPZ2II_MH3_1300_MH4_350_MH2_1300_MHC_1300_proc_card.dat
#	2HDMPZ2II_MH3_1300_MH4_400_MH2_1300_MHC_1300_proc_card.dat
#	2HDMPZ2II_MH3_1300_MH4_450_MH2_1300_MHC_1300_proc_card.dat
#	2HDMPZ2II_MH3_1300_MH4_500_MH2_1300_MHC_1300_proc_card.dat
#	2HDMPZ2II_MH3_1400_MH4_100_MH2_1400_MHC_1400_proc_card.dat
#	2HDMPZ2II_MH3_1400_MH4_150_MH2_1400_MHC_1400_proc_card.dat
#	2HDMPZ2II_MH3_1400_MH4_200_MH2_1400_MHC_1400_proc_card.dat
#	2HDMPZ2II_MH3_1400_MH4_250_MH2_1400_MHC_1400_proc_card.dat
#	2HDMPZ2II_MH3_1400_MH4_300_MH2_1400_MHC_1400_proc_card.dat
#	2HDMPZ2II_MH3_1400_MH4_350_MH2_1400_MHC_1400_proc_card.dat
#	2HDMPZ2II_MH3_1400_MH4_400_MH2_1400_MHC_1400_proc_card.dat
#	2HDMPZ2II_MH3_1400_MH4_450_MH2_1400_MHC_1400_proc_card.dat
#	2HDMPZ2II_MH3_1400_MH4_500_MH2_1400_MHC_1400_proc_card.dat
#	2HDMPZ2II_MH3_1500_MH4_100_MH2_1500_MHC_1500_proc_card.dat
#	2HDMPZ2II_MH3_1500_MH4_150_MH2_1500_MHC_1500_proc_card.dat
#	2HDMPZ2II_MH3_1500_MH4_200_MH2_1500_MHC_1500_proc_card.dat
#	2HDMPZ2II_MH3_1500_MH4_250_MH2_1500_MHC_1500_proc_card.dat
#	2HDMPZ2II_MH3_1500_MH4_300_MH2_1500_MHC_1500_proc_card.dat
#	2HDMPZ2II_MH3_1500_MH4_350_MH2_1500_MHC_1500_proc_card.dat
#	2HDMPZ2II_MH3_1500_MH4_400_MH2_1500_MHC_1500_proc_card.dat
#	2HDMPZ2II_MH3_1500_MH4_450_MH2_1500_MHC_1500_proc_card.dat
#	2HDMPZ2II_MH3_1500_MH4_500_MH2_1500_MHC_1500_proc_card.dat
#	2HDMPZ2II_MH3_1600_MH4_100_MH2_1600_MHC_1600_proc_card.dat
#	2HDMPZ2II_MH3_1600_MH4_150_MH2_1600_MHC_1600_proc_card.dat
#	2HDMPZ2II_MH3_1600_MH4_200_MH2_1600_MHC_1600_proc_card.dat
#	2HDMPZ2II_MH3_1600_MH4_250_MH2_1600_MHC_1600_proc_card.dat
#	2HDMPZ2II_MH3_1600_MH4_300_MH2_1600_MHC_1600_proc_card.dat
#	2HDMPZ2II_MH3_1600_MH4_350_MH2_1600_MHC_1600_proc_card.dat
#	2HDMPZ2II_MH3_1600_MH4_400_MH2_1600_MHC_1600_proc_card.dat
#	2HDMPZ2II_MH3_1600_MH4_450_MH2_1600_MHC_1600_proc_card.dat
#	2HDMPZ2II_MH3_1600_MH4_500_MH2_1600_MHC_1600_proc_card.dat
#	2HDMPZ2II_MH3_200_MH4_100_MH2_200_MHC_200_proc_card.dat
#	2HDMPZ2II_MH3_200_MH4_150_MH2_200_MHC_200_proc_card.dat
#	2HDMPZ2II_MH3_200_MH4_200_MH2_200_MHC_200_proc_card.dat
#	2HDMPZ2II_MH3_300_MH4_100_MH2_300_MHC_300_proc_card.dat
#	2HDMPZ2II_MH3_300_MH4_150_MH2_300_MHC_300_proc_card.dat
#	2HDMPZ2II_MH3_300_MH4_200_MH2_300_MHC_300_proc_card.dat
#	2HDMPZ2II_MH3_300_MH4_250_MH2_300_MHC_300_proc_card.dat
#	2HDMPZ2II_MH3_300_MH4_300_MH2_300_MHC_300_proc_card.dat
#	2HDMPZ2II_MH3_400_MH4_100_MH2_400_MHC_400_proc_card.dat
#	2HDMPZ2II_MH3_400_MH4_150_MH2_400_MHC_400_proc_card.dat
#	2HDMPZ2II_MH3_400_MH4_200_MH2_400_MHC_400_proc_card.dat
#	2HDMPZ2II_MH3_400_MH4_250_MH2_400_MHC_400_proc_card.dat
#	2HDMPZ2II_MH3_400_MH4_300_MH2_400_MHC_400_proc_card.dat
#	2HDMPZ2II_MH3_400_MH4_350_MH2_400_MHC_400_proc_card.dat
#	2HDMPZ2II_MH3_400_MH4_400_MH2_400_MHC_400_proc_card.dat
#	2HDMPZ2II_MH3_500_MH4_100_MH2_500_MHC_500_proc_card.dat
#	2HDMPZ2II_MH3_500_MH4_150_MH2_500_MHC_500_proc_card.dat
#	2HDMPZ2II_MH3_500_MH4_200_MH2_500_MHC_500_proc_card.dat
#	2HDMPZ2II_MH3_500_MH4_250_MH2_500_MHC_500_proc_card.dat
#	2HDMPZ2II_MH3_500_MH4_300_MH2_500_MHC_500_proc_card.dat
#	2HDMPZ2II_MH3_500_MH4_350_MH2_500_MHC_500_proc_card.dat
#	2HDMPZ2II_MH3_500_MH4_400_MH2_500_MHC_500_proc_card.dat
#	2HDMPZ2II_MH3_500_MH4_450_MH2_500_MHC_500_proc_card.dat
#	2HDMPZ2II_MH3_500_MH4_500_MH2_500_MHC_500_proc_card.dat
#	2HDMPZ2II_MH3_600_MH4_100_MH2_600_MHC_600_proc_card.dat
#	2HDMPZ2II_MH3_600_MH4_150_MH2_600_MHC_600_proc_card.dat
#	2HDMPZ2II_MH3_600_MH4_200_MH2_600_MHC_600_proc_card.dat
#	2HDMPZ2II_MH3_600_MH4_250_MH2_600_MHC_600_proc_card.dat
#	2HDMPZ2II_MH3_600_MH4_300_MH2_600_MHC_600_proc_card.dat
#	2HDMPZ2II_MH3_600_MH4_350_MH2_600_MHC_600_proc_card.dat
#	2HDMPZ2II_MH3_600_MH4_400_MH2_600_MHC_600_proc_card.dat
#	2HDMPZ2II_MH3_600_MH4_450_MH2_600_MHC_600_proc_card.dat
#	2HDMPZ2II_MH3_600_MH4_500_MH2_600_MHC_600_proc_card.dat
#	2HDMPZ2II_MH3_700_MH4_100_MH2_700_MHC_700_proc_card.dat
#	2HDMPZ2II_MH3_700_MH4_150_MH2_700_MHC_700_proc_card.dat
#	2HDMPZ2II_MH3_700_MH4_200_MH2_700_MHC_700_proc_card.dat
#	2HDMPZ2II_MH3_700_MH4_250_MH2_700_MHC_700_proc_card.dat
#	2HDMPZ2II_MH3_700_MH4_300_MH2_700_MHC_700_proc_card.dat
#	2HDMPZ2II_MH3_700_MH4_350_MH2_700_MHC_700_proc_card.dat
#	2HDMPZ2II_MH3_700_MH4_400_MH2_700_MHC_700_proc_card.dat
#	2HDMPZ2II_MH3_700_MH4_450_MH2_700_MHC_700_proc_card.dat
#	2HDMPZ2II_MH3_700_MH4_500_MH2_700_MHC_700_proc_card.dat
#	2HDMPZ2II_MH3_800_MH4_100_MH2_800_MHC_800_proc_card.dat
#	2HDMPZ2II_MH3_800_MH4_150_MH2_800_MHC_800_proc_card.dat
#	2HDMPZ2II_MH3_800_MH4_200_MH2_800_MHC_800_proc_card.dat
#	2HDMPZ2II_MH3_800_MH4_250_MH2_800_MHC_800_proc_card.dat
#	2HDMPZ2II_MH3_800_MH4_300_MH2_800_MHC_800_proc_card.dat
#	2HDMPZ2II_MH3_800_MH4_350_MH2_800_MHC_800_proc_card.dat
#	2HDMPZ2II_MH3_800_MH4_400_MH2_800_MHC_800_proc_card.dat
#	2HDMPZ2II_MH3_800_MH4_450_MH2_800_MHC_800_proc_card.dat
#	2HDMPZ2II_MH3_800_MH4_500_MH2_800_MHC_800_proc_card.dat
#	2HDMPZ2II_MH3_900_MH4_100_MH2_900_MHC_900_proc_card.dat
#	2HDMPZ2II_MH3_900_MH4_150_MH2_900_MHC_900_proc_card.dat
#	2HDMPZ2II_MH3_900_MH4_200_MH2_900_MHC_900_proc_card.dat
#	2HDMPZ2II_MH3_900_MH4_250_MH2_900_MHC_900_proc_card.dat
#	2HDMPZ2II_MH3_900_MH4_300_MH2_900_MHC_900_proc_card.dat
#	2HDMPZ2II_MH3_900_MH4_350_MH2_900_MHC_900_proc_card.dat
#	2HDMPZ2II_MH3_900_MH4_400_MH2_900_MHC_900_proc_card.dat
#	2HDMPZ2II_MH3_900_MH4_450_MH2_900_MHC_900_proc_card.dat
#	2HDMPZ2II_MH3_900_MH4_500_MH2_900_MHC_900_proc_card.dat
#	2HDMPZ2II_proc_card.dat
#	2HDM_MZp1000_MA0300_MDM100_proc_card.dat
#	2HDM_MZp4000_MA0300_MDM100_proc_card.dat
#	2HDM_proc_card.dat
#	ATLAS_mass
#	Log057
#	Zprime_A0h_A0chichi_MZp600_MA0300.log
#	Zprime_A0h_A0chichi_MZp600_MA0300/
#	Zprime_A0h_A0chichi_MZp600_MA0300_tarball.tar.xz
#	a0width
#	cards/production/13TeV/monoHiggs/Zp2HDM/Zprime_A0h_A0chichi/Zprime_A0h_A0chichi_MZp1000_MA0300/Zprime_A0h_A0chichi_MZp1000_MA0300_extramodels.dat
#	cards/production/13TeV/monoHiggs/Zp2HDM/Zprime_A0h_A0chichi/Zprime_A0h_A0chichi_MZp1000_MA0500/Zprime_A0h_A0chichi_MZp1000_MA0500_extramodels.dat
#	cards/production/13TeV/monoHiggs/Zp2HDM/Zprime_A0h_A0chichi/Zprime_A0h_A0chichi_MZp1000_MA0800/Zprime_A0h_A0chichi_MZp1000_MA0800_extramodels.dat
#	cards/production/13TeV/monoHiggs/Zp2HDM/Zprime_A0h_A0chichi/Zprime_A0h_A0chichi_MZp1200_MA0500/Zprime_A0h_A0chichi_MZp1200_MA0500_extramodels.dat
#	cards/production/13TeV/monoHiggs/Zp2HDM/Zprime_A0h_A0chichi/Zprime_A0h_A0chichi_MZp1200_MA0800/Zprime_A0h_A0chichi_MZp1200_MA0800_extramodels.dat
#	cards/production/13TeV/monoHiggs/Zp2HDM/Zprime_A0h_A0chichi/Zprime_A0h_A0chichi_MZp1400_MA0500/Zprime_A0h_A0chichi_MZp1400_MA0500_extramodels.dat
#	cards/production/13TeV/monoHiggs/Zp2HDM/Zprime_A0h_A0chichi/Zprime_A0h_A0chichi_MZp1400_MA0800/Zprime_A0h_A0chichi_MZp1400_MA0800_extramodels.dat
#	cards/production/13TeV/monoHiggs/Zp2HDM/Zprime_A0h_A0chichi/Zprime_A0h_A0chichi_MZp1700_MA0500/Zprime_A0h_A0chichi_MZp1700_MA0500_extramodels.dat
#	cards/production/13TeV/monoHiggs/Zp2HDM/Zprime_A0h_A0chichi/Zprime_A0h_A0chichi_MZp1700_MA0800/Zprime_A0h_A0chichi_MZp1700_MA0800_extramodels.dat
#	cards/production/13TeV/monoHiggs/Zp2HDM/Zprime_A0h_A0chichi/Zprime_A0h_A0chichi_MZp2000_MA0500/Zprime_A0h_A0chichi_MZp2000_MA0500_extramodels.dat
#	cards/production/13TeV/monoHiggs/Zp2HDM/Zprime_A0h_A0chichi/Zprime_A0h_A0chichi_MZp2000_MA0800/Zprime_A0h_A0chichi_MZp2000_MA0800_extramodels.dat
#	cards/production/13TeV/monoHiggs/Zp2HDM/Zprime_A0h_A0chichi/Zprime_A0h_A0chichi_MZp2500_MA0300/Zprime_A0h_A0chichi_MZp2500_MA0300_extramodels.dat
#	cards/production/13TeV/monoHiggs/Zp2HDM/Zprime_A0h_A0chichi/Zprime_A0h_A0chichi_MZp2500_MA0500/Zprime_A0h_A0chichi_MZp2500_MA0500_extramodels.dat
#	cards/production/13TeV/monoHiggs/Zp2HDM/Zprime_A0h_A0chichi/Zprime_A0h_A0chichi_MZp2500_MA0800/Zprime_A0h_A0chichi_MZp2500_MA0800_extramodels.dat
#	cards/production/13TeV/monoHiggs/Zp2HDM/Zprime_A0h_A0chichi/Zprime_A0h_A0chichi_MZp2750_MA0300/
#	cards/production/13TeV/monoHiggs/Zp2HDM/Zprime_A0h_A0chichi/Zprime_A0h_A0chichi_MZp2750_MA0500/
#	cards/production/13TeV/monoHiggs/Zp2HDM/Zprime_A0h_A0chichi/Zprime_A0h_A0chichi_MZp2750_MA0800/
#	cards/production/13TeV/monoHiggs/Zp2HDM/Zprime_A0h_A0chichi/Zprime_A0h_A0chichi_MZp3000_MA0300/
#	cards/production/13TeV/monoHiggs/Zp2HDM/Zprime_A0h_A0chichi/Zprime_A0h_A0chichi_MZp3000_MA0500/
#	cards/production/13TeV/monoHiggs/Zp2HDM/Zprime_A0h_A0chichi/Zprime_A0h_A0chichi_MZp3000_MA0800/
#	cards/production/13TeV/monoHiggs/Zp2HDM/Zprime_A0h_A0chichi/Zprime_A0h_A0chichi_MZp3500_MA0300/
#	cards/production/13TeV/monoHiggs/Zp2HDM/Zprime_A0h_A0chichi/Zprime_A0h_A0chichi_MZp3500_MA0500/
#	cards/production/13TeV/monoHiggs/Zp2HDM/Zprime_A0h_A0chichi/Zprime_A0h_A0chichi_MZp3500_MA0800/
#	cards/production/13TeV/monoHiggs/Zp2HDM/Zprime_A0h_A0chichi/Zprime_A0h_A0chichi_MZp4000_MA0300/
#	cards/production/13TeV/monoHiggs/Zp2HDM/Zprime_A0h_A0chichi/Zprime_A0h_A0chichi_MZp4000_MA0500/
#	cards/production/13TeV/monoHiggs/Zp2HDM/Zprime_A0h_A0chichi/Zprime_A0h_A0chichi_MZp4000_MA0800/
#	cards/production/13TeV/monoHiggs/Zp2HDM/Zprime_A0h_A0chichi/Zprime_A0h_A0chichi_MZp600_MA0300/Zprime_A0h_A0chichi_MZp600_MA0300_extramodels.dat
#	cards/production/13TeV/monoHiggs/Zp2HDM/Zprime_A0h_A0chichi/Zprime_A0h_A0chichi_MZp800_MA0500/Zprime_A0h_A0chichi_MZp800_MA0500_extramodels.dat
#	cards/production/13TeV/monoHiggs/Zp2HDM/Zprime_A0h_A0chichi/mass
#	cards/production/13TeV/monoHiggs/Zp2HDM/Zprime_A0h_A0chichi/old_Zprime_A0h_A0chichi_MZp3000_MA0300/
#	cards/testATLAS/
#	cards/testATLAS_customizecards.dat
#	interactive/
#	launch_2HDM.sh
#	launch_2HDMPZ2II.sh
#	log069.log
#	mass
#	runLaunch.sh
#	temp/
#	testATLAS.log
#	testATLAS/
#	width
#	xs_launch_2HDMPZ2II.sh
#	zpwidth
no changes added to commit (use "git add" and/or "git commit -a")
Current git revision is:
0a3bda3e567d269a20762d24dd6e701e5ee0ece0
diff --git a/bin/MadGraph5_aMCatNLO/cards/production/13TeV/monoHiggs/Zp2HDM/Zprime_A0h_A0chichi/Zprime_A0h_A0chichi_MZp2500_MA0800/Zprime_A0h_A0chichi_MZp2500_MA0800_customizecards.dat b/bin/MadGraph5_aMCatNLO/cards/production/13TeV/monoHiggs/Zp2HDM/Zprime_A0h_A0chichi/Zprime_A0h_A0chichi_MZp2500_MA0800/Zprime_A0h_A0chichi_MZp2500_MA0800_customizecards.dat
index 4580452..4ce9c64 100644
--- a/bin/MadGraph5_aMCatNLO/cards/production/13TeV/monoHiggs/Zp2HDM/Zprime_A0h_A0chichi/Zprime_A0h_A0chichi_MZp2500_MA0800/Zprime_A0h_A0chichi_MZp2500_MA0800_customizecards.dat
+++ b/bin/MadGraph5_aMCatNLO/cards/production/13TeV/monoHiggs/Zp2HDM/Zprime_A0h_A0chichi/Zprime_A0h_A0chichi_MZp2500_MA0800/Zprime_A0h_A0chichi_MZp2500_MA0800_customizecards.dat
@@ -4,5 +4,5 @@ set param_card mass 27 800
 set param_card mass 28 800
 set param_card ZpINPUTS 1 1
 set param_card ZpINPUTS 2 0.8
-set param_card DECAY 32 51.33163
-set param_card DECAY 28 75.5153
+set param_card DECAY 32 5.141429e+01
+set param_card DECAY 28 7.330065e+01
diff --git a/bin/MadGraph5_aMCatNLO/cards/production/13TeV/monoHiggs/Zp2HDM/Zprime_A0h_A0chichi/Zprime_A0h_A0chichi_MZp600_MA0300/Zprime_A0h_A0chichi_MZp600_MA0300_customizecards.dat b/bin/MadGraph5_aMCatNLO/cards/production/13TeV/monoHiggs/Zp2HDM/Zprime_A0h_A0chichi/Zprime_A0h_A0chichi_MZp600_MA0300/Zprime_A0h_A0chichi_MZp600_MA0300_customizecards.dat
index cb192f2..9b18abd 100644
--- a/bin/MadGraph5_aMCatNLO/cards/production/13TeV/monoHiggs/Zp2HDM/Zprime_A0h_A0chichi/Zprime_A0h_A0chichi_MZp600_MA0300/Zprime_A0h_A0chichi_MZp600_MA0300_customizecards.dat
+++ b/bin/MadGraph5_aMCatNLO/cards/production/13TeV/monoHiggs/Zp2HDM/Zprime_A0h_A0chichi/Zprime_A0h_A0chichi_MZp600_MA0300/Zprime_A0h_A0chichi_MZp600_MA0300_customizecards.dat
@@ -4,5 +4,5 @@ set param_card mass 27 300
 set param_card mass 28 300
 set param_card ZpINPUTS 1 1
 set param_card ZpINPUTS 2 0.8
-set param_card DECAY 32 11.22981
-set param_card DECAY 28 8.95228
+set param_card DECAY 32 AUTO
+set param_card DECAY 28 AUTO
/afs/cern.ch/work/s/syu/2HDM_gridpack/genproductions/bin/MadGraph5_aMCatNLO
Reusing existing directory assuming generated code already exists
WARNING: If you changed the process card you need to clean the folder and run from scratch
************************************************************
*                                                          *
*                     W E L C O M E to                     *
*              M A D G R A P H 5 _ a M C @ N L O           *
*                                                          *
*                                                          *
*                 *                       *                *
*                   *        * *        *                  *
*                     * * * * 5 * * * *                    *
*                   *        * *        *                  *
*                 *                       *                *
*                                                          *
*         VERSION 2.4.2                 2016-06-10         *
*                                                          *
*    The MadGraph5_aMC@NLO Development Team - Find us at   *
*    https://server06.fynu.ucl.ac.be/projects/madgraph     *
*                            and                           *
*            http://amcatnlo.web.cern.ch/amcatnlo/         *
*                                                          *
*               Type 'help' for in-line help.              *
*           Type 'tutorial' to learn how MG5 works         *
*    Type 'tutorial aMCatNLO' to learn how aMC@NLO works   *
*    Type 'tutorial MadLoop' to learn how MadLoop works    *
*                                                          *
************************************************************
load MG5 configuration from input/mg5_configuration.txt 
None does not seem to correspond to a valid fastjet-config executable (v3+). We will use fjcore instead.
 Please set the 'fastjet'variable to the full (absolute) /PATH/TO/fastjet-config (including fastjet-config).
 MG5_aMC> set fastjet /PATH/TO/fastjet-config

set lhapdf to /cvmfs/cms.cern.ch/slc6_amd64_gcc481/external/lhapdf/6.1.5-ddibom3/share/LHAPDF/../../bin/lhapdf-config
No valid eps viewer found. Please set in ./input/mg5_configuration.txt
No valid web browser found. Please set in ./input/mg5_configuration.txt
import /afs/cern.ch/work/s/syu/2HDM_gridpack/genproductions/bin/MadGraph5_aMCatNLO/2HDMPZ2II_MH3_200_MH4_150_MH2_200_MHC_200_proc_card.dat
The import format was not given, so we guess it as command
import model 2HDMPZ2II
INFO: Change particles name to pass to MG5 convention 
Defined multiparticle p = g u c d s u~ c~ d~ s~
Defined multiparticle j = g u c d s u~ c~ d~ s~
Defined multiparticle l+ = e+ mu+
Defined multiparticle l- = e- mu-
Defined multiparticle vl = ve vm vt
Defined multiparticle vl~ = ve~ vm~ vt~
Defined multiparticle all = g ghg ghg~ u c d s u~ c~ d~ s~ a gha gha~ ve vm vt e- mu- ve~ vm~ vt~ e+ mu+ t b t~ b~ z w+ ghz ghwp ghwm h+ h1 h2 h3 h4 w- ghz~ ghwp~ ghwm~ h- ta- xd ta+ xd~
generate p p > xd xd~ h1 / z [QCD]
[1;60m------------------------------------------------------------------------[0m
[1;60m No Born diagrams found. Now switching to the loop-induced mode.        [0m
[1;60m Please cite ref. 'arXiv:1507.00020' when using results from this mode. [0m
[1;60m------------------------------------------------------------------------[0m
[1;34mWARNING: Some loop diagrams contributing to this process are discarded because they are not pure (QCD)-perturbation.
Make sure you did not want to include them. [0m
[1;34mWARNING: Some loop diagrams contributing to this process are discarded because they are not pure (QCD)-perturbation.
Make sure you did not want to include them. [0m
[1;34mWARNING: Some loop diagrams contributing to this process are discarded because they are not pure (QCD)-perturbation.
Make sure you did not want to include them. [0m
[1;34mWARNING: Some loop diagrams contributing to this process are discarded because they are not pure (QCD)-perturbation.
Make sure you did not want to include them. [0m
1 processes with 80 diagrams generated in 19.692 s
Total: 1 processes with 80 diagrams
output 2HDMPZ2II_MH3_200_MH4_150_MH2_200_MHC_200 -nojpeg
INFO: initialize a new directory: 2HDMPZ2II_MH3_200_MH4_150_MH2_200_MHC_200 
INFO: remove old information in 2HDMPZ2II_MH3_200_MH4_150_MH2_200_MHC_200 
INFO: Organizing processes into subprocess groups 
INFO: Generating Helas calls for process: g g > xd xd~ h1 WEIGHTED<=12 [ noborn = QCD ] / z 
INFO: Processing color information for loop process: g g > xd xd~ h1 [ noborn = QCD ] / z 
INFO: Creating color matrix  loop process: g g > xd xd~ h1 WEIGHTED<=12 [ noborn = QCD ] / z 
INFO: Creating files in directory /afs/cern.ch/work/s/syu/2HDM_gridpack/genproductions/bin/MadGraph5_aMCatNLO/interactive/interactive_gridpack/work/MG5_aMC_v2_4_2/2HDMPZ2II_MH3_200_MH4_150_MH2_200_MHC_200/SubProcesses/PV0_0_1_gg_xdxdxh1_no_z 
ALOHA: aloha creates FFV1 set of routines with options: L1
INFO: Computing diagram color coefficients 
INFO: Drawing loop Feynman diagrams for Process: g g > xd xd~ h1 WEIGHTED<=12 [ noborn = QCD ] / z 
INFO: Creating files in directory P0_gg_xdxdxh1 
INFO: Generating Feynman diagrams for Process: g g > xd xd~ h1 WEIGHTED<=12 [ noborn = QCD ] / z 
INFO: Finding symmetric diagrams for subprocess group gg_xdxdxh1 
History written to /afs/cern.ch/work/s/syu/2HDM_gridpack/genproductions/bin/MadGraph5_aMCatNLO/interactive/interactive_gridpack/work/MG5_aMC_v2_4_2/2HDMPZ2II_MH3_200_MH4_150_MH2_200_MHC_200/Cards/proc_card_mg5.dat
Generated helas calls for 1 subprocesses (80 diagrams) in 1.157 s
Export UFO model to MG4 format
ALOHA: aloha creates FFS1 routines
ALOHA: aloha creates FFS3 set of routines with options: L2
ALOHA: aloha creates SSS1 routines
save configuration file to /afs/cern.ch/work/s/syu/2HDM_gridpack/genproductions/bin/MadGraph5_aMCatNLO/interactive/interactive_gridpack/work/MG5_aMC_v2_4_2/2HDMPZ2II_MH3_200_MH4_150_MH2_200_MHC_200/Cards/me5_configuration.txt
INFO: Use Fortran compiler gfortran 
INFO: Use c++ compiler g++ 
INFO: Generate web pages 
Output to directory /afs/cern.ch/work/s/syu/2HDM_gridpack/genproductions/bin/MadGraph5_aMCatNLO/interactive/interactive_gridpack/work/MG5_aMC_v2_4_2/2HDMPZ2II_MH3_200_MH4_150_MH2_200_MHC_200 done.
Type "launch" to generate events from this process, or see
/afs/cern.ch/work/s/syu/2HDM_gridpack/genproductions/bin/MadGraph5_aMCatNLO/interactive/interactive_gridpack/work/MG5_aMC_v2_4_2/2HDMPZ2II_MH3_200_MH4_150_MH2_200_MHC_200/README
Run "open index.html" to see more information about this process.
launch 2HDMPZ2II_MH3_200_MH4_150_MH2_200_MHC_200
************************************************************
*                                                          *
*                      W E L C O M E to                    *
*             M A D G R A P H 5 _ a M C @ N L O            *
*                      M A D E V E N T                     *
*                                                          *
*                 *                       *                *
*                   *        * *        *                  *
*                     * * * * 5 * * * *                    *
*                   *        * *        *                  *
*                 *                       *                *
*                                                          *
*         VERSION 2.4.2                 2016-06-10         *
*                                                          *
*    The MadGraph5_aMC@NLO Development Team - Find us at   *
*    https://server06.fynu.ucl.ac.be/projects/madgraph     *
*                                                          *
*               Type 'help' for in-line help.              *
*                                                          *
************************************************************
INFO: load configuration from /afs/cern.ch/work/s/syu/2HDM_gridpack/genproductions/bin/MadGraph5_aMCatNLO/interactive/interactive_gridpack/work/MG5_aMC_v2_4_2/2HDMPZ2II_MH3_200_MH4_150_MH2_200_MHC_200/Cards/me5_configuration.txt  
INFO: load configuration from /afs/cern.ch/work/s/syu/2HDM_gridpack/genproductions/bin/MadGraph5_aMCatNLO/interactive/interactive_gridpack/work/MG5_aMC_v2_4_2/input/mg5_configuration.txt  
INFO: load configuration from /afs/cern.ch/work/s/syu/2HDM_gridpack/genproductions/bin/MadGraph5_aMCatNLO/interactive/interactive_gridpack/work/MG5_aMC_v2_4_2/2HDMPZ2II_MH3_200_MH4_150_MH2_200_MHC_200/Cards/me5_configuration.txt  
No valid eps viewer found. Please set in ./input/mg5_configuration.txt
No valid web browser found. Please set in ./input/mg5_configuration.txt
generate_events run_01
The following switches determine which programs are run:
 1 Run the pythia shower/hadronization:                              pythia=NOT INSTALLED
 2 Run PGS as detector simulator:                                       pgs=NOT INSTALLED
 3 Run Delphes as detector simulator:                               delphes=NOT INSTALLED
 4 Decay particles with the MadSpin module:                         madspin=OFF
 5 Add weights to the events based on changing model parameters:   reweight=OFF
  Either type the switch number (1 to 5) to change its default setting,
  or set any switch explicitly (e.g. type 'madspin=ON' at the prompt)
  Type '0', 'auto', 'done' or just press enter when you are done.
 [[4m0[0m, 4, 5, auto, done, madspin=ON, madspin=OFF, madspin, reweight=ON, ... ]
[1;34mThe answer to the previous question is not set in your input file[0m
[1;34mUse 0 value[0m
set sinp 0.35
[1;60mINFO: modify param_card information BLOCK higgs with id (5,) set to 0.35 [0m
set tanbeta 1
[1;60mINFO: modify param_card information BLOCK frblock with id (2,) set to 1.0 [0m
set laP1 3.0
[1;60mINFO: modify param_card information BLOCK higgs with id (2,) set to 3.0 [0m
set laP2 3.0
[1;60mINFO: modify param_card information BLOCK higgs with id (3,) set to 3.0 [0m
set lam3 3.0
[1;60mINFO: modify param_card information BLOCK higgs with id (1,) set to 3.0 [0m
set sinbma 1.0
[1;60mINFO: modify param_card information BLOCK frblock with id (3,) set to 1.0 [0m
set gPXd 1.0
[1;60mINFO: modify param_card information BLOCK dminputs with id (1,) set to 1.0 [0m
set Mxd 1.0
[1;60mINFO: modify param_card information BLOCK mass with id (52,) set to 1.0 [0m
set mhc 200
[1;60mINFO: modify param_card information BLOCK mass with id (37,) set to 200.0 [0m
set mh2 200
[1;60mINFO: modify param_card information BLOCK mass with id (35,) set to 200.0 [0m
set mh3 200
[1;60mINFO: modify param_card information BLOCK mass with id (36,) set to 200.0 [0m
set mh4 150
[1;60mINFO: modify param_card information BLOCK mass with id (55,) set to 150.0 [0m
set Wh1 auto
[1;60mINFO: modify param_card information BLOCK decay with id (25,) set to Auto [0m
set Wh2 auto
[1;60mINFO: modify param_card information BLOCK decay with id (35,) set to Auto [0m
set Wh3 auto
[1;60mINFO: modify param_card information BLOCK decay with id (36,) set to Auto [0m
set Whc auto
[1;60mINFO: modify param_card information BLOCK decay with id (37,) set to Auto [0m
set Wh4 auto
[1;60mINFO: modify param_card information BLOCK decay with id (55,) set to Auto [0m
Do you want to edit a card (press enter to bypass editing)?
  1 / param      : param_card.dat
  2 / run        : run_card.dat
  3 / MadLoopParams : MadLoopParams.dat
 you can also
   - enter the path to a valid card or banner.
   - use the 'set' command to modify a parameter directly.
     The set option works only for param_card and run_card.
     Type 'help set' for more information on this command.
   - call an external program (ASperGE/MadWidth/...).
     Type 'help' for the list of available command
 [[4m0[0m, done, 1, param, 2, run, 3, MadLoopParams, enter path]
[1;60mThe answer to the previous question is not set in your input file[0m
[1;60mUse 0 value[0m
Generating 20000 events with run name run_01
survey  run_01 
INFO: compile directory 
INFO: Computing the width set on auto in the param_card.dat 
INFO: Change particles name to pass to MG5 convention 
************************************************************
*                                                          *
*                     W E L C O M E to                     *
*              M A D G R A P H 5 _ a M C @ N L O           *
*                                                          *
*                                                          *
*                 *                       *                *
*                   *        * *        *                  *
*                     * * * * 5 * * * *                    *
*                   *        * *        *                  *
*                 *                       *                *
*                                                          *
*         VERSION 2.4.2                 2016-06-10         *
*                                                          *
*    The MadGraph5_aMC@NLO Development Team - Find us at   *
*    https://server06.fynu.ucl.ac.be/projects/madgraph     *
*                            and                           *
*            http://amcatnlo.web.cern.ch/amcatnlo/         *
*                                                          *
*               Type 'help' for in-line help.              *
*           Type 'tutorial' to learn how MG5 works         *
*    Type 'tutorial aMCatNLO' to learn how aMC@NLO works   *
*    Type 'tutorial MadLoop' to learn how MadLoop works    *
*                                                          *
************************************************************
load MG5 configuration from input/mg5_configuration.txt 
None does not seem to correspond to a valid fastjet-config executable (v3+). We will use fjcore instead.
 Please set the 'fastjet'variable to the full (absolute) /PATH/TO/fastjet-config (including fastjet-config).
 MG5_aMC> set fastjet /PATH/TO/fastjet-config

set lhapdf to /cvmfs/cms.cern.ch/slc6_amd64_gcc481/external/lhapdf/6.1.5-ddibom3/share/LHAPDF/../../bin/lhapdf-config
No valid eps viewer found. Please set in ./input/mg5_configuration.txt
No valid web browser found. Please set in ./input/mg5_configuration.txt
set automatic_html_opening False --no_save
compute_widths 25 35 36 37 55 --precision_channel=0.01 --body_decay=4.0025 --path=/afs/cern.ch/work/s/syu/2HDM_gridpack/genproductions/bin/MadGraph5_aMCatNLO/interactive/interactive_gridpack/work/MG5_aMC_v2_4_2/2HDMPZ2II_MH3_200_MH4_150_MH2_200_MHC_200/Cards/param_card.dat --output=/afs/cern.ch/work/s/syu/2HDM_gridpack/genproductions/bin/MadGraph5_aMCatNLO/interactive/interactive_gridpack/work/MG5_aMC_v2_4_2/2HDMPZ2II_MH3_200_MH4_150_MH2_200_MHC_200/Cards/param_card.dat
[1;34mPlease note that the automatic computation of the width is
    only valid in narrow-width approximation and at tree-level.[0m
INFO: Get two body decay from FeynRules formula 
Results written to /afs/cern.ch/work/s/syu/2HDM_gridpack/genproductions/bin/MadGraph5_aMCatNLO/interactive/interactive_gridpack/work/MG5_aMC_v2_4_2/2HDMPZ2II_MH3_200_MH4_150_MH2_200_MHC_200/Cards/param_card.dat
INFO: get decay diagram for h1 
Vertexlist of this model has not been searched.Automatically run the model.find_vertexlist()
Found 6 stable particles
INFO:     current estimated error: 0.0882010018702 go to 4-body decay: 
100 / 240: 5s
200 / 240: 8s
INFO: get decay diagram for h2 
INFO:     current estimated error: 0.0133496913496 go to 4-body decay: 
100 / 197: 4s
INFO: get decay diagram for h3 
INFO: get decay diagram for h+ 
INFO: get decay diagram for h4 
Pass to numerical integration for computing the widths:
INFO: More info in temporary files:
    /afs/cern.ch/work/s/syu/2HDM_gridpack/genproductions/bin/MadGraph5_aMCatNLO/interactive/interactive_gridpack/work/MG5_aMC_v2_4_2/tmphdK3Xw/temp_decay/index.html 
Results written to /afs/cern.ch/work/s/syu/2HDM_gridpack/genproductions/bin/MadGraph5_aMCatNLO/interactive/interactive_gridpack/work/MG5_aMC_v2_4_2/2HDMPZ2II_MH3_200_MH4_150_MH2_200_MHC_200/Cards/param_card.dat
initMadLoop -r -f
Initializing MadLoop loop-induced matrix elements (this can take some time)...
MadLoop initialization finished.
compile Source Directory
Using random number seed offset = 21
INFO: Running Survey 
Creating Jobs
Working on SubProcesses
INFO:     P0_gg_xdxdxh1  
INFO:  Idle: 28,  Running: 32,  Completed: 0 [ current time: 19h41 ] 
INFO:  Idle: 27,  Running: 32,  Completed: 1 [  34.9s  ] 
INFO:  Idle: 26,  Running: 32,  Completed: 2 [  38.3s  ] 
INFO:  Idle: 18,  Running: 32,  Completed: 10 [  41.9s  ] 
INFO:  Idle: 12,  Running: 32,  Completed: 17 [  45s  ] 
INFO:  Idle: 8,  Running: 32,  Completed: 22 [  48.2s  ] 
INFO:  Idle: 7,  Running: 32,  Completed: 25 [  54.8s  ] 
INFO:  Idle: 4,  Running: 32,  Completed: 28 [  59.4s  ] 
INFO: P0_gg_xdxdxh1/G2.5 is at 1.05e-08 +- 1.33e-09 pb. Now submitting iteration #2. 
INFO: P0_gg_xdxdxh1/G2.8 is at 7.05e-07 +- 2.69e-07 pb. Now submitting iteration #2. 
INFO:  Idle: 6,  Running: 32,  Completed: 31 [  1m 2s  ] 
INFO: P0_gg_xdxdxh1/G2.7 is at 2.86e-05 +- 2.93e-06 pb. Now submitting iteration #2. 
INFO: P0_gg_xdxdxh1/G1.7 is at 0.252 +- 0.0197 pb. Now submitting iteration #2. 
INFO:  Idle: 18,  Running: 32,  Completed: 35 [  1m 6s  ] 
INFO:  Idle: 18,  Running: 32,  Completed: 36 [  1m 10s  ] 
INFO:  Idle: 17,  Running: 32,  Completed: 37 [  1m 17s  ] 
INFO:  Idle: 14,  Running: 32,  Completed: 40 [  1m 21s  ] 
INFO:  Idle: 10,  Running: 32,  Completed: 45 [  1m 25s  ] 
INFO:  Idle: 7,  Running: 32,  Completed: 48 [  1m 28s  ] 
INFO:  Idle: 4,  Running: 32,  Completed: 51 [  1m 31s  ] 
INFO: P0_gg_xdxdxh1/G1.5 is at 0.0221 +- 0.00142 pb. Now submitting iteration #2. 
INFO:  Idle: 5,  Running: 32,  Completed: 56 [  1m 34s  ] 
INFO: P0_gg_xdxdxh1/G1.8 is at 0.0115 +- 0.0073 pb. Now submitting iteration #2. 
INFO: P0_gg_xdxdxh1/G3.5 is at 0.000526 +- 3.52e-05 pb. Now submitting iteration #2. 
INFO: P0_gg_xdxdxh1/G4.7 is at 0.0632 +- 0.00555 pb. Now submitting iteration #2. 
INFO:  Idle: 15,  Running: 32,  Completed: 62 [  1m 39s  ] 
INFO:  Idle: 12,  Running: 32,  Completed: 67 [  1m 48s  ] 
INFO:  Idle: 11,  Running: 32,  Completed: 68 [  1m 51s  ] 
INFO:  Idle: 8,  Running: 32,  Completed: 71 [  1m 58s  ] 
INFO:  Idle: 7,  Running: 32,  Completed: 72 [  2m 3s  ] 
INFO: P0_gg_xdxdxh1/G3.7 is at 0.000543 +- 4.37e-05 pb. Now submitting iteration #2. 
INFO:  Idle: 9,  Running: 32,  Completed: 76 [  2m 7s  ] 
INFO:  Idle: 6,  Running: 32,  Completed: 80 [  2m 10s  ] 
INFO: P0_gg_xdxdxh1/G4.5 is at 0.000226 +- 2.2e-05 pb. Now submitting iteration #2. 
INFO: P0_gg_xdxdxh1/G4.8 is at 0.00118 +- 0.000589 pb. Now submitting iteration #2. 
INFO: Survey finished for P0_gg_xdxdxh1/G2.5 at 9.22e-09 +- 2.68e-10 pb 
INFO: P0_gg_xdxdxh1/G3.8 is at 4.02e-05 +- 2.52e-05 pb. Now submitting iteration #2. 
INFO:  Idle: 15,  Running: 32,  Completed: 87 [  2m 13s  ] 
INFO:  Idle: 13,  Running: 32,  Completed: 89 [  2m 17s  ] 
INFO:  Idle: 9,  Running: 32,  Completed: 94 [  2m 20s  ] 
INFO: P0_gg_xdxdxh1/G2.8 is at 1.25e-06 +- 1.9e-07 pb. Now submitting iteration #3. 
INFO:  Idle: 10,  Running: 32,  Completed: 99 [  2m 24s  ] 
INFO: P0_gg_xdxdxh1/G2.7 is at 2.58e-05 +- 6.66e-07 pb. Now submitting iteration #3. 
INFO:  Idle: 11,  Running: 32,  Completed: 104 [  2m 27s  ] 
INFO: P0_gg_xdxdxh1/G1.7 is at 0.2535 +- 0.0005 pb. Now submitting iteration #3. 
INFO:  Idle: 14,  Running: 32,  Completed: 107 [  2m 32s  ] 
INFO:  Idle: 12,  Running: 32,  Completed: 109 [  2m 37s  ] 
INFO:  Idle: 11,  Running: 32,  Completed: 110 [  2m 41s  ] 
INFO: P0_gg_xdxdxh1/G1.8 is at 0.0124 +- 0.000239 pb. Now submitting iteration #3. 
INFO:  Idle: 14,  Running: 32,  Completed: 112 [  2m 50s  ] 
INFO:  Idle: 14,  Running: 32,  Completed: 113 [  2m 54s  ] 
INFO: P0_gg_xdxdxh1/G1.5 is at 0.02181 +- 7.82e-05 pb. Now submitting iteration #3. 
INFO:  Idle: 14,  Running: 32,  Completed: 118 [  2m 57s  ] 
INFO:  Idle: 13,  Running: 32,  Completed: 119 [  3m 1s  ] 
INFO: P0_gg_xdxdxh1/G3.5 is at 0.0005441 +- 4.53e-06 pb. Now submitting iteration #3. 
INFO:  Idle: 8,  Running: 32,  Completed: 131 [  3m 6s  ] 
INFO: P0_gg_xdxdxh1/G4.7 is at 0.0552 +- 0.00213 pb. Now submitting iteration #3. 
INFO:  Idle: 10,  Running: 32,  Completed: 135 [  3m 10s  ] 
INFO: P0_gg_xdxdxh1/G3.7 is at 0.0005547 +- 3.62e-06 pb. Now submitting iteration #3. 
INFO:  Idle: 13,  Running: 32,  Completed: 137 [  3m 15s  ] 
INFO: P0_gg_xdxdxh1/G4.5 is at 0.000205 +- 5.05e-06 pb. Now submitting iteration #3. 
INFO:  Idle: 15,  Running: 32,  Completed: 142 [  3m 18s  ] 
INFO:  Idle: 14,  Running: 32,  Completed: 143 [  3m 52s  ] 
INFO:  Idle: 12,  Running: 32,  Completed: 145 [  3m 57s  ] 
INFO:  Idle: 11,  Running: 32,  Completed: 146 [  4m 3s  ] 
INFO:  Idle: 10,  Running: 32,  Completed: 148 [  4m 16s  ] 
INFO:  Idle: 8,  Running: 32,  Completed: 150 [  4m 19s  ] 
INFO: P0_gg_xdxdxh1/G4.8 is at 0.0023 +- 0.000358 pb. Now submitting iteration #3. 
INFO: P0_gg_xdxdxh1/G3.8 is at 4.74e-05 +- 1.78e-06 pb. Now submitting iteration #3. 
INFO:  Idle: 12,  Running: 32,  Completed: 156 [  4m 31s  ] 
INFO: Survey finished for P0_gg_xdxdxh1/G2.8 at 1.64e-06 +- 1.09e-07 pb 
INFO:  Idle: 6,  Running: 32,  Completed: 163 [  4m 35s  ] 
INFO:  Idle: 3,  Running: 32,  Completed: 167 [  4m 40s  ] 
INFO: P0_gg_xdxdxh1/G2.7 is at 2.61e-05 +- 7e-07 pb. Now submitting iteration #4. 
INFO: P0_gg_xdxdxh1/G1.8 is at 0.0163 +- 0.000952 pb. Now submitting iteration #4. 
INFO: Survey finished for P0_gg_xdxdxh1/G1.7 at 0.2604 +- 0.00215 pb 
INFO:  Idle: 8,  Running: 32,  Completed: 173 [  4m 43s  ] 
INFO:  Idle: 6,  Running: 32,  Completed: 176 [  4m 49s  ] 
INFO:  Idle: 5,  Running: 32,  Completed: 177 [  4m 52s  ] 
INFO:  Idle: 4,  Running: 32,  Completed: 179 [  4m 58s  ] 
INFO:  Idle: 3,  Running: 32,  Completed: 180 [  5m 5s  ] 
INFO:  Idle: 2,  Running: 32,  Completed: 181 [  5m 21s  ] 
INFO:  Idle: 1,  Running: 32,  Completed: 182 [  5m 35s  ] 
INFO: Survey finished for P0_gg_xdxdxh1/G1.5 at 0.02191 +- 3.73e-05 pb 
INFO: Survey finished for P0_gg_xdxdxh1/G3.5 at 0.0005549 +- 3.52e-06 pb 
INFO:  Idle: 1,  Running: 29,  Completed: 186 [  5m 38s  ] 
INFO: Survey finished for P0_gg_xdxdxh1/G4.7 at 0.0544 +- 0.000694 pb 
INFO:  Idle: 0,  Running: 28,  Completed: 188 [  5m 43s  ] 
INFO:  Idle: 0,  Running: 27,  Completed: 189 [  5m 46s  ] 
INFO:  Idle: 0,  Running: 25,  Completed: 191 [  5m 49s  ] 
INFO: Survey finished for P0_gg_xdxdxh1/G3.7 at 0.000565 +- 3.28e-06 pb 
INFO:  Idle: 0,  Running: 24,  Completed: 193 [  5m 53s  ] 
INFO:  Idle: 0,  Running: 21,  Completed: 196 [  5m 57s  ] 
INFO:  Idle: 0,  Running: 17,  Completed: 200 [  6m 0s  ] 
INFO:  Idle: 0,  Running: 13,  Completed: 204 [  6m 4s  ] 
INFO: Survey finished for P0_gg_xdxdxh1/G4.5 at 0.0002081 +- 1.6e-06 pb 
INFO:  Idle: 0,  Running: 12,  Completed: 208 [  6m 8s  ] 
INFO: P0_gg_xdxdxh1/G4.8 is at 0.00217 +- 5.53e-05 pb. Now submitting iteration #4. 
INFO: P0_gg_xdxdxh1/G3.8 is at 3.87e-05 +- 1.71e-06 pb. Now submitting iteration #4. 
INFO:  Idle: 0,  Running: 19,  Completed: 211 [  6m 59s  ] 
INFO:  Idle: 0,  Running: 18,  Completed: 212 [  7m 10s  ] 
INFO:  Idle: 0,  Running: 16,  Completed: 214 [  7m 14s  ] 
INFO:  Idle: 0,  Running: 14,  Completed: 216 [  7m 19s  ] 
INFO:  Idle: 0,  Running: 13,  Completed: 217 [  7m 23s  ] 
INFO:  Idle: 0,  Running: 12,  Completed: 218 [  7m 28s  ] 
INFO: P0_gg_xdxdxh1/G2.7 is at 2.68e-05 +- 6.95e-07 pb. Now submitting iteration #5. 
INFO:  Idle: 2,  Running: 14,  Completed: 220 [  7m 32s  ] 
INFO: P0_gg_xdxdxh1/G1.8 is at 0.0181 +- 0.000423 pb. Now submitting iteration #5. 
INFO:  Idle: 2,  Running: 18,  Completed: 222 [  7m 35s  ] 
INFO:  Idle: 0,  Running: 19,  Completed: 223 [  7m 57s  ] 
INFO:  Idle: 0,  Running: 18,  Completed: 224 [  8m 9s  ] 
INFO:  Idle: 0,  Running: 17,  Completed: 225 [  8m 16s  ] 
INFO:  Idle: 0,  Running: 16,  Completed: 226 [  8m 25s  ] 
INFO:  Idle: 0,  Running: 15,  Completed: 227 [  8m 28s  ] 
INFO: Survey finished for P0_gg_xdxdxh1/G4.8 at 0.002113 +- 1.93e-05 pb 
INFO:  Idle: 0,  Running: 11,  Completed: 232 [  8m 32s  ] 
INFO: P0_gg_xdxdxh1/G3.8 is at 4.08e-05 +- 8.79e-07 pb. Now submitting iteration #5. 
INFO:  Idle: 0,  Running: 14,  Completed: 235 [  11m 34s  ] 
INFO:  Idle: 0,  Running: 13,  Completed: 236 [  11m 46s  ] 
INFO:  Idle: 0,  Running: 12,  Completed: 237 [  11m 51s  ] 
INFO:  Idle: 0,  Running: 11,  Completed: 238 [  11m 55s  ] 
INFO:  Idle: 0,  Running: 7,  Completed: 242 [  12m 0s  ] 
INFO:  Idle: 1,  Running: 6,  Completed: 243 [  12m 4s  ] 
INFO: Survey finished for P0_gg_xdxdxh1/G1.8 at 0.0185 +- 0.00026 pb 
INFO:  Idle: 0,  Running: 6,  Completed: 244 [  12m 8s  ] 
INFO: Survey finished for P0_gg_xdxdxh1/G2.7 at 2.73e-05 +- 5.81e-07 pb 
INFO:  Idle: 0,  Running: 4,  Completed: 247 [  12m 28s  ] 
INFO:  Idle: 0,  Running: 3,  Completed: 248 [  12m 36s  ] 
INFO:  Idle: 0,  Running: 2,  Completed: 249 [  12m 43s  ] 
INFO:  Idle: 0,  Running: 1,  Completed: 251 [  12m 53s  ] 
INFO: Survey finished for P0_gg_xdxdxh1/G3.8 at 4.126e-05 +- 3.28e-07 pb 
INFO:  Idle: 0,  Running: 0,  Completed: 252 [  12m 55s  ] 
INFO: End survey 
refine 20000
INFO: compile directory 
compile Source Directory
Creating Jobs
INFO: Refine results to 20000 
INFO: Generating 20000.0 unweigthed events. 
INFO: Effective Luminosity 64100.4388516 pb^-1 
INFO: need to improve 3 channels 
Current estimate of cross-section: 0.358811896019 +- 0.00227811561666
INFO:  Idle: 1,  Running: 32,  Completed: 0 [ current time: 19h54 ] 
INFO:  Idle: 0,  Running: 32,  Completed: 1 [  1m 8s  ] 
INFO:  Idle: 0,  Running: 31,  Completed: 2 [  1m 11s  ] 
INFO:  Idle: 1,  Running: 29,  Completed: 4 [  1m 19s  ] 
INFO: P0_gg_xdxdxh1/G4.7 is at 1544/3534 (44%) event. Resubmit 1 job at iteration 1. 
INFO:  Idle: 0,  Running: 23,  Completed: 12 [  1m 22s  ] 
INFO:  Idle: 0,  Running: 17,  Completed: 18 [  1m 26s  ] 
INFO:  Idle: 0,  Running: 10,  Completed: 25 [  1m 30s  ] 
INFO: P0_gg_xdxdxh1/G1.8 is at 566/1205 (47%) event. Resubmit 9 job at iteration 1. 
INFO:  Idle: 0,  Running: 11,  Completed: 34 [  1m 41s  ] 
INFO:  Idle: 1,  Running: 10,  Completed: 35 [  1m 59s  ] 
INFO: P0_gg_xdxdxh1/G1.7 is at 6079/16820 (36%) event. Resubmit 5 job at iteration 1. 
INFO:  Idle: 1,  Running: 14,  Completed: 37 [  2m 12s  ] 
INFO: P0_gg_xdxdxh1/G4.7 is at 2337/3542 (66%) event. Resubmit 2 job at iteration 2. 
INFO:  Idle: 0,  Running: 15,  Completed: 39 [  2m 38s  ] 
INFO:  Idle: 0,  Running: 9,  Completed: 45 [  2m 43s  ] 
INFO: P0_gg_xdxdxh1/G1.8 is at 797/1208 (66%) event. Resubmit 16 job at iteration 2. 
INFO:  Idle: 2,  Running: 21,  Completed: 48 [  2m 47s  ] 
INFO:  Idle: 0,  Running: 20,  Completed: 51 [  2m 58s  ] 
INFO:  Idle: 0,  Running: 19,  Completed: 52 [  3m 5s  ] 
INFO:  Idle: 1,  Running: 17,  Completed: 54 [  3m 10s  ] 
INFO: P0_gg_xdxdxh1/G1.7 is at 9919/16866 (59%) event. Resubmit 10 job at iteration 2. 
INFO:  Idle: 1,  Running: 26,  Completed: 56 [  3m 25s  ] 
INFO: found enough event for P0_gg_xdxdxh1/G4.7 
INFO:  Idle: 0,  Running: 25,  Completed: 58 [  3m 40s  ] 
INFO:  Idle: 0,  Running: 24,  Completed: 59 [  3m 44s  ] 
INFO:  Idle: 0,  Running: 22,  Completed: 61 [  3m 53s  ] 
INFO:  Idle: 0,  Running: 20,  Completed: 63 [  4m 3s  ] 
INFO:  Idle: 0,  Running: 19,  Completed: 64 [  4m 9s  ] 
INFO:  Idle: 0,  Running: 12,  Completed: 71 [  4m 12s  ] 
INFO:  Idle: 0,  Running: 11,  Completed: 72 [  4m 16s  ] 
INFO:  Idle: 1,  Running: 9,  Completed: 74 [  4m 19s  ] 
INFO: found enough event for P0_gg_xdxdxh1/G1.8 
INFO:  Idle: 0,  Running: 8,  Completed: 76 [  4m 25s  ] 
INFO:  Idle: 0,  Running: 7,  Completed: 77 [  4m 30s  ] 
INFO:  Idle: 0,  Running: 1,  Completed: 84 [  4m 34s  ] 
INFO: found enough event for P0_gg_xdxdxh1/G1.7 
INFO:  Idle: 0,  Running: 0,  Completed: 85 [  4m 36s  ] 
INFO: Combining runs 
INFO: finish refine 
refine 20000
Creating Jobs
INFO: Refine results to 20000 
INFO: Generating 20000.0 unweigthed events. 
INFO: Effective Luminosity 63575.2692567 pb^-1 
INFO: need to improve 0 channels 
Current estimate of cross-section: 0.361775896019 +- 0.000723188434066
INFO:  Idle: 0,  Running: 0,  Completed: 0 [ current time: 19h59 ] 
INFO: Combining runs 
INFO: finish refine 
combine_events
INFO: Combining Events 
 
 
 
  === Results Summary for run: run_01 tag: tag_1 ===

     Cumulative sequential time for this run: 3h46m51s
     Cross-section :   0.3618 +- 0.0007232 pb
     Nb of events :  20000
 
store_events
INFO: Storing parton level results 
INFO: End Parton 
reweight -from_cards
decay_events -from_cards
INFO: storring files of previous run 
INFO: Done 
quit
INFO:  
 
INFO:  
 
quit
 

 


Job finished at Thu Jul 20 19:59:46 CEST 2017 on node 
 under linux version Scientific Linux CERN SLC release 6.9 (Carbon)

CERN statistics: This process used approximately : 10:34:38 KSI2K hours (38078 KSI2K seconds)
                 This process corresponds to     : 41:15:06 HS06  hours (148506 HS06  seconds)
