@(#)CERN job starter $Date: 2010/06/23 14:22:16 $
Working directory is </pool/lsf/syu/60064368> on <b6bd7539c4.cern.ch>

Starting job on  Thu Jul 20 19:38:18 CEST 2017
Running on  Linux b6bd7539c4.cern.ch 2.6.32-573.8.1.el6.x86_64 #1 SMP Wed Nov 11 15:27:45 CET 2015 x86_64 x86_64 x86_64 GNU/Linux
System release  Scientific Linux CERN SLC release 6.9 (Carbon)
name: interactive
carddir: 
queue: local
# On branch master
# Changed but not updated:
#   (use "git add <file>..." to update what will be committed)
#   (use "git checkout -- <file>..." to discard changes in working directory)
#
#	modified:   cards/production/13TeV/monoHiggs/Zp2HDM/Zprime_A0h_A0chichi/Zprime_A0h_A0chichi_MZp2500_MA0800/Zprime_A0h_A0chichi_MZp2500_MA0800_customizecards.dat
#	modified:   cards/production/13TeV/monoHiggs/Zp2HDM/Zprime_A0h_A0chichi/Zprime_A0h_A0chichi_MZp600_MA0300/Zprime_A0h_A0chichi_MZp600_MA0300_customizecards.dat
#
# Untracked files:
#   (use "git add <file>..." to include in what will be committed)
#
#	2HDMPZ2II_MH3_1000_MH4_100_MH2_1000_MHC_1000_proc_card.dat
#	2HDMPZ2II_MH3_1000_MH4_150_MH2_1000_MHC_1000_proc_card.dat
#	2HDMPZ2II_MH3_1000_MH4_200_MH2_1000_MHC_1000_proc_card.dat
#	2HDMPZ2II_MH3_1000_MH4_250_MH2_1000_MHC_1000_proc_card.dat
#	2HDMPZ2II_MH3_1000_MH4_300_MH2_1000_MHC_1000_proc_card.dat
#	2HDMPZ2II_MH3_1000_MH4_350_MH2_1000_MHC_1000_proc_card.dat
#	2HDMPZ2II_MH3_1000_MH4_400_MH2_1000_MHC_1000_proc_card.dat
#	2HDMPZ2II_MH3_1000_MH4_450_MH2_1000_MHC_1000_proc_card.dat
#	2HDMPZ2II_MH3_1000_MH4_500_MH2_1000_MHC_1000_proc_card.dat
#	2HDMPZ2II_MH3_100_MH4_100_MH2_100_MHC_100_proc_card.dat
#	2HDMPZ2II_MH3_1100_MH4_100_MH2_1100_MHC_1100_proc_card.dat
#	2HDMPZ2II_MH3_1100_MH4_150_MH2_1100_MHC_1100_proc_card.dat
#	2HDMPZ2II_MH3_1100_MH4_200_MH2_1100_MHC_1100_proc_card.dat
#	2HDMPZ2II_MH3_1100_MH4_250_MH2_1100_MHC_1100_proc_card.dat
#	2HDMPZ2II_MH3_1100_MH4_300_MH2_1100_MHC_1100_proc_card.dat
#	2HDMPZ2II_MH3_1100_MH4_350_MH2_1100_MHC_1100_proc_card.dat
#	2HDMPZ2II_MH3_1100_MH4_400_MH2_1100_MHC_1100_proc_card.dat
#	2HDMPZ2II_MH3_1100_MH4_450_MH2_1100_MHC_1100_proc_card.dat
#	2HDMPZ2II_MH3_1100_MH4_500_MH2_1100_MHC_1100_proc_card.dat
#	2HDMPZ2II_MH3_1200_MH4_100_MH2_1200_MHC_1200_proc_card.dat
#	2HDMPZ2II_MH3_1200_MH4_150_MH2_1200_MHC_1200_proc_card.dat
#	2HDMPZ2II_MH3_1200_MH4_200_MH2_1200_MHC_1200_proc_card.dat
#	2HDMPZ2II_MH3_1200_MH4_250_MH2_1200_MHC_1200_proc_card.dat
#	2HDMPZ2II_MH3_1200_MH4_300_MH2_1200_MHC_1200_proc_card.dat
#	2HDMPZ2II_MH3_1200_MH4_350_MH2_1200_MHC_1200_proc_card.dat
#	2HDMPZ2II_MH3_1200_MH4_400_MH2_1200_MHC_1200_proc_card.dat
#	2HDMPZ2II_MH3_1200_MH4_450_MH2_1200_MHC_1200_proc_card.dat
#	2HDMPZ2II_MH3_1200_MH4_500_MH2_1200_MHC_1200_proc_card.dat
#	2HDMPZ2II_MH3_1300_MH4_100_MH2_1300_MHC_1300_proc_card.dat
#	2HDMPZ2II_MH3_1300_MH4_150_MH2_1300_MHC_1300_proc_card.dat
#	2HDMPZ2II_MH3_1300_MH4_200_MH2_1300_MHC_1300_proc_card.dat
#	2HDMPZ2II_MH3_1300_MH4_250_MH2_1300_MHC_1300_proc_card.dat
#	2HDMPZ2II_MH3_1300_MH4_300_MH2_1300_MHC_1300_proc_card.dat
#	2HDMPZ2II_MH3_1300_MH4_350_MH2_1300_MHC_1300_proc_card.dat
#	2HDMPZ2II_MH3_1300_MH4_400_MH2_1300_MHC_1300_proc_card.dat
#	2HDMPZ2II_MH3_1300_MH4_450_MH2_1300_MHC_1300_proc_card.dat
#	2HDMPZ2II_MH3_1300_MH4_500_MH2_1300_MHC_1300_proc_card.dat
#	2HDMPZ2II_MH3_1400_MH4_100_MH2_1400_MHC_1400_proc_card.dat
#	2HDMPZ2II_MH3_1400_MH4_150_MH2_1400_MHC_1400_proc_card.dat
#	2HDMPZ2II_MH3_1400_MH4_200_MH2_1400_MHC_1400_proc_card.dat
#	2HDMPZ2II_MH3_1400_MH4_250_MH2_1400_MHC_1400_proc_card.dat
#	2HDMPZ2II_MH3_1400_MH4_300_MH2_1400_MHC_1400_proc_card.dat
#	2HDMPZ2II_MH3_1400_MH4_350_MH2_1400_MHC_1400_proc_card.dat
#	2HDMPZ2II_MH3_1400_MH4_400_MH2_1400_MHC_1400_proc_card.dat
#	2HDMPZ2II_MH3_1400_MH4_450_MH2_1400_MHC_1400_proc_card.dat
#	2HDMPZ2II_MH3_1400_MH4_500_MH2_1400_MHC_1400_proc_card.dat
#	2HDMPZ2II_MH3_1500_MH4_100_MH2_1500_MHC_1500_proc_card.dat
#	2HDMPZ2II_MH3_1500_MH4_150_MH2_1500_MHC_1500_proc_card.dat
#	2HDMPZ2II_MH3_1500_MH4_200_MH2_1500_MHC_1500_proc_card.dat
#	2HDMPZ2II_MH3_1500_MH4_250_MH2_1500_MHC_1500_proc_card.dat
#	2HDMPZ2II_MH3_1500_MH4_300_MH2_1500_MHC_1500_proc_card.dat
#	2HDMPZ2II_MH3_1500_MH4_350_MH2_1500_MHC_1500_proc_card.dat
#	2HDMPZ2II_MH3_1500_MH4_400_MH2_1500_MHC_1500_proc_card.dat
#	2HDMPZ2II_MH3_1500_MH4_450_MH2_1500_MHC_1500_proc_card.dat
#	2HDMPZ2II_MH3_1500_MH4_500_MH2_1500_MHC_1500_proc_card.dat
#	2HDMPZ2II_MH3_1600_MH4_100_MH2_1600_MHC_1600_proc_card.dat
#	2HDMPZ2II_MH3_1600_MH4_150_MH2_1600_MHC_1600_proc_card.dat
#	2HDMPZ2II_MH3_1600_MH4_200_MH2_1600_MHC_1600_proc_card.dat
#	2HDMPZ2II_MH3_1600_MH4_250_MH2_1600_MHC_1600_proc_card.dat
#	2HDMPZ2II_MH3_1600_MH4_300_MH2_1600_MHC_1600_proc_card.dat
#	2HDMPZ2II_MH3_1600_MH4_350_MH2_1600_MHC_1600_proc_card.dat
#	2HDMPZ2II_MH3_1600_MH4_400_MH2_1600_MHC_1600_proc_card.dat
#	2HDMPZ2II_MH3_1600_MH4_450_MH2_1600_MHC_1600_proc_card.dat
#	2HDMPZ2II_MH3_1600_MH4_500_MH2_1600_MHC_1600_proc_card.dat
#	2HDMPZ2II_MH3_200_MH4_100_MH2_200_MHC_200_proc_card.dat
#	2HDMPZ2II_MH3_200_MH4_150_MH2_200_MHC_200_proc_card.dat
#	2HDMPZ2II_MH3_200_MH4_200_MH2_200_MHC_200_proc_card.dat
#	2HDMPZ2II_MH3_300_MH4_100_MH2_300_MHC_300_proc_card.dat
#	2HDMPZ2II_MH3_300_MH4_150_MH2_300_MHC_300_proc_card.dat
#	2HDMPZ2II_MH3_300_MH4_200_MH2_300_MHC_300_proc_card.dat
#	2HDMPZ2II_MH3_300_MH4_250_MH2_300_MHC_300_proc_card.dat
#	2HDMPZ2II_MH3_300_MH4_300_MH2_300_MHC_300_proc_card.dat
#	2HDMPZ2II_MH3_400_MH4_100_MH2_400_MHC_400_proc_card.dat
#	2HDMPZ2II_MH3_400_MH4_150_MH2_400_MHC_400_proc_card.dat
#	2HDMPZ2II_MH3_400_MH4_200_MH2_400_MHC_400_proc_card.dat
#	2HDMPZ2II_MH3_400_MH4_250_MH2_400_MHC_400_proc_card.dat
#	2HDMPZ2II_MH3_400_MH4_300_MH2_400_MHC_400_proc_card.dat
#	2HDMPZ2II_MH3_400_MH4_350_MH2_400_MHC_400_proc_card.dat
#	2HDMPZ2II_MH3_400_MH4_400_MH2_400_MHC_400_proc_card.dat
#	2HDMPZ2II_MH3_500_MH4_100_MH2_500_MHC_500_proc_card.dat
#	2HDMPZ2II_MH3_500_MH4_150_MH2_500_MHC_500_proc_card.dat
#	2HDMPZ2II_MH3_500_MH4_200_MH2_500_MHC_500_proc_card.dat
#	2HDMPZ2II_MH3_500_MH4_250_MH2_500_MHC_500_proc_card.dat
#	2HDMPZ2II_MH3_500_MH4_300_MH2_500_MHC_500_proc_card.dat
#	2HDMPZ2II_MH3_500_MH4_350_MH2_500_MHC_500_proc_card.dat
#	2HDMPZ2II_MH3_500_MH4_400_MH2_500_MHC_500_proc_card.dat
#	2HDMPZ2II_MH3_500_MH4_450_MH2_500_MHC_500_proc_card.dat
#	2HDMPZ2II_MH3_500_MH4_500_MH2_500_MHC_500_proc_card.dat
#	2HDMPZ2II_MH3_600_MH4_100_MH2_600_MHC_600_proc_card.dat
#	2HDMPZ2II_MH3_600_MH4_150_MH2_600_MHC_600_proc_card.dat
#	2HDMPZ2II_MH3_600_MH4_200_MH2_600_MHC_600_proc_card.dat
#	2HDMPZ2II_MH3_600_MH4_250_MH2_600_MHC_600_proc_card.dat
#	2HDMPZ2II_MH3_600_MH4_300_MH2_600_MHC_600_proc_card.dat
#	2HDMPZ2II_MH3_600_MH4_350_MH2_600_MHC_600_proc_card.dat
#	2HDMPZ2II_MH3_600_MH4_400_MH2_600_MHC_600_proc_card.dat
#	2HDMPZ2II_MH3_600_MH4_450_MH2_600_MHC_600_proc_card.dat
#	2HDMPZ2II_MH3_600_MH4_500_MH2_600_MHC_600_proc_card.dat
#	2HDMPZ2II_MH3_700_MH4_100_MH2_700_MHC_700_proc_card.dat
#	2HDMPZ2II_MH3_700_MH4_150_MH2_700_MHC_700_proc_card.dat
#	2HDMPZ2II_MH3_700_MH4_200_MH2_700_MHC_700_proc_card.dat
#	2HDMPZ2II_MH3_700_MH4_250_MH2_700_MHC_700_proc_card.dat
#	2HDMPZ2II_MH3_700_MH4_300_MH2_700_MHC_700_proc_card.dat
#	2HDMPZ2II_MH3_700_MH4_350_MH2_700_MHC_700_proc_card.dat
#	2HDMPZ2II_MH3_700_MH4_400_MH2_700_MHC_700_proc_card.dat
#	2HDMPZ2II_MH3_700_MH4_450_MH2_700_MHC_700_proc_card.dat
#	2HDMPZ2II_MH3_700_MH4_500_MH2_700_MHC_700_proc_card.dat
#	2HDMPZ2II_MH3_800_MH4_100_MH2_800_MHC_800_proc_card.dat
#	2HDMPZ2II_MH3_800_MH4_150_MH2_800_MHC_800_proc_card.dat
#	2HDMPZ2II_MH3_800_MH4_200_MH2_800_MHC_800_proc_card.dat
#	2HDMPZ2II_MH3_800_MH4_250_MH2_800_MHC_800_proc_card.dat
#	2HDMPZ2II_MH3_800_MH4_300_MH2_800_MHC_800_proc_card.dat
#	2HDMPZ2II_MH3_800_MH4_350_MH2_800_MHC_800_proc_card.dat
#	2HDMPZ2II_MH3_800_MH4_400_MH2_800_MHC_800_proc_card.dat
#	2HDMPZ2II_MH3_800_MH4_450_MH2_800_MHC_800_proc_card.dat
#	2HDMPZ2II_MH3_800_MH4_500_MH2_800_MHC_800_proc_card.dat
#	2HDMPZ2II_MH3_900_MH4_100_MH2_900_MHC_900_proc_card.dat
#	2HDMPZ2II_MH3_900_MH4_150_MH2_900_MHC_900_proc_card.dat
#	2HDMPZ2II_MH3_900_MH4_200_MH2_900_MHC_900_proc_card.dat
#	2HDMPZ2II_MH3_900_MH4_250_MH2_900_MHC_900_proc_card.dat
#	2HDMPZ2II_MH3_900_MH4_300_MH2_900_MHC_900_proc_card.dat
#	2HDMPZ2II_MH3_900_MH4_350_MH2_900_MHC_900_proc_card.dat
#	2HDMPZ2II_MH3_900_MH4_400_MH2_900_MHC_900_proc_card.dat
#	2HDMPZ2II_MH3_900_MH4_450_MH2_900_MHC_900_proc_card.dat
#	2HDMPZ2II_MH3_900_MH4_500_MH2_900_MHC_900_proc_card.dat
#	2HDMPZ2II_proc_card.dat
#	2HDM_MZp1000_MA0300_MDM100_proc_card.dat
#	2HDM_MZp4000_MA0300_MDM100_proc_card.dat
#	2HDM_proc_card.dat
#	ATLAS_mass
#	LSFJOB_60064156/
#	LSFJOB_60064170/
#	LSFJOB_60064177/
#	LSFJOB_60064192/
#	LSFJOB_60064267/
#	LSFJOB_60064361/
#	LSFJOB_60064396/
#	LSFJOB_60064398/
#	LSFJOB_60064405/
#	Log057
#	Zprime_A0h_A0chichi_MZp600_MA0300.log
#	Zprime_A0h_A0chichi_MZp600_MA0300/
#	Zprime_A0h_A0chichi_MZp600_MA0300_tarball.tar.xz
#	a0width
#	cards/production/13TeV/monoHiggs/Zp2HDM/Zprime_A0h_A0chichi/Zprime_A0h_A0chichi_MZp1000_MA0300/Zprime_A0h_A0chichi_MZp1000_MA0300_extramodels.dat
#	cards/production/13TeV/monoHiggs/Zp2HDM/Zprime_A0h_A0chichi/Zprime_A0h_A0chichi_MZp1000_MA0500/Zprime_A0h_A0chichi_MZp1000_MA0500_extramodels.dat
#	cards/production/13TeV/monoHiggs/Zp2HDM/Zprime_A0h_A0chichi/Zprime_A0h_A0chichi_MZp1000_MA0800/Zprime_A0h_A0chichi_MZp1000_MA0800_extramodels.dat
#	cards/production/13TeV/monoHiggs/Zp2HDM/Zprime_A0h_A0chichi/Zprime_A0h_A0chichi_MZp1200_MA0500/Zprime_A0h_A0chichi_MZp1200_MA0500_extramodels.dat
#	cards/production/13TeV/monoHiggs/Zp2HDM/Zprime_A0h_A0chichi/Zprime_A0h_A0chichi_MZp1200_MA0800/Zprime_A0h_A0chichi_MZp1200_MA0800_extramodels.dat
#	cards/production/13TeV/monoHiggs/Zp2HDM/Zprime_A0h_A0chichi/Zprime_A0h_A0chichi_MZp1400_MA0500/Zprime_A0h_A0chichi_MZp1400_MA0500_extramodels.dat
#	cards/production/13TeV/monoHiggs/Zp2HDM/Zprime_A0h_A0chichi/Zprime_A0h_A0chichi_MZp1400_MA0800/Zprime_A0h_A0chichi_MZp1400_MA0800_extramodels.dat
#	cards/production/13TeV/monoHiggs/Zp2HDM/Zprime_A0h_A0chichi/Zprime_A0h_A0chichi_MZp1700_MA0500/Zprime_A0h_A0chichi_MZp1700_MA0500_extramodels.dat
#	cards/production/13TeV/monoHiggs/Zp2HDM/Zprime_A0h_A0chichi/Zprime_A0h_A0chichi_MZp1700_MA0800/Zprime_A0h_A0chichi_MZp1700_MA0800_extramodels.dat
#	cards/production/13TeV/monoHiggs/Zp2HDM/Zprime_A0h_A0chichi/Zprime_A0h_A0chichi_MZp2000_MA0500/Zprime_A0h_A0chichi_MZp2000_MA0500_extramodels.dat
#	cards/production/13TeV/monoHiggs/Zp2HDM/Zprime_A0h_A0chichi/Zprime_A0h_A0chichi_MZp2000_MA0800/Zprime_A0h_A0chichi_MZp2000_MA0800_extramodels.dat
#	cards/production/13TeV/monoHiggs/Zp2HDM/Zprime_A0h_A0chichi/Zprime_A0h_A0chichi_MZp2500_MA0300/Zprime_A0h_A0chichi_MZp2500_MA0300_extramodels.dat
#	cards/production/13TeV/monoHiggs/Zp2HDM/Zprime_A0h_A0chichi/Zprime_A0h_A0chichi_MZp2500_MA0500/Zprime_A0h_A0chichi_MZp2500_MA0500_extramodels.dat
#	cards/production/13TeV/monoHiggs/Zp2HDM/Zprime_A0h_A0chichi/Zprime_A0h_A0chichi_MZp2500_MA0800/Zprime_A0h_A0chichi_MZp2500_MA0800_extramodels.dat
#	cards/production/13TeV/monoHiggs/Zp2HDM/Zprime_A0h_A0chichi/Zprime_A0h_A0chichi_MZp2750_MA0300/
#	cards/production/13TeV/monoHiggs/Zp2HDM/Zprime_A0h_A0chichi/Zprime_A0h_A0chichi_MZp2750_MA0500/
#	cards/production/13TeV/monoHiggs/Zp2HDM/Zprime_A0h_A0chichi/Zprime_A0h_A0chichi_MZp2750_MA0800/
#	cards/production/13TeV/monoHiggs/Zp2HDM/Zprime_A0h_A0chichi/Zprime_A0h_A0chichi_MZp3000_MA0300/
#	cards/production/13TeV/monoHiggs/Zp2HDM/Zprime_A0h_A0chichi/Zprime_A0h_A0chichi_MZp3000_MA0500/
#	cards/production/13TeV/monoHiggs/Zp2HDM/Zprime_A0h_A0chichi/Zprime_A0h_A0chichi_MZp3000_MA0800/
#	cards/production/13TeV/monoHiggs/Zp2HDM/Zprime_A0h_A0chichi/Zprime_A0h_A0chichi_MZp3500_MA0300/
#	cards/production/13TeV/monoHiggs/Zp2HDM/Zprime_A0h_A0chichi/Zprime_A0h_A0chichi_MZp3500_MA0500/
#	cards/production/13TeV/monoHiggs/Zp2HDM/Zprime_A0h_A0chichi/Zprime_A0h_A0chichi_MZp3500_MA0800/
#	cards/production/13TeV/monoHiggs/Zp2HDM/Zprime_A0h_A0chichi/Zprime_A0h_A0chichi_MZp4000_MA0300/
#	cards/production/13TeV/monoHiggs/Zp2HDM/Zprime_A0h_A0chichi/Zprime_A0h_A0chichi_MZp4000_MA0500/
#	cards/production/13TeV/monoHiggs/Zp2HDM/Zprime_A0h_A0chichi/Zprime_A0h_A0chichi_MZp4000_MA0800/
#	cards/production/13TeV/monoHiggs/Zp2HDM/Zprime_A0h_A0chichi/Zprime_A0h_A0chichi_MZp600_MA0300/Zprime_A0h_A0chichi_MZp600_MA0300_extramodels.dat
#	cards/production/13TeV/monoHiggs/Zp2HDM/Zprime_A0h_A0chichi/Zprime_A0h_A0chichi_MZp800_MA0500/Zprime_A0h_A0chichi_MZp800_MA0500_extramodels.dat
#	cards/production/13TeV/monoHiggs/Zp2HDM/Zprime_A0h_A0chichi/mass
#	cards/production/13TeV/monoHiggs/Zp2HDM/Zprime_A0h_A0chichi/old_Zprime_A0h_A0chichi_MZp3000_MA0300/
#	cards/testATLAS/
#	cards/testATLAS_customizecards.dat
#	interactive/
#	launch_2HDM.sh
#	launch_2HDMPZ2II.sh
#	log069.log
#	mass
#	runLaunch.sh
#	temp/
#	testATLAS.log
#	testATLAS/
#	width
#	xs_launch_2HDMPZ2II.sh
#	zpwidth
no changes added to commit (use "git add" and/or "git commit -a")
Current git revision is:
0a3bda3e567d269a20762d24dd6e701e5ee0ece0
diff --git a/bin/MadGraph5_aMCatNLO/cards/production/13TeV/monoHiggs/Zp2HDM/Zprime_A0h_A0chichi/Zprime_A0h_A0chichi_MZp2500_MA0800/Zprime_A0h_A0chichi_MZp2500_MA0800_customizecards.dat b/bin/MadGraph5_aMCatNLO/cards/production/13TeV/monoHiggs/Zp2HDM/Zprime_A0h_A0chichi/Zprime_A0h_A0chichi_MZp2500_MA0800/Zprime_A0h_A0chichi_MZp2500_MA0800_customizecards.dat
index 4580452..4ce9c64 100644
--- a/bin/MadGraph5_aMCatNLO/cards/production/13TeV/monoHiggs/Zp2HDM/Zprime_A0h_A0chichi/Zprime_A0h_A0chichi_MZp2500_MA0800/Zprime_A0h_A0chichi_MZp2500_MA0800_customizecards.dat
+++ b/bin/MadGraph5_aMCatNLO/cards/production/13TeV/monoHiggs/Zp2HDM/Zprime_A0h_A0chichi/Zprime_A0h_A0chichi_MZp2500_MA0800/Zprime_A0h_A0chichi_MZp2500_MA0800_customizecards.dat
@@ -4,5 +4,5 @@ set param_card mass 27 800
 set param_card mass 28 800
 set param_card ZpINPUTS 1 1
 set param_card ZpINPUTS 2 0.8
-set param_card DECAY 32 51.33163
-set param_card DECAY 28 75.5153
+set param_card DECAY 32 5.141429e+01
+set param_card DECAY 28 7.330065e+01
diff --git a/bin/MadGraph5_aMCatNLO/cards/production/13TeV/monoHiggs/Zp2HDM/Zprime_A0h_A0chichi/Zprime_A0h_A0chichi_MZp600_MA0300/Zprime_A0h_A0chichi_MZp600_MA0300_customizecards.dat b/bin/MadGraph5_aMCatNLO/cards/production/13TeV/monoHiggs/Zp2HDM/Zprime_A0h_A0chichi/Zprime_A0h_A0chichi_MZp600_MA0300/Zprime_A0h_A0chichi_MZp600_MA0300_customizecards.dat
index cb192f2..9b18abd 100644
--- a/bin/MadGraph5_aMCatNLO/cards/production/13TeV/monoHiggs/Zp2HDM/Zprime_A0h_A0chichi/Zprime_A0h_A0chichi_MZp600_MA0300/Zprime_A0h_A0chichi_MZp600_MA0300_customizecards.dat
+++ b/bin/MadGraph5_aMCatNLO/cards/production/13TeV/monoHiggs/Zp2HDM/Zprime_A0h_A0chichi/Zprime_A0h_A0chichi_MZp600_MA0300/Zprime_A0h_A0chichi_MZp600_MA0300_customizecards.dat
@@ -4,5 +4,5 @@ set param_card mass 27 300
 set param_card mass 28 300
 set param_card ZpINPUTS 1 1
 set param_card ZpINPUTS 2 0.8
-set param_card DECAY 32 11.22981
-set param_card DECAY 28 8.95228
+set param_card DECAY 32 AUTO
+set param_card DECAY 28 AUTO
/afs/cern.ch/work/s/syu/2HDM_gridpack/genproductions/bin/MadGraph5_aMCatNLO
Reusing existing directory assuming generated code already exists
WARNING: If you changed the process card you need to clean the folder and run from scratch
************************************************************
*                                                          *
*                     W E L C O M E to                     *
*              M A D G R A P H 5 _ a M C @ N L O           *
*                                                          *
*                                                          *
*                 *                       *                *
*                   *        * *        *                  *
*                     * * * * 5 * * * *                    *
*                   *        * *        *                  *
*                 *                       *                *
*                                                          *
*         VERSION 2.4.2                 2016-06-10         *
*                                                          *
*    The MadGraph5_aMC@NLO Development Team - Find us at   *
*    https://server06.fynu.ucl.ac.be/projects/madgraph     *
*                            and                           *
*            http://amcatnlo.web.cern.ch/amcatnlo/         *
*                                                          *
*               Type 'help' for in-line help.              *
*           Type 'tutorial' to learn how MG5 works         *
*    Type 'tutorial aMCatNLO' to learn how aMC@NLO works   *
*    Type 'tutorial MadLoop' to learn how MadLoop works    *
*                                                          *
************************************************************
load MG5 configuration from input/mg5_configuration.txt 
None does not seem to correspond to a valid fastjet-config executable (v3+). We will use fjcore instead.
 Please set the 'fastjet'variable to the full (absolute) /PATH/TO/fastjet-config (including fastjet-config).
 MG5_aMC> set fastjet /PATH/TO/fastjet-config

set lhapdf to /cvmfs/cms.cern.ch/slc6_amd64_gcc481/external/lhapdf/6.1.5-ddibom3/share/LHAPDF/../../bin/lhapdf-config
No valid eps viewer found. Please set in ./input/mg5_configuration.txt
No valid web browser found. Please set in ./input/mg5_configuration.txt
import /afs/cern.ch/work/s/syu/2HDM_gridpack/genproductions/bin/MadGraph5_aMCatNLO/2HDMPZ2II_MH3_1400_MH4_250_MH2_1400_MHC_1400_proc_card.dat
The import format was not given, so we guess it as command
import model 2HDMPZ2II
INFO: Change particles name to pass to MG5 convention 
Defined multiparticle p = g u c d s u~ c~ d~ s~
Defined multiparticle j = g u c d s u~ c~ d~ s~
Defined multiparticle l+ = e+ mu+
Defined multiparticle l- = e- mu-
Defined multiparticle vl = ve vm vt
Defined multiparticle vl~ = ve~ vm~ vt~
Defined multiparticle all = g ghg ghg~ u c d s u~ c~ d~ s~ a gha gha~ ve vm vt e- mu- ve~ vm~ vt~ e+ mu+ t b t~ b~ z w+ ghz ghwp ghwm h+ h1 h2 h3 h4 w- ghz~ ghwp~ ghwm~ h- ta- xd ta+ xd~
generate p p > xd xd~ h1 / z [QCD]
[1;60m------------------------------------------------------------------------[0m
[1;60m No Born diagrams found. Now switching to the loop-induced mode.        [0m
[1;60m Please cite ref. 'arXiv:1507.00020' when using results from this mode. [0m
[1;60m------------------------------------------------------------------------[0m
[1;34mWARNING: Some loop diagrams contributing to this process are discarded because they are not pure (QCD)-perturbation.
Make sure you did not want to include them. [0m
[1;34mWARNING: Some loop diagrams contributing to this process are discarded because they are not pure (QCD)-perturbation.
Make sure you did not want to include them. [0m
[1;34mWARNING: Some loop diagrams contributing to this process are discarded because they are not pure (QCD)-perturbation.
Make sure you did not want to include them. [0m
[1;34mWARNING: Some loop diagrams contributing to this process are discarded because they are not pure (QCD)-perturbation.
Make sure you did not want to include them. [0m
1 processes with 80 diagrams generated in 20.011 s
Total: 1 processes with 80 diagrams
output 2HDMPZ2II_MH3_1400_MH4_250_MH2_1400_MHC_1400 -nojpeg
INFO: initialize a new directory: 2HDMPZ2II_MH3_1400_MH4_250_MH2_1400_MHC_1400 
INFO: remove old information in 2HDMPZ2II_MH3_1400_MH4_250_MH2_1400_MHC_1400 
INFO: Organizing processes into subprocess groups 
INFO: Generating Helas calls for process: g g > xd xd~ h1 WEIGHTED<=12 [ noborn = QCD ] / z 
INFO: Processing color information for loop process: g g > xd xd~ h1 [ noborn = QCD ] / z 
INFO: Creating color matrix  loop process: g g > xd xd~ h1 WEIGHTED<=12 [ noborn = QCD ] / z 
INFO: Creating files in directory /afs/cern.ch/work/s/syu/2HDM_gridpack/genproductions/bin/MadGraph5_aMCatNLO/interactive/interactive_gridpack/work/MG5_aMC_v2_4_2/2HDMPZ2II_MH3_1400_MH4_250_MH2_1400_MHC_1400/SubProcesses/PV0_0_1_gg_xdxdxh1_no_z 
ALOHA: aloha creates FFV1 set of routines with options: L1
ALOHA: aloha creates FFS3 set of routines with options: L1
INFO: Computing diagram color coefficients 
INFO: Drawing loop Feynman diagrams for Process: g g > xd xd~ h1 WEIGHTED<=12 [ noborn = QCD ] / z 
INFO: Creating files in directory P0_gg_xdxdxh1 
INFO: Generating Feynman diagrams for Process: g g > xd xd~ h1 WEIGHTED<=12 [ noborn = QCD ] / z 
INFO: Finding symmetric diagrams for subprocess group gg_xdxdxh1 
History written to /afs/cern.ch/work/s/syu/2HDM_gridpack/genproductions/bin/MadGraph5_aMCatNLO/interactive/interactive_gridpack/work/MG5_aMC_v2_4_2/2HDMPZ2II_MH3_1400_MH4_250_MH2_1400_MHC_1400/Cards/proc_card_mg5.dat
Generated helas calls for 1 subprocesses (80 diagrams) in 1.441 s
Export UFO model to MG4 format
ALOHA: aloha creates FFS1 routines
ALOHA: aloha creates FFS3 set of routines with options: L2
ALOHA: aloha creates SSS1 routines
ALOHA: aloha creates FFS3_5 set of routines with options: L2
save configuration file to /afs/cern.ch/work/s/syu/2HDM_gridpack/genproductions/bin/MadGraph5_aMCatNLO/interactive/interactive_gridpack/work/MG5_aMC_v2_4_2/2HDMPZ2II_MH3_1400_MH4_250_MH2_1400_MHC_1400/Cards/me5_configuration.txt
INFO: Use Fortran compiler gfortran 
INFO: Use c++ compiler g++ 
INFO: Generate web pages 
Output to directory /afs/cern.ch/work/s/syu/2HDM_gridpack/genproductions/bin/MadGraph5_aMCatNLO/interactive/interactive_gridpack/work/MG5_aMC_v2_4_2/2HDMPZ2II_MH3_1400_MH4_250_MH2_1400_MHC_1400 done.
Type "launch" to generate events from this process, or see
/afs/cern.ch/work/s/syu/2HDM_gridpack/genproductions/bin/MadGraph5_aMCatNLO/interactive/interactive_gridpack/work/MG5_aMC_v2_4_2/2HDMPZ2II_MH3_1400_MH4_250_MH2_1400_MHC_1400/README
Run "open index.html" to see more information about this process.
launch 2HDMPZ2II_MH3_1400_MH4_250_MH2_1400_MHC_1400
************************************************************
*                                                          *
*                      W E L C O M E to                    *
*             M A D G R A P H 5 _ a M C @ N L O            *
*                      M A D E V E N T                     *
*                                                          *
*                 *                       *                *
*                   *        * *        *                  *
*                     * * * * 5 * * * *                    *
*                   *        * *        *                  *
*                 *                       *                *
*                                                          *
*         VERSION 2.4.2                 2016-06-10         *
*                                                          *
*    The MadGraph5_aMC@NLO Development Team - Find us at   *
*    https://server06.fynu.ucl.ac.be/projects/madgraph     *
*                                                          *
*               Type 'help' for in-line help.              *
*                                                          *
************************************************************
INFO: load configuration from /afs/cern.ch/work/s/syu/2HDM_gridpack/genproductions/bin/MadGraph5_aMCatNLO/interactive/interactive_gridpack/work/MG5_aMC_v2_4_2/2HDMPZ2II_MH3_1400_MH4_250_MH2_1400_MHC_1400/Cards/me5_configuration.txt  
INFO: load configuration from /afs/cern.ch/work/s/syu/2HDM_gridpack/genproductions/bin/MadGraph5_aMCatNLO/interactive/interactive_gridpack/work/MG5_aMC_v2_4_2/input/mg5_configuration.txt  
INFO: load configuration from /afs/cern.ch/work/s/syu/2HDM_gridpack/genproductions/bin/MadGraph5_aMCatNLO/interactive/interactive_gridpack/work/MG5_aMC_v2_4_2/2HDMPZ2II_MH3_1400_MH4_250_MH2_1400_MHC_1400/Cards/me5_configuration.txt  
No valid eps viewer found. Please set in ./input/mg5_configuration.txt
No valid web browser found. Please set in ./input/mg5_configuration.txt
generate_events run_01
The following switches determine which programs are run:
 1 Run the pythia shower/hadronization:                              pythia=NOT INSTALLED
 2 Run PGS as detector simulator:                                       pgs=NOT INSTALLED
 3 Run Delphes as detector simulator:                               delphes=NOT INSTALLED
 4 Decay particles with the MadSpin module:                         madspin=OFF
 5 Add weights to the events based on changing model parameters:   reweight=OFF
  Either type the switch number (1 to 5) to change its default setting,
  or set any switch explicitly (e.g. type 'madspin=ON' at the prompt)
  Type '0', 'auto', 'done' or just press enter when you are done.
 [[4m0[0m, 4, 5, auto, done, madspin=ON, madspin=OFF, madspin, reweight=ON, ... ]
[1;34mThe answer to the previous question is not set in your input file[0m
[1;34mUse 0 value[0m
set sinp 0.35
[1;60mINFO: modify param_card information BLOCK higgs with id (5,) set to 0.35 [0m
set tanbeta 1
[1;60mINFO: modify param_card information BLOCK frblock with id (2,) set to 1.0 [0m
set laP1 3.0
[1;60mINFO: modify param_card information BLOCK higgs with id (2,) set to 3.0 [0m
set laP2 3.0
[1;60mINFO: modify param_card information BLOCK higgs with id (3,) set to 3.0 [0m
set lam3 3.0
[1;60mINFO: modify param_card information BLOCK higgs with id (1,) set to 3.0 [0m
set sinbma 1.0
[1;60mINFO: modify param_card information BLOCK frblock with id (3,) set to 1.0 [0m
set gPXd 1.0
[1;60mINFO: modify param_card information BLOCK dminputs with id (1,) set to 1.0 [0m
set Mxd 1.0
[1;60mINFO: modify param_card information BLOCK mass with id (52,) set to 1.0 [0m
set mhc 1400
[1;60mINFO: modify param_card information BLOCK mass with id (37,) set to 1400.0 [0m
set mh2 1400
[1;60mINFO: modify param_card information BLOCK mass with id (35,) set to 1400.0 [0m
set mh3 1400
[1;60mINFO: modify param_card information BLOCK mass with id (36,) set to 1400.0 [0m
set mh4 250
[1;60mINFO: modify param_card information BLOCK mass with id (55,) set to 250.0 [0m
set Wh1 auto
[1;60mINFO: modify param_card information BLOCK decay with id (25,) set to Auto [0m
set Wh2 auto
[1;60mINFO: modify param_card information BLOCK decay with id (35,) set to Auto [0m
set Wh3 auto
[1;60mINFO: modify param_card information BLOCK decay with id (36,) set to Auto [0m
set Whc auto
[1;60mINFO: modify param_card information BLOCK decay with id (37,) set to Auto [0m
set Wh4 auto
[1;60mINFO: modify param_card information BLOCK decay with id (55,) set to Auto [0m
Do you want to edit a card (press enter to bypass editing)?
  1 / param      : param_card.dat
  2 / run        : run_card.dat
  3 / MadLoopParams : MadLoopParams.dat
 you can also
   - enter the path to a valid card or banner.
   - use the 'set' command to modify a parameter directly.
     The set option works only for param_card and run_card.
     Type 'help set' for more information on this command.
   - call an external program (ASperGE/MadWidth/...).
     Type 'help' for the list of available command
 [[4m0[0m, done, 1, param, 2, run, 3, MadLoopParams, enter path]
[1;60mThe answer to the previous question is not set in your input file[0m
[1;60mUse 0 value[0m
Generating 20000 events with run name run_01
survey  run_01 
INFO: compile directory 
INFO: Computing the width set on auto in the param_card.dat 
INFO: Change particles name to pass to MG5 convention 
************************************************************
*                                                          *
*                     W E L C O M E to                     *
*              M A D G R A P H 5 _ a M C @ N L O           *
*                                                          *
*                                                          *
*                 *                       *                *
*                   *        * *        *                  *
*                     * * * * 5 * * * *                    *
*                   *        * *        *                  *
*                 *                       *                *
*                                                          *
*         VERSION 2.4.2                 2016-06-10         *
*                                                          *
*    The MadGraph5_aMC@NLO Development Team - Find us at   *
*    https://server06.fynu.ucl.ac.be/projects/madgraph     *
*                            and                           *
*            http://amcatnlo.web.cern.ch/amcatnlo/         *
*                                                          *
*               Type 'help' for in-line help.              *
*           Type 'tutorial' to learn how MG5 works         *
*    Type 'tutorial aMCatNLO' to learn how aMC@NLO works   *
*    Type 'tutorial MadLoop' to learn how MadLoop works    *
*                                                          *
************************************************************
load MG5 configuration from input/mg5_configuration.txt 
None does not seem to correspond to a valid fastjet-config executable (v3+). We will use fjcore instead.
 Please set the 'fastjet'variable to the full (absolute) /PATH/TO/fastjet-config (including fastjet-config).
 MG5_aMC> set fastjet /PATH/TO/fastjet-config

set lhapdf to /cvmfs/cms.cern.ch/slc6_amd64_gcc481/external/lhapdf/6.1.5-ddibom3/share/LHAPDF/../../bin/lhapdf-config
No valid eps viewer found. Please set in ./input/mg5_configuration.txt
No valid web browser found. Please set in ./input/mg5_configuration.txt
set automatic_html_opening False --no_save
compute_widths 25 35 36 37 55 --precision_channel=0.01 --body_decay=4.0025 --path=/afs/cern.ch/work/s/syu/2HDM_gridpack/genproductions/bin/MadGraph5_aMCatNLO/interactive/interactive_gridpack/work/MG5_aMC_v2_4_2/2HDMPZ2II_MH3_1400_MH4_250_MH2_1400_MHC_1400/Cards/param_card.dat --output=/afs/cern.ch/work/s/syu/2HDM_gridpack/genproductions/bin/MadGraph5_aMCatNLO/interactive/interactive_gridpack/work/MG5_aMC_v2_4_2/2HDMPZ2II_MH3_1400_MH4_250_MH2_1400_MHC_1400/Cards/param_card.dat
[1;34mPlease note that the automatic computation of the width is
    only valid in narrow-width approximation and at tree-level.[0m
INFO: Get two body decay from FeynRules formula 
Results written to /afs/cern.ch/work/s/syu/2HDM_gridpack/genproductions/bin/MadGraph5_aMCatNLO/interactive/interactive_gridpack/work/MG5_aMC_v2_4_2/2HDMPZ2II_MH3_1400_MH4_250_MH2_1400_MHC_1400/Cards/param_card.dat
INFO: get decay diagram for h1 
Vertexlist of this model has not been searched.Automatically run the model.find_vertexlist()
Found 6 stable particles
INFO:     current estimated error: 0.0094377227633 go to 4-body decay: 
100 / 240: 5s
200 / 240: 10s
INFO: get decay diagram for h2 
INFO:     current estimated error: 0.00826515030346 go to 4-body decay: 
100 / 118: 5s
INFO:     stop to 4.0 body-decay. approximate error: 0.121614462057 
INFO: get decay diagram for h3 
INFO:     current estimated error: 90.4437317889 go to 4-body decay: 
INFO:     stop to 4.0 body-decay. approximate error: 248.977785074 
INFO: get decay diagram for h+ 
INFO:     current estimated error: 14.0490567579 go to 4-body decay: 
INFO:     stop to 4.0 body-decay. approximate error: 0.482033482535 
INFO: get decay diagram for h4 
INFO:     current estimated error: 0.00254391943967 go to 4-body decay: 
100 / 188: 4s
Pass to numerical integration for computing the widths:
INFO: More info in temporary files:
    /afs/cern.ch/work/s/syu/2HDM_gridpack/genproductions/bin/MadGraph5_aMCatNLO/interactive/interactive_gridpack/work/MG5_aMC_v2_4_2/tmpWn_HeT/temp_decay/index.html 
Results written to /afs/cern.ch/work/s/syu/2HDM_gridpack/genproductions/bin/MadGraph5_aMCatNLO/interactive/interactive_gridpack/work/MG5_aMC_v2_4_2/2HDMPZ2II_MH3_1400_MH4_250_MH2_1400_MHC_1400/Cards/param_card.dat
initMadLoop -r -f
Initializing MadLoop loop-induced matrix elements (this can take some time)...
MadLoop initialization finished.
compile Source Directory
Using random number seed offset = 21
INFO: Running Survey 
Creating Jobs
Working on SubProcesses
INFO:     P0_gg_xdxdxh1  
INFO:  Idle: 28,  Running: 16,  Completed: 0 [ current time: 21h34 ] 
INFO:  Idle: 27,  Running: 16,  Completed: 1 [  46.4s  ] 
INFO:  Idle: 24,  Running: 16,  Completed: 4 [  49.7s  ] 
INFO:  Idle: 21,  Running: 16,  Completed: 7 [  53.1s  ] 
INFO:  Idle: 18,  Running: 16,  Completed: 12 [  58.1s  ] 
INFO:  Idle: 17,  Running: 16,  Completed: 14 [  1m 3s  ] 
INFO:  Idle: 15,  Running: 16,  Completed: 17 [  1m 28s  ] 
INFO:  Idle: 13,  Running: 16,  Completed: 19 [  1m 34s  ] 
INFO:  Idle: 10,  Running: 16,  Completed: 23 [  1m 39s  ] 
INFO:  Idle: 9,  Running: 16,  Completed: 25 [  1m 45s  ] 
INFO:  Idle: 7,  Running: 16,  Completed: 27 [  1m 57s  ] 
INFO:  Idle: 4,  Running: 16,  Completed: 30 [  2m 1s  ] 
INFO:  Idle: 4,  Running: 16,  Completed: 32 [  2m 5s  ] 
INFO:  Idle: 3,  Running: 16,  Completed: 33 [  2m 17s  ] 
INFO:  Idle: 2,  Running: 16,  Completed: 34 [  2m 23s  ] 
INFO: P0_gg_xdxdxh1/G1.5 is at 2.18e-08 +- 3.09e-09 pb. Now submitting iteration #2. 
INFO:  Idle: 1,  Running: 16,  Completed: 35 [  2m 27s  ] 
INFO: P0_gg_xdxdxh1/G1.7 is at 3.3e-09 +- 3.99e-10 pb. Now submitting iteration #2. 
INFO:  Idle: 0,  Running: 14,  Completed: 39 [  2m 32s  ] 
INFO: P0_gg_xdxdxh1/G1.4 is at 5.1e-07 +- 2.03e-08 pb. Now submitting iteration #2. 
INFO: P0_gg_xdxdxh1/G1.8 is at 1.75e-09 +- 9.65e-10 pb. Now submitting iteration #2. 
INFO:  Idle: 1,  Running: 16,  Completed: 40 [  2m 40s  ] 
INFO:  Idle: 1,  Running: 16,  Completed: 41 [  2m 44s  ] 
INFO:  Idle: 0,  Running: 16,  Completed: 42 [  2m 48s  ] 
INFO:  Idle: 4,  Running: 16,  Completed: 46 [  2m 56s  ] 
INFO: P0_gg_xdxdxh1/G2.5 is at 1.33e-06 +- 9.94e-08 pb. Now submitting iteration #2. 
INFO: P0_gg_xdxdxh1/G2.7 is at 3.3e-08 +- 2.37e-09 pb. Now submitting iteration #2. 
INFO: P0_gg_xdxdxh1/G3 is at 0.00595 +- 0.00147 pb. Now submitting iteration #2. 
INFO:  Idle: 10,  Running: 16,  Completed: 48 [  3m 0s  ] 
INFO: P0_gg_xdxdxh1/G2.8 is at 3.56e-07 +- 1.96e-07 pb. Now submitting iteration #2. 
INFO: P0_gg_xdxdxh1/G4.5 is at 0.000393 +- 2.95e-05 pb. Now submitting iteration #2. 
INFO: P0_gg_xdxdxh1/G4.7 is at 0.00269 +- 0.000272 pb. Now submitting iteration #2. 
INFO:  Idle: 25,  Running: 16,  Completed: 53 [  3m 4s  ] 
INFO:  Idle: 25,  Running: 16,  Completed: 54 [  3m 20s  ] 
INFO:  Idle: 24,  Running: 16,  Completed: 55 [  3m 29s  ] 
INFO:  Idle: 22,  Running: 16,  Completed: 57 [  3m 41s  ] 
INFO:  Idle: 18,  Running: 16,  Completed: 62 [  3m 46s  ] 
INFO:  Idle: 17,  Running: 16,  Completed: 63 [  3m 49s  ] 
INFO:  Idle: 16,  Running: 16,  Completed: 65 [  3m 53s  ] 
INFO:  Idle: 15,  Running: 16,  Completed: 66 [  3m 59s  ] 
INFO:  Idle: 13,  Running: 16,  Completed: 69 [  4m 2s  ] 
INFO:  Idle: 13,  Running: 16,  Completed: 70 [  4m 14s  ] 
INFO:  Idle: 12,  Running: 16,  Completed: 71 [  4m 22s  ] 
INFO:  Idle: 11,  Running: 16,  Completed: 72 [  4m 29s  ] 
INFO:  Idle: 8,  Running: 16,  Completed: 75 [  4m 33s  ] 
INFO:  Idle: 6,  Running: 16,  Completed: 79 [  4m 36s  ] 
INFO:  Idle: 5,  Running: 16,  Completed: 80 [  4m 42s  ] 
INFO: P0_gg_xdxdxh1/G4.8 is at 0.000179 +- 0.000112 pb. Now submitting iteration #2. 
INFO: P0_gg_xdxdxh1/G1.5 is at 2.29e-08 +- 1.9e-09 pb. Now submitting iteration #3. 
INFO:  Idle: 2,  Running: 16,  Completed: 83 [  4m 56s  ] 
INFO: P0_gg_xdxdxh1/G1.4 is at 5.52e-07 +- 1.72e-08 pb. Now submitting iteration #3. 
INFO:  Idle: 10,  Running: 16,  Completed: 88 [  4m 59s  ] 
INFO: Survey finished for P0_gg_xdxdxh1/G1.7 at 3.94e-09 +- 2.03e-10 pb 
INFO: Survey finished for P0_gg_xdxdxh1/G1.8 at 2.29e-09 +- 2.25e-10 pb 
INFO:  Idle: 7,  Running: 16,  Completed: 92 [  5m 7s  ] 
INFO: P0_gg_xdxdxh1/G2.5 is at 1.47e-06 +- 3.38e-08 pb. Now submitting iteration #3. 
INFO:  Idle: 10,  Running: 16,  Completed: 93 [  5m 15s  ] 
INFO: P0_gg_xdxdxh1/G2.7 is at 3.249e-08 +- 1.91e-10 pb. Now submitting iteration #3. 
INFO:  Idle: 9,  Running: 16,  Completed: 99 [  5m 18s  ] 
INFO: P0_gg_xdxdxh1/G4.5 is at 0.0003899 +- 8.07e-07 pb. Now submitting iteration #3. 
INFO:  Idle: 11,  Running: 16,  Completed: 102 [  5m 21s  ] 
INFO: P0_gg_xdxdxh1/G3 is at 0.0065 +- 0.000209 pb. Now submitting iteration #3. 
INFO:  Idle: 14,  Running: 16,  Completed: 103 [  5m 29s  ] 
INFO:  Idle: 13,  Running: 16,  Completed: 104 [  5m 43s  ] 
INFO:  Idle: 11,  Running: 16,  Completed: 106 [  5m 52s  ] 
INFO:  Idle: 11,  Running: 16,  Completed: 107 [  5m 58s  ] 
INFO: P0_gg_xdxdxh1/G2.8 is at 2.23e-06 +- 3.19e-06 pb. Now submitting iteration #3. 
INFO:  Idle: 14,  Running: 16,  Completed: 108 [  6m 4s  ] 
INFO:  Idle: 13,  Running: 16,  Completed: 109 [  6m 37s  ] 
INFO:  Idle: 11,  Running: 16,  Completed: 111 [  6m 44s  ] 
INFO:  Idle: 10,  Running: 16,  Completed: 112 [  6m 47s  ] 
INFO:  Idle: 9,  Running: 16,  Completed: 114 [  6m 58s  ] 
INFO:  Idle: 6,  Running: 16,  Completed: 117 [  7m 1s  ] 
INFO: P0_gg_xdxdxh1/G4.7 is at 0.00252 +- 4.52e-05 pb. Now submitting iteration #3. 
INFO:  Idle: 9,  Running: 16,  Completed: 119 [  7m 8s  ] 
INFO:  Idle: 8,  Running: 16,  Completed: 121 [  7m 17s  ] 
INFO: P0_gg_xdxdxh1/G4.8 is at 0.000206 +- 1.72e-05 pb. Now submitting iteration #3. 
INFO:  Idle: 10,  Running: 16,  Completed: 123 [  7m 22s  ] 
INFO:  Idle: 9,  Running: 16,  Completed: 124 [  7m 27s  ] 
INFO: Survey finished for P0_gg_xdxdxh1/G1.5 at 3.4e-08 +- 2.99e-08 pb 
INFO: Survey finished for P0_gg_xdxdxh1/G1.4 at 5.52e-07 +- 5.7e-09 pb 
INFO:  Idle: 7,  Running: 16,  Completed: 126 [  7m 31s  ] 
INFO:  Idle: 6,  Running: 16,  Completed: 128 [  7m 49s  ] 
INFO:  Idle: 5,  Running: 16,  Completed: 129 [  8m 12s  ] 
INFO:  Idle: 4,  Running: 16,  Completed: 130 [  8m 16s  ] 
INFO:  Idle: 3,  Running: 16,  Completed: 131 [  8m 22s  ] 
INFO: Survey finished for P0_gg_xdxdxh1/G2.5 at 1.466e-06 +- 9.8e-09 pb 
INFO:  Idle: 2,  Running: 16,  Completed: 132 [  8m 27s  ] 
INFO:  Idle: 1,  Running: 16,  Completed: 134 [  8m 33s  ] 
INFO: Survey finished for P0_gg_xdxdxh1/G2.7 at 3.34e-08 +- 7.37e-10 pb 
INFO:  Idle: 0,  Running: 15,  Completed: 136 [  8m 36s  ] 
INFO: Survey finished for P0_gg_xdxdxh1/G4.5 at 0.0003958 +- 1.96e-06 pb 
INFO:  Idle: 0,  Running: 13,  Completed: 138 [  8m 40s  ] 
INFO: Survey finished for P0_gg_xdxdxh1/G3 at 0.006552 +- 4.51e-05 pb 
INFO:  Idle: 0,  Running: 12,  Completed: 140 [  8m 46s  ] 
INFO:  Idle: 0,  Running: 10,  Completed: 142 [  8m 59s  ] 
INFO:  Idle: 0,  Running: 9,  Completed: 143 [  9m 4s  ] 
INFO:  Idle: 1,  Running: 7,  Completed: 145 [  9m 8s  ] 
INFO:  Idle: 0,  Running: 7,  Completed: 146 [  9m 12s  ] 
INFO:  Idle: 1,  Running: 5,  Completed: 148 [  9m 16s  ] 
INFO: P0_gg_xdxdxh1/G2.8 is at 6.74e-07 +- 6.35e-07 pb. Now submitting iteration #4. 
INFO:  Idle: 0,  Running: 9,  Completed: 149 [  9m 20s  ] 
INFO: Survey finished for P0_gg_xdxdxh1/G4.7 at 0.002499 +- 1.43e-05 pb 
INFO:  Idle: 0,  Running: 8,  Completed: 150 [  9m 24s  ] 
INFO:  Idle: 0,  Running: 7,  Completed: 151 [  9m 36s  ] 
INFO:  Idle: 0,  Running: 5,  Completed: 153 [  9m 41s  ] 
INFO:  Idle: 1,  Running: 4,  Completed: 154 [  9m 45s  ] 
INFO: Survey finished for P0_gg_xdxdxh1/G4.8 at 0.00019 +- 2.6e-06 pb 
INFO:  Idle: 0,  Running: 4,  Completed: 155 [  9m 50s  ] 
INFO:  Idle: 0,  Running: 3,  Completed: 156 [  11m 18s  ] 
INFO:  Idle: 1,  Running: 0,  Completed: 159 [  11m 22s  ] 
INFO: P0_gg_xdxdxh1/G2.8 is at 6.12e-07 +- 2.49e-07 pb. Now submitting iteration #5. 
INFO:  Idle: 0,  Running: 4,  Completed: 160 [  11m 27s  ] 
INFO:  Idle: 0,  Running: 3,  Completed: 161 [  15m 16s  ] 
INFO:  Idle: 1,  Running: 0,  Completed: 164 [  15m 22s  ] 
INFO: Survey finished for P0_gg_xdxdxh1/G2.8 at 6.33e-07 +- 2.09e-07 pb 
INFO:  Idle: 0,  Running: 0,  Completed: 165 [  15m 24s  ] 
INFO: End survey 
refine 20000
INFO: compile directory 
compile Source Directory
Creating Jobs
INFO: Refine results to 20000 
INFO: Generating 20000.0 unweigthed events. 
INFO: Effective Luminosity 2385967.49825 pb^-1 
INFO: need to improve 3 channels 
Current estimate of cross-section: 0.0096396954346 +- 4.74058571107e-05
INFO:  Idle: 1,  Running: 16,  Completed: 0 [ current time: 21h49 ] 
INFO:  Idle: 1,  Running: 16,  Completed: 1 [  4m 31s  ] 
INFO:  Idle: 0,  Running: 16,  Completed: 2 [  16m 33s  ] 
INFO: P0_gg_xdxdxh1/G4.7 is at 1265/6038 (21%) event. Resubmit 2 job at iteration 1. 
INFO:  Idle: 0,  Running: 16,  Completed: 4 [  16m 36s  ] 
INFO:  Idle: 0,  Running: 15,  Completed: 5 [  16m 40s  ] 
INFO:  Idle: 0,  Running: 13,  Completed: 7 [  16m 45s  ] 
INFO:  Idle: 1,  Running: 11,  Completed: 9 [  16m 48s  ] 
INFO: P0_gg_xdxdxh1/G4.8 is at 242/470 (52%) event. Resubmit 1 job at iteration 1. 
INFO:  Idle: 0,  Running: 10,  Completed: 12 [  16m 52s  ] 
INFO:  Idle: 0,  Running: 8,  Completed: 14 [  16m 57s  ] 
INFO:  Idle: 0,  Running: 4,  Completed: 18 [  17m 10s  ] 
INFO:  Idle: 0,  Running: 3,  Completed: 19 [  19m 0s  ] 
INFO:  Idle: 0,  Running: 3,  Completed: 20 [  19m 5s  ] 
INFO: P0_gg_xdxdxh1/G4.7 is at 3849/6041 (64%) event. Resubmit 2 job at iteration 2. 
INFO:  Idle: 1,  Running: 3,  Completed: 22 [  19m 33s  ] 
INFO: P0_gg_xdxdxh1/G3 is at 2970/15495 (19%) event. Resubmit 20 job at iteration 1. 
INFO:  Idle: 7,  Running: 16,  Completed: 23 [  19m 36s  ] 
INFO:  Idle: 6,  Running: 16,  Completed: 24 [  23m 0s  ] 
INFO:  Idle: 6,  Running: 16,  Completed: 25 [  23m 21s  ] 
INFO:  Idle: 6,  Running: 16,  Completed: 26 [  31m 33s  ] 
INFO:  Idle: 5,  Running: 16,  Completed: 27 [  35m 33s  ] 
INFO:  Idle: 4,  Running: 16,  Completed: 28 [  35m 38s  ] 
INFO:  Idle: 3,  Running: 16,  Completed: 29 [  35m 45s  ] 
INFO:  Idle: 2,  Running: 16,  Completed: 30 [  35m 49s  ] 
INFO:  Idle: 1,  Running: 16,  Completed: 31 [  35m 53s  ] 
INFO: found enough event for P0_gg_xdxdxh1/G4.7 
INFO:  Idle: 0,  Running: 14,  Completed: 34 [  35m 56s  ] 
INFO: P0_gg_xdxdxh1/G4.8 is at 364/478 (76%) event. Resubmit 1 job at iteration 2. 
INFO:  Idle: 0,  Running: 12,  Completed: 37 [  35m 59s  ] 
INFO:  Idle: 0,  Running: 11,  Completed: 38 [  36m 7s  ] 
INFO:  Idle: 0,  Running: 8,  Completed: 41 [  36m 11s  ] 
INFO:  Idle: 0,  Running: 7,  Completed: 42 [  38m 15s  ] 
INFO:  Idle: 0,  Running: 5,  Completed: 44 [  43m 33s  ] 
INFO:  Idle: 2,  Running: 0,  Completed: 49 [  46m 7s  ] 
INFO: P0_gg_xdxdxh1/G4.8 is at 267/480 ('56%') event. Resubmit 1 job at iteration 3. 
INFO: P0_gg_xdxdxh1/G3 is at 7168/15496 (46%) event. Resubmit 40 job at iteration 2. 
INFO:  Idle: 25,  Running: 16,  Completed: 51 [  46m 34s  ] 
INFO:  Idle: 16,  Running: 16,  Completed: 61 [  1h 2m  ] 
INFO:  Idle: 10,  Running: 16,  Completed: 67 [  1h 3m  ] 
INFO:  Idle: 3,  Running: 16,  Completed: 74 [  1h 18m  ] 
INFO: found enough event for P0_gg_xdxdxh1/G4.8 
INFO:  Idle: 0,  Running: 9,  Completed: 84 [  1h 20m  ] 
INFO:  Idle: 0,  Running: 3,  Completed: 90 [  1h 30m  ] 
INFO:  Idle: 1,  Running: 0,  Completed: 93 [  1h 31m  ] 
INFO: found enough event for P0_gg_xdxdxh1/G3 
INFO:  Idle: 0,  Running: 0,  Completed: 94 [  1h 33m  ] 
INFO:  Idle: 0,  Running: 0,  Completed: 94 [  1h 33m  ] 
INFO: Combining runs 
INFO: finish refine 
refine 20000
Creating Jobs
INFO: Refine results to 20000 
INFO: Generating 20000.0 unweigthed events. 
INFO: Effective Luminosity 2395056.07911 pb^-1 
INFO: need to improve 0 channels 
Current estimate of cross-section: 0.0096031154346 +- 1.79651979447e-05
INFO:  Idle: 0,  Running: 0,  Completed: 0 [ current time: 23h23 ] 
INFO: Combining runs 
INFO: finish refine 
combine_events
INFO: Combining Events 
 
 
 
  === Results Summary for run: run_01 tag: tag_1 ===

     Cumulative sequential time for this run: 14h52m53s
     Cross-section :   0.009603 +- 1.797e-05 pb
     Nb of events :  20000
 
store_events
INFO: Storing parton level results 
INFO: End Parton 
reweight -from_cards
decay_events -from_cards
INFO: storring files of previous run 
INFO: Done 
quit
INFO:  
 
INFO:  
 
quit
 

 


Job finished at Thu Jul 20 23:25:06 CEST 2017 on node 
 under linux version Scientific Linux CERN SLC release 6.9 (Carbon)

CERN statistics: This process used approximately : 40:10:15 KSI2K hours (144615 KSI2K seconds)
                 This process corresponds to     : 156:39:59 HS06  hours (563999 HS06  seconds)
