@(#)CERN job starter $Date: 2010/06/23 14:22:16 $
Working directory is </pool/lsf/syu/60064428> on <b6bcace84f.cern.ch>

Starting job on  Thu Jul 20 19:37:24 CEST 2017
Running on  Linux b6bcace84f.cern.ch 2.6.32-642.11.1.el6.x86_64 #1 SMP Wed Nov 16 09:40:09 CET 2016 x86_64 x86_64 x86_64 GNU/Linux
System release  Scientific Linux CERN SLC release 6.9 (Carbon)
name: interactive
carddir: 
queue: local
# On branch master
# Changed but not updated:
#   (use "git add <file>..." to update what will be committed)
#   (use "git checkout -- <file>..." to discard changes in working directory)
#
#	modified:   cards/production/13TeV/monoHiggs/Zp2HDM/Zprime_A0h_A0chichi/Zprime_A0h_A0chichi_MZp2500_MA0800/Zprime_A0h_A0chichi_MZp2500_MA0800_customizecards.dat
#	modified:   cards/production/13TeV/monoHiggs/Zp2HDM/Zprime_A0h_A0chichi/Zprime_A0h_A0chichi_MZp600_MA0300/Zprime_A0h_A0chichi_MZp600_MA0300_customizecards.dat
#
# Untracked files:
#   (use "git add <file>..." to include in what will be committed)
#
#	2HDMPZ2II_MH3_1000_MH4_100_MH2_1000_MHC_1000_proc_card.dat
#	2HDMPZ2II_MH3_1000_MH4_150_MH2_1000_MHC_1000_proc_card.dat
#	2HDMPZ2II_MH3_1000_MH4_200_MH2_1000_MHC_1000_proc_card.dat
#	2HDMPZ2II_MH3_1000_MH4_250_MH2_1000_MHC_1000_proc_card.dat
#	2HDMPZ2II_MH3_1000_MH4_300_MH2_1000_MHC_1000_proc_card.dat
#	2HDMPZ2II_MH3_1000_MH4_350_MH2_1000_MHC_1000_proc_card.dat
#	2HDMPZ2II_MH3_1000_MH4_400_MH2_1000_MHC_1000_proc_card.dat
#	2HDMPZ2II_MH3_1000_MH4_450_MH2_1000_MHC_1000_proc_card.dat
#	2HDMPZ2II_MH3_1000_MH4_500_MH2_1000_MHC_1000_proc_card.dat
#	2HDMPZ2II_MH3_100_MH4_100_MH2_100_MHC_100_proc_card.dat
#	2HDMPZ2II_MH3_1100_MH4_100_MH2_1100_MHC_1100_proc_card.dat
#	2HDMPZ2II_MH3_1100_MH4_150_MH2_1100_MHC_1100_proc_card.dat
#	2HDMPZ2II_MH3_1100_MH4_200_MH2_1100_MHC_1100_proc_card.dat
#	2HDMPZ2II_MH3_1100_MH4_250_MH2_1100_MHC_1100_proc_card.dat
#	2HDMPZ2II_MH3_1100_MH4_300_MH2_1100_MHC_1100_proc_card.dat
#	2HDMPZ2II_MH3_1100_MH4_350_MH2_1100_MHC_1100_proc_card.dat
#	2HDMPZ2II_MH3_1100_MH4_400_MH2_1100_MHC_1100_proc_card.dat
#	2HDMPZ2II_MH3_1100_MH4_450_MH2_1100_MHC_1100_proc_card.dat
#	2HDMPZ2II_MH3_1100_MH4_500_MH2_1100_MHC_1100_proc_card.dat
#	2HDMPZ2II_MH3_1200_MH4_100_MH2_1200_MHC_1200_proc_card.dat
#	2HDMPZ2II_MH3_1200_MH4_150_MH2_1200_MHC_1200_proc_card.dat
#	2HDMPZ2II_MH3_1200_MH4_200_MH2_1200_MHC_1200_proc_card.dat
#	2HDMPZ2II_MH3_1200_MH4_250_MH2_1200_MHC_1200_proc_card.dat
#	2HDMPZ2II_MH3_1200_MH4_300_MH2_1200_MHC_1200_proc_card.dat
#	2HDMPZ2II_MH3_1200_MH4_350_MH2_1200_MHC_1200_proc_card.dat
#	2HDMPZ2II_MH3_1200_MH4_400_MH2_1200_MHC_1200_proc_card.dat
#	2HDMPZ2II_MH3_1200_MH4_450_MH2_1200_MHC_1200_proc_card.dat
#	2HDMPZ2II_MH3_1200_MH4_500_MH2_1200_MHC_1200_proc_card.dat
#	2HDMPZ2II_MH3_1300_MH4_100_MH2_1300_MHC_1300_proc_card.dat
#	2HDMPZ2II_MH3_1300_MH4_150_MH2_1300_MHC_1300_proc_card.dat
#	2HDMPZ2II_MH3_1300_MH4_200_MH2_1300_MHC_1300_proc_card.dat
#	2HDMPZ2II_MH3_1300_MH4_250_MH2_1300_MHC_1300_proc_card.dat
#	2HDMPZ2II_MH3_1300_MH4_300_MH2_1300_MHC_1300_proc_card.dat
#	2HDMPZ2II_MH3_1300_MH4_350_MH2_1300_MHC_1300_proc_card.dat
#	2HDMPZ2II_MH3_1300_MH4_400_MH2_1300_MHC_1300_proc_card.dat
#	2HDMPZ2II_MH3_1300_MH4_450_MH2_1300_MHC_1300_proc_card.dat
#	2HDMPZ2II_MH3_1300_MH4_500_MH2_1300_MHC_1300_proc_card.dat
#	2HDMPZ2II_MH3_1400_MH4_100_MH2_1400_MHC_1400_proc_card.dat
#	2HDMPZ2II_MH3_1400_MH4_150_MH2_1400_MHC_1400_proc_card.dat
#	2HDMPZ2II_MH3_1400_MH4_200_MH2_1400_MHC_1400_proc_card.dat
#	2HDMPZ2II_MH3_1400_MH4_250_MH2_1400_MHC_1400_proc_card.dat
#	2HDMPZ2II_MH3_1400_MH4_300_MH2_1400_MHC_1400_proc_card.dat
#	2HDMPZ2II_MH3_1400_MH4_350_MH2_1400_MHC_1400_proc_card.dat
#	2HDMPZ2II_MH3_1400_MH4_400_MH2_1400_MHC_1400_proc_card.dat
#	2HDMPZ2II_MH3_1400_MH4_450_MH2_1400_MHC_1400_proc_card.dat
#	2HDMPZ2II_MH3_1400_MH4_500_MH2_1400_MHC_1400_proc_card.dat
#	2HDMPZ2II_MH3_1500_MH4_100_MH2_1500_MHC_1500_proc_card.dat
#	2HDMPZ2II_MH3_1500_MH4_150_MH2_1500_MHC_1500_proc_card.dat
#	2HDMPZ2II_MH3_1500_MH4_200_MH2_1500_MHC_1500_proc_card.dat
#	2HDMPZ2II_MH3_1500_MH4_250_MH2_1500_MHC_1500_proc_card.dat
#	2HDMPZ2II_MH3_1500_MH4_300_MH2_1500_MHC_1500_proc_card.dat
#	2HDMPZ2II_MH3_1500_MH4_350_MH2_1500_MHC_1500_proc_card.dat
#	2HDMPZ2II_MH3_1500_MH4_400_MH2_1500_MHC_1500_proc_card.dat
#	2HDMPZ2II_MH3_1500_MH4_450_MH2_1500_MHC_1500_proc_card.dat
#	2HDMPZ2II_MH3_1500_MH4_500_MH2_1500_MHC_1500_proc_card.dat
#	2HDMPZ2II_MH3_1600_MH4_100_MH2_1600_MHC_1600_proc_card.dat
#	2HDMPZ2II_MH3_1600_MH4_150_MH2_1600_MHC_1600_proc_card.dat
#	2HDMPZ2II_MH3_1600_MH4_200_MH2_1600_MHC_1600_proc_card.dat
#	2HDMPZ2II_MH3_1600_MH4_250_MH2_1600_MHC_1600_proc_card.dat
#	2HDMPZ2II_MH3_1600_MH4_300_MH2_1600_MHC_1600_proc_card.dat
#	2HDMPZ2II_MH3_1600_MH4_350_MH2_1600_MHC_1600_proc_card.dat
#	2HDMPZ2II_MH3_1600_MH4_400_MH2_1600_MHC_1600_proc_card.dat
#	2HDMPZ2II_MH3_1600_MH4_450_MH2_1600_MHC_1600_proc_card.dat
#	2HDMPZ2II_MH3_1600_MH4_500_MH2_1600_MHC_1600_proc_card.dat
#	2HDMPZ2II_MH3_200_MH4_100_MH2_200_MHC_200_proc_card.dat
#	2HDMPZ2II_MH3_200_MH4_150_MH2_200_MHC_200_proc_card.dat
#	2HDMPZ2II_MH3_200_MH4_200_MH2_200_MHC_200_proc_card.dat
#	2HDMPZ2II_MH3_300_MH4_100_MH2_300_MHC_300_proc_card.dat
#	2HDMPZ2II_MH3_300_MH4_150_MH2_300_MHC_300_proc_card.dat
#	2HDMPZ2II_MH3_300_MH4_200_MH2_300_MHC_300_proc_card.dat
#	2HDMPZ2II_MH3_300_MH4_250_MH2_300_MHC_300_proc_card.dat
#	2HDMPZ2II_MH3_300_MH4_300_MH2_300_MHC_300_proc_card.dat
#	2HDMPZ2II_MH3_400_MH4_100_MH2_400_MHC_400_proc_card.dat
#	2HDMPZ2II_MH3_400_MH4_150_MH2_400_MHC_400_proc_card.dat
#	2HDMPZ2II_MH3_400_MH4_200_MH2_400_MHC_400_proc_card.dat
#	2HDMPZ2II_MH3_400_MH4_250_MH2_400_MHC_400_proc_card.dat
#	2HDMPZ2II_MH3_400_MH4_300_MH2_400_MHC_400_proc_card.dat
#	2HDMPZ2II_MH3_400_MH4_350_MH2_400_MHC_400_proc_card.dat
#	2HDMPZ2II_MH3_400_MH4_400_MH2_400_MHC_400_proc_card.dat
#	2HDMPZ2II_MH3_500_MH4_100_MH2_500_MHC_500_proc_card.dat
#	2HDMPZ2II_MH3_500_MH4_150_MH2_500_MHC_500_proc_card.dat
#	2HDMPZ2II_MH3_500_MH4_200_MH2_500_MHC_500_proc_card.dat
#	2HDMPZ2II_MH3_500_MH4_250_MH2_500_MHC_500_proc_card.dat
#	2HDMPZ2II_MH3_500_MH4_300_MH2_500_MHC_500_proc_card.dat
#	2HDMPZ2II_MH3_500_MH4_350_MH2_500_MHC_500_proc_card.dat
#	2HDMPZ2II_MH3_500_MH4_400_MH2_500_MHC_500_proc_card.dat
#	2HDMPZ2II_MH3_500_MH4_450_MH2_500_MHC_500_proc_card.dat
#	2HDMPZ2II_MH3_500_MH4_500_MH2_500_MHC_500_proc_card.dat
#	2HDMPZ2II_MH3_600_MH4_100_MH2_600_MHC_600_proc_card.dat
#	2HDMPZ2II_MH3_600_MH4_150_MH2_600_MHC_600_proc_card.dat
#	2HDMPZ2II_MH3_600_MH4_200_MH2_600_MHC_600_proc_card.dat
#	2HDMPZ2II_MH3_600_MH4_250_MH2_600_MHC_600_proc_card.dat
#	2HDMPZ2II_MH3_600_MH4_300_MH2_600_MHC_600_proc_card.dat
#	2HDMPZ2II_MH3_600_MH4_350_MH2_600_MHC_600_proc_card.dat
#	2HDMPZ2II_MH3_600_MH4_400_MH2_600_MHC_600_proc_card.dat
#	2HDMPZ2II_MH3_600_MH4_450_MH2_600_MHC_600_proc_card.dat
#	2HDMPZ2II_MH3_600_MH4_500_MH2_600_MHC_600_proc_card.dat
#	2HDMPZ2II_MH3_700_MH4_100_MH2_700_MHC_700_proc_card.dat
#	2HDMPZ2II_MH3_700_MH4_150_MH2_700_MHC_700_proc_card.dat
#	2HDMPZ2II_MH3_700_MH4_200_MH2_700_MHC_700_proc_card.dat
#	2HDMPZ2II_MH3_700_MH4_250_MH2_700_MHC_700_proc_card.dat
#	2HDMPZ2II_MH3_700_MH4_300_MH2_700_MHC_700_proc_card.dat
#	2HDMPZ2II_MH3_700_MH4_350_MH2_700_MHC_700_proc_card.dat
#	2HDMPZ2II_MH3_700_MH4_400_MH2_700_MHC_700_proc_card.dat
#	2HDMPZ2II_MH3_700_MH4_450_MH2_700_MHC_700_proc_card.dat
#	2HDMPZ2II_MH3_700_MH4_500_MH2_700_MHC_700_proc_card.dat
#	2HDMPZ2II_MH3_800_MH4_100_MH2_800_MHC_800_proc_card.dat
#	2HDMPZ2II_MH3_800_MH4_150_MH2_800_MHC_800_proc_card.dat
#	2HDMPZ2II_MH3_800_MH4_200_MH2_800_MHC_800_proc_card.dat
#	2HDMPZ2II_MH3_800_MH4_250_MH2_800_MHC_800_proc_card.dat
#	2HDMPZ2II_MH3_800_MH4_300_MH2_800_MHC_800_proc_card.dat
#	2HDMPZ2II_MH3_800_MH4_350_MH2_800_MHC_800_proc_card.dat
#	2HDMPZ2II_MH3_800_MH4_400_MH2_800_MHC_800_proc_card.dat
#	2HDMPZ2II_MH3_800_MH4_450_MH2_800_MHC_800_proc_card.dat
#	2HDMPZ2II_MH3_800_MH4_500_MH2_800_MHC_800_proc_card.dat
#	2HDMPZ2II_MH3_900_MH4_100_MH2_900_MHC_900_proc_card.dat
#	2HDMPZ2II_MH3_900_MH4_150_MH2_900_MHC_900_proc_card.dat
#	2HDMPZ2II_MH3_900_MH4_200_MH2_900_MHC_900_proc_card.dat
#	2HDMPZ2II_MH3_900_MH4_250_MH2_900_MHC_900_proc_card.dat
#	2HDMPZ2II_MH3_900_MH4_300_MH2_900_MHC_900_proc_card.dat
#	2HDMPZ2II_MH3_900_MH4_350_MH2_900_MHC_900_proc_card.dat
#	2HDMPZ2II_MH3_900_MH4_400_MH2_900_MHC_900_proc_card.dat
#	2HDMPZ2II_MH3_900_MH4_450_MH2_900_MHC_900_proc_card.dat
#	2HDMPZ2II_MH3_900_MH4_500_MH2_900_MHC_900_proc_card.dat
#	2HDMPZ2II_proc_card.dat
#	2HDM_MZp1000_MA0300_MDM100_proc_card.dat
#	2HDM_MZp4000_MA0300_MDM100_proc_card.dat
#	2HDM_proc_card.dat
#	ATLAS_mass
#	LSFJOB_60064156/
#	LSFJOB_60064170/
#	LSFJOB_60064173/
#	LSFJOB_60064177/
#	LSFJOB_60064178/
#	LSFJOB_60064192/
#	LSFJOB_60064267/
#	LSFJOB_60064361/
#	LSFJOB_60064396/
#	LSFJOB_60064398/
#	LSFJOB_60064405/
#	Log057
#	Zprime_A0h_A0chichi_MZp600_MA0300.log
#	Zprime_A0h_A0chichi_MZp600_MA0300/
#	Zprime_A0h_A0chichi_MZp600_MA0300_tarball.tar.xz
#	a0width
#	cards/production/13TeV/monoHiggs/Zp2HDM/Zprime_A0h_A0chichi/Zprime_A0h_A0chichi_MZp1000_MA0300/Zprime_A0h_A0chichi_MZp1000_MA0300_extramodels.dat
#	cards/production/13TeV/monoHiggs/Zp2HDM/Zprime_A0h_A0chichi/Zprime_A0h_A0chichi_MZp1000_MA0500/Zprime_A0h_A0chichi_MZp1000_MA0500_extramodels.dat
#	cards/production/13TeV/monoHiggs/Zp2HDM/Zprime_A0h_A0chichi/Zprime_A0h_A0chichi_MZp1000_MA0800/Zprime_A0h_A0chichi_MZp1000_MA0800_extramodels.dat
#	cards/production/13TeV/monoHiggs/Zp2HDM/Zprime_A0h_A0chichi/Zprime_A0h_A0chichi_MZp1200_MA0500/Zprime_A0h_A0chichi_MZp1200_MA0500_extramodels.dat
#	cards/production/13TeV/monoHiggs/Zp2HDM/Zprime_A0h_A0chichi/Zprime_A0h_A0chichi_MZp1200_MA0800/Zprime_A0h_A0chichi_MZp1200_MA0800_extramodels.dat
#	cards/production/13TeV/monoHiggs/Zp2HDM/Zprime_A0h_A0chichi/Zprime_A0h_A0chichi_MZp1400_MA0500/Zprime_A0h_A0chichi_MZp1400_MA0500_extramodels.dat
#	cards/production/13TeV/monoHiggs/Zp2HDM/Zprime_A0h_A0chichi/Zprime_A0h_A0chichi_MZp1400_MA0800/Zprime_A0h_A0chichi_MZp1400_MA0800_extramodels.dat
#	cards/production/13TeV/monoHiggs/Zp2HDM/Zprime_A0h_A0chichi/Zprime_A0h_A0chichi_MZp1700_MA0500/Zprime_A0h_A0chichi_MZp1700_MA0500_extramodels.dat
#	cards/production/13TeV/monoHiggs/Zp2HDM/Zprime_A0h_A0chichi/Zprime_A0h_A0chichi_MZp1700_MA0800/Zprime_A0h_A0chichi_MZp1700_MA0800_extramodels.dat
#	cards/production/13TeV/monoHiggs/Zp2HDM/Zprime_A0h_A0chichi/Zprime_A0h_A0chichi_MZp2000_MA0500/Zprime_A0h_A0chichi_MZp2000_MA0500_extramodels.dat
#	cards/production/13TeV/monoHiggs/Zp2HDM/Zprime_A0h_A0chichi/Zprime_A0h_A0chichi_MZp2000_MA0800/Zprime_A0h_A0chichi_MZp2000_MA0800_extramodels.dat
#	cards/production/13TeV/monoHiggs/Zp2HDM/Zprime_A0h_A0chichi/Zprime_A0h_A0chichi_MZp2500_MA0300/Zprime_A0h_A0chichi_MZp2500_MA0300_extramodels.dat
#	cards/production/13TeV/monoHiggs/Zp2HDM/Zprime_A0h_A0chichi/Zprime_A0h_A0chichi_MZp2500_MA0500/Zprime_A0h_A0chichi_MZp2500_MA0500_extramodels.dat
#	cards/production/13TeV/monoHiggs/Zp2HDM/Zprime_A0h_A0chichi/Zprime_A0h_A0chichi_MZp2500_MA0800/Zprime_A0h_A0chichi_MZp2500_MA0800_extramodels.dat
#	cards/production/13TeV/monoHiggs/Zp2HDM/Zprime_A0h_A0chichi/Zprime_A0h_A0chichi_MZp2750_MA0300/
#	cards/production/13TeV/monoHiggs/Zp2HDM/Zprime_A0h_A0chichi/Zprime_A0h_A0chichi_MZp2750_MA0500/
#	cards/production/13TeV/monoHiggs/Zp2HDM/Zprime_A0h_A0chichi/Zprime_A0h_A0chichi_MZp2750_MA0800/
#	cards/production/13TeV/monoHiggs/Zp2HDM/Zprime_A0h_A0chichi/Zprime_A0h_A0chichi_MZp3000_MA0300/
#	cards/production/13TeV/monoHiggs/Zp2HDM/Zprime_A0h_A0chichi/Zprime_A0h_A0chichi_MZp3000_MA0500/
#	cards/production/13TeV/monoHiggs/Zp2HDM/Zprime_A0h_A0chichi/Zprime_A0h_A0chichi_MZp3000_MA0800/
#	cards/production/13TeV/monoHiggs/Zp2HDM/Zprime_A0h_A0chichi/Zprime_A0h_A0chichi_MZp3500_MA0300/
#	cards/production/13TeV/monoHiggs/Zp2HDM/Zprime_A0h_A0chichi/Zprime_A0h_A0chichi_MZp3500_MA0500/
#	cards/production/13TeV/monoHiggs/Zp2HDM/Zprime_A0h_A0chichi/Zprime_A0h_A0chichi_MZp3500_MA0800/
#	cards/production/13TeV/monoHiggs/Zp2HDM/Zprime_A0h_A0chichi/Zprime_A0h_A0chichi_MZp4000_MA0300/
#	cards/production/13TeV/monoHiggs/Zp2HDM/Zprime_A0h_A0chichi/Zprime_A0h_A0chichi_MZp4000_MA0500/
#	cards/production/13TeV/monoHiggs/Zp2HDM/Zprime_A0h_A0chichi/Zprime_A0h_A0chichi_MZp4000_MA0800/
#	cards/production/13TeV/monoHiggs/Zp2HDM/Zprime_A0h_A0chichi/Zprime_A0h_A0chichi_MZp600_MA0300/Zprime_A0h_A0chichi_MZp600_MA0300_extramodels.dat
#	cards/production/13TeV/monoHiggs/Zp2HDM/Zprime_A0h_A0chichi/Zprime_A0h_A0chichi_MZp800_MA0500/Zprime_A0h_A0chichi_MZp800_MA0500_extramodels.dat
#	cards/production/13TeV/monoHiggs/Zp2HDM/Zprime_A0h_A0chichi/mass
#	cards/production/13TeV/monoHiggs/Zp2HDM/Zprime_A0h_A0chichi/old_Zprime_A0h_A0chichi_MZp3000_MA0300/
#	cards/testATLAS/
#	cards/testATLAS_customizecards.dat
#	interactive/
#	launch_2HDM.sh
#	launch_2HDMPZ2II.sh
#	log069.log
#	mass
#	runLaunch.sh
#	temp/
#	testATLAS.log
#	testATLAS/
#	width
#	xs_launch_2HDMPZ2II.sh
#	zpwidth
no changes added to commit (use "git add" and/or "git commit -a")
Current git revision is:
0a3bda3e567d269a20762d24dd6e701e5ee0ece0
diff --git a/bin/MadGraph5_aMCatNLO/cards/production/13TeV/monoHiggs/Zp2HDM/Zprime_A0h_A0chichi/Zprime_A0h_A0chichi_MZp2500_MA0800/Zprime_A0h_A0chichi_MZp2500_MA0800_customizecards.dat b/bin/MadGraph5_aMCatNLO/cards/production/13TeV/monoHiggs/Zp2HDM/Zprime_A0h_A0chichi/Zprime_A0h_A0chichi_MZp2500_MA0800/Zprime_A0h_A0chichi_MZp2500_MA0800_customizecards.dat
index 4580452..4ce9c64 100644
--- a/bin/MadGraph5_aMCatNLO/cards/production/13TeV/monoHiggs/Zp2HDM/Zprime_A0h_A0chichi/Zprime_A0h_A0chichi_MZp2500_MA0800/Zprime_A0h_A0chichi_MZp2500_MA0800_customizecards.dat
+++ b/bin/MadGraph5_aMCatNLO/cards/production/13TeV/monoHiggs/Zp2HDM/Zprime_A0h_A0chichi/Zprime_A0h_A0chichi_MZp2500_MA0800/Zprime_A0h_A0chichi_MZp2500_MA0800_customizecards.dat
@@ -4,5 +4,5 @@ set param_card mass 27 800
 set param_card mass 28 800
 set param_card ZpINPUTS 1 1
 set param_card ZpINPUTS 2 0.8
-set param_card DECAY 32 51.33163
-set param_card DECAY 28 75.5153
+set param_card DECAY 32 5.141429e+01
+set param_card DECAY 28 7.330065e+01
diff --git a/bin/MadGraph5_aMCatNLO/cards/production/13TeV/monoHiggs/Zp2HDM/Zprime_A0h_A0chichi/Zprime_A0h_A0chichi_MZp600_MA0300/Zprime_A0h_A0chichi_MZp600_MA0300_customizecards.dat b/bin/MadGraph5_aMCatNLO/cards/production/13TeV/monoHiggs/Zp2HDM/Zprime_A0h_A0chichi/Zprime_A0h_A0chichi_MZp600_MA0300/Zprime_A0h_A0chichi_MZp600_MA0300_customizecards.dat
index cb192f2..9b18abd 100644
--- a/bin/MadGraph5_aMCatNLO/cards/production/13TeV/monoHiggs/Zp2HDM/Zprime_A0h_A0chichi/Zprime_A0h_A0chichi_MZp600_MA0300/Zprime_A0h_A0chichi_MZp600_MA0300_customizecards.dat
+++ b/bin/MadGraph5_aMCatNLO/cards/production/13TeV/monoHiggs/Zp2HDM/Zprime_A0h_A0chichi/Zprime_A0h_A0chichi_MZp600_MA0300/Zprime_A0h_A0chichi_MZp600_MA0300_customizecards.dat
@@ -4,5 +4,5 @@ set param_card mass 27 300
 set param_card mass 28 300
 set param_card ZpINPUTS 1 1
 set param_card ZpINPUTS 2 0.8
-set param_card DECAY 32 11.22981
-set param_card DECAY 28 8.95228
+set param_card DECAY 32 AUTO
+set param_card DECAY 28 AUTO
/afs/cern.ch/work/s/syu/2HDM_gridpack/genproductions/bin/MadGraph5_aMCatNLO
Reusing existing directory assuming generated code already exists
WARNING: If you changed the process card you need to clean the folder and run from scratch
************************************************************
*                                                          *
*                     W E L C O M E to                     *
*              M A D G R A P H 5 _ a M C @ N L O           *
*                                                          *
*                                                          *
*                 *                       *                *
*                   *        * *        *                  *
*                     * * * * 5 * * * *                    *
*                   *        * *        *                  *
*                 *                       *                *
*                                                          *
*         VERSION 2.4.2                 2016-06-10         *
*                                                          *
*    The MadGraph5_aMC@NLO Development Team - Find us at   *
*    https://server06.fynu.ucl.ac.be/projects/madgraph     *
*                            and                           *
*            http://amcatnlo.web.cern.ch/amcatnlo/         *
*                                                          *
*               Type 'help' for in-line help.              *
*           Type 'tutorial' to learn how MG5 works         *
*    Type 'tutorial aMCatNLO' to learn how aMC@NLO works   *
*    Type 'tutorial MadLoop' to learn how MadLoop works    *
*                                                          *
************************************************************
load MG5 configuration from input/mg5_configuration.txt 
None does not seem to correspond to a valid fastjet-config executable (v3+). We will use fjcore instead.
 Please set the 'fastjet'variable to the full (absolute) /PATH/TO/fastjet-config (including fastjet-config).
 MG5_aMC> set fastjet /PATH/TO/fastjet-config

set lhapdf to /cvmfs/cms.cern.ch/slc6_amd64_gcc481/external/lhapdf/6.1.5-ddibom3/share/LHAPDF/../../bin/lhapdf-config
No valid eps viewer found. Please set in ./input/mg5_configuration.txt
No valid web browser found. Please set in ./input/mg5_configuration.txt
import /afs/cern.ch/work/s/syu/2HDM_gridpack/genproductions/bin/MadGraph5_aMCatNLO/2HDMPZ2II_MH3_1600_MH4_400_MH2_1600_MHC_1600_proc_card.dat
The import format was not given, so we guess it as command
import model 2HDMPZ2II
INFO: Change particles name to pass to MG5 convention 
Defined multiparticle p = g u c d s u~ c~ d~ s~
Defined multiparticle j = g u c d s u~ c~ d~ s~
Defined multiparticle l+ = e+ mu+
Defined multiparticle l- = e- mu-
Defined multiparticle vl = ve vm vt
Defined multiparticle vl~ = ve~ vm~ vt~
Defined multiparticle all = g ghg ghg~ u c d s u~ c~ d~ s~ a gha gha~ ve vm vt e- mu- ve~ vm~ vt~ e+ mu+ t b t~ b~ z w+ ghz ghwp ghwm h+ h1 h2 h3 h4 w- ghz~ ghwp~ ghwm~ h- ta- xd ta+ xd~
generate p p > xd xd~ h1 / z [QCD]
[1;60m------------------------------------------------------------------------[0m
[1;60m No Born diagrams found. Now switching to the loop-induced mode.        [0m
[1;60m Please cite ref. 'arXiv:1507.00020' when using results from this mode. [0m
[1;60m------------------------------------------------------------------------[0m
[1;34mWARNING: Some loop diagrams contributing to this process are discarded because they are not pure (QCD)-perturbation.
Make sure you did not want to include them. [0m
[1;34mWARNING: Some loop diagrams contributing to this process are discarded because they are not pure (QCD)-perturbation.
Make sure you did not want to include them. [0m
[1;34mWARNING: Some loop diagrams contributing to this process are discarded because they are not pure (QCD)-perturbation.
Make sure you did not want to include them. [0m
[1;34mWARNING: Some loop diagrams contributing to this process are discarded because they are not pure (QCD)-perturbation.
Make sure you did not want to include them. [0m
1 processes with 80 diagrams generated in 36.893 s
Total: 1 processes with 80 diagrams
output 2HDMPZ2II_MH3_1600_MH4_400_MH2_1600_MHC_1600 -nojpeg
INFO: initialize a new directory: 2HDMPZ2II_MH3_1600_MH4_400_MH2_1600_MHC_1600 
INFO: remove old information in 2HDMPZ2II_MH3_1600_MH4_400_MH2_1600_MHC_1600 
INFO: Organizing processes into subprocess groups 
INFO: Generating Helas calls for process: g g > xd xd~ h1 WEIGHTED<=12 [ noborn = QCD ] / z 
INFO: Processing color information for loop process: g g > xd xd~ h1 [ noborn = QCD ] / z 
INFO: Creating color matrix  loop process: g g > xd xd~ h1 WEIGHTED<=12 [ noborn = QCD ] / z 
INFO: Creating files in directory /afs/cern.ch/work/s/syu/2HDM_gridpack/genproductions/bin/MadGraph5_aMCatNLO/interactive/interactive_gridpack/work/MG5_aMC_v2_4_2/2HDMPZ2II_MH3_1600_MH4_400_MH2_1600_MHC_1600/SubProcesses/PV0_0_1_gg_xdxdxh1_no_z 
ALOHA: aloha creates FFV1 set of routines with options: L1
ALOHA: aloha creates FFS5 set of routines with options: L2
INFO: Computing diagram color coefficients 
INFO: Drawing loop Feynman diagrams for Process: g g > xd xd~ h1 WEIGHTED<=12 [ noborn = QCD ] / z 
INFO: Creating files in directory P0_gg_xdxdxh1 
INFO: Generating Feynman diagrams for Process: g g > xd xd~ h1 WEIGHTED<=12 [ noborn = QCD ] / z 
INFO: Finding symmetric diagrams for subprocess group gg_xdxdxh1 
History written to /afs/cern.ch/work/s/syu/2HDM_gridpack/genproductions/bin/MadGraph5_aMCatNLO/interactive/interactive_gridpack/work/MG5_aMC_v2_4_2/2HDMPZ2II_MH3_1600_MH4_400_MH2_1600_MHC_1600/Cards/proc_card_mg5.dat
Generated helas calls for 1 subprocesses (80 diagrams) in 2.741 s
Export UFO model to MG4 format
ALOHA: aloha creates FFS1 routines
ALOHA: aloha creates FFS3 set of routines with options: L2
ALOHA: aloha creates SSS1 routines
ALOHA: aloha creates FFS3_5 set of routines with options: L2
save configuration file to /afs/cern.ch/work/s/syu/2HDM_gridpack/genproductions/bin/MadGraph5_aMCatNLO/interactive/interactive_gridpack/work/MG5_aMC_v2_4_2/2HDMPZ2II_MH3_1600_MH4_400_MH2_1600_MHC_1600/Cards/me5_configuration.txt
INFO: Use Fortran compiler gfortran 
INFO: Use c++ compiler g++ 
INFO: Generate web pages 
Output to directory /afs/cern.ch/work/s/syu/2HDM_gridpack/genproductions/bin/MadGraph5_aMCatNLO/interactive/interactive_gridpack/work/MG5_aMC_v2_4_2/2HDMPZ2II_MH3_1600_MH4_400_MH2_1600_MHC_1600 done.
Type "launch" to generate events from this process, or see
/afs/cern.ch/work/s/syu/2HDM_gridpack/genproductions/bin/MadGraph5_aMCatNLO/interactive/interactive_gridpack/work/MG5_aMC_v2_4_2/2HDMPZ2II_MH3_1600_MH4_400_MH2_1600_MHC_1600/README
Run "open index.html" to see more information about this process.
launch 2HDMPZ2II_MH3_1600_MH4_400_MH2_1600_MHC_1600
************************************************************
*                                                          *
*                      W E L C O M E to                    *
*             M A D G R A P H 5 _ a M C @ N L O            *
*                      M A D E V E N T                     *
*                                                          *
*                 *                       *                *
*                   *        * *        *                  *
*                     * * * * 5 * * * *                    *
*                   *        * *        *                  *
*                 *                       *                *
*                                                          *
*         VERSION 2.4.2                 2016-06-10         *
*                                                          *
*    The MadGraph5_aMC@NLO Development Team - Find us at   *
*    https://server06.fynu.ucl.ac.be/projects/madgraph     *
*                                                          *
*               Type 'help' for in-line help.              *
*                                                          *
************************************************************
INFO: load configuration from /afs/cern.ch/work/s/syu/2HDM_gridpack/genproductions/bin/MadGraph5_aMCatNLO/interactive/interactive_gridpack/work/MG5_aMC_v2_4_2/2HDMPZ2II_MH3_1600_MH4_400_MH2_1600_MHC_1600/Cards/me5_configuration.txt  
INFO: load configuration from /afs/cern.ch/work/s/syu/2HDM_gridpack/genproductions/bin/MadGraph5_aMCatNLO/interactive/interactive_gridpack/work/MG5_aMC_v2_4_2/input/mg5_configuration.txt  
INFO: load configuration from /afs/cern.ch/work/s/syu/2HDM_gridpack/genproductions/bin/MadGraph5_aMCatNLO/interactive/interactive_gridpack/work/MG5_aMC_v2_4_2/2HDMPZ2II_MH3_1600_MH4_400_MH2_1600_MHC_1600/Cards/me5_configuration.txt  
No valid eps viewer found. Please set in ./input/mg5_configuration.txt
No valid web browser found. Please set in ./input/mg5_configuration.txt
generate_events run_01
The following switches determine which programs are run:
 1 Run the pythia shower/hadronization:                              pythia=NOT INSTALLED
 2 Run PGS as detector simulator:                                       pgs=NOT INSTALLED
 3 Run Delphes as detector simulator:                               delphes=NOT INSTALLED
 4 Decay particles with the MadSpin module:                         madspin=OFF
 5 Add weights to the events based on changing model parameters:   reweight=OFF
  Either type the switch number (1 to 5) to change its default setting,
  or set any switch explicitly (e.g. type 'madspin=ON' at the prompt)
  Type '0', 'auto', 'done' or just press enter when you are done.
 [[4m0[0m, 4, 5, auto, done, madspin=ON, madspin=OFF, madspin, reweight=ON, ... ]
[1;34mThe answer to the previous question is not set in your input file[0m
[1;34mUse 0 value[0m
set sinp 0.35
[1;60mINFO: modify param_card information BLOCK higgs with id (5,) set to 0.35 [0m
set tanbeta 1
[1;60mINFO: modify param_card information BLOCK frblock with id (2,) set to 1.0 [0m
set laP1 3.0
[1;60mINFO: modify param_card information BLOCK higgs with id (2,) set to 3.0 [0m
set laP2 3.0
[1;60mINFO: modify param_card information BLOCK higgs with id (3,) set to 3.0 [0m
set lam3 3.0
[1;60mINFO: modify param_card information BLOCK higgs with id (1,) set to 3.0 [0m
set sinbma 1.0
[1;60mINFO: modify param_card information BLOCK frblock with id (3,) set to 1.0 [0m
set gPXd 1.0
[1;60mINFO: modify param_card information BLOCK dminputs with id (1,) set to 1.0 [0m
set Mxd 1.0
[1;60mINFO: modify param_card information BLOCK mass with id (52,) set to 1.0 [0m
set mhc 1600
[1;60mINFO: modify param_card information BLOCK mass with id (37,) set to 1600.0 [0m
set mh2 1600
[1;60mINFO: modify param_card information BLOCK mass with id (35,) set to 1600.0 [0m
set mh3 1600
[1;60mINFO: modify param_card information BLOCK mass with id (36,) set to 1600.0 [0m
set mh4 400
[1;60mINFO: modify param_card information BLOCK mass with id (55,) set to 400.0 [0m
set Wh1 auto
[1;60mINFO: modify param_card information BLOCK decay with id (25,) set to Auto [0m
set Wh2 auto
[1;60mINFO: modify param_card information BLOCK decay with id (35,) set to Auto [0m
set Wh3 auto
[1;60mINFO: modify param_card information BLOCK decay with id (36,) set to Auto [0m
set Whc auto
[1;60mINFO: modify param_card information BLOCK decay with id (37,) set to Auto [0m
set Wh4 auto
[1;60mINFO: modify param_card information BLOCK decay with id (55,) set to Auto [0m
Do you want to edit a card (press enter to bypass editing)?
  1 / param      : param_card.dat
  2 / run        : run_card.dat
  3 / MadLoopParams : MadLoopParams.dat
 you can also
   - enter the path to a valid card or banner.
   - use the 'set' command to modify a parameter directly.
     The set option works only for param_card and run_card.
     Type 'help set' for more information on this command.
   - call an external program (ASperGE/MadWidth/...).
     Type 'help' for the list of available command
 [[4m0[0m, done, 1, param, 2, run, 3, MadLoopParams, enter path]
[1;60mThe answer to the previous question is not set in your input file[0m
[1;60mUse 0 value[0m
Generating 20000 events with run name run_01
survey  run_01 
INFO: compile directory 
INFO: Computing the width set on auto in the param_card.dat 
INFO: Change particles name to pass to MG5 convention 
************************************************************
*                                                          *
*                     W E L C O M E to                     *
*              M A D G R A P H 5 _ a M C @ N L O           *
*                                                          *
*                                                          *
*                 *                       *                *
*                   *        * *        *                  *
*                     * * * * 5 * * * *                    *
*                   *        * *        *                  *
*                 *                       *                *
*                                                          *
*         VERSION 2.4.2                 2016-06-10         *
*                                                          *
*    The MadGraph5_aMC@NLO Development Team - Find us at   *
*    https://server06.fynu.ucl.ac.be/projects/madgraph     *
*                            and                           *
*            http://amcatnlo.web.cern.ch/amcatnlo/         *
*                                                          *
*               Type 'help' for in-line help.              *
*           Type 'tutorial' to learn how MG5 works         *
*    Type 'tutorial aMCatNLO' to learn how aMC@NLO works   *
*    Type 'tutorial MadLoop' to learn how MadLoop works    *
*                                                          *
************************************************************
load MG5 configuration from input/mg5_configuration.txt 
None does not seem to correspond to a valid fastjet-config executable (v3+). We will use fjcore instead.
 Please set the 'fastjet'variable to the full (absolute) /PATH/TO/fastjet-config (including fastjet-config).
 MG5_aMC> set fastjet /PATH/TO/fastjet-config

set lhapdf to /cvmfs/cms.cern.ch/slc6_amd64_gcc481/external/lhapdf/6.1.5-ddibom3/share/LHAPDF/../../bin/lhapdf-config
No valid eps viewer found. Please set in ./input/mg5_configuration.txt
No valid web browser found. Please set in ./input/mg5_configuration.txt
set automatic_html_opening False --no_save
compute_widths 25 35 36 37 55 --precision_channel=0.01 --body_decay=4.0025 --path=/afs/cern.ch/work/s/syu/2HDM_gridpack/genproductions/bin/MadGraph5_aMCatNLO/interactive/interactive_gridpack/work/MG5_aMC_v2_4_2/2HDMPZ2II_MH3_1600_MH4_400_MH2_1600_MHC_1600/Cards/param_card.dat --output=/afs/cern.ch/work/s/syu/2HDM_gridpack/genproductions/bin/MadGraph5_aMCatNLO/interactive/interactive_gridpack/work/MG5_aMC_v2_4_2/2HDMPZ2II_MH3_1600_MH4_400_MH2_1600_MHC_1600/Cards/param_card.dat
[1;34mPlease note that the automatic computation of the width is
    only valid in narrow-width approximation and at tree-level.[0m
INFO: Get two body decay from FeynRules formula 
Results written to /afs/cern.ch/work/s/syu/2HDM_gridpack/genproductions/bin/MadGraph5_aMCatNLO/interactive/interactive_gridpack/work/MG5_aMC_v2_4_2/2HDMPZ2II_MH3_1600_MH4_400_MH2_1600_MHC_1600/Cards/param_card.dat
INFO: get decay diagram for h1 
Vertexlist of this model has not been searched.Automatically run the model.find_vertexlist()
Found 6 stable particles
INFO: get decay diagram for h2 
INFO:     current estimated error: 0.0108688731337 go to 4-body decay: 
100 / 118: 6s
INFO:     stop to 4.0 body-decay. approximate error: 0.209865293321 
INFO: get decay diagram for h3 
INFO:     current estimated error: 316.740616787 go to 4-body decay: 
INFO:     stop to 4.0 body-decay. approximate error: 886.546248018 
INFO: get decay diagram for h+ 
INFO:     current estimated error: 40.8672337143 go to 4-body decay: 
INFO:     stop to 4.0 body-decay. approximate error: 2.10194833222 
INFO: get decay diagram for h4 
INFO:     current estimated error: 0.0227241331743 go to 4-body decay: 
100 / 173: 10s
INFO:     stop to 4.0 body-decay. approximate error: 0.00631154679975 
Pass to numerical integration for computing the widths:
INFO: More info in temporary files:
    /afs/cern.ch/work/s/syu/2HDM_gridpack/genproductions/bin/MadGraph5_aMCatNLO/interactive/interactive_gridpack/work/MG5_aMC_v2_4_2/tmpv2mdyR/temp_decay/index.html 
Results written to /afs/cern.ch/work/s/syu/2HDM_gridpack/genproductions/bin/MadGraph5_aMCatNLO/interactive/interactive_gridpack/work/MG5_aMC_v2_4_2/2HDMPZ2II_MH3_1600_MH4_400_MH2_1600_MHC_1600/Cards/param_card.dat
initMadLoop -r -f
Initializing MadLoop loop-induced matrix elements (this can take some time)...
MadLoop initialization finished.
compile Source Directory
Using random number seed offset = 21
INFO: Running Survey 
Creating Jobs
Working on SubProcesses
INFO:     P0_gg_xdxdxh1  
INFO:  Idle: 32,  Running: 16,  Completed: 0 [ current time: 21h39 ] 
INFO:  Idle: 31,  Running: 16,  Completed: 1 [  44s  ] 
INFO:  Idle: 30,  Running: 16,  Completed: 2 [  49.5s  ] 
INFO:  Idle: 29,  Running: 16,  Completed: 3 [  53.1s  ] 
INFO:  Idle: 25,  Running: 16,  Completed: 7 [  1m 0s  ] 
INFO:  Idle: 23,  Running: 16,  Completed: 9 [  1m 5s  ] 
INFO:  Idle: 21,  Running: 16,  Completed: 13 [  1m 9s  ] 
INFO:  Idle: 19,  Running: 16,  Completed: 17 [  1m 41s  ] 
INFO:  Idle: 17,  Running: 16,  Completed: 20 [  1m 47s  ] 
INFO:  Idle: 16,  Running: 16,  Completed: 21 [  1m 50s  ] 
INFO:  Idle: 15,  Running: 16,  Completed: 22 [  1m 56s  ] 
INFO:  Idle: 14,  Running: 16,  Completed: 23 [  2m 2s  ] 
INFO:  Idle: 11,  Running: 16,  Completed: 27 [  2m 6s  ] 
INFO:  Idle: 10,  Running: 16,  Completed: 28 [  2m 9s  ] 
INFO:  Idle: 7,  Running: 16,  Completed: 32 [  2m 38s  ] 
INFO:  Idle: 5,  Running: 16,  Completed: 34 [  2m 42s  ] 
INFO: P0_gg_xdxdxh1/G1.4 is at 1.5e-07 +- 5.24e-09 pb. Now submitting iteration #2. 
INFO:  Idle: 7,  Running: 16,  Completed: 36 [  2m 47s  ] 
INFO: P0_gg_xdxdxh1/G1.7 is at 6.48e-10 +- 7.41e-11 pb. Now submitting iteration #2. 
INFO: P0_gg_xdxdxh1/G1.5 is at 2.25e-09 +- 4.45e-10 pb. Now submitting iteration #2. 
INFO: P0_gg_xdxdxh1/G1.8 is at 2.18e-10 +- 8.23e-11 pb. Now submitting iteration #2. 
INFO: P0_gg_xdxdxh1/G2.5 is at 8.55e-06 +- 6.68e-07 pb. Now submitting iteration #2. 
INFO:  Idle: 15,  Running: 16,  Completed: 40 [  2m 50s  ] 
INFO: P0_gg_xdxdxh1/G2.7 is at 2.44e-08 +- 1.81e-09 pb. Now submitting iteration #2. 
INFO: P0_gg_xdxdxh1/G3 is at 0.0016 +- 0.0001 pb. Now submitting iteration #2. 
INFO:  Idle: 21,  Running: 16,  Completed: 46 [  2m 55s  ] 
INFO:  Idle: 20,  Running: 16,  Completed: 49 [  2m 58s  ] 
INFO:  Idle: 19,  Running: 16,  Completed: 50 [  3m 6s  ] 
INFO:  Idle: 19,  Running: 16,  Completed: 51 [  3m 9s  ] 
INFO:  Idle: 18,  Running: 16,  Completed: 52 [  3m 36s  ] 
INFO:  Idle: 17,  Running: 16,  Completed: 53 [  3m 40s  ] 
INFO:  Idle: 16,  Running: 16,  Completed: 54 [  3m 46s  ] 
INFO:  Idle: 14,  Running: 16,  Completed: 56 [  3m 54s  ] 
INFO:  Idle: 13,  Running: 16,  Completed: 57 [  3m 58s  ] 
INFO:  Idle: 11,  Running: 16,  Completed: 59 [  4m 3s  ] 
INFO:  Idle: 10,  Running: 16,  Completed: 62 [  4m 8s  ] 
INFO:  Idle: 9,  Running: 16,  Completed: 64 [  4m 12s  ] 
INFO:  Idle: 8,  Running: 16,  Completed: 65 [  4m 18s  ] 
INFO:  Idle: 8,  Running: 16,  Completed: 67 [  4m 41s  ] 
INFO: P0_gg_xdxdxh1/G4.5 is at 0.00318 +- 0.00028 pb. Now submitting iteration #2. 
INFO: P0_gg_xdxdxh1/G4.7 is at 0.000576 +- 5.5e-05 pb. Now submitting iteration #2. 
INFO:  Idle: 12,  Running: 16,  Completed: 70 [  4m 46s  ] 
INFO: P0_gg_xdxdxh1/G4.4 is at 1.8e-05 +- 6.65e-07 pb. Now submitting iteration #2. 
INFO: P0_gg_xdxdxh1/G1.4 is at 1.6e-07 +- 1.18e-08 pb. Now submitting iteration #3. 
INFO: P0_gg_xdxdxh1/G2.8 is at 3.46e-07 +- 1.87e-07 pb. Now submitting iteration #2. 
INFO: Survey finished for P0_gg_xdxdxh1/G1.7 at 5.1e-10 +- 3.85e-11 pb 
INFO: Survey finished for P0_gg_xdxdxh1/G1.5 at 3.32e-09 +- 4.14e-09 pb 
INFO:  Idle: 20,  Running: 16,  Completed: 75 [  4m 53s  ] 
INFO: P0_gg_xdxdxh1/G4.8 is at 0.000342 +- 0.000309 pb. Now submitting iteration #2. 
INFO:  Idle: 20,  Running: 16,  Completed: 80 [  5m 2s  ] 
INFO:  Idle: 17,  Running: 16,  Completed: 83 [  5m 8s  ] 
INFO:  Idle: 15,  Running: 16,  Completed: 87 [  5m 11s  ] 
INFO:  Idle: 14,  Running: 16,  Completed: 88 [  5m 22s  ] 
INFO:  Idle: 12,  Running: 16,  Completed: 90 [  5m 29s  ] 
INFO:  Idle: 11,  Running: 16,  Completed: 91 [  5m 53s  ] 
INFO:  Idle: 9,  Running: 16,  Completed: 94 [  6m 0s  ] 
INFO:  Idle: 7,  Running: 16,  Completed: 96 [  6m 4s  ] 
INFO: Survey finished for P0_gg_xdxdxh1/G1.8 at 5.51e-10 +- 8.46e-11 pb 
INFO:  Idle: 6,  Running: 16,  Completed: 97 [  6m 7s  ] 
INFO:  Idle: 3,  Running: 16,  Completed: 102 [  6m 15s  ] 
INFO: P0_gg_xdxdxh1/G2.5 is at 1.04e-05 +- 4.29e-07 pb. Now submitting iteration #3. 
INFO: P0_gg_xdxdxh1/G2.7 is at 2.26e-08 +- 7.19e-10 pb. Now submitting iteration #3. 
INFO:  Idle: 8,  Running: 16,  Completed: 105 [  6m 18s  ] 
INFO: P0_gg_xdxdxh1/G3 is at 0.00169 +- 4.26e-05 pb. Now submitting iteration #3. 
INFO: P0_gg_xdxdxh1/G4.7 is at 0.000633 +- 1.72e-05 pb. Now submitting iteration #3. 
INFO: P0_gg_xdxdxh1/G4.5 is at 0.003154 +- 4.57e-06 pb. Now submitting iteration #3. 
INFO:  Idle: 14,  Running: 16,  Completed: 108 [  6m 28s  ] 
INFO:  Idle: 16,  Running: 16,  Completed: 110 [  6m 54s  ] 
INFO:  Idle: 14,  Running: 16,  Completed: 112 [  6m 59s  ] 
INFO:  Idle: 13,  Running: 16,  Completed: 113 [  7m 3s  ] 
INFO:  Idle: 12,  Running: 16,  Completed: 114 [  7m 7s  ] 
INFO: P0_gg_xdxdxh1/G4.4 is at 1.825e-05 +- 1.79e-07 pb. Now submitting iteration #3. 
INFO:  Idle: 14,  Running: 16,  Completed: 117 [  7m 15s  ] 
INFO:  Idle: 14,  Running: 16,  Completed: 118 [  7m 18s  ] 
INFO:  Idle: 12,  Running: 16,  Completed: 120 [  7m 22s  ] 
INFO:  Idle: 11,  Running: 16,  Completed: 121 [  7m 30s  ] 
INFO:  Idle: 11,  Running: 16,  Completed: 122 [  8m 12s  ] 
INFO:  Idle: 10,  Running: 16,  Completed: 123 [  8m 25s  ] 
INFO:  Idle: 9,  Running: 16,  Completed: 124 [  8m 39s  ] 
INFO:  Idle: 7,  Running: 16,  Completed: 126 [  8m 43s  ] 
INFO:  Idle: 6,  Running: 16,  Completed: 128 [  8m 51s  ] 
INFO: P0_gg_xdxdxh1/G2.8 is at 1.62e-07 +- 6.48e-08 pb. Now submitting iteration #3. 
INFO:  Idle: 8,  Running: 16,  Completed: 130 [  8m 57s  ] 
INFO:  Idle: 6,  Running: 16,  Completed: 132 [  9m 4s  ] 
INFO: P0_gg_xdxdxh1/G4.8 is at 8.72e-05 +- 9.47e-05 pb. Now submitting iteration #3. 
INFO: Survey finished for P0_gg_xdxdxh1/G1.4 at 1.66e-07 +- 2.99e-09 pb 
INFO:  Idle: 8,  Running: 16,  Completed: 134 [  9m 8s  ] 
INFO: Survey finished for P0_gg_xdxdxh1/G2.5 at 1.06e-05 +- 1.36e-07 pb 
INFO:  Idle: 8,  Running: 16,  Completed: 135 [  9m 13s  ] 
INFO:  Idle: 6,  Running: 16,  Completed: 137 [  9m 16s  ] 
INFO:  Idle: 5,  Running: 16,  Completed: 139 [  9m 20s  ] 
INFO:  Idle: 4,  Running: 16,  Completed: 140 [  9m 29s  ] 
INFO:  Idle: 3,  Running: 16,  Completed: 141 [  9m 33s  ] 
INFO:  Idle: 3,  Running: 16,  Completed: 142 [  10m 9s  ] 
INFO:  Idle: 2,  Running: 16,  Completed: 143 [  10m 28s  ] 
INFO: Survey finished for P0_gg_xdxdxh1/G2.7 at 2.28e-08 +- 3.66e-10 pb 
INFO:  Idle: 1,  Running: 16,  Completed: 144 [  10m 32s  ] 
INFO: Survey finished for P0_gg_xdxdxh1/G3 at 0.00176 +- 3.4e-05 pb 
INFO:  Idle: 0,  Running: 16,  Completed: 145 [  10m 35s  ] 
INFO: Survey finished for P0_gg_xdxdxh1/G4.7 at 0.0006349 +- 4.78e-06 pb 
INFO:  Idle: 0,  Running: 14,  Completed: 147 [  10m 39s  ] 
INFO:  Idle: 0,  Running: 13,  Completed: 148 [  10m 43s  ] 
INFO:  Idle: 0,  Running: 12,  Completed: 149 [  10m 57s  ] 
INFO: Survey finished for P0_gg_xdxdxh1/G4.5 at 0.003134 +- 6.29e-06 pb 
INFO:  Idle: 0,  Running: 9,  Completed: 153 [  11m 3s  ] 
INFO:  Idle: 0,  Running: 8,  Completed: 155 [  11m 8s  ] 
INFO: Survey finished for P0_gg_xdxdxh1/G4.4 at 1.867e-05 +- 1.8e-07 pb 
INFO:  Idle: 0,  Running: 4,  Completed: 159 [  11m 13s  ] 
INFO:  Idle: 0,  Running: 3,  Completed: 160 [  11m 16s  ] 
INFO: P0_gg_xdxdxh1/G2.8 is at 1.99e-07 +- 1.63e-08 pb. Now submitting iteration #4. 
INFO:  Idle: 0,  Running: 3,  Completed: 162 [  11m 21s  ] 
INFO:  Idle: 1,  Running: 4,  Completed: 164 [  11m 49s  ] 
INFO: P0_gg_xdxdxh1/G4.8 is at 7.54e-05 +- 1.77e-05 pb. Now submitting iteration #4. 
INFO:  Idle: 0,  Running: 7,  Completed: 166 [  14m 1s  ] 
INFO:  Idle: 0,  Running: 5,  Completed: 168 [  14m 6s  ] 
INFO: P0_gg_xdxdxh1/G2.8 is at 2.21e-07 +- 1.98e-08 pb. Now submitting iteration #5. 
INFO:  Idle: 0,  Running: 7,  Completed: 171 [  14m 34s  ] 
INFO:  Idle: 1,  Running: 4,  Completed: 174 [  14m 37s  ] 
INFO: P0_gg_xdxdxh1/G4.8 is at 7.04e-05 +- 3.39e-06 pb. Now submitting iteration #5. 
INFO:  Idle: 0,  Running: 7,  Completed: 176 [  19m 31s  ] 
INFO:  Idle: 0,  Running: 5,  Completed: 178 [  19m 34s  ] 
INFO:  Idle: 1,  Running: 4,  Completed: 179 [  19m 38s  ] 
INFO: Survey finished for P0_gg_xdxdxh1/G2.8 at 2.27e-07 +- 1.96e-08 pb 
INFO:  Idle: 0,  Running: 3,  Completed: 181 [  19m 56s  ] 
INFO:  Idle: 0,  Running: 1,  Completed: 183 [  20m 0s  ] 
INFO:  Idle: 1,  Running: 0,  Completed: 184 [  20m 3s  ] 
INFO: Survey finished for P0_gg_xdxdxh1/G4.8 at 7.28e-05 +- 1.92e-06 pb 
INFO:  Idle: 0,  Running: 0,  Completed: 185 [  20m 6s  ] 
INFO: End survey 
refine 20000
INFO: compile directory 
compile Source Directory
Creating Jobs
INFO: Refine results to 20000 
INFO: Generating 20000.0 unweigthed events. 
INFO: Effective Luminosity 4082284.43668 pb^-1 
INFO: need to improve 4 channels 
Current estimate of cross-section: 0.0056341003075 +- 3.49659672035e-05
INFO:  Idle: 1,  Running: 16,  Completed: 0 [ current time: 22h00 ] 
INFO:  Idle: 0,  Running: 16,  Completed: 1 [  2m 46s  ] 
INFO:  Idle: 1,  Running: 15,  Completed: 2 [  2m 58s  ] 
INFO: P0_gg_xdxdxh1/G4.7 is at 998/2678 (37%) event. Resubmit 1 job at iteration 1. 
INFO:  Idle: 0,  Running: 15,  Completed: 4 [  3m 6s  ] 
INFO:  Idle: 0,  Running: 14,  Completed: 5 [  3m 13s  ] 
INFO:  Idle: 0,  Running: 12,  Completed: 7 [  3m 19s  ] 
INFO:  Idle: 0,  Running: 11,  Completed: 8 [  3m 32s  ] 
INFO:  Idle: 0,  Running: 10,  Completed: 9 [  3m 35s  ] 
INFO: P0_gg_xdxdxh1/G4.8 is at 175/299 (59%) event. Resubmit 1 job at iteration 1. 
INFO:  Idle: 0,  Running: 8,  Completed: 13 [  3m 43s  ] 
INFO:  Idle: 0,  Running: 5,  Completed: 16 [  3m 47s  ] 
INFO: P0_gg_xdxdxh1/G4.5 is at 6/15676 (0.039%) event. Resubmit 5 job at iteration 1. 
INFO:  Idle: 0,  Running: 9,  Completed: 18 [  3m 52s  ] 
INFO:  Idle: 0,  Running: 8,  Completed: 19 [  3m 58s  ] 
INFO:  Idle: 1,  Running: 7,  Completed: 20 [  5m 21s  ] 
INFO: P0_gg_xdxdxh1/G4.7 is at 1967/2647 (74%) event. Resubmit 1 job at iteration 2. 
INFO:  Idle: 1,  Running: 7,  Completed: 22 [  5m 28s  ] 
INFO: P0_gg_xdxdxh1/G3 is at 1642/7146 (23%) event. Resubmit 13 job at iteration 1. 
INFO:  Idle: 4,  Running: 16,  Completed: 24 [  6m 27s  ] 
INFO:  Idle: 3,  Running: 16,  Completed: 25 [  6m 37s  ] 
INFO:  Idle: 2,  Running: 16,  Completed: 26 [  6m 43s  ] 
INFO:  Idle: 1,  Running: 16,  Completed: 27 [  6m 56s  ] 
INFO: P0_gg_xdxdxh1/G4.8 is at 237/298 (80%) event. Resubmit 1 job at iteration 2. 
INFO: P0_gg_xdxdxh1/G4.5 is at 7934/12818 (62%) event. Resubmit 4 job at iteration 2. 
INFO:  Idle: 3,  Running: 16,  Completed: 31 [  7m 6s  ] 
INFO:  Idle: 3,  Running: 16,  Completed: 32 [  8m 28s  ] 
INFO:  Idle: 2,  Running: 16,  Completed: 33 [  8m 50s  ] 
INFO:  Idle: 1,  Running: 16,  Completed: 34 [  9m 5s  ] 
INFO:  Idle: 0,  Running: 16,  Completed: 35 [  9m 9s  ] 
INFO: found enough event for P0_gg_xdxdxh1/G4.7 
INFO:  Idle: 0,  Running: 13,  Completed: 38 [  9m 16s  ] 
INFO:  Idle: 0,  Running: 11,  Completed: 40 [  9m 25s  ] 
INFO:  Idle: 0,  Running: 9,  Completed: 42 [  9m 35s  ] 
INFO:  Idle: 0,  Running: 8,  Completed: 43 [  9m 49s  ] 
INFO:  Idle: 0,  Running: 6,  Completed: 45 [  10m 2s  ] 
INFO:  Idle: 1,  Running: 5,  Completed: 46 [  10m 13s  ] 
INFO: found enough event for P0_gg_xdxdxh1/G4.8 
INFO: P0_gg_xdxdxh1/G3 is at 3558/7126 (50%) event. Resubmit 25 job at iteration 2. 
INFO:  Idle: 13,  Running: 16,  Completed: 49 [  10m 18s  ] 
INFO:  Idle: 12,  Running: 16,  Completed: 50 [  10m 33s  ] 
INFO:  Idle: 11,  Running: 16,  Completed: 51 [  12m 17s  ] 
INFO:  Idle: 10,  Running: 16,  Completed: 52 [  12m 26s  ] 
INFO:  Idle: 10,  Running: 16,  Completed: 53 [  12m 41s  ] 
INFO:  Idle: 9,  Running: 16,  Completed: 54 [  13m 14s  ] 
INFO:  Idle: 8,  Running: 16,  Completed: 55 [  13m 19s  ] 
INFO:  Idle: 5,  Running: 16,  Completed: 58 [  13m 29s  ] 
INFO:  Idle: 4,  Running: 16,  Completed: 59 [  13m 59s  ] 
INFO:  Idle: 1,  Running: 16,  Completed: 62 [  14m 24s  ] 
INFO:  Idle: 0,  Running: 15,  Completed: 64 [  14m 27s  ] 
INFO:  Idle: 0,  Running: 14,  Completed: 65 [  14m 32s  ] 
INFO: found enough event for P0_gg_xdxdxh1/G4.5 
INFO:  Idle: 0,  Running: 11,  Completed: 68 [  15m 39s  ] 
INFO:  Idle: 0,  Running: 10,  Completed: 69 [  15m 45s  ] 
INFO:  Idle: 0,  Running: 9,  Completed: 70 [  15m 57s  ] 
INFO:  Idle: 0,  Running: 8,  Completed: 71 [  16m 4s  ] 
INFO:  Idle: 0,  Running: 7,  Completed: 72 [  16m 19s  ] 
INFO:  Idle: 0,  Running: 4,  Completed: 75 [  16m 22s  ] 
INFO:  Idle: 0,  Running: 3,  Completed: 76 [  16m 49s  ] 
INFO:  Idle: 0,  Running: 2,  Completed: 77 [  16m 55s  ] 
INFO:  Idle: 0,  Running: 1,  Completed: 78 [  16m 59s  ] 
INFO:  Idle: 1,  Running: 0,  Completed: 79 [  17m 5s  ] 
INFO: found enough event for P0_gg_xdxdxh1/G3 
INFO:  Idle: 0,  Running: 0,  Completed: 80 [  17m 9s  ] 
INFO:  Idle: 0,  Running: 0,  Completed: 80 [  17m 9s  ] 
INFO: Combining runs 
INFO: finish refine 
refine 20000
Creating Jobs
INFO: Refine results to 20000 
INFO: Generating 20000.0 unweigthed events. 
INFO: Effective Luminosity 4071614.8854 pb^-1 
INFO: need to improve 1 channels 
Current estimate of cross-section: 0.0056488643075 +- 1.2871678821e-05
INFO:  Idle: 0,  Running: 1,  Completed: 0 [ current time: 22h17 ] 
INFO:  Idle: 1,  Running: 0,  Completed: 1 [  31.6s  ] 
[1;34mWARNING: float division by zero [0m
INFO:  Idle: 0,  Running: 0,  Completed: 2 [  31.8s  ] 
float division by zero
Cluster Error detected. Do you want to clean the queue? ("c"=continue the run anyway) [[4my[0m, n, c]
[1;60mThe answer to the previous question is not set in your input file[0m
[1;60mUse y value[0m
[1;31mCommand "generate_events run_01" interrupted with error:
ZeroDivisionError : float division by zero
Please report this bug on https://bugs.launchpad.net/mg5amcnlo
More information is found in '/afs/cern.ch/work/s/syu/2HDM_gridpack/genproductions/bin/MadGraph5_aMCatNLO/interactive/interactive_gridpack/work/MG5_aMC_v2_4_2/2HDMPZ2II_MH3_1600_MH4_400_MH2_1600_MHC_1600/run_01_tag_1_debug.log'.
Please attach this file to your report.[0m
INFO:  
 
INFO:  
 
quit
INFO:  
 
INFO:  
 
quit
 

 


Job finished at Thu Jul 20 22:17:53 CEST 2017 on node 
 under linux version Scientific Linux CERN SLC release 6.9 (Carbon)

CERN statistics: This process used approximately : 10:36:16 KSI2K hours (38176 KSI2K seconds)
                 This process corresponds to     : 41:21:27 HS06  hours (148887 HS06  seconds)
