@(#)CERN job starter $Date: 2010/06/23 14:22:16 $
Working directory is </pool/lsf/syu/60064154> on <b64c350410.cern.ch>

Starting job on  Thu Jul 20 19:37:03 CEST 2017
Running on  Linux b64c350410.cern.ch 2.6.32-642.11.1.el6.x86_64 #1 SMP Wed Nov 16 09:40:09 CET 2016 x86_64 x86_64 x86_64 GNU/Linux
System release  Scientific Linux CERN SLC release 6.9 (Carbon)
name: interactive
carddir: 
queue: local
# On branch master
# Changed but not updated:
#   (use "git add <file>..." to update what will be committed)
#   (use "git checkout -- <file>..." to discard changes in working directory)
#
#	modified:   cards/production/13TeV/monoHiggs/Zp2HDM/Zprime_A0h_A0chichi/Zprime_A0h_A0chichi_MZp2500_MA0800/Zprime_A0h_A0chichi_MZp2500_MA0800_customizecards.dat
#	modified:   cards/production/13TeV/monoHiggs/Zp2HDM/Zprime_A0h_A0chichi/Zprime_A0h_A0chichi_MZp600_MA0300/Zprime_A0h_A0chichi_MZp600_MA0300_customizecards.dat
#
# Untracked files:
#   (use "git add <file>..." to include in what will be committed)
#
#	2HDMPZ2II_MH3_1000_MH4_100_MH2_1000_MHC_1000_proc_card.dat
#	2HDMPZ2II_MH3_1000_MH4_150_MH2_1000_MHC_1000_proc_card.dat
#	2HDMPZ2II_MH3_1000_MH4_200_MH2_1000_MHC_1000_proc_card.dat
#	2HDMPZ2II_MH3_1000_MH4_250_MH2_1000_MHC_1000_proc_card.dat
#	2HDMPZ2II_MH3_1000_MH4_300_MH2_1000_MHC_1000_proc_card.dat
#	2HDMPZ2II_MH3_1000_MH4_350_MH2_1000_MHC_1000_proc_card.dat
#	2HDMPZ2II_MH3_1000_MH4_400_MH2_1000_MHC_1000_proc_card.dat
#	2HDMPZ2II_MH3_1000_MH4_450_MH2_1000_MHC_1000_proc_card.dat
#	2HDMPZ2II_MH3_1000_MH4_500_MH2_1000_MHC_1000_proc_card.dat
#	2HDMPZ2II_MH3_100_MH4_100_MH2_100_MHC_100_proc_card.dat
#	2HDMPZ2II_MH3_1100_MH4_100_MH2_1100_MHC_1100_proc_card.dat
#	2HDMPZ2II_MH3_1100_MH4_150_MH2_1100_MHC_1100_proc_card.dat
#	2HDMPZ2II_MH3_1100_MH4_200_MH2_1100_MHC_1100_proc_card.dat
#	2HDMPZ2II_MH3_1100_MH4_250_MH2_1100_MHC_1100_proc_card.dat
#	2HDMPZ2II_MH3_1100_MH4_300_MH2_1100_MHC_1100_proc_card.dat
#	2HDMPZ2II_MH3_1100_MH4_350_MH2_1100_MHC_1100_proc_card.dat
#	2HDMPZ2II_MH3_1100_MH4_400_MH2_1100_MHC_1100_proc_card.dat
#	2HDMPZ2II_MH3_1100_MH4_450_MH2_1100_MHC_1100_proc_card.dat
#	2HDMPZ2II_MH3_1100_MH4_500_MH2_1100_MHC_1100_proc_card.dat
#	2HDMPZ2II_MH3_1200_MH4_100_MH2_1200_MHC_1200_proc_card.dat
#	2HDMPZ2II_MH3_1200_MH4_150_MH2_1200_MHC_1200_proc_card.dat
#	2HDMPZ2II_MH3_1200_MH4_200_MH2_1200_MHC_1200_proc_card.dat
#	2HDMPZ2II_MH3_1200_MH4_250_MH2_1200_MHC_1200_proc_card.dat
#	2HDMPZ2II_MH3_1200_MH4_300_MH2_1200_MHC_1200_proc_card.dat
#	2HDMPZ2II_MH3_1200_MH4_350_MH2_1200_MHC_1200_proc_card.dat
#	2HDMPZ2II_MH3_1200_MH4_400_MH2_1200_MHC_1200_proc_card.dat
#	2HDMPZ2II_MH3_1200_MH4_450_MH2_1200_MHC_1200_proc_card.dat
#	2HDMPZ2II_MH3_1200_MH4_500_MH2_1200_MHC_1200_proc_card.dat
#	2HDMPZ2II_MH3_1300_MH4_100_MH2_1300_MHC_1300_proc_card.dat
#	2HDMPZ2II_MH3_1300_MH4_150_MH2_1300_MHC_1300_proc_card.dat
#	2HDMPZ2II_MH3_1300_MH4_200_MH2_1300_MHC_1300_proc_card.dat
#	2HDMPZ2II_MH3_1300_MH4_250_MH2_1300_MHC_1300_proc_card.dat
#	2HDMPZ2II_MH3_1300_MH4_300_MH2_1300_MHC_1300_proc_card.dat
#	2HDMPZ2II_MH3_1300_MH4_350_MH2_1300_MHC_1300_proc_card.dat
#	2HDMPZ2II_MH3_1300_MH4_400_MH2_1300_MHC_1300_proc_card.dat
#	2HDMPZ2II_MH3_1300_MH4_450_MH2_1300_MHC_1300_proc_card.dat
#	2HDMPZ2II_MH3_1300_MH4_500_MH2_1300_MHC_1300_proc_card.dat
#	2HDMPZ2II_MH3_1400_MH4_100_MH2_1400_MHC_1400_proc_card.dat
#	2HDMPZ2II_MH3_1400_MH4_150_MH2_1400_MHC_1400_proc_card.dat
#	2HDMPZ2II_MH3_1400_MH4_200_MH2_1400_MHC_1400_proc_card.dat
#	2HDMPZ2II_MH3_1400_MH4_250_MH2_1400_MHC_1400_proc_card.dat
#	2HDMPZ2II_MH3_1400_MH4_300_MH2_1400_MHC_1400_proc_card.dat
#	2HDMPZ2II_MH3_1400_MH4_350_MH2_1400_MHC_1400_proc_card.dat
#	2HDMPZ2II_MH3_1400_MH4_400_MH2_1400_MHC_1400_proc_card.dat
#	2HDMPZ2II_MH3_1400_MH4_450_MH2_1400_MHC_1400_proc_card.dat
#	2HDMPZ2II_MH3_1400_MH4_500_MH2_1400_MHC_1400_proc_card.dat
#	2HDMPZ2II_MH3_1500_MH4_100_MH2_1500_MHC_1500_proc_card.dat
#	2HDMPZ2II_MH3_1500_MH4_150_MH2_1500_MHC_1500_proc_card.dat
#	2HDMPZ2II_MH3_1500_MH4_200_MH2_1500_MHC_1500_proc_card.dat
#	2HDMPZ2II_MH3_1500_MH4_250_MH2_1500_MHC_1500_proc_card.dat
#	2HDMPZ2II_MH3_1500_MH4_300_MH2_1500_MHC_1500_proc_card.dat
#	2HDMPZ2II_MH3_1500_MH4_350_MH2_1500_MHC_1500_proc_card.dat
#	2HDMPZ2II_MH3_1500_MH4_400_MH2_1500_MHC_1500_proc_card.dat
#	2HDMPZ2II_MH3_1500_MH4_450_MH2_1500_MHC_1500_proc_card.dat
#	2HDMPZ2II_MH3_1500_MH4_500_MH2_1500_MHC_1500_proc_card.dat
#	2HDMPZ2II_MH3_1600_MH4_100_MH2_1600_MHC_1600_proc_card.dat
#	2HDMPZ2II_MH3_1600_MH4_150_MH2_1600_MHC_1600_proc_card.dat
#	2HDMPZ2II_MH3_1600_MH4_200_MH2_1600_MHC_1600_proc_card.dat
#	2HDMPZ2II_MH3_1600_MH4_250_MH2_1600_MHC_1600_proc_card.dat
#	2HDMPZ2II_MH3_1600_MH4_300_MH2_1600_MHC_1600_proc_card.dat
#	2HDMPZ2II_MH3_1600_MH4_350_MH2_1600_MHC_1600_proc_card.dat
#	2HDMPZ2II_MH3_1600_MH4_400_MH2_1600_MHC_1600_proc_card.dat
#	2HDMPZ2II_MH3_1600_MH4_450_MH2_1600_MHC_1600_proc_card.dat
#	2HDMPZ2II_MH3_1600_MH4_500_MH2_1600_MHC_1600_proc_card.dat
#	2HDMPZ2II_MH3_200_MH4_100_MH2_200_MHC_200_proc_card.dat
#	2HDMPZ2II_MH3_200_MH4_150_MH2_200_MHC_200_proc_card.dat
#	2HDMPZ2II_MH3_200_MH4_200_MH2_200_MHC_200_proc_card.dat
#	2HDMPZ2II_MH3_300_MH4_100_MH2_300_MHC_300_proc_card.dat
#	2HDMPZ2II_MH3_300_MH4_150_MH2_300_MHC_300_proc_card.dat
#	2HDMPZ2II_MH3_300_MH4_200_MH2_300_MHC_300_proc_card.dat
#	2HDMPZ2II_MH3_300_MH4_250_MH2_300_MHC_300_proc_card.dat
#	2HDMPZ2II_MH3_300_MH4_300_MH2_300_MHC_300_proc_card.dat
#	2HDMPZ2II_MH3_400_MH4_100_MH2_400_MHC_400_proc_card.dat
#	2HDMPZ2II_MH3_400_MH4_150_MH2_400_MHC_400_proc_card.dat
#	2HDMPZ2II_MH3_400_MH4_200_MH2_400_MHC_400_proc_card.dat
#	2HDMPZ2II_MH3_400_MH4_250_MH2_400_MHC_400_proc_card.dat
#	2HDMPZ2II_MH3_400_MH4_300_MH2_400_MHC_400_proc_card.dat
#	2HDMPZ2II_MH3_400_MH4_350_MH2_400_MHC_400_proc_card.dat
#	2HDMPZ2II_MH3_400_MH4_400_MH2_400_MHC_400_proc_card.dat
#	2HDMPZ2II_MH3_500_MH4_100_MH2_500_MHC_500_proc_card.dat
#	2HDMPZ2II_MH3_500_MH4_150_MH2_500_MHC_500_proc_card.dat
#	2HDMPZ2II_MH3_500_MH4_200_MH2_500_MHC_500_proc_card.dat
#	2HDMPZ2II_MH3_500_MH4_250_MH2_500_MHC_500_proc_card.dat
#	2HDMPZ2II_MH3_500_MH4_300_MH2_500_MHC_500_proc_card.dat
#	2HDMPZ2II_MH3_500_MH4_350_MH2_500_MHC_500_proc_card.dat
#	2HDMPZ2II_MH3_500_MH4_400_MH2_500_MHC_500_proc_card.dat
#	2HDMPZ2II_MH3_500_MH4_450_MH2_500_MHC_500_proc_card.dat
#	2HDMPZ2II_MH3_500_MH4_500_MH2_500_MHC_500_proc_card.dat
#	2HDMPZ2II_MH3_600_MH4_100_MH2_600_MHC_600_proc_card.dat
#	2HDMPZ2II_MH3_600_MH4_150_MH2_600_MHC_600_proc_card.dat
#	2HDMPZ2II_MH3_600_MH4_200_MH2_600_MHC_600_proc_card.dat
#	2HDMPZ2II_MH3_600_MH4_250_MH2_600_MHC_600_proc_card.dat
#	2HDMPZ2II_MH3_600_MH4_300_MH2_600_MHC_600_proc_card.dat
#	2HDMPZ2II_MH3_600_MH4_350_MH2_600_MHC_600_proc_card.dat
#	2HDMPZ2II_MH3_600_MH4_400_MH2_600_MHC_600_proc_card.dat
#	2HDMPZ2II_MH3_600_MH4_450_MH2_600_MHC_600_proc_card.dat
#	2HDMPZ2II_MH3_600_MH4_500_MH2_600_MHC_600_proc_card.dat
#	2HDMPZ2II_MH3_700_MH4_100_MH2_700_MHC_700_proc_card.dat
#	2HDMPZ2II_MH3_700_MH4_150_MH2_700_MHC_700_proc_card.dat
#	2HDMPZ2II_MH3_700_MH4_200_MH2_700_MHC_700_proc_card.dat
#	2HDMPZ2II_MH3_700_MH4_250_MH2_700_MHC_700_proc_card.dat
#	2HDMPZ2II_MH3_700_MH4_300_MH2_700_MHC_700_proc_card.dat
#	2HDMPZ2II_MH3_700_MH4_350_MH2_700_MHC_700_proc_card.dat
#	2HDMPZ2II_MH3_700_MH4_400_MH2_700_MHC_700_proc_card.dat
#	2HDMPZ2II_MH3_700_MH4_450_MH2_700_MHC_700_proc_card.dat
#	2HDMPZ2II_MH3_700_MH4_500_MH2_700_MHC_700_proc_card.dat
#	2HDMPZ2II_MH3_800_MH4_100_MH2_800_MHC_800_proc_card.dat
#	2HDMPZ2II_MH3_800_MH4_150_MH2_800_MHC_800_proc_card.dat
#	2HDMPZ2II_MH3_800_MH4_200_MH2_800_MHC_800_proc_card.dat
#	2HDMPZ2II_MH3_800_MH4_250_MH2_800_MHC_800_proc_card.dat
#	2HDMPZ2II_MH3_800_MH4_300_MH2_800_MHC_800_proc_card.dat
#	2HDMPZ2II_MH3_800_MH4_350_MH2_800_MHC_800_proc_card.dat
#	2HDMPZ2II_MH3_800_MH4_400_MH2_800_MHC_800_proc_card.dat
#	2HDMPZ2II_MH3_800_MH4_450_MH2_800_MHC_800_proc_card.dat
#	2HDMPZ2II_MH3_800_MH4_500_MH2_800_MHC_800_proc_card.dat
#	2HDMPZ2II_MH3_900_MH4_100_MH2_900_MHC_900_proc_card.dat
#	2HDMPZ2II_MH3_900_MH4_150_MH2_900_MHC_900_proc_card.dat
#	2HDMPZ2II_MH3_900_MH4_200_MH2_900_MHC_900_proc_card.dat
#	2HDMPZ2II_MH3_900_MH4_250_MH2_900_MHC_900_proc_card.dat
#	2HDMPZ2II_MH3_900_MH4_300_MH2_900_MHC_900_proc_card.dat
#	2HDMPZ2II_MH3_900_MH4_350_MH2_900_MHC_900_proc_card.dat
#	2HDMPZ2II_MH3_900_MH4_400_MH2_900_MHC_900_proc_card.dat
#	2HDMPZ2II_MH3_900_MH4_450_MH2_900_MHC_900_proc_card.dat
#	2HDMPZ2II_MH3_900_MH4_500_MH2_900_MHC_900_proc_card.dat
#	2HDMPZ2II_proc_card.dat
#	2HDM_MZp1000_MA0300_MDM100_proc_card.dat
#	2HDM_MZp4000_MA0300_MDM100_proc_card.dat
#	2HDM_proc_card.dat
#	ATLAS_mass
#	Log057
#	Zprime_A0h_A0chichi_MZp600_MA0300.log
#	Zprime_A0h_A0chichi_MZp600_MA0300/
#	Zprime_A0h_A0chichi_MZp600_MA0300_tarball.tar.xz
#	a0width
#	cards/production/13TeV/monoHiggs/Zp2HDM/Zprime_A0h_A0chichi/Zprime_A0h_A0chichi_MZp1000_MA0300/Zprime_A0h_A0chichi_MZp1000_MA0300_extramodels.dat
#	cards/production/13TeV/monoHiggs/Zp2HDM/Zprime_A0h_A0chichi/Zprime_A0h_A0chichi_MZp1000_MA0500/Zprime_A0h_A0chichi_MZp1000_MA0500_extramodels.dat
#	cards/production/13TeV/monoHiggs/Zp2HDM/Zprime_A0h_A0chichi/Zprime_A0h_A0chichi_MZp1000_MA0800/Zprime_A0h_A0chichi_MZp1000_MA0800_extramodels.dat
#	cards/production/13TeV/monoHiggs/Zp2HDM/Zprime_A0h_A0chichi/Zprime_A0h_A0chichi_MZp1200_MA0500/Zprime_A0h_A0chichi_MZp1200_MA0500_extramodels.dat
#	cards/production/13TeV/monoHiggs/Zp2HDM/Zprime_A0h_A0chichi/Zprime_A0h_A0chichi_MZp1200_MA0800/Zprime_A0h_A0chichi_MZp1200_MA0800_extramodels.dat
#	cards/production/13TeV/monoHiggs/Zp2HDM/Zprime_A0h_A0chichi/Zprime_A0h_A0chichi_MZp1400_MA0500/Zprime_A0h_A0chichi_MZp1400_MA0500_extramodels.dat
#	cards/production/13TeV/monoHiggs/Zp2HDM/Zprime_A0h_A0chichi/Zprime_A0h_A0chichi_MZp1400_MA0800/Zprime_A0h_A0chichi_MZp1400_MA0800_extramodels.dat
#	cards/production/13TeV/monoHiggs/Zp2HDM/Zprime_A0h_A0chichi/Zprime_A0h_A0chichi_MZp1700_MA0500/Zprime_A0h_A0chichi_MZp1700_MA0500_extramodels.dat
#	cards/production/13TeV/monoHiggs/Zp2HDM/Zprime_A0h_A0chichi/Zprime_A0h_A0chichi_MZp1700_MA0800/Zprime_A0h_A0chichi_MZp1700_MA0800_extramodels.dat
#	cards/production/13TeV/monoHiggs/Zp2HDM/Zprime_A0h_A0chichi/Zprime_A0h_A0chichi_MZp2000_MA0500/Zprime_A0h_A0chichi_MZp2000_MA0500_extramodels.dat
#	cards/production/13TeV/monoHiggs/Zp2HDM/Zprime_A0h_A0chichi/Zprime_A0h_A0chichi_MZp2000_MA0800/Zprime_A0h_A0chichi_MZp2000_MA0800_extramodels.dat
#	cards/production/13TeV/monoHiggs/Zp2HDM/Zprime_A0h_A0chichi/Zprime_A0h_A0chichi_MZp2500_MA0300/Zprime_A0h_A0chichi_MZp2500_MA0300_extramodels.dat
#	cards/production/13TeV/monoHiggs/Zp2HDM/Zprime_A0h_A0chichi/Zprime_A0h_A0chichi_MZp2500_MA0500/Zprime_A0h_A0chichi_MZp2500_MA0500_extramodels.dat
#	cards/production/13TeV/monoHiggs/Zp2HDM/Zprime_A0h_A0chichi/Zprime_A0h_A0chichi_MZp2500_MA0800/Zprime_A0h_A0chichi_MZp2500_MA0800_extramodels.dat
#	cards/production/13TeV/monoHiggs/Zp2HDM/Zprime_A0h_A0chichi/Zprime_A0h_A0chichi_MZp2750_MA0300/
#	cards/production/13TeV/monoHiggs/Zp2HDM/Zprime_A0h_A0chichi/Zprime_A0h_A0chichi_MZp2750_MA0500/
#	cards/production/13TeV/monoHiggs/Zp2HDM/Zprime_A0h_A0chichi/Zprime_A0h_A0chichi_MZp2750_MA0800/
#	cards/production/13TeV/monoHiggs/Zp2HDM/Zprime_A0h_A0chichi/Zprime_A0h_A0chichi_MZp3000_MA0300/
#	cards/production/13TeV/monoHiggs/Zp2HDM/Zprime_A0h_A0chichi/Zprime_A0h_A0chichi_MZp3000_MA0500/
#	cards/production/13TeV/monoHiggs/Zp2HDM/Zprime_A0h_A0chichi/Zprime_A0h_A0chichi_MZp3000_MA0800/
#	cards/production/13TeV/monoHiggs/Zp2HDM/Zprime_A0h_A0chichi/Zprime_A0h_A0chichi_MZp3500_MA0300/
#	cards/production/13TeV/monoHiggs/Zp2HDM/Zprime_A0h_A0chichi/Zprime_A0h_A0chichi_MZp3500_MA0500/
#	cards/production/13TeV/monoHiggs/Zp2HDM/Zprime_A0h_A0chichi/Zprime_A0h_A0chichi_MZp3500_MA0800/
#	cards/production/13TeV/monoHiggs/Zp2HDM/Zprime_A0h_A0chichi/Zprime_A0h_A0chichi_MZp4000_MA0300/
#	cards/production/13TeV/monoHiggs/Zp2HDM/Zprime_A0h_A0chichi/Zprime_A0h_A0chichi_MZp4000_MA0500/
#	cards/production/13TeV/monoHiggs/Zp2HDM/Zprime_A0h_A0chichi/Zprime_A0h_A0chichi_MZp4000_MA0800/
#	cards/production/13TeV/monoHiggs/Zp2HDM/Zprime_A0h_A0chichi/Zprime_A0h_A0chichi_MZp600_MA0300/Zprime_A0h_A0chichi_MZp600_MA0300_extramodels.dat
#	cards/production/13TeV/monoHiggs/Zp2HDM/Zprime_A0h_A0chichi/Zprime_A0h_A0chichi_MZp800_MA0500/Zprime_A0h_A0chichi_MZp800_MA0500_extramodels.dat
#	cards/production/13TeV/monoHiggs/Zp2HDM/Zprime_A0h_A0chichi/mass
#	cards/production/13TeV/monoHiggs/Zp2HDM/Zprime_A0h_A0chichi/old_Zprime_A0h_A0chichi_MZp3000_MA0300/
#	cards/testATLAS/
#	cards/testATLAS_customizecards.dat
#	interactive/
#	launch_2HDM.sh
#	launch_2HDMPZ2II.sh
#	log069.log
#	mass
#	runLaunch.sh
#	temp/
#	testATLAS.log
#	testATLAS/
#	width
#	xs_launch_2HDMPZ2II.sh
#	zpwidth
no changes added to commit (use "git add" and/or "git commit -a")
Current git revision is:
0a3bda3e567d269a20762d24dd6e701e5ee0ece0
diff --git a/bin/MadGraph5_aMCatNLO/cards/production/13TeV/monoHiggs/Zp2HDM/Zprime_A0h_A0chichi/Zprime_A0h_A0chichi_MZp2500_MA0800/Zprime_A0h_A0chichi_MZp2500_MA0800_customizecards.dat b/bin/MadGraph5_aMCatNLO/cards/production/13TeV/monoHiggs/Zp2HDM/Zprime_A0h_A0chichi/Zprime_A0h_A0chichi_MZp2500_MA0800/Zprime_A0h_A0chichi_MZp2500_MA0800_customizecards.dat
index 4580452..4ce9c64 100644
--- a/bin/MadGraph5_aMCatNLO/cards/production/13TeV/monoHiggs/Zp2HDM/Zprime_A0h_A0chichi/Zprime_A0h_A0chichi_MZp2500_MA0800/Zprime_A0h_A0chichi_MZp2500_MA0800_customizecards.dat
+++ b/bin/MadGraph5_aMCatNLO/cards/production/13TeV/monoHiggs/Zp2HDM/Zprime_A0h_A0chichi/Zprime_A0h_A0chichi_MZp2500_MA0800/Zprime_A0h_A0chichi_MZp2500_MA0800_customizecards.dat
@@ -4,5 +4,5 @@ set param_card mass 27 800
 set param_card mass 28 800
 set param_card ZpINPUTS 1 1
 set param_card ZpINPUTS 2 0.8
-set param_card DECAY 32 51.33163
-set param_card DECAY 28 75.5153
+set param_card DECAY 32 5.141429e+01
+set param_card DECAY 28 7.330065e+01
diff --git a/bin/MadGraph5_aMCatNLO/cards/production/13TeV/monoHiggs/Zp2HDM/Zprime_A0h_A0chichi/Zprime_A0h_A0chichi_MZp600_MA0300/Zprime_A0h_A0chichi_MZp600_MA0300_customizecards.dat b/bin/MadGraph5_aMCatNLO/cards/production/13TeV/monoHiggs/Zp2HDM/Zprime_A0h_A0chichi/Zprime_A0h_A0chichi_MZp600_MA0300/Zprime_A0h_A0chichi_MZp600_MA0300_customizecards.dat
index cb192f2..9b18abd 100644
--- a/bin/MadGraph5_aMCatNLO/cards/production/13TeV/monoHiggs/Zp2HDM/Zprime_A0h_A0chichi/Zprime_A0h_A0chichi_MZp600_MA0300/Zprime_A0h_A0chichi_MZp600_MA0300_customizecards.dat
+++ b/bin/MadGraph5_aMCatNLO/cards/production/13TeV/monoHiggs/Zp2HDM/Zprime_A0h_A0chichi/Zprime_A0h_A0chichi_MZp600_MA0300/Zprime_A0h_A0chichi_MZp600_MA0300_customizecards.dat
@@ -4,5 +4,5 @@ set param_card mass 27 300
 set param_card mass 28 300
 set param_card ZpINPUTS 1 1
 set param_card ZpINPUTS 2 0.8
-set param_card DECAY 32 11.22981
-set param_card DECAY 28 8.95228
+set param_card DECAY 32 AUTO
+set param_card DECAY 28 AUTO
/afs/cern.ch/work/s/syu/2HDM_gridpack/genproductions/bin/MadGraph5_aMCatNLO
Reusing existing directory assuming generated code already exists
WARNING: If you changed the process card you need to clean the folder and run from scratch
************************************************************
*                                                          *
*                     W E L C O M E to                     *
*              M A D G R A P H 5 _ a M C @ N L O           *
*                                                          *
*                                                          *
*                 *                       *                *
*                   *        * *        *                  *
*                     * * * * 5 * * * *                    *
*                   *        * *        *                  *
*                 *                       *                *
*                                                          *
*         VERSION 2.4.2                 2016-06-10         *
*                                                          *
*    The MadGraph5_aMC@NLO Development Team - Find us at   *
*    https://server06.fynu.ucl.ac.be/projects/madgraph     *
*                            and                           *
*            http://amcatnlo.web.cern.ch/amcatnlo/         *
*                                                          *
*               Type 'help' for in-line help.              *
*           Type 'tutorial' to learn how MG5 works         *
*    Type 'tutorial aMCatNLO' to learn how aMC@NLO works   *
*    Type 'tutorial MadLoop' to learn how MadLoop works    *
*                                                          *
************************************************************
load MG5 configuration from input/mg5_configuration.txt 
None does not seem to correspond to a valid fastjet-config executable (v3+). We will use fjcore instead.
 Please set the 'fastjet'variable to the full (absolute) /PATH/TO/fastjet-config (including fastjet-config).
 MG5_aMC> set fastjet /PATH/TO/fastjet-config

set lhapdf to /cvmfs/cms.cern.ch/slc6_amd64_gcc481/external/lhapdf/6.1.5-ddibom3/share/LHAPDF/../../bin/lhapdf-config
No valid eps viewer found. Please set in ./input/mg5_configuration.txt
No valid web browser found. Please set in ./input/mg5_configuration.txt
import /afs/cern.ch/work/s/syu/2HDM_gridpack/genproductions/bin/MadGraph5_aMCatNLO/2HDMPZ2II_MH3_600_MH4_400_MH2_600_MHC_600_proc_card.dat
The import format was not given, so we guess it as command
import model 2HDMPZ2II
INFO: Change particles name to pass to MG5 convention 
Defined multiparticle p = g u c d s u~ c~ d~ s~
Defined multiparticle j = g u c d s u~ c~ d~ s~
Defined multiparticle l+ = e+ mu+
Defined multiparticle l- = e- mu-
Defined multiparticle vl = ve vm vt
Defined multiparticle vl~ = ve~ vm~ vt~
Defined multiparticle all = g ghg ghg~ u c d s u~ c~ d~ s~ a gha gha~ ve vm vt e- mu- ve~ vm~ vt~ e+ mu+ t b t~ b~ z w+ ghz ghwp ghwm h+ h1 h2 h3 h4 w- ghz~ ghwp~ ghwm~ h- ta- xd ta+ xd~
generate p p > xd xd~ h1 / z [QCD]
[1;60m------------------------------------------------------------------------[0m
[1;60m No Born diagrams found. Now switching to the loop-induced mode.        [0m
[1;60m Please cite ref. 'arXiv:1507.00020' when using results from this mode. [0m
[1;60m------------------------------------------------------------------------[0m
[1;34mWARNING: Some loop diagrams contributing to this process are discarded because they are not pure (QCD)-perturbation.
Make sure you did not want to include them. [0m
[1;34mWARNING: Some loop diagrams contributing to this process are discarded because they are not pure (QCD)-perturbation.
Make sure you did not want to include them. [0m
[1;34mWARNING: Some loop diagrams contributing to this process are discarded because they are not pure (QCD)-perturbation.
Make sure you did not want to include them. [0m
[1;34mWARNING: Some loop diagrams contributing to this process are discarded because they are not pure (QCD)-perturbation.
Make sure you did not want to include them. [0m
1 processes with 80 diagrams generated in 41.618 s
Total: 1 processes with 80 diagrams
output 2HDMPZ2II_MH3_600_MH4_400_MH2_600_MHC_600 -nojpeg
INFO: initialize a new directory: 2HDMPZ2II_MH3_600_MH4_400_MH2_600_MHC_600 
INFO: remove old information in 2HDMPZ2II_MH3_600_MH4_400_MH2_600_MHC_600 
INFO: Organizing processes into subprocess groups 
INFO: Generating Helas calls for process: g g > xd xd~ h1 WEIGHTED<=12 [ noborn = QCD ] / z 
INFO: Processing color information for loop process: g g > xd xd~ h1 [ noborn = QCD ] / z 
INFO: Creating color matrix  loop process: g g > xd xd~ h1 WEIGHTED<=12 [ noborn = QCD ] / z 
INFO: Creating files in directory /afs/cern.ch/work/s/syu/2HDM_gridpack/genproductions/bin/MadGraph5_aMCatNLO/interactive/interactive_gridpack/work/MG5_aMC_v2_4_2/2HDMPZ2II_MH3_600_MH4_400_MH2_600_MHC_600/SubProcesses/PV0_0_1_gg_xdxdxh1_no_z 
ALOHA: aloha creates FFV1 set of routines with options: L1
INFO: Computing diagram color coefficients 
INFO: Drawing loop Feynman diagrams for Process: g g > xd xd~ h1 WEIGHTED<=12 [ noborn = QCD ] / z 
INFO: Creating files in directory P0_gg_xdxdxh1 
INFO: Generating Feynman diagrams for Process: g g > xd xd~ h1 WEIGHTED<=12 [ noborn = QCD ] / z 
INFO: Finding symmetric diagrams for subprocess group gg_xdxdxh1 
History written to /afs/cern.ch/work/s/syu/2HDM_gridpack/genproductions/bin/MadGraph5_aMCatNLO/interactive/interactive_gridpack/work/MG5_aMC_v2_4_2/2HDMPZ2II_MH3_600_MH4_400_MH2_600_MHC_600/Cards/proc_card_mg5.dat
Generated helas calls for 1 subprocesses (80 diagrams) in 1.795 s
Export UFO model to MG4 format
ALOHA: aloha creates FFS1 routines
ALOHA: aloha creates FFS3 set of routines with options: L2
ALOHA: aloha creates SSS1 routines
save configuration file to /afs/cern.ch/work/s/syu/2HDM_gridpack/genproductions/bin/MadGraph5_aMCatNLO/interactive/interactive_gridpack/work/MG5_aMC_v2_4_2/2HDMPZ2II_MH3_600_MH4_400_MH2_600_MHC_600/Cards/me5_configuration.txt
INFO: Use Fortran compiler gfortran 
INFO: Use c++ compiler g++ 
INFO: Generate web pages 
Output to directory /afs/cern.ch/work/s/syu/2HDM_gridpack/genproductions/bin/MadGraph5_aMCatNLO/interactive/interactive_gridpack/work/MG5_aMC_v2_4_2/2HDMPZ2II_MH3_600_MH4_400_MH2_600_MHC_600 done.
Type "launch" to generate events from this process, or see
/afs/cern.ch/work/s/syu/2HDM_gridpack/genproductions/bin/MadGraph5_aMCatNLO/interactive/interactive_gridpack/work/MG5_aMC_v2_4_2/2HDMPZ2II_MH3_600_MH4_400_MH2_600_MHC_600/README
Run "open index.html" to see more information about this process.
launch 2HDMPZ2II_MH3_600_MH4_400_MH2_600_MHC_600
************************************************************
*                                                          *
*                      W E L C O M E to                    *
*             M A D G R A P H 5 _ a M C @ N L O            *
*                      M A D E V E N T                     *
*                                                          *
*                 *                       *                *
*                   *        * *        *                  *
*                     * * * * 5 * * * *                    *
*                   *        * *        *                  *
*                 *                       *                *
*                                                          *
*         VERSION 2.4.2                 2016-06-10         *
*                                                          *
*    The MadGraph5_aMC@NLO Development Team - Find us at   *
*    https://server06.fynu.ucl.ac.be/projects/madgraph     *
*                                                          *
*               Type 'help' for in-line help.              *
*                                                          *
************************************************************
INFO: load configuration from /afs/cern.ch/work/s/syu/2HDM_gridpack/genproductions/bin/MadGraph5_aMCatNLO/interactive/interactive_gridpack/work/MG5_aMC_v2_4_2/2HDMPZ2II_MH3_600_MH4_400_MH2_600_MHC_600/Cards/me5_configuration.txt  
INFO: load configuration from /afs/cern.ch/work/s/syu/2HDM_gridpack/genproductions/bin/MadGraph5_aMCatNLO/interactive/interactive_gridpack/work/MG5_aMC_v2_4_2/input/mg5_configuration.txt  
INFO: load configuration from /afs/cern.ch/work/s/syu/2HDM_gridpack/genproductions/bin/MadGraph5_aMCatNLO/interactive/interactive_gridpack/work/MG5_aMC_v2_4_2/2HDMPZ2II_MH3_600_MH4_400_MH2_600_MHC_600/Cards/me5_configuration.txt  
No valid eps viewer found. Please set in ./input/mg5_configuration.txt
No valid web browser found. Please set in ./input/mg5_configuration.txt
generate_events run_01
The following switches determine which programs are run:
 1 Run the pythia shower/hadronization:                              pythia=NOT INSTALLED
 2 Run PGS as detector simulator:                                       pgs=NOT INSTALLED
 3 Run Delphes as detector simulator:                               delphes=NOT INSTALLED
 4 Decay particles with the MadSpin module:                         madspin=OFF
 5 Add weights to the events based on changing model parameters:   reweight=OFF
  Either type the switch number (1 to 5) to change its default setting,
  or set any switch explicitly (e.g. type 'madspin=ON' at the prompt)
  Type '0', 'auto', 'done' or just press enter when you are done.
 [[4m0[0m, 4, 5, auto, done, madspin=ON, madspin=OFF, madspin, reweight=ON, ... ]
[1;34mThe answer to the previous question is not set in your input file[0m
[1;34mUse 0 value[0m
set sinp 0.35
[1;60mINFO: modify param_card information BLOCK higgs with id (5,) set to 0.35 [0m
set tanbeta 1
[1;60mINFO: modify param_card information BLOCK frblock with id (2,) set to 1.0 [0m
set laP1 3.0
[1;60mINFO: modify param_card information BLOCK higgs with id (2,) set to 3.0 [0m
set laP2 3.0
[1;60mINFO: modify param_card information BLOCK higgs with id (3,) set to 3.0 [0m
set lam3 3.0
[1;60mINFO: modify param_card information BLOCK higgs with id (1,) set to 3.0 [0m
set sinbma 1.0
[1;60mINFO: modify param_card information BLOCK frblock with id (3,) set to 1.0 [0m
set gPXd 1.0
[1;60mINFO: modify param_card information BLOCK dminputs with id (1,) set to 1.0 [0m
set Mxd 1.0
[1;60mINFO: modify param_card information BLOCK mass with id (52,) set to 1.0 [0m
set mhc 600
[1;60mINFO: modify param_card information BLOCK mass with id (37,) set to 600.0 [0m
set mh2 600
[1;60mINFO: modify param_card information BLOCK mass with id (35,) set to 600.0 [0m
set mh3 600
[1;60mINFO: modify param_card information BLOCK mass with id (36,) set to 600.0 [0m
set mh4 400
[1;60mINFO: modify param_card information BLOCK mass with id (55,) set to 400.0 [0m
set Wh1 auto
[1;60mINFO: modify param_card information BLOCK decay with id (25,) set to Auto [0m
set Wh2 auto
[1;60mINFO: modify param_card information BLOCK decay with id (35,) set to Auto [0m
set Wh3 auto
[1;60mINFO: modify param_card information BLOCK decay with id (36,) set to Auto [0m
set Whc auto
[1;60mINFO: modify param_card information BLOCK decay with id (37,) set to Auto [0m
set Wh4 auto
[1;60mINFO: modify param_card information BLOCK decay with id (55,) set to Auto [0m
Do you want to edit a card (press enter to bypass editing)?
  1 / param      : param_card.dat
  2 / run        : run_card.dat
  3 / MadLoopParams : MadLoopParams.dat
 you can also
   - enter the path to a valid card or banner.
   - use the 'set' command to modify a parameter directly.
     The set option works only for param_card and run_card.
     Type 'help set' for more information on this command.
   - call an external program (ASperGE/MadWidth/...).
     Type 'help' for the list of available command
 [[4m0[0m, done, 1, param, 2, run, 3, MadLoopParams, enter path]
[1;60mThe answer to the previous question is not set in your input file[0m
[1;60mUse 0 value[0m
Generating 20000 events with run name run_01
survey  run_01 
INFO: compile directory 
INFO: Computing the width set on auto in the param_card.dat 
INFO: Change particles name to pass to MG5 convention 
************************************************************
*                                                          *
*                     W E L C O M E to                     *
*              M A D G R A P H 5 _ a M C @ N L O           *
*                                                          *
*                                                          *
*                 *                       *                *
*                   *        * *        *                  *
*                     * * * * 5 * * * *                    *
*                   *        * *        *                  *
*                 *                       *                *
*                                                          *
*         VERSION 2.4.2                 2016-06-10         *
*                                                          *
*    The MadGraph5_aMC@NLO Development Team - Find us at   *
*    https://server06.fynu.ucl.ac.be/projects/madgraph     *
*                            and                           *
*            http://amcatnlo.web.cern.ch/amcatnlo/         *
*                                                          *
*               Type 'help' for in-line help.              *
*           Type 'tutorial' to learn how MG5 works         *
*    Type 'tutorial aMCatNLO' to learn how aMC@NLO works   *
*    Type 'tutorial MadLoop' to learn how MadLoop works    *
*                                                          *
************************************************************
load MG5 configuration from input/mg5_configuration.txt 
None does not seem to correspond to a valid fastjet-config executable (v3+). We will use fjcore instead.
 Please set the 'fastjet'variable to the full (absolute) /PATH/TO/fastjet-config (including fastjet-config).
 MG5_aMC> set fastjet /PATH/TO/fastjet-config

set lhapdf to /cvmfs/cms.cern.ch/slc6_amd64_gcc481/external/lhapdf/6.1.5-ddibom3/share/LHAPDF/../../bin/lhapdf-config
No valid eps viewer found. Please set in ./input/mg5_configuration.txt
No valid web browser found. Please set in ./input/mg5_configuration.txt
set automatic_html_opening False --no_save
compute_widths 25 35 36 37 55 --precision_channel=0.01 --body_decay=4.0025 --path=/afs/cern.ch/work/s/syu/2HDM_gridpack/genproductions/bin/MadGraph5_aMCatNLO/interactive/interactive_gridpack/work/MG5_aMC_v2_4_2/2HDMPZ2II_MH3_600_MH4_400_MH2_600_MHC_600/Cards/param_card.dat --output=/afs/cern.ch/work/s/syu/2HDM_gridpack/genproductions/bin/MadGraph5_aMCatNLO/interactive/interactive_gridpack/work/MG5_aMC_v2_4_2/2HDMPZ2II_MH3_600_MH4_400_MH2_600_MHC_600/Cards/param_card.dat
[1;34mPlease note that the automatic computation of the width is
    only valid in narrow-width approximation and at tree-level.[0m
INFO: Get two body decay from FeynRules formula 
Results written to /afs/cern.ch/work/s/syu/2HDM_gridpack/genproductions/bin/MadGraph5_aMCatNLO/interactive/interactive_gridpack/work/MG5_aMC_v2_4_2/2HDMPZ2II_MH3_600_MH4_400_MH2_600_MHC_600/Cards/param_card.dat
INFO: get decay diagram for h1 
Vertexlist of this model has not been searched.Automatically run the model.find_vertexlist()
Found 6 stable particles
INFO: get decay diagram for h2 
INFO:     current estimated error: 0.0129773960862 go to 4-body decay: 
100 / 146: 10s
INFO:     stop to 4.0 body-decay. approximate error: 0.00612700778626 
INFO: get decay diagram for h3 
INFO:     current estimated error: 0.013495771209 go to 4-body decay: 
100 / 104: 6s
INFO:     stop to 4.0 body-decay. approximate error: 0.00686218558439 
INFO: get decay diagram for h+ 
INFO:     current estimated error: 0.00468275574427 go to 4-body decay: 
INFO: get decay diagram for h4 
Pass to numerical integration for computing the widths:
INFO: More info in temporary files:
    /afs/cern.ch/work/s/syu/2HDM_gridpack/genproductions/bin/MadGraph5_aMCatNLO/interactive/interactive_gridpack/work/MG5_aMC_v2_4_2/tmpmTSJWh/temp_decay/index.html 
Results written to /afs/cern.ch/work/s/syu/2HDM_gridpack/genproductions/bin/MadGraph5_aMCatNLO/interactive/interactive_gridpack/work/MG5_aMC_v2_4_2/2HDMPZ2II_MH3_600_MH4_400_MH2_600_MHC_600/Cards/param_card.dat
initMadLoop -r -f
Initializing MadLoop loop-induced matrix elements (this can take some time)...
MadLoop initialization finished.
compile Source Directory
Using random number seed offset = 21
INFO: Running Survey 
Creating Jobs
Working on SubProcesses
INFO:     P0_gg_xdxdxh1  
INFO:  Idle: 24,  Running: 24,  Completed: 0 [  0.044s  ] 
INFO:  Idle: 23,  Running: 24,  Completed: 1 [  1m 20s  ] 
INFO:  Idle: 20,  Running: 24,  Completed: 4 [  1m 26s  ] 
INFO:  Idle: 16,  Running: 24,  Completed: 8 [  1m 29s  ] 
INFO:  Idle: 15,  Running: 24,  Completed: 9 [  1m 34s  ] 
INFO:  Idle: 10,  Running: 24,  Completed: 16 [  1m 38s  ] 
INFO:  Idle: 8,  Running: 24,  Completed: 20 [  1m 42s  ] 
INFO:  Idle: 7,  Running: 24,  Completed: 21 [  1m 57s  ] 
INFO:  Idle: 6,  Running: 24,  Completed: 22 [  2m 4s  ] 
INFO:  Idle: 4,  Running: 24,  Completed: 25 [  2m 43s  ] 
INFO: P0_gg_xdxdxh1/G1.5 is at 0.000901 +- 7.85e-05 pb. Now submitting iteration #2. 
INFO: P0_gg_xdxdxh1/G2.5 is at 5.49e-06 +- 4.48e-07 pb. Now submitting iteration #2. 
INFO: P0_gg_xdxdxh1/G1.7 is at 0.000236 +- 2.04e-05 pb. Now submitting iteration #2. 
INFO:  Idle: 12,  Running: 24,  Completed: 30 [  2m 47s  ] 
INFO: P0_gg_xdxdxh1/G2.7 is at 5.4e-07 +- 4.38e-08 pb. Now submitting iteration #2. 
INFO: P0_gg_xdxdxh1/G1.8 is at 1.28e-06 +- 5.88e-07 pb. Now submitting iteration #2. 
INFO: P0_gg_xdxdxh1/G1.4 is at 9.79e-05 +- 1e-05 pb. Now submitting iteration #2. 
INFO:  Idle: 17,  Running: 24,  Completed: 38 [  2m 53s  ] 
INFO:  Idle: 14,  Running: 24,  Completed: 41 [  2m 57s  ] 
INFO:  Idle: 11,  Running: 24,  Completed: 46 [  3m 1s  ] 
INFO:  Idle: 9,  Running: 24,  Completed: 48 [  3m 19s  ] 
INFO:  Idle: 8,  Running: 24,  Completed: 49 [  3m 25s  ] 
INFO:  Idle: 7,  Running: 24,  Completed: 50 [  3m 34s  ] 
INFO:  Idle: 7,  Running: 24,  Completed: 51 [  3m 44s  ] 
INFO:  Idle: 6,  Running: 24,  Completed: 52 [  4m 6s  ] 
INFO:  Idle: 4,  Running: 24,  Completed: 54 [  4m 10s  ] 
INFO: P0_gg_xdxdxh1/G3 is at 0.0301 +- 0.000775 pb. Now submitting iteration #2. 
INFO: P0_gg_xdxdxh1/G4.5 is at 0.00759 +- 0.000677 pb. Now submitting iteration #2. 
INFO:  Idle: 2,  Running: 24,  Completed: 60 [  4m 13s  ] 
INFO: P0_gg_xdxdxh1/G4.7 is at 0.00332 +- 0.000341 pb. Now submitting iteration #2. 
INFO: P0_gg_xdxdxh1/G4.4 is at 4.9e-05 +- 1.83e-06 pb. Now submitting iteration #2. 
INFO:  Idle: 10,  Running: 24,  Completed: 65 [  4m 17s  ] 
INFO:  Idle: 6,  Running: 24,  Completed: 70 [  4m 21s  ] 
INFO:  Idle: 5,  Running: 24,  Completed: 73 [  4m 25s  ] 
INFO:  Idle: 4,  Running: 24,  Completed: 74 [  4m 34s  ] 
INFO:  Idle: 3,  Running: 24,  Completed: 75 [  4m 42s  ] 
INFO: P0_gg_xdxdxh1/G1.5 is at 0.000791 +- 2.38e-05 pb. Now submitting iteration #3. 
INFO: P0_gg_xdxdxh1/G1.7 is at 0.000223 +- 3.37e-06 pb. Now submitting iteration #3. 
INFO:  Idle: 9,  Running: 24,  Completed: 77 [  4m 45s  ] 
INFO: P0_gg_xdxdxh1/G2.5 is at 6.6e-06 +- 2.54e-07 pb. Now submitting iteration #3. 
INFO: P0_gg_xdxdxh1/G2.7 is at 5.81e-07 +- 2.07e-08 pb. Now submitting iteration #3. 
INFO:  Idle: 15,  Running: 24,  Completed: 79 [  4m 49s  ] 
INFO:  Idle: 15,  Running: 24,  Completed: 80 [  4m 59s  ] 
INFO:  Idle: 15,  Running: 24,  Completed: 81 [  5m 2s  ] 
INFO:  Idle: 14,  Running: 24,  Completed: 82 [  5m 9s  ] 
INFO:  Idle: 13,  Running: 24,  Completed: 83 [  5m 27s  ] 
INFO:  Idle: 11,  Running: 24,  Completed: 87 [  5m 31s  ] 
INFO:  Idle: 7,  Running: 24,  Completed: 91 [  5m 35s  ] 
INFO:  Idle: 5,  Running: 24,  Completed: 94 [  5m 39s  ] 
INFO: P0_gg_xdxdxh1/G4.8 is at 0.00212 +- 0.00177 pb. Now submitting iteration #2. 
INFO: P0_gg_xdxdxh1/G1.8 is at 5.22e-06 +- 1.19e-06 pb. Now submitting iteration #3. 
INFO: P0_gg_xdxdxh1/G2.8 is at 5.97e-07 +- 3.11e-07 pb. Now submitting iteration #2. 
INFO:  Idle: 8,  Running: 24,  Completed: 99 [  5m 42s  ] 
INFO: P0_gg_xdxdxh1/G1.4 is at 9.38e-05 +- 1.83e-06 pb. Now submitting iteration #3. 
INFO: P0_gg_xdxdxh1/G4.5 is at 0.007523 +- 1.36e-05 pb. Now submitting iteration #3. 
INFO:  Idle: 15,  Running: 24,  Completed: 104 [  5m 45s  ] 
INFO:  Idle: 15,  Running: 24,  Completed: 106 [  5m 52s  ] 
INFO:  Idle: 15,  Running: 24,  Completed: 107 [  5m 56s  ] 
INFO:  Idle: 14,  Running: 24,  Completed: 108 [  7m 0s  ] 
INFO:  Idle: 13,  Running: 24,  Completed: 109 [  7m 8s  ] 
INFO:  Idle: 12,  Running: 24,  Completed: 111 [  7m 15s  ] 
INFO:  Idle: 11,  Running: 24,  Completed: 112 [  7m 23s  ] 
INFO:  Idle: 10,  Running: 24,  Completed: 113 [  7m 45s  ] 
INFO:  Idle: 9,  Running: 24,  Completed: 115 [  7m 50s  ] 
INFO:  Idle: 8,  Running: 24,  Completed: 116 [  8m 7s  ] 
INFO:  Idle: 5,  Running: 24,  Completed: 119 [  8m 12s  ] 
INFO: P0_gg_xdxdxh1/G3 is at 0.0309 +- 0.000332 pb. Now submitting iteration #3. 
INFO: P0_gg_xdxdxh1/G4.4 is at 4.962e-05 +- 4.96e-07 pb. Now submitting iteration #3. 
INFO: P0_gg_xdxdxh1/G4.7 is at 0.00367 +- 9.87e-05 pb. Now submitting iteration #3. 
INFO: P0_gg_xdxdxh1/G4.8 is at 0.000426 +- 0.000519 pb. Now submitting iteration #3. 
INFO:  Idle: 15,  Running: 24,  Completed: 125 [  8m 15s  ] 
INFO: Survey finished for P0_gg_xdxdxh1/G1.5 at 0.0008014 +- 7.18e-06 pb 
INFO:  Idle: 11,  Running: 24,  Completed: 131 [  8m 19s  ] 
INFO:  Idle: 10,  Running: 24,  Completed: 132 [  8m 22s  ] 
INFO:  Idle: 8,  Running: 24,  Completed: 134 [  8m 27s  ] 
INFO:  Idle: 5,  Running: 24,  Completed: 138 [  8m 33s  ] 
INFO:  Idle: 5,  Running: 24,  Completed: 140 [  8m 42s  ] 
INFO:  Idle: 4,  Running: 24,  Completed: 141 [  10m 3s  ] 
INFO: Survey finished for P0_gg_xdxdxh1/G1.7 at 0.0002179 +- 1.92e-06 pb 
INFO: Survey finished for P0_gg_xdxdxh1/G2.5 at 6.85e-06 +- 1.02e-07 pb 
INFO:  Idle: 2,  Running: 24,  Completed: 143 [  10m 7s  ] 
INFO: P0_gg_xdxdxh1/G2.7 is at 5.95e-07 +- 2.6e-08 pb. Now submitting iteration #4. 
INFO: P0_gg_xdxdxh1/G2.8 is at 3.74e-07 +- 1.24e-07 pb. Now submitting iteration #3. 
INFO: P0_gg_xdxdxh1/G1.8 is at 7.62e-06 +- 6.57e-07 pb. Now submitting iteration #4. 
INFO:  Idle: 11,  Running: 24,  Completed: 146 [  10m 10s  ] 
INFO:  Idle: 10,  Running: 24,  Completed: 147 [  10m 27s  ] 
INFO:  Idle: 9,  Running: 24,  Completed: 148 [  10m 35s  ] 
INFO:  Idle: 9,  Running: 24,  Completed: 149 [  10m 41s  ] 
INFO:  Idle: 8,  Running: 24,  Completed: 150 [  10m 45s  ] 
INFO:  Idle: 6,  Running: 24,  Completed: 152 [  10m 52s  ] 
INFO:  Idle: 5,  Running: 24,  Completed: 154 [  10m 56s  ] 
INFO:  Idle: 2,  Running: 24,  Completed: 157 [  11m 1s  ] 
INFO: Survey finished for P0_gg_xdxdxh1/G1.4 at 9.264e-05 +- 5.9e-07 pb 
INFO: Survey finished for P0_gg_xdxdxh1/G4.5 at 0.007499 +- 8.43e-06 pb 
INFO:  Idle: 0,  Running: 23,  Completed: 160 [  11m 5s  ] 
INFO:  Idle: 1,  Running: 20,  Completed: 163 [  11m 8s  ] 
INFO:  Idle: 0,  Running: 19,  Completed: 165 [  11m 12s  ] 
INFO:  Idle: 0,  Running: 18,  Completed: 167 [  11m 15s  ] 
INFO:  Idle: 1,  Running: 16,  Completed: 169 [  11m 18s  ] 
INFO: Survey finished for P0_gg_xdxdxh1/G4.4 at 5.09e-05 +- 5.33e-07 pb 
INFO: Survey finished for P0_gg_xdxdxh1/G3 at 0.03048 +- 0.000191 pb 
INFO: Survey finished for P0_gg_xdxdxh1/G4.7 at 0.003687 +- 2.82e-05 pb 
INFO:  Idle: 1,  Running: 12,  Completed: 174 [  11m 24s  ] 
INFO: P0_gg_xdxdxh1/G4.8 is at 0.000341 +- 8.33e-05 pb. Now submitting iteration #4. 
INFO:  Idle: 0,  Running: 15,  Completed: 176 [  12m 48s  ] 
INFO:  Idle: 0,  Running: 13,  Completed: 178 [  12m 52s  ] 
INFO:  Idle: 1,  Running: 12,  Completed: 179 [  12m 56s  ] 
INFO: Survey finished for P0_gg_xdxdxh1/G2.8 at 4.25e-07 +- 2.91e-08 pb 
INFO:  Idle: 0,  Running: 11,  Completed: 181 [  14m 29s  ] 
INFO:  Idle: 0,  Running: 10,  Completed: 182 [  14m 33s  ] 
INFO:  Idle: 0,  Running: 8,  Completed: 184 [  14m 37s  ] 
INFO:  Idle: 0,  Running: 7,  Completed: 185 [  14m 41s  ] 
INFO: Survey finished for P0_gg_xdxdxh1/G2.7 at 6.02e-07 +- 9.52e-09 pb 
INFO:  Idle: 0,  Running: 5,  Completed: 188 [  14m 49s  ] 
INFO:  Idle: 1,  Running: 4,  Completed: 189 [  14m 58s  ] 
INFO: P0_gg_xdxdxh1/G1.8 is at 7.51e-06 +- 1.62e-07 pb. Now submitting iteration #5. 
INFO:  Idle: 0,  Running: 6,  Completed: 192 [  15m 2s  ] 
INFO:  Idle: 1,  Running: 4,  Completed: 194 [  15m 6s  ] 
INFO: P0_gg_xdxdxh1/G4.8 is at 0.000378 +- 3.85e-05 pb. Now submitting iteration #5. 
INFO:  Idle: 1,  Running: 1,  Completed: 203 [  21m 12s  ] 
INFO: Survey finished for P0_gg_xdxdxh1/G1.8 at 7.52e-06 +- 1.72e-07 pb 
INFO: Survey finished for P0_gg_xdxdxh1/G4.8 at 0.00039 +- 1.28e-05 pb 
INFO:  Idle: 0,  Running: 0,  Completed: 205 [  21m 29s  ] 
INFO:  Idle: 0,  Running: 0,  Completed: 205 [  21m 29s  ] 
INFO: End survey 
refine 20000
INFO: compile directory 
compile Source Directory
Creating Jobs
INFO: Refine results to 20000 
INFO: Generating 20000.0 unweigthed events. 
INFO: Effective Luminosity 531963.789627 pb^-1 
INFO: need to improve 4 channels 
Current estimate of cross-section: 0.04323602555 +- 0.000193489945814
INFO:  Idle: 2,  Running: 24,  Completed: 0 [ current time: 20h07 ] 
INFO:  Idle: 1,  Running: 24,  Completed: 1 [  52.3s  ] 
INFO:  Idle: 0,  Running: 23,  Completed: 3 [  57.1s  ] 
INFO:  Idle: 1,  Running: 13,  Completed: 13 [  1m 0s  ] 
INFO:  Idle: 1,  Running: 5,  Completed: 23 [  1m 3s  ] 
INFO: P0_gg_xdxdxh1/G4.5 is at 1465/3987 (37%) event. Resubmit 3 job at iteration 1. 
INFO: P0_gg_xdxdxh1/G4.7 is at 670/1926 (35%) event. Resubmit 3 job at iteration 1. 
INFO: found enough event for P0_gg_xdxdxh1/G4.8 
INFO:  Idle: 0,  Running: 7,  Completed: 28 [  1m 28s  ] 
INFO: P0_gg_xdxdxh1/G3 is at 4298/16178 (27%) event. Resubmit 9 job at iteration 1. 
INFO:  Idle: 0,  Running: 14,  Completed: 31 [  1m 36s  ] 
INFO: P0_gg_xdxdxh1/G4.5 is at 2567/3975 (65%) event. Resubmit 4 job at iteration 2. 
INFO:  Idle: 0,  Running: 14,  Completed: 37 [  1m 40s  ] 
INFO: P0_gg_xdxdxh1/G4.7 is at 1179/1951 (60%) event. Resubmit 5 job at iteration 2. 
INFO:  Idle: 0,  Running: 16,  Completed: 40 [  2m 15s  ] 
INFO:  Idle: 0,  Running: 14,  Completed: 42 [  2m 19s  ] 
INFO:  Idle: 1,  Running: 9,  Completed: 47 [  2m 22s  ] 
INFO:  Idle: 0,  Running: 8,  Completed: 49 [  2m 26s  ] 
INFO: P0_gg_xdxdxh1/G3 is at 8486/16126 (53%) event. Resubmit 17 job at iteration 2. 
INFO:  Idle: 1,  Running: 18,  Completed: 57 [  2m 30s  ] 
INFO: found enough event for P0_gg_xdxdxh1/G4.5 
INFO: found enough event for P0_gg_xdxdxh1/G4.7 
INFO:  Idle: 0,  Running: 17,  Completed: 59 [  2m 39s  ] 
INFO:  Idle: 0,  Running: 16,  Completed: 60 [  3m 19s  ] 
INFO:  Idle: 1,  Running: 0,  Completed: 76 [  3m 22s  ] 
INFO: found enough event for P0_gg_xdxdxh1/G3 
INFO:  Idle: 0,  Running: 0,  Completed: 77 [  3m 27s  ] 
INFO:  Idle: 0,  Running: 0,  Completed: 77 [  3m 27s  ] 
INFO: Combining runs 
INFO: finish refine 
refine 20000
Creating Jobs
INFO: Refine results to 20000 
INFO: Generating 20000.0 unweigthed events. 
INFO: Effective Luminosity 534043.341014 pb^-1 
INFO: need to improve 0 channels 
Current estimate of cross-section: 0.04306766555 +- 6.55214604898e-05
INFO:  Idle: 0,  Running: 0,  Completed: 0 [ current time: 20h10 ] 
INFO: Combining runs 
INFO: finish refine 
combine_events
INFO: Combining Events 
 
 
 
  === Results Summary for run: run_01 tag: tag_1 ===

     Cumulative sequential time for this run: 4h31m54s
     Cross-section :   0.04307 +- 6.552e-05 pb
     Nb of events :  20000
 
store_events
INFO: Storing parton level results 
INFO: End Parton 
reweight -from_cards
decay_events -from_cards
INFO: storring files of previous run 
INFO: Done 
quit
INFO:  
 
INFO:  
 
more information in /afs/cern.ch/work/s/syu/2HDM_gridpack/genproductions/bin/MadGraph5_aMCatNLO/interactive/interactive_gridpack/work/MG5_aMC_v2_4_2/2HDMPZ2II_MH3_600_MH4_400_MH2_600_MHC_600/index.html
quit
 

 


Job finished at Thu Jul 20 20:12:28 CEST 2017 on node 
 under linux version Scientific Linux CERN SLC release 6.9 (Carbon)

CERN statistics: This process used approximately : 7:04:15 KSI2K hours (25455 KSI2K seconds)
                 This process corresponds to     : 27:34:37 HS06  hours (99277 HS06  seconds)
