@(#)CERN job starter $Date: 2010/06/23 14:22:16 $
Working directory is </pool/lsf/syu/60064178> on <p05795827r51754.cern.ch>

Starting job on  Thu Jul 20 19:37:03 CEST 2017
Running on  Linux p05795827r51754.cern.ch 2.6.32-696.6.3.el6.x86_64 #1 SMP Wed Jul 12 07:40:03 CEST 2017 x86_64 x86_64 x86_64 GNU/Linux
System release  Scientific Linux CERN SLC release 6.9 (Carbon)
name: interactive
carddir: 
queue: local
# On branch master
# Changed but not updated:
#   (use "git add <file>..." to update what will be committed)
#   (use "git checkout -- <file>..." to discard changes in working directory)
#
#	modified:   cards/production/13TeV/monoHiggs/Zp2HDM/Zprime_A0h_A0chichi/Zprime_A0h_A0chichi_MZp2500_MA0800/Zprime_A0h_A0chichi_MZp2500_MA0800_customizecards.dat
#	modified:   cards/production/13TeV/monoHiggs/Zp2HDM/Zprime_A0h_A0chichi/Zprime_A0h_A0chichi_MZp600_MA0300/Zprime_A0h_A0chichi_MZp600_MA0300_customizecards.dat
#
# Untracked files:
#   (use "git add <file>..." to include in what will be committed)
#
#	2HDMPZ2II_MH3_1000_MH4_100_MH2_1000_MHC_1000_proc_card.dat
#	2HDMPZ2II_MH3_1000_MH4_150_MH2_1000_MHC_1000_proc_card.dat
#	2HDMPZ2II_MH3_1000_MH4_200_MH2_1000_MHC_1000_proc_card.dat
#	2HDMPZ2II_MH3_1000_MH4_250_MH2_1000_MHC_1000_proc_card.dat
#	2HDMPZ2II_MH3_1000_MH4_300_MH2_1000_MHC_1000_proc_card.dat
#	2HDMPZ2II_MH3_1000_MH4_350_MH2_1000_MHC_1000_proc_card.dat
#	2HDMPZ2II_MH3_1000_MH4_400_MH2_1000_MHC_1000_proc_card.dat
#	2HDMPZ2II_MH3_1000_MH4_450_MH2_1000_MHC_1000_proc_card.dat
#	2HDMPZ2II_MH3_1000_MH4_500_MH2_1000_MHC_1000_proc_card.dat
#	2HDMPZ2II_MH3_100_MH4_100_MH2_100_MHC_100_proc_card.dat
#	2HDMPZ2II_MH3_1100_MH4_100_MH2_1100_MHC_1100_proc_card.dat
#	2HDMPZ2II_MH3_1100_MH4_150_MH2_1100_MHC_1100_proc_card.dat
#	2HDMPZ2II_MH3_1100_MH4_200_MH2_1100_MHC_1100_proc_card.dat
#	2HDMPZ2II_MH3_1100_MH4_250_MH2_1100_MHC_1100_proc_card.dat
#	2HDMPZ2II_MH3_1100_MH4_300_MH2_1100_MHC_1100_proc_card.dat
#	2HDMPZ2II_MH3_1100_MH4_350_MH2_1100_MHC_1100_proc_card.dat
#	2HDMPZ2II_MH3_1100_MH4_400_MH2_1100_MHC_1100_proc_card.dat
#	2HDMPZ2II_MH3_1100_MH4_450_MH2_1100_MHC_1100_proc_card.dat
#	2HDMPZ2II_MH3_1100_MH4_500_MH2_1100_MHC_1100_proc_card.dat
#	2HDMPZ2II_MH3_1200_MH4_100_MH2_1200_MHC_1200_proc_card.dat
#	2HDMPZ2II_MH3_1200_MH4_150_MH2_1200_MHC_1200_proc_card.dat
#	2HDMPZ2II_MH3_1200_MH4_200_MH2_1200_MHC_1200_proc_card.dat
#	2HDMPZ2II_MH3_1200_MH4_250_MH2_1200_MHC_1200_proc_card.dat
#	2HDMPZ2II_MH3_1200_MH4_300_MH2_1200_MHC_1200_proc_card.dat
#	2HDMPZ2II_MH3_1200_MH4_350_MH2_1200_MHC_1200_proc_card.dat
#	2HDMPZ2II_MH3_1200_MH4_400_MH2_1200_MHC_1200_proc_card.dat
#	2HDMPZ2II_MH3_1200_MH4_450_MH2_1200_MHC_1200_proc_card.dat
#	2HDMPZ2II_MH3_1200_MH4_500_MH2_1200_MHC_1200_proc_card.dat
#	2HDMPZ2II_MH3_1300_MH4_100_MH2_1300_MHC_1300_proc_card.dat
#	2HDMPZ2II_MH3_1300_MH4_150_MH2_1300_MHC_1300_proc_card.dat
#	2HDMPZ2II_MH3_1300_MH4_200_MH2_1300_MHC_1300_proc_card.dat
#	2HDMPZ2II_MH3_1300_MH4_250_MH2_1300_MHC_1300_proc_card.dat
#	2HDMPZ2II_MH3_1300_MH4_300_MH2_1300_MHC_1300_proc_card.dat
#	2HDMPZ2II_MH3_1300_MH4_350_MH2_1300_MHC_1300_proc_card.dat
#	2HDMPZ2II_MH3_1300_MH4_400_MH2_1300_MHC_1300_proc_card.dat
#	2HDMPZ2II_MH3_1300_MH4_450_MH2_1300_MHC_1300_proc_card.dat
#	2HDMPZ2II_MH3_1300_MH4_500_MH2_1300_MHC_1300_proc_card.dat
#	2HDMPZ2II_MH3_1400_MH4_100_MH2_1400_MHC_1400_proc_card.dat
#	2HDMPZ2II_MH3_1400_MH4_150_MH2_1400_MHC_1400_proc_card.dat
#	2HDMPZ2II_MH3_1400_MH4_200_MH2_1400_MHC_1400_proc_card.dat
#	2HDMPZ2II_MH3_1400_MH4_250_MH2_1400_MHC_1400_proc_card.dat
#	2HDMPZ2II_MH3_1400_MH4_300_MH2_1400_MHC_1400_proc_card.dat
#	2HDMPZ2II_MH3_1400_MH4_350_MH2_1400_MHC_1400_proc_card.dat
#	2HDMPZ2II_MH3_1400_MH4_400_MH2_1400_MHC_1400_proc_card.dat
#	2HDMPZ2II_MH3_1400_MH4_450_MH2_1400_MHC_1400_proc_card.dat
#	2HDMPZ2II_MH3_1400_MH4_500_MH2_1400_MHC_1400_proc_card.dat
#	2HDMPZ2II_MH3_1500_MH4_100_MH2_1500_MHC_1500_proc_card.dat
#	2HDMPZ2II_MH3_1500_MH4_150_MH2_1500_MHC_1500_proc_card.dat
#	2HDMPZ2II_MH3_1500_MH4_200_MH2_1500_MHC_1500_proc_card.dat
#	2HDMPZ2II_MH3_1500_MH4_250_MH2_1500_MHC_1500_proc_card.dat
#	2HDMPZ2II_MH3_1500_MH4_300_MH2_1500_MHC_1500_proc_card.dat
#	2HDMPZ2II_MH3_1500_MH4_350_MH2_1500_MHC_1500_proc_card.dat
#	2HDMPZ2II_MH3_1500_MH4_400_MH2_1500_MHC_1500_proc_card.dat
#	2HDMPZ2II_MH3_1500_MH4_450_MH2_1500_MHC_1500_proc_card.dat
#	2HDMPZ2II_MH3_1500_MH4_500_MH2_1500_MHC_1500_proc_card.dat
#	2HDMPZ2II_MH3_1600_MH4_100_MH2_1600_MHC_1600_proc_card.dat
#	2HDMPZ2II_MH3_1600_MH4_150_MH2_1600_MHC_1600_proc_card.dat
#	2HDMPZ2II_MH3_1600_MH4_200_MH2_1600_MHC_1600_proc_card.dat
#	2HDMPZ2II_MH3_1600_MH4_250_MH2_1600_MHC_1600_proc_card.dat
#	2HDMPZ2II_MH3_1600_MH4_300_MH2_1600_MHC_1600_proc_card.dat
#	2HDMPZ2II_MH3_1600_MH4_350_MH2_1600_MHC_1600_proc_card.dat
#	2HDMPZ2II_MH3_1600_MH4_400_MH2_1600_MHC_1600_proc_card.dat
#	2HDMPZ2II_MH3_1600_MH4_450_MH2_1600_MHC_1600_proc_card.dat
#	2HDMPZ2II_MH3_1600_MH4_500_MH2_1600_MHC_1600_proc_card.dat
#	2HDMPZ2II_MH3_200_MH4_100_MH2_200_MHC_200_proc_card.dat
#	2HDMPZ2II_MH3_200_MH4_150_MH2_200_MHC_200_proc_card.dat
#	2HDMPZ2II_MH3_200_MH4_200_MH2_200_MHC_200_proc_card.dat
#	2HDMPZ2II_MH3_300_MH4_100_MH2_300_MHC_300_proc_card.dat
#	2HDMPZ2II_MH3_300_MH4_150_MH2_300_MHC_300_proc_card.dat
#	2HDMPZ2II_MH3_300_MH4_200_MH2_300_MHC_300_proc_card.dat
#	2HDMPZ2II_MH3_300_MH4_250_MH2_300_MHC_300_proc_card.dat
#	2HDMPZ2II_MH3_300_MH4_300_MH2_300_MHC_300_proc_card.dat
#	2HDMPZ2II_MH3_400_MH4_100_MH2_400_MHC_400_proc_card.dat
#	2HDMPZ2II_MH3_400_MH4_150_MH2_400_MHC_400_proc_card.dat
#	2HDMPZ2II_MH3_400_MH4_200_MH2_400_MHC_400_proc_card.dat
#	2HDMPZ2II_MH3_400_MH4_250_MH2_400_MHC_400_proc_card.dat
#	2HDMPZ2II_MH3_400_MH4_300_MH2_400_MHC_400_proc_card.dat
#	2HDMPZ2II_MH3_400_MH4_350_MH2_400_MHC_400_proc_card.dat
#	2HDMPZ2II_MH3_400_MH4_400_MH2_400_MHC_400_proc_card.dat
#	2HDMPZ2II_MH3_500_MH4_100_MH2_500_MHC_500_proc_card.dat
#	2HDMPZ2II_MH3_500_MH4_150_MH2_500_MHC_500_proc_card.dat
#	2HDMPZ2II_MH3_500_MH4_200_MH2_500_MHC_500_proc_card.dat
#	2HDMPZ2II_MH3_500_MH4_250_MH2_500_MHC_500_proc_card.dat
#	2HDMPZ2II_MH3_500_MH4_300_MH2_500_MHC_500_proc_card.dat
#	2HDMPZ2II_MH3_500_MH4_350_MH2_500_MHC_500_proc_card.dat
#	2HDMPZ2II_MH3_500_MH4_400_MH2_500_MHC_500_proc_card.dat
#	2HDMPZ2II_MH3_500_MH4_450_MH2_500_MHC_500_proc_card.dat
#	2HDMPZ2II_MH3_500_MH4_500_MH2_500_MHC_500_proc_card.dat
#	2HDMPZ2II_MH3_600_MH4_100_MH2_600_MHC_600_proc_card.dat
#	2HDMPZ2II_MH3_600_MH4_150_MH2_600_MHC_600_proc_card.dat
#	2HDMPZ2II_MH3_600_MH4_200_MH2_600_MHC_600_proc_card.dat
#	2HDMPZ2II_MH3_600_MH4_250_MH2_600_MHC_600_proc_card.dat
#	2HDMPZ2II_MH3_600_MH4_300_MH2_600_MHC_600_proc_card.dat
#	2HDMPZ2II_MH3_600_MH4_350_MH2_600_MHC_600_proc_card.dat
#	2HDMPZ2II_MH3_600_MH4_400_MH2_600_MHC_600_proc_card.dat
#	2HDMPZ2II_MH3_600_MH4_450_MH2_600_MHC_600_proc_card.dat
#	2HDMPZ2II_MH3_600_MH4_500_MH2_600_MHC_600_proc_card.dat
#	2HDMPZ2II_MH3_700_MH4_100_MH2_700_MHC_700_proc_card.dat
#	2HDMPZ2II_MH3_700_MH4_150_MH2_700_MHC_700_proc_card.dat
#	2HDMPZ2II_MH3_700_MH4_200_MH2_700_MHC_700_proc_card.dat
#	2HDMPZ2II_MH3_700_MH4_250_MH2_700_MHC_700_proc_card.dat
#	2HDMPZ2II_MH3_700_MH4_300_MH2_700_MHC_700_proc_card.dat
#	2HDMPZ2II_MH3_700_MH4_350_MH2_700_MHC_700_proc_card.dat
#	2HDMPZ2II_MH3_700_MH4_400_MH2_700_MHC_700_proc_card.dat
#	2HDMPZ2II_MH3_700_MH4_450_MH2_700_MHC_700_proc_card.dat
#	2HDMPZ2II_MH3_700_MH4_500_MH2_700_MHC_700_proc_card.dat
#	2HDMPZ2II_MH3_800_MH4_100_MH2_800_MHC_800_proc_card.dat
#	2HDMPZ2II_MH3_800_MH4_150_MH2_800_MHC_800_proc_card.dat
#	2HDMPZ2II_MH3_800_MH4_200_MH2_800_MHC_800_proc_card.dat
#	2HDMPZ2II_MH3_800_MH4_250_MH2_800_MHC_800_proc_card.dat
#	2HDMPZ2II_MH3_800_MH4_300_MH2_800_MHC_800_proc_card.dat
#	2HDMPZ2II_MH3_800_MH4_350_MH2_800_MHC_800_proc_card.dat
#	2HDMPZ2II_MH3_800_MH4_400_MH2_800_MHC_800_proc_card.dat
#	2HDMPZ2II_MH3_800_MH4_450_MH2_800_MHC_800_proc_card.dat
#	2HDMPZ2II_MH3_800_MH4_500_MH2_800_MHC_800_proc_card.dat
#	2HDMPZ2II_MH3_900_MH4_100_MH2_900_MHC_900_proc_card.dat
#	2HDMPZ2II_MH3_900_MH4_150_MH2_900_MHC_900_proc_card.dat
#	2HDMPZ2II_MH3_900_MH4_200_MH2_900_MHC_900_proc_card.dat
#	2HDMPZ2II_MH3_900_MH4_250_MH2_900_MHC_900_proc_card.dat
#	2HDMPZ2II_MH3_900_MH4_300_MH2_900_MHC_900_proc_card.dat
#	2HDMPZ2II_MH3_900_MH4_350_MH2_900_MHC_900_proc_card.dat
#	2HDMPZ2II_MH3_900_MH4_400_MH2_900_MHC_900_proc_card.dat
#	2HDMPZ2II_MH3_900_MH4_450_MH2_900_MHC_900_proc_card.dat
#	2HDMPZ2II_MH3_900_MH4_500_MH2_900_MHC_900_proc_card.dat
#	2HDMPZ2II_proc_card.dat
#	2HDM_MZp1000_MA0300_MDM100_proc_card.dat
#	2HDM_MZp4000_MA0300_MDM100_proc_card.dat
#	2HDM_proc_card.dat
#	ATLAS_mass
#	Log057
#	Zprime_A0h_A0chichi_MZp600_MA0300.log
#	Zprime_A0h_A0chichi_MZp600_MA0300/
#	Zprime_A0h_A0chichi_MZp600_MA0300_tarball.tar.xz
#	a0width
#	cards/production/13TeV/monoHiggs/Zp2HDM/Zprime_A0h_A0chichi/Zprime_A0h_A0chichi_MZp1000_MA0300/Zprime_A0h_A0chichi_MZp1000_MA0300_extramodels.dat
#	cards/production/13TeV/monoHiggs/Zp2HDM/Zprime_A0h_A0chichi/Zprime_A0h_A0chichi_MZp1000_MA0500/Zprime_A0h_A0chichi_MZp1000_MA0500_extramodels.dat
#	cards/production/13TeV/monoHiggs/Zp2HDM/Zprime_A0h_A0chichi/Zprime_A0h_A0chichi_MZp1000_MA0800/Zprime_A0h_A0chichi_MZp1000_MA0800_extramodels.dat
#	cards/production/13TeV/monoHiggs/Zp2HDM/Zprime_A0h_A0chichi/Zprime_A0h_A0chichi_MZp1200_MA0500/Zprime_A0h_A0chichi_MZp1200_MA0500_extramodels.dat
#	cards/production/13TeV/monoHiggs/Zp2HDM/Zprime_A0h_A0chichi/Zprime_A0h_A0chichi_MZp1200_MA0800/Zprime_A0h_A0chichi_MZp1200_MA0800_extramodels.dat
#	cards/production/13TeV/monoHiggs/Zp2HDM/Zprime_A0h_A0chichi/Zprime_A0h_A0chichi_MZp1400_MA0500/Zprime_A0h_A0chichi_MZp1400_MA0500_extramodels.dat
#	cards/production/13TeV/monoHiggs/Zp2HDM/Zprime_A0h_A0chichi/Zprime_A0h_A0chichi_MZp1400_MA0800/Zprime_A0h_A0chichi_MZp1400_MA0800_extramodels.dat
#	cards/production/13TeV/monoHiggs/Zp2HDM/Zprime_A0h_A0chichi/Zprime_A0h_A0chichi_MZp1700_MA0500/Zprime_A0h_A0chichi_MZp1700_MA0500_extramodels.dat
#	cards/production/13TeV/monoHiggs/Zp2HDM/Zprime_A0h_A0chichi/Zprime_A0h_A0chichi_MZp1700_MA0800/Zprime_A0h_A0chichi_MZp1700_MA0800_extramodels.dat
#	cards/production/13TeV/monoHiggs/Zp2HDM/Zprime_A0h_A0chichi/Zprime_A0h_A0chichi_MZp2000_MA0500/Zprime_A0h_A0chichi_MZp2000_MA0500_extramodels.dat
#	cards/production/13TeV/monoHiggs/Zp2HDM/Zprime_A0h_A0chichi/Zprime_A0h_A0chichi_MZp2000_MA0800/Zprime_A0h_A0chichi_MZp2000_MA0800_extramodels.dat
#	cards/production/13TeV/monoHiggs/Zp2HDM/Zprime_A0h_A0chichi/Zprime_A0h_A0chichi_MZp2500_MA0300/Zprime_A0h_A0chichi_MZp2500_MA0300_extramodels.dat
#	cards/production/13TeV/monoHiggs/Zp2HDM/Zprime_A0h_A0chichi/Zprime_A0h_A0chichi_MZp2500_MA0500/Zprime_A0h_A0chichi_MZp2500_MA0500_extramodels.dat
#	cards/production/13TeV/monoHiggs/Zp2HDM/Zprime_A0h_A0chichi/Zprime_A0h_A0chichi_MZp2500_MA0800/Zprime_A0h_A0chichi_MZp2500_MA0800_extramodels.dat
#	cards/production/13TeV/monoHiggs/Zp2HDM/Zprime_A0h_A0chichi/Zprime_A0h_A0chichi_MZp2750_MA0300/
#	cards/production/13TeV/monoHiggs/Zp2HDM/Zprime_A0h_A0chichi/Zprime_A0h_A0chichi_MZp2750_MA0500/
#	cards/production/13TeV/monoHiggs/Zp2HDM/Zprime_A0h_A0chichi/Zprime_A0h_A0chichi_MZp2750_MA0800/
#	cards/production/13TeV/monoHiggs/Zp2HDM/Zprime_A0h_A0chichi/Zprime_A0h_A0chichi_MZp3000_MA0300/
#	cards/production/13TeV/monoHiggs/Zp2HDM/Zprime_A0h_A0chichi/Zprime_A0h_A0chichi_MZp3000_MA0500/
#	cards/production/13TeV/monoHiggs/Zp2HDM/Zprime_A0h_A0chichi/Zprime_A0h_A0chichi_MZp3000_MA0800/
#	cards/production/13TeV/monoHiggs/Zp2HDM/Zprime_A0h_A0chichi/Zprime_A0h_A0chichi_MZp3500_MA0300/
#	cards/production/13TeV/monoHiggs/Zp2HDM/Zprime_A0h_A0chichi/Zprime_A0h_A0chichi_MZp3500_MA0500/
#	cards/production/13TeV/monoHiggs/Zp2HDM/Zprime_A0h_A0chichi/Zprime_A0h_A0chichi_MZp3500_MA0800/
#	cards/production/13TeV/monoHiggs/Zp2HDM/Zprime_A0h_A0chichi/Zprime_A0h_A0chichi_MZp4000_MA0300/
#	cards/production/13TeV/monoHiggs/Zp2HDM/Zprime_A0h_A0chichi/Zprime_A0h_A0chichi_MZp4000_MA0500/
#	cards/production/13TeV/monoHiggs/Zp2HDM/Zprime_A0h_A0chichi/Zprime_A0h_A0chichi_MZp4000_MA0800/
#	cards/production/13TeV/monoHiggs/Zp2HDM/Zprime_A0h_A0chichi/Zprime_A0h_A0chichi_MZp600_MA0300/Zprime_A0h_A0chichi_MZp600_MA0300_extramodels.dat
#	cards/production/13TeV/monoHiggs/Zp2HDM/Zprime_A0h_A0chichi/Zprime_A0h_A0chichi_MZp800_MA0500/Zprime_A0h_A0chichi_MZp800_MA0500_extramodels.dat
#	cards/production/13TeV/monoHiggs/Zp2HDM/Zprime_A0h_A0chichi/mass
#	cards/production/13TeV/monoHiggs/Zp2HDM/Zprime_A0h_A0chichi/old_Zprime_A0h_A0chichi_MZp3000_MA0300/
#	cards/testATLAS/
#	cards/testATLAS_customizecards.dat
#	interactive/
#	launch_2HDM.sh
#	launch_2HDMPZ2II.sh
#	log069.log
#	mass
#	runLaunch.sh
#	temp/
#	testATLAS.log
#	testATLAS/
#	width
#	xs_launch_2HDMPZ2II.sh
#	zpwidth
no changes added to commit (use "git add" and/or "git commit -a")
Current git revision is:
0a3bda3e567d269a20762d24dd6e701e5ee0ece0
diff --git a/bin/MadGraph5_aMCatNLO/cards/production/13TeV/monoHiggs/Zp2HDM/Zprime_A0h_A0chichi/Zprime_A0h_A0chichi_MZp2500_MA0800/Zprime_A0h_A0chichi_MZp2500_MA0800_customizecards.dat b/bin/MadGraph5_aMCatNLO/cards/production/13TeV/monoHiggs/Zp2HDM/Zprime_A0h_A0chichi/Zprime_A0h_A0chichi_MZp2500_MA0800/Zprime_A0h_A0chichi_MZp2500_MA0800_customizecards.dat
index 4580452..4ce9c64 100644
--- a/bin/MadGraph5_aMCatNLO/cards/production/13TeV/monoHiggs/Zp2HDM/Zprime_A0h_A0chichi/Zprime_A0h_A0chichi_MZp2500_MA0800/Zprime_A0h_A0chichi_MZp2500_MA0800_customizecards.dat
+++ b/bin/MadGraph5_aMCatNLO/cards/production/13TeV/monoHiggs/Zp2HDM/Zprime_A0h_A0chichi/Zprime_A0h_A0chichi_MZp2500_MA0800/Zprime_A0h_A0chichi_MZp2500_MA0800_customizecards.dat
@@ -4,5 +4,5 @@ set param_card mass 27 800
 set param_card mass 28 800
 set param_card ZpINPUTS 1 1
 set param_card ZpINPUTS 2 0.8
-set param_card DECAY 32 51.33163
-set param_card DECAY 28 75.5153
+set param_card DECAY 32 5.141429e+01
+set param_card DECAY 28 7.330065e+01
diff --git a/bin/MadGraph5_aMCatNLO/cards/production/13TeV/monoHiggs/Zp2HDM/Zprime_A0h_A0chichi/Zprime_A0h_A0chichi_MZp600_MA0300/Zprime_A0h_A0chichi_MZp600_MA0300_customizecards.dat b/bin/MadGraph5_aMCatNLO/cards/production/13TeV/monoHiggs/Zp2HDM/Zprime_A0h_A0chichi/Zprime_A0h_A0chichi_MZp600_MA0300/Zprime_A0h_A0chichi_MZp600_MA0300_customizecards.dat
index cb192f2..9b18abd 100644
--- a/bin/MadGraph5_aMCatNLO/cards/production/13TeV/monoHiggs/Zp2HDM/Zprime_A0h_A0chichi/Zprime_A0h_A0chichi_MZp600_MA0300/Zprime_A0h_A0chichi_MZp600_MA0300_customizecards.dat
+++ b/bin/MadGraph5_aMCatNLO/cards/production/13TeV/monoHiggs/Zp2HDM/Zprime_A0h_A0chichi/Zprime_A0h_A0chichi_MZp600_MA0300/Zprime_A0h_A0chichi_MZp600_MA0300_customizecards.dat
@@ -4,5 +4,5 @@ set param_card mass 27 300
 set param_card mass 28 300
 set param_card ZpINPUTS 1 1
 set param_card ZpINPUTS 2 0.8
-set param_card DECAY 32 11.22981
-set param_card DECAY 28 8.95228
+set param_card DECAY 32 AUTO
+set param_card DECAY 28 AUTO
/afs/cern.ch/work/s/syu/2HDM_gridpack/genproductions/bin/MadGraph5_aMCatNLO
Reusing existing directory assuming generated code already exists
WARNING: If you changed the process card you need to clean the folder and run from scratch
************************************************************
*                                                          *
*                     W E L C O M E to                     *
*              M A D G R A P H 5 _ a M C @ N L O           *
*                                                          *
*                                                          *
*                 *                       *                *
*                   *        * *        *                  *
*                     * * * * 5 * * * *                    *
*                   *        * *        *                  *
*                 *                       *                *
*                                                          *
*         VERSION 2.4.2                 2016-06-10         *
*                                                          *
*    The MadGraph5_aMC@NLO Development Team - Find us at   *
*    https://server06.fynu.ucl.ac.be/projects/madgraph     *
*                            and                           *
*            http://amcatnlo.web.cern.ch/amcatnlo/         *
*                                                          *
*               Type 'help' for in-line help.              *
*           Type 'tutorial' to learn how MG5 works         *
*    Type 'tutorial aMCatNLO' to learn how aMC@NLO works   *
*    Type 'tutorial MadLoop' to learn how MadLoop works    *
*                                                          *
************************************************************
load MG5 configuration from input/mg5_configuration.txt 
None does not seem to correspond to a valid fastjet-config executable (v3+). We will use fjcore instead.
 Please set the 'fastjet'variable to the full (absolute) /PATH/TO/fastjet-config (including fastjet-config).
 MG5_aMC> set fastjet /PATH/TO/fastjet-config

set lhapdf to /cvmfs/cms.cern.ch/slc6_amd64_gcc481/external/lhapdf/6.1.5-ddibom3/share/LHAPDF/../../bin/lhapdf-config
No valid eps viewer found. Please set in ./input/mg5_configuration.txt
No valid web browser found. Please set in ./input/mg5_configuration.txt
import /afs/cern.ch/work/s/syu/2HDM_gridpack/genproductions/bin/MadGraph5_aMCatNLO/2HDMPZ2II_MH3_600_MH4_500_MH2_600_MHC_600_proc_card.dat
The import format was not given, so we guess it as command
import model 2HDMPZ2II
INFO: Change particles name to pass to MG5 convention 
Defined multiparticle p = g u c d s u~ c~ d~ s~
Defined multiparticle j = g u c d s u~ c~ d~ s~
Defined multiparticle l+ = e+ mu+
Defined multiparticle l- = e- mu-
Defined multiparticle vl = ve vm vt
Defined multiparticle vl~ = ve~ vm~ vt~
Defined multiparticle all = g ghg ghg~ u c d s u~ c~ d~ s~ a gha gha~ ve vm vt e- mu- ve~ vm~ vt~ e+ mu+ t b t~ b~ z w+ ghz ghwp ghwm h+ h1 h2 h3 h4 w- ghz~ ghwp~ ghwm~ h- ta- xd ta+ xd~
generate p p > xd xd~ h1 / z [QCD]
[1;60m------------------------------------------------------------------------[0m
[1;60m No Born diagrams found. Now switching to the loop-induced mode.        [0m
[1;60m Please cite ref. 'arXiv:1507.00020' when using results from this mode. [0m
[1;60m------------------------------------------------------------------------[0m
[1;34mWARNING: Some loop diagrams contributing to this process are discarded because they are not pure (QCD)-perturbation.
Make sure you did not want to include them. [0m
[1;34mWARNING: Some loop diagrams contributing to this process are discarded because they are not pure (QCD)-perturbation.
Make sure you did not want to include them. [0m
[1;34mWARNING: Some loop diagrams contributing to this process are discarded because they are not pure (QCD)-perturbation.
Make sure you did not want to include them. [0m
[1;34mWARNING: Some loop diagrams contributing to this process are discarded because they are not pure (QCD)-perturbation.
Make sure you did not want to include them. [0m
1 processes with 80 diagrams generated in 21.473 s
Total: 1 processes with 80 diagrams
output 2HDMPZ2II_MH3_600_MH4_500_MH2_600_MHC_600 -nojpeg
INFO: initialize a new directory: 2HDMPZ2II_MH3_600_MH4_500_MH2_600_MHC_600 
INFO: remove old information in 2HDMPZ2II_MH3_600_MH4_500_MH2_600_MHC_600 
INFO: Organizing processes into subprocess groups 
INFO: Generating Helas calls for process: g g > xd xd~ h1 WEIGHTED<=12 [ noborn = QCD ] / z 
INFO: Processing color information for loop process: g g > xd xd~ h1 [ noborn = QCD ] / z 
INFO: Creating color matrix  loop process: g g > xd xd~ h1 WEIGHTED<=12 [ noborn = QCD ] / z 
INFO: Creating files in directory /afs/cern.ch/work/s/syu/2HDM_gridpack/genproductions/bin/MadGraph5_aMCatNLO/interactive/interactive_gridpack/work/MG5_aMC_v2_4_2/2HDMPZ2II_MH3_600_MH4_500_MH2_600_MHC_600/SubProcesses/PV0_0_1_gg_xdxdxh1_no_z 
ALOHA: aloha creates FFV1 set of routines with options: L1
INFO: Computing diagram color coefficients 
INFO: Drawing loop Feynman diagrams for Process: g g > xd xd~ h1 WEIGHTED<=12 [ noborn = QCD ] / z 
INFO: Creating files in directory P0_gg_xdxdxh1 
INFO: Generating Feynman diagrams for Process: g g > xd xd~ h1 WEIGHTED<=12 [ noborn = QCD ] / z 
INFO: Finding symmetric diagrams for subprocess group gg_xdxdxh1 
History written to /afs/cern.ch/work/s/syu/2HDM_gridpack/genproductions/bin/MadGraph5_aMCatNLO/interactive/interactive_gridpack/work/MG5_aMC_v2_4_2/2HDMPZ2II_MH3_600_MH4_500_MH2_600_MHC_600/Cards/proc_card_mg5.dat
Generated helas calls for 1 subprocesses (80 diagrams) in 1.493 s
Export UFO model to MG4 format
ALOHA: aloha creates FFS1 routines
ALOHA: aloha creates FFS3 set of routines with options: L2
ALOHA: aloha creates SSS1 routines
save configuration file to /afs/cern.ch/work/s/syu/2HDM_gridpack/genproductions/bin/MadGraph5_aMCatNLO/interactive/interactive_gridpack/work/MG5_aMC_v2_4_2/2HDMPZ2II_MH3_600_MH4_500_MH2_600_MHC_600/Cards/me5_configuration.txt
INFO: Use Fortran compiler gfortran 
INFO: Use c++ compiler g++ 
INFO: Generate web pages 
Output to directory /afs/cern.ch/work/s/syu/2HDM_gridpack/genproductions/bin/MadGraph5_aMCatNLO/interactive/interactive_gridpack/work/MG5_aMC_v2_4_2/2HDMPZ2II_MH3_600_MH4_500_MH2_600_MHC_600 done.
Type "launch" to generate events from this process, or see
/afs/cern.ch/work/s/syu/2HDM_gridpack/genproductions/bin/MadGraph5_aMCatNLO/interactive/interactive_gridpack/work/MG5_aMC_v2_4_2/2HDMPZ2II_MH3_600_MH4_500_MH2_600_MHC_600/README
Run "open index.html" to see more information about this process.
launch 2HDMPZ2II_MH3_600_MH4_500_MH2_600_MHC_600
************************************************************
*                                                          *
*                      W E L C O M E to                    *
*             M A D G R A P H 5 _ a M C @ N L O            *
*                      M A D E V E N T                     *
*                                                          *
*                 *                       *                *
*                   *        * *        *                  *
*                     * * * * 5 * * * *                    *
*                   *        * *        *                  *
*                 *                       *                *
*                                                          *
*         VERSION 2.4.2                 2016-06-10         *
*                                                          *
*    The MadGraph5_aMC@NLO Development Team - Find us at   *
*    https://server06.fynu.ucl.ac.be/projects/madgraph     *
*                                                          *
*               Type 'help' for in-line help.              *
*                                                          *
************************************************************
INFO: load configuration from /afs/cern.ch/work/s/syu/2HDM_gridpack/genproductions/bin/MadGraph5_aMCatNLO/interactive/interactive_gridpack/work/MG5_aMC_v2_4_2/2HDMPZ2II_MH3_600_MH4_500_MH2_600_MHC_600/Cards/me5_configuration.txt  
INFO: load configuration from /afs/cern.ch/work/s/syu/2HDM_gridpack/genproductions/bin/MadGraph5_aMCatNLO/interactive/interactive_gridpack/work/MG5_aMC_v2_4_2/input/mg5_configuration.txt  
INFO: load configuration from /afs/cern.ch/work/s/syu/2HDM_gridpack/genproductions/bin/MadGraph5_aMCatNLO/interactive/interactive_gridpack/work/MG5_aMC_v2_4_2/2HDMPZ2II_MH3_600_MH4_500_MH2_600_MHC_600/Cards/me5_configuration.txt  
No valid eps viewer found. Please set in ./input/mg5_configuration.txt
No valid web browser found. Please set in ./input/mg5_configuration.txt
generate_events run_01
The following switches determine which programs are run:
 1 Run the pythia shower/hadronization:                              pythia=NOT INSTALLED
 2 Run PGS as detector simulator:                                       pgs=NOT INSTALLED
 3 Run Delphes as detector simulator:                               delphes=NOT INSTALLED
 4 Decay particles with the MadSpin module:                         madspin=OFF
 5 Add weights to the events based on changing model parameters:   reweight=OFF
  Either type the switch number (1 to 5) to change its default setting,
  or set any switch explicitly (e.g. type 'madspin=ON' at the prompt)
  Type '0', 'auto', 'done' or just press enter when you are done.
 [[4m0[0m, 4, 5, auto, done, madspin=ON, madspin=OFF, madspin, reweight=ON, ... ]
[1;34mThe answer to the previous question is not set in your input file[0m
[1;34mUse 0 value[0m
set sinp 0.35
[1;60mINFO: modify param_card information BLOCK higgs with id (5,) set to 0.35 [0m
set tanbeta 1
[1;60mINFO: modify param_card information BLOCK frblock with id (2,) set to 1.0 [0m
set laP1 3.0
[1;60mINFO: modify param_card information BLOCK higgs with id (2,) set to 3.0 [0m
set laP2 3.0
[1;60mINFO: modify param_card information BLOCK higgs with id (3,) set to 3.0 [0m
set lam3 3.0
[1;60mINFO: modify param_card information BLOCK higgs with id (1,) set to 3.0 [0m
set sinbma 1.0
[1;60mINFO: modify param_card information BLOCK frblock with id (3,) set to 1.0 [0m
set gPXd 1.0
[1;60mINFO: modify param_card information BLOCK dminputs with id (1,) set to 1.0 [0m
set Mxd 1.0
[1;60mINFO: modify param_card information BLOCK mass with id (52,) set to 1.0 [0m
set mhc 600
[1;60mINFO: modify param_card information BLOCK mass with id (37,) set to 600.0 [0m
set mh2 600
[1;60mINFO: modify param_card information BLOCK mass with id (35,) set to 600.0 [0m
set mh3 600
[1;60mINFO: modify param_card information BLOCK mass with id (36,) set to 600.0 [0m
set mh4 500
[1;60mINFO: modify param_card information BLOCK mass with id (55,) set to 500.0 [0m
set Wh1 auto
[1;60mINFO: modify param_card information BLOCK decay with id (25,) set to Auto [0m
set Wh2 auto
[1;60mINFO: modify param_card information BLOCK decay with id (35,) set to Auto [0m
set Wh3 auto
[1;60mINFO: modify param_card information BLOCK decay with id (36,) set to Auto [0m
set Whc auto
[1;60mINFO: modify param_card information BLOCK decay with id (37,) set to Auto [0m
set Wh4 auto
[1;60mINFO: modify param_card information BLOCK decay with id (55,) set to Auto [0m
Do you want to edit a card (press enter to bypass editing)?
  1 / param      : param_card.dat
  2 / run        : run_card.dat
  3 / MadLoopParams : MadLoopParams.dat
 you can also
   - enter the path to a valid card or banner.
   - use the 'set' command to modify a parameter directly.
     The set option works only for param_card and run_card.
     Type 'help set' for more information on this command.
   - call an external program (ASperGE/MadWidth/...).
     Type 'help' for the list of available command
 [[4m0[0m, done, 1, param, 2, run, 3, MadLoopParams, enter path]
[1;60mThe answer to the previous question is not set in your input file[0m
[1;60mUse 0 value[0m
Generating 20000 events with run name run_01
survey  run_01 
INFO: compile directory 
INFO: Computing the width set on auto in the param_card.dat 
INFO: Change particles name to pass to MG5 convention 
************************************************************
*                                                          *
*                     W E L C O M E to                     *
*              M A D G R A P H 5 _ a M C @ N L O           *
*                                                          *
*                                                          *
*                 *                       *                *
*                   *        * *        *                  *
*                     * * * * 5 * * * *                    *
*                   *        * *        *                  *
*                 *                       *                *
*                                                          *
*         VERSION 2.4.2                 2016-06-10         *
*                                                          *
*    The MadGraph5_aMC@NLO Development Team - Find us at   *
*    https://server06.fynu.ucl.ac.be/projects/madgraph     *
*                            and                           *
*            http://amcatnlo.web.cern.ch/amcatnlo/         *
*                                                          *
*               Type 'help' for in-line help.              *
*           Type 'tutorial' to learn how MG5 works         *
*    Type 'tutorial aMCatNLO' to learn how aMC@NLO works   *
*    Type 'tutorial MadLoop' to learn how MadLoop works    *
*                                                          *
************************************************************
load MG5 configuration from input/mg5_configuration.txt 
None does not seem to correspond to a valid fastjet-config executable (v3+). We will use fjcore instead.
 Please set the 'fastjet'variable to the full (absolute) /PATH/TO/fastjet-config (including fastjet-config).
 MG5_aMC> set fastjet /PATH/TO/fastjet-config

set lhapdf to /cvmfs/cms.cern.ch/slc6_amd64_gcc481/external/lhapdf/6.1.5-ddibom3/share/LHAPDF/../../bin/lhapdf-config
No valid eps viewer found. Please set in ./input/mg5_configuration.txt
No valid web browser found. Please set in ./input/mg5_configuration.txt
set automatic_html_opening False --no_save
compute_widths 25 35 36 37 55 --precision_channel=0.01 --body_decay=4.0025 --path=/afs/cern.ch/work/s/syu/2HDM_gridpack/genproductions/bin/MadGraph5_aMCatNLO/interactive/interactive_gridpack/work/MG5_aMC_v2_4_2/2HDMPZ2II_MH3_600_MH4_500_MH2_600_MHC_600/Cards/param_card.dat --output=/afs/cern.ch/work/s/syu/2HDM_gridpack/genproductions/bin/MadGraph5_aMCatNLO/interactive/interactive_gridpack/work/MG5_aMC_v2_4_2/2HDMPZ2II_MH3_600_MH4_500_MH2_600_MHC_600/Cards/param_card.dat
[1;34mPlease note that the automatic computation of the width is
    only valid in narrow-width approximation and at tree-level.[0m
INFO: Get two body decay from FeynRules formula 
Results written to /afs/cern.ch/work/s/syu/2HDM_gridpack/genproductions/bin/MadGraph5_aMCatNLO/interactive/interactive_gridpack/work/MG5_aMC_v2_4_2/2HDMPZ2II_MH3_600_MH4_500_MH2_600_MHC_600/Cards/param_card.dat
INFO: get decay diagram for h1 
Vertexlist of this model has not been searched.Automatically run the model.find_vertexlist()
Found 6 stable particles
INFO: get decay diagram for h2 
INFO:     current estimated error: 0.012836047031 go to 4-body decay: 
100 / 148: 6s
INFO:     stop to 4.0 body-decay. approximate error: 0.00601160850732 
INFO: get decay diagram for h3 
INFO:     current estimated error: 0.0137657920815 go to 4-body decay: 
100 / 157: 6s
INFO:     stop to 4.0 body-decay. approximate error: 0.00699426071112 
INFO: get decay diagram for h+ 
INFO:     current estimated error: 0.00463211346497 go to 4-body decay: 
INFO: get decay diagram for h4 
Pass to numerical integration for computing the widths:
INFO: More info in temporary files:
    /afs/cern.ch/work/s/syu/2HDM_gridpack/genproductions/bin/MadGraph5_aMCatNLO/interactive/interactive_gridpack/work/MG5_aMC_v2_4_2/tmpkB39sR/temp_decay/index.html 
Results written to /afs/cern.ch/work/s/syu/2HDM_gridpack/genproductions/bin/MadGraph5_aMCatNLO/interactive/interactive_gridpack/work/MG5_aMC_v2_4_2/2HDMPZ2II_MH3_600_MH4_500_MH2_600_MHC_600/Cards/param_card.dat
initMadLoop -r -f
Initializing MadLoop loop-induced matrix elements (this can take some time)...
MadLoop initialization finished.
compile Source Directory
Using random number seed offset = 21
INFO: Running Survey 
Creating Jobs
Working on SubProcesses
INFO:     P0_gg_xdxdxh1  
INFO:  Idle: 48,  Running: 32,  Completed: 0 [ current time: 19h41 ] 
INFO:  Idle: 47,  Running: 32,  Completed: 1 [  29.9s  ] 
INFO:  Idle: 44,  Running: 32,  Completed: 4 [  33.4s  ] 
INFO:  Idle: 43,  Running: 32,  Completed: 5 [  39.8s  ] 
INFO:  Idle: 41,  Running: 32,  Completed: 7 [  44.4s  ] 
INFO:  Idle: 33,  Running: 32,  Completed: 16 [  49.5s  ] 
INFO:  Idle: 28,  Running: 32,  Completed: 22 [  53.1s  ] 
INFO:  Idle: 26,  Running: 32,  Completed: 25 [  59s  ] 
INFO:  Idle: 25,  Running: 32,  Completed: 26 [  1m 5s  ] 
INFO:  Idle: 24,  Running: 32,  Completed: 27 [  1m 12s  ] 
INFO:  Idle: 21,  Running: 32,  Completed: 30 [  1m 16s  ] 
INFO:  Idle: 20,  Running: 32,  Completed: 32 [  1m 19s  ] 
INFO:  Idle: 19,  Running: 32,  Completed: 33 [  1m 23s  ] 
INFO:  Idle: 18,  Running: 32,  Completed: 35 [  1m 28s  ] 
INFO:  Idle: 13,  Running: 32,  Completed: 41 [  1m 32s  ] 
INFO:  Idle: 9,  Running: 32,  Completed: 45 [  1m 36s  ] 
INFO: P0_gg_xdxdxh1/G1.5 is at 0.00143 +- 0.000141 pb. Now submitting iteration #2. 
INFO: P0_gg_xdxdxh1/G1.7 is at 0.000255 +- 2.11e-05 pb. Now submitting iteration #2. 
INFO: P0_gg_xdxdxh1/G2.5 is at 1.85e-06 +- 1.79e-07 pb. Now submitting iteration #2. 
INFO: P0_gg_xdxdxh1/G1.4 is at 0.000138 +- 8.23e-06 pb. Now submitting iteration #2. 
INFO:  Idle: 21,  Running: 32,  Completed: 55 [  1m 40s  ] 
INFO: P0_gg_xdxdxh1/G2.7 is at 2.89e-07 +- 2.36e-08 pb. Now submitting iteration #2. 
INFO: P0_gg_xdxdxh1/G2.8 is at 4.1e-09 +- 1.77e-09 pb. Now submitting iteration #2. 
INFO: P0_gg_xdxdxh1/G3.4 is at 0.000527 +- 1.64e-05 pb. Now submitting iteration #2. 
INFO: P0_gg_xdxdxh1/G3.5 is at 0.00023 +- 2.55e-05 pb. Now submitting iteration #2. 
INFO:  Idle: 36,  Running: 32,  Completed: 61 [  1m 45s  ] 
INFO:  Idle: 35,  Running: 32,  Completed: 62 [  1m 59s  ] 
INFO:  Idle: 32,  Running: 32,  Completed: 65 [  2m 3s  ] 
INFO:  Idle: 29,  Running: 32,  Completed: 68 [  2m 8s  ] 
INFO:  Idle: 26,  Running: 32,  Completed: 71 [  2m 12s  ] 
INFO:  Idle: 24,  Running: 32,  Completed: 73 [  2m 15s  ] 
INFO:  Idle: 23,  Running: 32,  Completed: 75 [  2m 18s  ] 
INFO:  Idle: 20,  Running: 32,  Completed: 79 [  2m 22s  ] 
INFO:  Idle: 19,  Running: 32,  Completed: 80 [  2m 25s  ] 
INFO:  Idle: 17,  Running: 32,  Completed: 84 [  2m 29s  ] 
INFO:  Idle: 12,  Running: 32,  Completed: 91 [  2m 40s  ] 
INFO:  Idle: 9,  Running: 32,  Completed: 94 [  2m 44s  ] 
INFO:  Idle: 7,  Running: 32,  Completed: 96 [  2m 48s  ] 
INFO: P0_gg_xdxdxh1/G3.7 is at 1.44e-05 +- 1.52e-06 pb. Now submitting iteration #2. 
INFO: P0_gg_xdxdxh1/G1.8 is at 4.05e-06 +- 3.45e-06 pb. Now submitting iteration #2. 
INFO: P0_gg_xdxdxh1/G2.4 is at 1.19e-09 +- 1.18e-10 pb. Now submitting iteration #2. 
INFO:  Idle: 16,  Running: 32,  Completed: 103 [  2m 51s  ] 
INFO: P0_gg_xdxdxh1/G4.5 is at 0.00306 +- 0.000303 pb. Now submitting iteration #2. 
INFO: P0_gg_xdxdxh1/G4.7 is at 0.000247 +- 2.49e-05 pb. Now submitting iteration #2. 
INFO: P0_gg_xdxdxh1/G4.4 is at 0.000209 +- 7.33e-06 pb. Now submitting iteration #2. 
INFO: P0_gg_xdxdxh1/G1.5 is at 0.00131 +- 2.61e-05 pb. Now submitting iteration #3. 
INFO:  Idle: 31,  Running: 32,  Completed: 109 [  2m 55s  ] 
INFO:  Idle: 29,  Running: 32,  Completed: 111 [  2m 59s  ] 
INFO:  Idle: 26,  Running: 32,  Completed: 117 [  3m 3s  ] 
INFO: P0_gg_xdxdxh1/G1.7 is at 0.000247 +- 2.48e-06 pb. Now submitting iteration #3. 
INFO:  Idle: 27,  Running: 32,  Completed: 121 [  3m 6s  ] 
INFO: P0_gg_xdxdxh1/G2.5 is at 2.19e-06 +- 7.6e-08 pb. Now submitting iteration #3. 
INFO:  Idle: 30,  Running: 32,  Completed: 124 [  3m 9s  ] 
INFO:  Idle: 27,  Running: 32,  Completed: 127 [  3m 13s  ] 
INFO:  Idle: 23,  Running: 32,  Completed: 132 [  3m 24s  ] 
INFO:  Idle: 20,  Running: 32,  Completed: 136 [  3m 29s  ] 
INFO:  Idle: 19,  Running: 32,  Completed: 138 [  3m 32s  ] 
INFO: P0_gg_xdxdxh1/G3.8 is at 6.6e-07 +- 4.02e-07 pb. Now submitting iteration #2. 
INFO: P0_gg_xdxdxh1/G1.4 is at 0.000153 +- 1.07e-05 pb. Now submitting iteration #3. 
INFO: P0_gg_xdxdxh1/G4.8 is at 2.81e-05 +- 1.75e-05 pb. Now submitting iteration #2. 
INFO:  Idle: 26,  Running: 32,  Completed: 147 [  3m 37s  ] 
INFO:  Idle: 23,  Running: 32,  Completed: 150 [  3m 40s  ] 
INFO:  Idle: 22,  Running: 32,  Completed: 152 [  3m 43s  ] 
INFO:  Idle: 20,  Running: 32,  Completed: 154 [  3m 47s  ] 
INFO: P0_gg_xdxdxh1/G2.7 is at 3.15e-07 +- 1.97e-08 pb. Now submitting iteration #3. 
INFO: P0_gg_xdxdxh1/G2.8 is at 1.98e-08 +- 9.85e-09 pb. Now submitting iteration #3. 
INFO: P0_gg_xdxdxh1/G3.4 is at 0.000557 +- 1.35e-05 pb. Now submitting iteration #3. 
INFO: P0_gg_xdxdxh1/G3.5 is at 0.000255 +- 5.46e-06 pb. Now submitting iteration #3. 
INFO:  Idle: 33,  Running: 32,  Completed: 162 [  3m 52s  ] 
INFO:  Idle: 32,  Running: 32,  Completed: 163 [  3m 55s  ] 
INFO: P0_gg_xdxdxh1/G1.8 is at 1.04e-05 +- 6.52e-06 pb. Now submitting iteration #3. 
INFO:  Idle: 32,  Running: 32,  Completed: 169 [  3m 59s  ] 
INFO:  Idle: 31,  Running: 32,  Completed: 171 [  4m 4s  ] 
INFO:  Idle: 29,  Running: 32,  Completed: 173 [  4m 9s  ] 
INFO: P0_gg_xdxdxh1/G3.7 is at 1.56e-05 +- 3.87e-07 pb. Now submitting iteration #3. 
INFO:  Idle: 32,  Running: 32,  Completed: 176 [  4m 13s  ] 
INFO:  Idle: 31,  Running: 32,  Completed: 177 [  4m 24s  ] 
INFO:  Idle: 30,  Running: 32,  Completed: 178 [  4m 29s  ] 
INFO:  Idle: 14,  Running: 32,  Completed: 197 [  5m 5s  ] 
INFO: Survey finished for P0_gg_xdxdxh1/G2.4 at 1.06e-09 +- 3.78e-11 pb 
INFO: P0_gg_xdxdxh1/G4.5 is at 0.003017 +- 1.06e-05 pb. Now submitting iteration #3. 
INFO: P0_gg_xdxdxh1/G4.4 is at 0.0002068 +- 1.57e-06 pb. Now submitting iteration #3. 
INFO:  Idle: 19,  Running: 32,  Completed: 204 [  5m 8s  ] 
INFO:  Idle: 18,  Running: 32,  Completed: 205 [  5m 16s  ] 
INFO:  Idle: 16,  Running: 32,  Completed: 207 [  5m 23s  ] 
INFO:  Idle: 15,  Running: 32,  Completed: 208 [  5m 27s  ] 
INFO: P0_gg_xdxdxh1/G4.7 is at 0.0002409 +- 1.79e-06 pb. Now submitting iteration #3. 
INFO: Survey finished for P0_gg_xdxdxh1/G1.5 at 0.001275 +- 1.26e-05 pb 
INFO: P0_gg_xdxdxh1/G3.8 is at 5.82e-07 +- 2.44e-08 pb. Now submitting iteration #3. 
INFO:  Idle: 22,  Running: 32,  Completed: 211 [  5m 30s  ] 
INFO: P0_gg_xdxdxh1/G4.8 is at 1.14e-05 +- 7.28e-06 pb. Now submitting iteration #3. 
INFO:  Idle: 24,  Running: 32,  Completed: 215 [  5m 34s  ] 
INFO:  Idle: 23,  Running: 32,  Completed: 216 [  5m 37s  ] 
INFO:  Idle: 22,  Running: 32,  Completed: 217 [  5m 58s  ] 
INFO: Survey finished for P0_gg_xdxdxh1/G1.7 at 0.0002484 +- 8.29e-07 pb 
INFO:  Idle: 20,  Running: 32,  Completed: 219 [  6m 16s  ] 
INFO:  Idle: 19,  Running: 32,  Completed: 220 [  6m 20s  ] 
INFO: Survey finished for P0_gg_xdxdxh1/G2.5 at 2.23e-06 +- 2.28e-08 pb 
INFO:  Idle: 15,  Running: 32,  Completed: 224 [  6m 23s  ] 
INFO:  Idle: 11,  Running: 32,  Completed: 230 [  6m 27s  ] 
INFO:  Idle: 6,  Running: 32,  Completed: 236 [  6m 31s  ] 
INFO: P0_gg_xdxdxh1/G1.4 is at 0.000153 +- 3.26e-06 pb. Now submitting iteration #4. 
INFO:  Idle: 5,  Running: 32,  Completed: 242 [  6m 35s  ] 
INFO: P0_gg_xdxdxh1/G2.7 is at 3.23e-07 +- 8.71e-09 pb. Now submitting iteration #4. 
INFO: Survey finished for P0_gg_xdxdxh1/G2.8 at 3.52e-08 +- 4.01e-09 pb 
INFO: Survey finished for P0_gg_xdxdxh1/G3.5 at 0.000264 +- 2.86e-06 pb 
INFO:  Idle: 6,  Running: 32,  Completed: 248 [  6m 38s  ] 
INFO: P0_gg_xdxdxh1/G1.8 is at 3.61e-06 +- 1.08e-06 pb. Now submitting iteration #4. 
INFO: Survey finished for P0_gg_xdxdxh1/G3.4 at 0.000565 +- 5.77e-06 pb 
INFO:  Idle: 9,  Running: 32,  Completed: 250 [  6m 41s  ] 
INFO:  Idle: 9,  Running: 32,  Completed: 251 [  6m 46s  ] 
INFO:  Idle: 7,  Running: 32,  Completed: 253 [  6m 59s  ] 
INFO:  Idle: 5,  Running: 32,  Completed: 256 [  7m 4s  ] 
INFO:  Idle: 4,  Running: 32,  Completed: 257 [  7m 24s  ] 
INFO:  Idle: 2,  Running: 32,  Completed: 259 [  7m 38s  ] 
INFO: Survey finished for P0_gg_xdxdxh1/G3.7 at 1.547e-05 +- 1.13e-07 pb 
INFO: Survey finished for P0_gg_xdxdxh1/G4.5 at 0.003028 +- 4.28e-06 pb 
INFO:  Idle: 0,  Running: 30,  Completed: 263 [  7m 42s  ] 
INFO:  Idle: 0,  Running: 27,  Completed: 266 [  7m 45s  ] 
INFO: Survey finished for P0_gg_xdxdxh1/G4.4 at 0.000215 +- 3.38e-06 pb 
INFO:  Idle: 0,  Running: 21,  Completed: 273 [  7m 49s  ] 
INFO: P0_gg_xdxdxh1/G4.8 is at 2.05e-05 +- 7.84e-06 pb. Now submitting iteration #4. 
INFO:  Idle: 0,  Running: 24,  Completed: 277 [  7m 54s  ] 
INFO: P0_gg_xdxdxh1/G3.8 is at 7.58e-07 +- 1.06e-07 pb. Now submitting iteration #4. 
INFO:  Idle: 1,  Running: 25,  Completed: 281 [  7m 57s  ] 
INFO: Survey finished for P0_gg_xdxdxh1/G4.7 at 0.0002412 +- 5.2e-07 pb 
INFO:  Idle: 0,  Running: 24,  Completed: 283 [  8m 45s  ] 
INFO:  Idle: 0,  Running: 23,  Completed: 284 [  8m 58s  ] 
INFO:  Idle: 0,  Running: 21,  Completed: 286 [  9m 20s  ] 
INFO:  Idle: 0,  Running: 19,  Completed: 288 [  9m 24s  ] 
INFO:  Idle: 1,  Running: 17,  Completed: 290 [  9m 27s  ] 
INFO: Survey finished for P0_gg_xdxdxh1/G1.4 at 0.0001537 +- 1.46e-06 pb 
INFO:  Idle: 0,  Running: 15,  Completed: 293 [  9m 30s  ] 
INFO:  Idle: 0,  Running: 14,  Completed: 294 [  9m 34s  ] 
INFO:  Idle: 0,  Running: 12,  Completed: 296 [  9m 40s  ] 
INFO:  Idle: 1,  Running: 8,  Completed: 300 [  9m 48s  ] 
INFO: P0_gg_xdxdxh1/G2.7 is at 3.3e-07 +- 8.43e-09 pb. Now submitting iteration #5. 
INFO:  Idle: 0,  Running: 12,  Completed: 302 [  9m 55s  ] 
INFO:  Idle: 1,  Running: 11,  Completed: 303 [  10m 3s  ] 
INFO: P0_gg_xdxdxh1/G1.8 is at 3.83e-06 +- 4.28e-07 pb. Now submitting iteration #5. 
INFO:  Idle: 0,  Running: 15,  Completed: 305 [  10m 13s  ] 
INFO: P0_gg_xdxdxh1/G3.8 is at 1.07e-06 +- 1.14e-07 pb. Now submitting iteration #5. 
INFO:  Idle: 0,  Running: 16,  Completed: 310 [  10m 20s  ] 
INFO: P0_gg_xdxdxh1/G4.8 is at 3.51e-05 +- 6.06e-06 pb. Now submitting iteration #5. 
INFO:  Idle: 0,  Running: 20,  Completed: 312 [  10m 23s  ] 
INFO:  Idle: 0,  Running: 19,  Completed: 313 [  13m 49s  ] 
INFO:  Idle: 0,  Running: 18,  Completed: 314 [  13m 53s  ] 
INFO:  Idle: 0,  Running: 15,  Completed: 317 [  13m 59s  ] 
INFO:  Idle: 0,  Running: 12,  Completed: 320 [  14m 8s  ] 
INFO:  Idle: 1,  Running: 10,  Completed: 322 [  14m 14s  ] 
INFO: Survey finished for P0_gg_xdxdxh1/G2.7 at 3.37e-07 +- 1.16e-08 pb 
INFO:  Idle: 0,  Running: 7,  Completed: 326 [  14m 21s  ] 
INFO: Survey finished for P0_gg_xdxdxh1/G1.8 at 3.83e-06 +- 1.15e-07 pb 
INFO:  Idle: 0,  Running: 4,  Completed: 330 [  14m 29s  ] 
INFO: Survey finished for P0_gg_xdxdxh1/G4.8 at 3.99e-05 +- 1.47e-06 pb 
INFO:  Idle: 0,  Running: 2,  Completed: 333 [  14m 34s  ] 
INFO:  Idle: 0,  Running: 1,  Completed: 335 [  14m 38s  ] 
INFO: Survey finished for P0_gg_xdxdxh1/G3.8 at 1.26e-06 +- 4.47e-08 pb 
INFO:  Idle: 0,  Running: 0,  Completed: 336 [  14m 43s  ] 
INFO:  Idle: 0,  Running: 0,  Completed: 336 [  14m 44s  ] 
INFO: End survey 
refine 20000
INFO: compile directory 
compile Source Directory
Creating Jobs
INFO: Refine results to 20000 
INFO: Generating 20000.0 unweigthed events. 
INFO: Effective Luminosity 3799392.07473 pb^-1 
INFO: need to improve 4 channels 
Current estimate of cross-section: 0.0060536000359 +- 1.53154209019e-05
INFO:  Idle: 1,  Running: 32,  Completed: 0 [ current time: 19h56 ] 
INFO:  Idle: 0,  Running: 32,  Completed: 1 [  36s  ] 
INFO:  Idle: 0,  Running: 30,  Completed: 3 [  40.5s  ] 
INFO: P0_gg_xdxdxh1/G4.4 is at 11/630 (1.8%) event. Resubmit 8 job at iteration 1. 
INFO:  Idle: 2,  Running: 32,  Completed: 8 [  43.9s  ] 
INFO:  Idle: 0,  Running: 28,  Completed: 14 [  47.3s  ] 
INFO:  Idle: 0,  Running: 17,  Completed: 25 [  51.1s  ] 
INFO: P0_gg_xdxdxh1/G1.5 is at 1971/4835 (41%) event. Resubmit 2 job at iteration 1. 
INFO: P0_gg_xdxdxh1/G4.8 is at 130/149 (88%) event. Resubmit 1 job at iteration 1. 
INFO:  Idle: 0,  Running: 12,  Completed: 35 [  1m 1s  ] 
INFO:  Idle: 1,  Running: 11,  Completed: 36 [  1m 7s  ] 
INFO: P0_gg_xdxdxh1/G4.5 is at 6328/11503 (55%) event. Resubmit 5 job at iteration 1. 
INFO:  Idle: 0,  Running: 16,  Completed: 37 [  1m 12s  ] 
INFO:  Idle: 0,  Running: 12,  Completed: 41 [  1m 15s  ] 
INFO:  Idle: 1,  Running: 8,  Completed: 45 [  1m 19s  ] 
INFO: P0_gg_xdxdxh1/G4.4 is at 24/756 (3.3%) event. Resubmit 20 job at iteration 2. 
INFO:  Idle: 1,  Running: 26,  Completed: 48 [  1m 40s  ] 
INFO: P0_gg_xdxdxh1/G1.5 is at 2982/4840 (62%) event. Resubmit 4 job at iteration 2. 
INFO: found enough event for P0_gg_xdxdxh1/G4.8 
INFO:  Idle: 0,  Running: 28,  Completed: 52 [  1m 44s  ] 
INFO:  Idle: 0,  Running: 27,  Completed: 53 [  1m 52s  ] 
INFO:  Idle: 0,  Running: 25,  Completed: 55 [  1m 56s  ] 
INFO: P0_gg_xdxdxh1/G4.5 is at 8421/11509 (73%) event. Resubmit 8 job at iteration 2. 
INFO:  Idle: 0,  Running: 30,  Completed: 59 [  1m 59s  ] 
INFO:  Idle: 0,  Running: 23,  Completed: 66 [  2m 3s  ] 
INFO:  Idle: 0,  Running: 20,  Completed: 69 [  2m 10s  ] 
INFO: P0_gg_xdxdxh1/G4.4 is at 41/778 ('5.3%') event. Resubmit 30 job at iteration 3. 
INFO:  Idle: 10,  Running: 32,  Completed: 78 [  2m 16s  ] 
INFO:  Idle: 8,  Running: 32,  Completed: 80 [  2m 23s  ] 
INFO:  Idle: 7,  Running: 32,  Completed: 82 [  2m 27s  ] 
INFO:  Idle: 6,  Running: 32,  Completed: 83 [  2m 36s  ] 
INFO:  Idle: 3,  Running: 32,  Completed: 86 [  2m 39s  ] 
INFO:  Idle: 2,  Running: 32,  Completed: 87 [  2m 45s  ] 
INFO: found enough event for P0_gg_xdxdxh1/G1.5 
INFO: found enough event for P0_gg_xdxdxh1/G4.5 
INFO:  Idle: 0,  Running: 29,  Completed: 93 [  2m 56s  ] 
INFO:  Idle: 0,  Running: 25,  Completed: 97 [  2m 59s  ] 
INFO:  Idle: 0,  Running: 19,  Completed: 103 [  3m 3s  ] 
INFO:  Idle: 0,  Running: 10,  Completed: 112 [  3m 6s  ] 
INFO:  Idle: 0,  Running: 6,  Completed: 116 [  3m 9s  ] 
INFO:  Idle: 0,  Running: 4,  Completed: 118 [  3m 13s  ] 
INFO:  Idle: 0,  Running: 2,  Completed: 120 [  3m 21s  ] 
INFO: P0_gg_xdxdxh1/G4.4 is at 135/801 ('17%') event. Resubmit 45 job at iteration 4. 
INFO:  Idle: 13,  Running: 32,  Completed: 123 [  3m 29s  ] 
INFO:  Idle: 12,  Running: 32,  Completed: 124 [  4m 5s  ] 
INFO:  Idle: 10,  Running: 32,  Completed: 126 [  4m 9s  ] 
INFO:  Idle: 5,  Running: 32,  Completed: 131 [  4m 12s  ] 
INFO:  Idle: 1,  Running: 32,  Completed: 135 [  4m 18s  ] 
INFO:  Idle: 0,  Running: 22,  Completed: 146 [  4m 21s  ] 
INFO:  Idle: 0,  Running: 13,  Completed: 155 [  4m 25s  ] 
INFO:  Idle: 0,  Running: 12,  Completed: 156 [  4m 37s  ] 
INFO:  Idle: 0,  Running: 10,  Completed: 158 [  4m 41s  ] 
INFO:  Idle: 0,  Running: 4,  Completed: 164 [  4m 46s  ] 
INFO:  Idle: 0,  Running: 1,  Completed: 168 [  4m 51s  ] 
INFO: P0_gg_xdxdxh1/G4.4 is at 306/828 ('37%') event. Resubmit 67 job at iteration 5. 
INFO:  Idle: 36,  Running: 31,  Completed: 169 [  5m 1s  ] 
INFO:  Idle: 34,  Running: 32,  Completed: 170 [  5m 36s  ] 
INFO:  Idle: 31,  Running: 32,  Completed: 173 [  5m 42s  ] 
INFO:  Idle: 29,  Running: 32,  Completed: 175 [  5m 49s  ] 
INFO:  Idle: 3,  Running: 32,  Completed: 201 [  5m 52s  ] 
INFO:  Idle: 2,  Running: 32,  Completed: 202 [  6m 18s  ] 
INFO:  Idle: 1,  Running: 32,  Completed: 203 [  6m 27s  ] 
INFO:  Idle: 0,  Running: 28,  Completed: 208 [  6m 30s  ] 
INFO:  Idle: 0,  Running: 24,  Completed: 212 [  6m 33s  ] 
INFO:  Idle: 0,  Running: 17,  Completed: 219 [  6m 37s  ] 
INFO:  Idle: 0,  Running: 11,  Completed: 225 [  6m 40s  ] 
INFO:  Idle: 0,  Running: 2,  Completed: 234 [  6m 50s  ] 
INFO: P0_gg_xdxdxh1/G4.4 is at 553/845 ('66%') event. Resubmit 100 job at iteration 6. 
INFO:  Idle: 68,  Running: 32,  Completed: 237 [  7m 10s  ] 
INFO:  Idle: 67,  Running: 32,  Completed: 238 [  7m 47s  ] 
INFO:  Idle: 65,  Running: 32,  Completed: 240 [  7m 52s  ] 
INFO:  Idle: 60,  Running: 32,  Completed: 245 [  7m 55s  ] 
INFO:  Idle: 54,  Running: 32,  Completed: 251 [  7m 58s  ] 
INFO:  Idle: 47,  Running: 32,  Completed: 258 [  8m 2s  ] 
INFO:  Idle: 35,  Running: 32,  Completed: 270 [  8m 35s  ] 
INFO:  Idle: 34,  Running: 32,  Completed: 271 [  8m 39s  ] 
INFO:  Idle: 26,  Running: 32,  Completed: 279 [  8m 42s  ] 
INFO:  Idle: 23,  Running: 32,  Completed: 282 [  8m 50s  ] 
INFO:  Idle: 3,  Running: 32,  Completed: 302 [  9m 15s  ] 
INFO:  Idle: 2,  Running: 32,  Completed: 303 [  9m 27s  ] 
INFO:  Idle: 0,  Running: 21,  Completed: 316 [  9m 30s  ] 
INFO:  Idle: 0,  Running: 17,  Completed: 320 [  9m 33s  ] 
INFO:  Idle: 0,  Running: 13,  Completed: 324 [  9m 37s  ] 
INFO:  Idle: 0,  Running: 3,  Completed: 334 [  9m 48s  ] 
INFO:  Idle: 0,  Running: 1,  Completed: 336 [  9m 54s  ] 
INFO:  Idle: 1,  Running: 0,  Completed: 337 [  10m 3s  ] 
INFO: found enough event for P0_gg_xdxdxh1/G4.4 
INFO:  Idle: 0,  Running: 0,  Completed: 338 [  10m 10s  ] 
INFO:  Idle: 0,  Running: 0,  Completed: 338 [  10m 10s  ] 
INFO: Combining runs 
INFO: finish refine 
refine 20000
Creating Jobs
INFO: Refine results to 20000 
INFO: Generating 20000.0 unweigthed events. 
INFO: Effective Luminosity 3793673.61439 pb^-1 
INFO: need to improve 0 channels 
Current estimate of cross-section: 0.0060627250359 +- 9.36248222802e-06
INFO:  Idle: 0,  Running: 0,  Completed: 0 [ current time: 20h06 ] 
INFO: Combining runs 
INFO: finish refine 
combine_events
INFO: Combining Events 
 
 
 
  === Results Summary for run: run_01 tag: tag_1 ===

     Cumulative sequential time for this run: 5h56m34s
     Cross-section :   0.006063 +- 9.362e-06 pb
     Nb of events :  20000
 
store_events
INFO: Storing parton level results 
INFO: End Parton 
reweight -from_cards
decay_events -from_cards
INFO: storring files of previous run 
INFO: Done 
quit
INFO:  
 
INFO:  
 
quit
 

 


Job finished at Thu Jul 20 20:08:08 CEST 2017 on node 
 under linux version Scientific Linux CERN SLC release 6.9 (Carbon)

CERN statistics: This process used approximately : 17:27:13 KSI2K hours (62833 KSI2K seconds)
                 This process corresponds to     : 68:04:12 HS06  hours (245052 HS06  seconds)
