@(#)CERN job starter $Date: 2010/06/23 14:22:16 $
Working directory is </pool/lsf/syu/60064386> on <b6ade39e58.cern.ch>

Starting job on  Thu Jul 20 19:37:20 CEST 2017
Running on  Linux b6ade39e58.cern.ch 2.6.32-642.11.1.el6.x86_64 #1 SMP Wed Nov 16 09:40:09 CET 2016 x86_64 x86_64 x86_64 GNU/Linux
System release  Scientific Linux CERN SLC release 6.9 (Carbon)
name: interactive
carddir: 
queue: local
# On branch master
# Changed but not updated:
#   (use "git add <file>..." to update what will be committed)
#   (use "git checkout -- <file>..." to discard changes in working directory)
#
#	modified:   cards/production/13TeV/monoHiggs/Zp2HDM/Zprime_A0h_A0chichi/Zprime_A0h_A0chichi_MZp2500_MA0800/Zprime_A0h_A0chichi_MZp2500_MA0800_customizecards.dat
#	modified:   cards/production/13TeV/monoHiggs/Zp2HDM/Zprime_A0h_A0chichi/Zprime_A0h_A0chichi_MZp600_MA0300/Zprime_A0h_A0chichi_MZp600_MA0300_customizecards.dat
#
# Untracked files:
#   (use "git add <file>..." to include in what will be committed)
#
#	2HDMPZ2II_MH3_1000_MH4_100_MH2_1000_MHC_1000_proc_card.dat
#	2HDMPZ2II_MH3_1000_MH4_150_MH2_1000_MHC_1000_proc_card.dat
#	2HDMPZ2II_MH3_1000_MH4_200_MH2_1000_MHC_1000_proc_card.dat
#	2HDMPZ2II_MH3_1000_MH4_250_MH2_1000_MHC_1000_proc_card.dat
#	2HDMPZ2II_MH3_1000_MH4_300_MH2_1000_MHC_1000_proc_card.dat
#	2HDMPZ2II_MH3_1000_MH4_350_MH2_1000_MHC_1000_proc_card.dat
#	2HDMPZ2II_MH3_1000_MH4_400_MH2_1000_MHC_1000_proc_card.dat
#	2HDMPZ2II_MH3_1000_MH4_450_MH2_1000_MHC_1000_proc_card.dat
#	2HDMPZ2II_MH3_1000_MH4_500_MH2_1000_MHC_1000_proc_card.dat
#	2HDMPZ2II_MH3_100_MH4_100_MH2_100_MHC_100_proc_card.dat
#	2HDMPZ2II_MH3_1100_MH4_100_MH2_1100_MHC_1100_proc_card.dat
#	2HDMPZ2II_MH3_1100_MH4_150_MH2_1100_MHC_1100_proc_card.dat
#	2HDMPZ2II_MH3_1100_MH4_200_MH2_1100_MHC_1100_proc_card.dat
#	2HDMPZ2II_MH3_1100_MH4_250_MH2_1100_MHC_1100_proc_card.dat
#	2HDMPZ2II_MH3_1100_MH4_300_MH2_1100_MHC_1100_proc_card.dat
#	2HDMPZ2II_MH3_1100_MH4_350_MH2_1100_MHC_1100_proc_card.dat
#	2HDMPZ2II_MH3_1100_MH4_400_MH2_1100_MHC_1100_proc_card.dat
#	2HDMPZ2II_MH3_1100_MH4_450_MH2_1100_MHC_1100_proc_card.dat
#	2HDMPZ2II_MH3_1100_MH4_500_MH2_1100_MHC_1100_proc_card.dat
#	2HDMPZ2II_MH3_1200_MH4_100_MH2_1200_MHC_1200_proc_card.dat
#	2HDMPZ2II_MH3_1200_MH4_150_MH2_1200_MHC_1200_proc_card.dat
#	2HDMPZ2II_MH3_1200_MH4_200_MH2_1200_MHC_1200_proc_card.dat
#	2HDMPZ2II_MH3_1200_MH4_250_MH2_1200_MHC_1200_proc_card.dat
#	2HDMPZ2II_MH3_1200_MH4_300_MH2_1200_MHC_1200_proc_card.dat
#	2HDMPZ2II_MH3_1200_MH4_350_MH2_1200_MHC_1200_proc_card.dat
#	2HDMPZ2II_MH3_1200_MH4_400_MH2_1200_MHC_1200_proc_card.dat
#	2HDMPZ2II_MH3_1200_MH4_450_MH2_1200_MHC_1200_proc_card.dat
#	2HDMPZ2II_MH3_1200_MH4_500_MH2_1200_MHC_1200_proc_card.dat
#	2HDMPZ2II_MH3_1300_MH4_100_MH2_1300_MHC_1300_proc_card.dat
#	2HDMPZ2II_MH3_1300_MH4_150_MH2_1300_MHC_1300_proc_card.dat
#	2HDMPZ2II_MH3_1300_MH4_200_MH2_1300_MHC_1300_proc_card.dat
#	2HDMPZ2II_MH3_1300_MH4_250_MH2_1300_MHC_1300_proc_card.dat
#	2HDMPZ2II_MH3_1300_MH4_300_MH2_1300_MHC_1300_proc_card.dat
#	2HDMPZ2II_MH3_1300_MH4_350_MH2_1300_MHC_1300_proc_card.dat
#	2HDMPZ2II_MH3_1300_MH4_400_MH2_1300_MHC_1300_proc_card.dat
#	2HDMPZ2II_MH3_1300_MH4_450_MH2_1300_MHC_1300_proc_card.dat
#	2HDMPZ2II_MH3_1300_MH4_500_MH2_1300_MHC_1300_proc_card.dat
#	2HDMPZ2II_MH3_1400_MH4_100_MH2_1400_MHC_1400_proc_card.dat
#	2HDMPZ2II_MH3_1400_MH4_150_MH2_1400_MHC_1400_proc_card.dat
#	2HDMPZ2II_MH3_1400_MH4_200_MH2_1400_MHC_1400_proc_card.dat
#	2HDMPZ2II_MH3_1400_MH4_250_MH2_1400_MHC_1400_proc_card.dat
#	2HDMPZ2II_MH3_1400_MH4_300_MH2_1400_MHC_1400_proc_card.dat
#	2HDMPZ2II_MH3_1400_MH4_350_MH2_1400_MHC_1400_proc_card.dat
#	2HDMPZ2II_MH3_1400_MH4_400_MH2_1400_MHC_1400_proc_card.dat
#	2HDMPZ2II_MH3_1400_MH4_450_MH2_1400_MHC_1400_proc_card.dat
#	2HDMPZ2II_MH3_1400_MH4_500_MH2_1400_MHC_1400_proc_card.dat
#	2HDMPZ2II_MH3_1500_MH4_100_MH2_1500_MHC_1500_proc_card.dat
#	2HDMPZ2II_MH3_1500_MH4_150_MH2_1500_MHC_1500_proc_card.dat
#	2HDMPZ2II_MH3_1500_MH4_200_MH2_1500_MHC_1500_proc_card.dat
#	2HDMPZ2II_MH3_1500_MH4_250_MH2_1500_MHC_1500_proc_card.dat
#	2HDMPZ2II_MH3_1500_MH4_300_MH2_1500_MHC_1500_proc_card.dat
#	2HDMPZ2II_MH3_1500_MH4_350_MH2_1500_MHC_1500_proc_card.dat
#	2HDMPZ2II_MH3_1500_MH4_400_MH2_1500_MHC_1500_proc_card.dat
#	2HDMPZ2II_MH3_1500_MH4_450_MH2_1500_MHC_1500_proc_card.dat
#	2HDMPZ2II_MH3_1500_MH4_500_MH2_1500_MHC_1500_proc_card.dat
#	2HDMPZ2II_MH3_1600_MH4_100_MH2_1600_MHC_1600_proc_card.dat
#	2HDMPZ2II_MH3_1600_MH4_150_MH2_1600_MHC_1600_proc_card.dat
#	2HDMPZ2II_MH3_1600_MH4_200_MH2_1600_MHC_1600_proc_card.dat
#	2HDMPZ2II_MH3_1600_MH4_250_MH2_1600_MHC_1600_proc_card.dat
#	2HDMPZ2II_MH3_1600_MH4_300_MH2_1600_MHC_1600_proc_card.dat
#	2HDMPZ2II_MH3_1600_MH4_350_MH2_1600_MHC_1600_proc_card.dat
#	2HDMPZ2II_MH3_1600_MH4_400_MH2_1600_MHC_1600_proc_card.dat
#	2HDMPZ2II_MH3_1600_MH4_450_MH2_1600_MHC_1600_proc_card.dat
#	2HDMPZ2II_MH3_1600_MH4_500_MH2_1600_MHC_1600_proc_card.dat
#	2HDMPZ2II_MH3_200_MH4_100_MH2_200_MHC_200_proc_card.dat
#	2HDMPZ2II_MH3_200_MH4_150_MH2_200_MHC_200_proc_card.dat
#	2HDMPZ2II_MH3_200_MH4_200_MH2_200_MHC_200_proc_card.dat
#	2HDMPZ2II_MH3_300_MH4_100_MH2_300_MHC_300_proc_card.dat
#	2HDMPZ2II_MH3_300_MH4_150_MH2_300_MHC_300_proc_card.dat
#	2HDMPZ2II_MH3_300_MH4_200_MH2_300_MHC_300_proc_card.dat
#	2HDMPZ2II_MH3_300_MH4_250_MH2_300_MHC_300_proc_card.dat
#	2HDMPZ2II_MH3_300_MH4_300_MH2_300_MHC_300_proc_card.dat
#	2HDMPZ2II_MH3_400_MH4_100_MH2_400_MHC_400_proc_card.dat
#	2HDMPZ2II_MH3_400_MH4_150_MH2_400_MHC_400_proc_card.dat
#	2HDMPZ2II_MH3_400_MH4_200_MH2_400_MHC_400_proc_card.dat
#	2HDMPZ2II_MH3_400_MH4_250_MH2_400_MHC_400_proc_card.dat
#	2HDMPZ2II_MH3_400_MH4_300_MH2_400_MHC_400_proc_card.dat
#	2HDMPZ2II_MH3_400_MH4_350_MH2_400_MHC_400_proc_card.dat
#	2HDMPZ2II_MH3_400_MH4_400_MH2_400_MHC_400_proc_card.dat
#	2HDMPZ2II_MH3_500_MH4_100_MH2_500_MHC_500_proc_card.dat
#	2HDMPZ2II_MH3_500_MH4_150_MH2_500_MHC_500_proc_card.dat
#	2HDMPZ2II_MH3_500_MH4_200_MH2_500_MHC_500_proc_card.dat
#	2HDMPZ2II_MH3_500_MH4_250_MH2_500_MHC_500_proc_card.dat
#	2HDMPZ2II_MH3_500_MH4_300_MH2_500_MHC_500_proc_card.dat
#	2HDMPZ2II_MH3_500_MH4_350_MH2_500_MHC_500_proc_card.dat
#	2HDMPZ2II_MH3_500_MH4_400_MH2_500_MHC_500_proc_card.dat
#	2HDMPZ2II_MH3_500_MH4_450_MH2_500_MHC_500_proc_card.dat
#	2HDMPZ2II_MH3_500_MH4_500_MH2_500_MHC_500_proc_card.dat
#	2HDMPZ2II_MH3_600_MH4_100_MH2_600_MHC_600_proc_card.dat
#	2HDMPZ2II_MH3_600_MH4_150_MH2_600_MHC_600_proc_card.dat
#	2HDMPZ2II_MH3_600_MH4_200_MH2_600_MHC_600_proc_card.dat
#	2HDMPZ2II_MH3_600_MH4_250_MH2_600_MHC_600_proc_card.dat
#	2HDMPZ2II_MH3_600_MH4_300_MH2_600_MHC_600_proc_card.dat
#	2HDMPZ2II_MH3_600_MH4_350_MH2_600_MHC_600_proc_card.dat
#	2HDMPZ2II_MH3_600_MH4_400_MH2_600_MHC_600_proc_card.dat
#	2HDMPZ2II_MH3_600_MH4_450_MH2_600_MHC_600_proc_card.dat
#	2HDMPZ2II_MH3_600_MH4_500_MH2_600_MHC_600_proc_card.dat
#	2HDMPZ2II_MH3_700_MH4_100_MH2_700_MHC_700_proc_card.dat
#	2HDMPZ2II_MH3_700_MH4_150_MH2_700_MHC_700_proc_card.dat
#	2HDMPZ2II_MH3_700_MH4_200_MH2_700_MHC_700_proc_card.dat
#	2HDMPZ2II_MH3_700_MH4_250_MH2_700_MHC_700_proc_card.dat
#	2HDMPZ2II_MH3_700_MH4_300_MH2_700_MHC_700_proc_card.dat
#	2HDMPZ2II_MH3_700_MH4_350_MH2_700_MHC_700_proc_card.dat
#	2HDMPZ2II_MH3_700_MH4_400_MH2_700_MHC_700_proc_card.dat
#	2HDMPZ2II_MH3_700_MH4_450_MH2_700_MHC_700_proc_card.dat
#	2HDMPZ2II_MH3_700_MH4_500_MH2_700_MHC_700_proc_card.dat
#	2HDMPZ2II_MH3_800_MH4_100_MH2_800_MHC_800_proc_card.dat
#	2HDMPZ2II_MH3_800_MH4_150_MH2_800_MHC_800_proc_card.dat
#	2HDMPZ2II_MH3_800_MH4_200_MH2_800_MHC_800_proc_card.dat
#	2HDMPZ2II_MH3_800_MH4_250_MH2_800_MHC_800_proc_card.dat
#	2HDMPZ2II_MH3_800_MH4_300_MH2_800_MHC_800_proc_card.dat
#	2HDMPZ2II_MH3_800_MH4_350_MH2_800_MHC_800_proc_card.dat
#	2HDMPZ2II_MH3_800_MH4_400_MH2_800_MHC_800_proc_card.dat
#	2HDMPZ2II_MH3_800_MH4_450_MH2_800_MHC_800_proc_card.dat
#	2HDMPZ2II_MH3_800_MH4_500_MH2_800_MHC_800_proc_card.dat
#	2HDMPZ2II_MH3_900_MH4_100_MH2_900_MHC_900_proc_card.dat
#	2HDMPZ2II_MH3_900_MH4_150_MH2_900_MHC_900_proc_card.dat
#	2HDMPZ2II_MH3_900_MH4_200_MH2_900_MHC_900_proc_card.dat
#	2HDMPZ2II_MH3_900_MH4_250_MH2_900_MHC_900_proc_card.dat
#	2HDMPZ2II_MH3_900_MH4_300_MH2_900_MHC_900_proc_card.dat
#	2HDMPZ2II_MH3_900_MH4_350_MH2_900_MHC_900_proc_card.dat
#	2HDMPZ2II_MH3_900_MH4_400_MH2_900_MHC_900_proc_card.dat
#	2HDMPZ2II_MH3_900_MH4_450_MH2_900_MHC_900_proc_card.dat
#	2HDMPZ2II_MH3_900_MH4_500_MH2_900_MHC_900_proc_card.dat
#	2HDMPZ2II_proc_card.dat
#	2HDM_MZp1000_MA0300_MDM100_proc_card.dat
#	2HDM_MZp4000_MA0300_MDM100_proc_card.dat
#	2HDM_proc_card.dat
#	ATLAS_mass
#	LSFJOB_60064156/
#	LSFJOB_60064170/
#	LSFJOB_60064177/
#	LSFJOB_60064192/
#	LSFJOB_60064267/
#	LSFJOB_60064361/
#	LSFJOB_60064396/
#	LSFJOB_60064398/
#	LSFJOB_60064405/
#	Log057
#	Zprime_A0h_A0chichi_MZp600_MA0300.log
#	Zprime_A0h_A0chichi_MZp600_MA0300/
#	Zprime_A0h_A0chichi_MZp600_MA0300_tarball.tar.xz
#	a0width
#	cards/production/13TeV/monoHiggs/Zp2HDM/Zprime_A0h_A0chichi/Zprime_A0h_A0chichi_MZp1000_MA0300/Zprime_A0h_A0chichi_MZp1000_MA0300_extramodels.dat
#	cards/production/13TeV/monoHiggs/Zp2HDM/Zprime_A0h_A0chichi/Zprime_A0h_A0chichi_MZp1000_MA0500/Zprime_A0h_A0chichi_MZp1000_MA0500_extramodels.dat
#	cards/production/13TeV/monoHiggs/Zp2HDM/Zprime_A0h_A0chichi/Zprime_A0h_A0chichi_MZp1000_MA0800/Zprime_A0h_A0chichi_MZp1000_MA0800_extramodels.dat
#	cards/production/13TeV/monoHiggs/Zp2HDM/Zprime_A0h_A0chichi/Zprime_A0h_A0chichi_MZp1200_MA0500/Zprime_A0h_A0chichi_MZp1200_MA0500_extramodels.dat
#	cards/production/13TeV/monoHiggs/Zp2HDM/Zprime_A0h_A0chichi/Zprime_A0h_A0chichi_MZp1200_MA0800/Zprime_A0h_A0chichi_MZp1200_MA0800_extramodels.dat
#	cards/production/13TeV/monoHiggs/Zp2HDM/Zprime_A0h_A0chichi/Zprime_A0h_A0chichi_MZp1400_MA0500/Zprime_A0h_A0chichi_MZp1400_MA0500_extramodels.dat
#	cards/production/13TeV/monoHiggs/Zp2HDM/Zprime_A0h_A0chichi/Zprime_A0h_A0chichi_MZp1400_MA0800/Zprime_A0h_A0chichi_MZp1400_MA0800_extramodels.dat
#	cards/production/13TeV/monoHiggs/Zp2HDM/Zprime_A0h_A0chichi/Zprime_A0h_A0chichi_MZp1700_MA0500/Zprime_A0h_A0chichi_MZp1700_MA0500_extramodels.dat
#	cards/production/13TeV/monoHiggs/Zp2HDM/Zprime_A0h_A0chichi/Zprime_A0h_A0chichi_MZp1700_MA0800/Zprime_A0h_A0chichi_MZp1700_MA0800_extramodels.dat
#	cards/production/13TeV/monoHiggs/Zp2HDM/Zprime_A0h_A0chichi/Zprime_A0h_A0chichi_MZp2000_MA0500/Zprime_A0h_A0chichi_MZp2000_MA0500_extramodels.dat
#	cards/production/13TeV/monoHiggs/Zp2HDM/Zprime_A0h_A0chichi/Zprime_A0h_A0chichi_MZp2000_MA0800/Zprime_A0h_A0chichi_MZp2000_MA0800_extramodels.dat
#	cards/production/13TeV/monoHiggs/Zp2HDM/Zprime_A0h_A0chichi/Zprime_A0h_A0chichi_MZp2500_MA0300/Zprime_A0h_A0chichi_MZp2500_MA0300_extramodels.dat
#	cards/production/13TeV/monoHiggs/Zp2HDM/Zprime_A0h_A0chichi/Zprime_A0h_A0chichi_MZp2500_MA0500/Zprime_A0h_A0chichi_MZp2500_MA0500_extramodels.dat
#	cards/production/13TeV/monoHiggs/Zp2HDM/Zprime_A0h_A0chichi/Zprime_A0h_A0chichi_MZp2500_MA0800/Zprime_A0h_A0chichi_MZp2500_MA0800_extramodels.dat
#	cards/production/13TeV/monoHiggs/Zp2HDM/Zprime_A0h_A0chichi/Zprime_A0h_A0chichi_MZp2750_MA0300/
#	cards/production/13TeV/monoHiggs/Zp2HDM/Zprime_A0h_A0chichi/Zprime_A0h_A0chichi_MZp2750_MA0500/
#	cards/production/13TeV/monoHiggs/Zp2HDM/Zprime_A0h_A0chichi/Zprime_A0h_A0chichi_MZp2750_MA0800/
#	cards/production/13TeV/monoHiggs/Zp2HDM/Zprime_A0h_A0chichi/Zprime_A0h_A0chichi_MZp3000_MA0300/
#	cards/production/13TeV/monoHiggs/Zp2HDM/Zprime_A0h_A0chichi/Zprime_A0h_A0chichi_MZp3000_MA0500/
#	cards/production/13TeV/monoHiggs/Zp2HDM/Zprime_A0h_A0chichi/Zprime_A0h_A0chichi_MZp3000_MA0800/
#	cards/production/13TeV/monoHiggs/Zp2HDM/Zprime_A0h_A0chichi/Zprime_A0h_A0chichi_MZp3500_MA0300/
#	cards/production/13TeV/monoHiggs/Zp2HDM/Zprime_A0h_A0chichi/Zprime_A0h_A0chichi_MZp3500_MA0500/
#	cards/production/13TeV/monoHiggs/Zp2HDM/Zprime_A0h_A0chichi/Zprime_A0h_A0chichi_MZp3500_MA0800/
#	cards/production/13TeV/monoHiggs/Zp2HDM/Zprime_A0h_A0chichi/Zprime_A0h_A0chichi_MZp4000_MA0300/
#	cards/production/13TeV/monoHiggs/Zp2HDM/Zprime_A0h_A0chichi/Zprime_A0h_A0chichi_MZp4000_MA0500/
#	cards/production/13TeV/monoHiggs/Zp2HDM/Zprime_A0h_A0chichi/Zprime_A0h_A0chichi_MZp4000_MA0800/
#	cards/production/13TeV/monoHiggs/Zp2HDM/Zprime_A0h_A0chichi/Zprime_A0h_A0chichi_MZp600_MA0300/Zprime_A0h_A0chichi_MZp600_MA0300_extramodels.dat
#	cards/production/13TeV/monoHiggs/Zp2HDM/Zprime_A0h_A0chichi/Zprime_A0h_A0chichi_MZp800_MA0500/Zprime_A0h_A0chichi_MZp800_MA0500_extramodels.dat
#	cards/production/13TeV/monoHiggs/Zp2HDM/Zprime_A0h_A0chichi/mass
#	cards/production/13TeV/monoHiggs/Zp2HDM/Zprime_A0h_A0chichi/old_Zprime_A0h_A0chichi_MZp3000_MA0300/
#	cards/testATLAS/
#	cards/testATLAS_customizecards.dat
#	interactive/
#	launch_2HDM.sh
#	launch_2HDMPZ2II.sh
#	log069.log
#	mass
#	runLaunch.sh
#	temp/
#	testATLAS.log
#	testATLAS/
#	width
#	xs_launch_2HDMPZ2II.sh
#	zpwidth
no changes added to commit (use "git add" and/or "git commit -a")
Current git revision is:
0a3bda3e567d269a20762d24dd6e701e5ee0ece0
diff --git a/bin/MadGraph5_aMCatNLO/cards/production/13TeV/monoHiggs/Zp2HDM/Zprime_A0h_A0chichi/Zprime_A0h_A0chichi_MZp2500_MA0800/Zprime_A0h_A0chichi_MZp2500_MA0800_customizecards.dat b/bin/MadGraph5_aMCatNLO/cards/production/13TeV/monoHiggs/Zp2HDM/Zprime_A0h_A0chichi/Zprime_A0h_A0chichi_MZp2500_MA0800/Zprime_A0h_A0chichi_MZp2500_MA0800_customizecards.dat
index 4580452..4ce9c64 100644
--- a/bin/MadGraph5_aMCatNLO/cards/production/13TeV/monoHiggs/Zp2HDM/Zprime_A0h_A0chichi/Zprime_A0h_A0chichi_MZp2500_MA0800/Zprime_A0h_A0chichi_MZp2500_MA0800_customizecards.dat
+++ b/bin/MadGraph5_aMCatNLO/cards/production/13TeV/monoHiggs/Zp2HDM/Zprime_A0h_A0chichi/Zprime_A0h_A0chichi_MZp2500_MA0800/Zprime_A0h_A0chichi_MZp2500_MA0800_customizecards.dat
@@ -4,5 +4,5 @@ set param_card mass 27 800
 set param_card mass 28 800
 set param_card ZpINPUTS 1 1
 set param_card ZpINPUTS 2 0.8
-set param_card DECAY 32 51.33163
-set param_card DECAY 28 75.5153
+set param_card DECAY 32 5.141429e+01
+set param_card DECAY 28 7.330065e+01
diff --git a/bin/MadGraph5_aMCatNLO/cards/production/13TeV/monoHiggs/Zp2HDM/Zprime_A0h_A0chichi/Zprime_A0h_A0chichi_MZp600_MA0300/Zprime_A0h_A0chichi_MZp600_MA0300_customizecards.dat b/bin/MadGraph5_aMCatNLO/cards/production/13TeV/monoHiggs/Zp2HDM/Zprime_A0h_A0chichi/Zprime_A0h_A0chichi_MZp600_MA0300/Zprime_A0h_A0chichi_MZp600_MA0300_customizecards.dat
index cb192f2..9b18abd 100644
--- a/bin/MadGraph5_aMCatNLO/cards/production/13TeV/monoHiggs/Zp2HDM/Zprime_A0h_A0chichi/Zprime_A0h_A0chichi_MZp600_MA0300/Zprime_A0h_A0chichi_MZp600_MA0300_customizecards.dat
+++ b/bin/MadGraph5_aMCatNLO/cards/production/13TeV/monoHiggs/Zp2HDM/Zprime_A0h_A0chichi/Zprime_A0h_A0chichi_MZp600_MA0300/Zprime_A0h_A0chichi_MZp600_MA0300_customizecards.dat
@@ -4,5 +4,5 @@ set param_card mass 27 300
 set param_card mass 28 300
 set param_card ZpINPUTS 1 1
 set param_card ZpINPUTS 2 0.8
-set param_card DECAY 32 11.22981
-set param_card DECAY 28 8.95228
+set param_card DECAY 32 AUTO
+set param_card DECAY 28 AUTO
/afs/cern.ch/work/s/syu/2HDM_gridpack/genproductions/bin/MadGraph5_aMCatNLO
Reusing existing directory assuming generated code already exists
WARNING: If you changed the process card you need to clean the folder and run from scratch
************************************************************
*                                                          *
*                     W E L C O M E to                     *
*              M A D G R A P H 5 _ a M C @ N L O           *
*                                                          *
*                                                          *
*                 *                       *                *
*                   *        * *        *                  *
*                     * * * * 5 * * * *                    *
*                   *        * *        *                  *
*                 *                       *                *
*                                                          *
*         VERSION 2.4.2                 2016-06-10         *
*                                                          *
*    The MadGraph5_aMC@NLO Development Team - Find us at   *
*    https://server06.fynu.ucl.ac.be/projects/madgraph     *
*                            and                           *
*            http://amcatnlo.web.cern.ch/amcatnlo/         *
*                                                          *
*               Type 'help' for in-line help.              *
*           Type 'tutorial' to learn how MG5 works         *
*    Type 'tutorial aMCatNLO' to learn how aMC@NLO works   *
*    Type 'tutorial MadLoop' to learn how MadLoop works    *
*                                                          *
************************************************************
load MG5 configuration from input/mg5_configuration.txt 
None does not seem to correspond to a valid fastjet-config executable (v3+). We will use fjcore instead.
 Please set the 'fastjet'variable to the full (absolute) /PATH/TO/fastjet-config (including fastjet-config).
 MG5_aMC> set fastjet /PATH/TO/fastjet-config

set lhapdf to /cvmfs/cms.cern.ch/slc6_amd64_gcc481/external/lhapdf/6.1.5-ddibom3/share/LHAPDF/../../bin/lhapdf-config
No valid eps viewer found. Please set in ./input/mg5_configuration.txt
No valid web browser found. Please set in ./input/mg5_configuration.txt
import /afs/cern.ch/work/s/syu/2HDM_gridpack/genproductions/bin/MadGraph5_aMCatNLO/2HDMPZ2II_MH3_900_MH4_300_MH2_900_MHC_900_proc_card.dat
The import format was not given, so we guess it as command
import model 2HDMPZ2II
INFO: Change particles name to pass to MG5 convention 
Defined multiparticle p = g u c d s u~ c~ d~ s~
Defined multiparticle j = g u c d s u~ c~ d~ s~
Defined multiparticle l+ = e+ mu+
Defined multiparticle l- = e- mu-
Defined multiparticle vl = ve vm vt
Defined multiparticle vl~ = ve~ vm~ vt~
Defined multiparticle all = g ghg ghg~ u c d s u~ c~ d~ s~ a gha gha~ ve vm vt e- mu- ve~ vm~ vt~ e+ mu+ t b t~ b~ z w+ ghz ghwp ghwm h+ h1 h2 h3 h4 w- ghz~ ghwp~ ghwm~ h- ta- xd ta+ xd~
generate p p > xd xd~ h1 / z [QCD]
[1;60m------------------------------------------------------------------------[0m
[1;60m No Born diagrams found. Now switching to the loop-induced mode.        [0m
[1;60m Please cite ref. 'arXiv:1507.00020' when using results from this mode. [0m
[1;60m------------------------------------------------------------------------[0m
[1;34mWARNING: Some loop diagrams contributing to this process are discarded because they are not pure (QCD)-perturbation.
Make sure you did not want to include them. [0m
[1;34mWARNING: Some loop diagrams contributing to this process are discarded because they are not pure (QCD)-perturbation.
Make sure you did not want to include them. [0m
[1;34mWARNING: Some loop diagrams contributing to this process are discarded because they are not pure (QCD)-perturbation.
Make sure you did not want to include them. [0m
[1;34mWARNING: Some loop diagrams contributing to this process are discarded because they are not pure (QCD)-perturbation.
Make sure you did not want to include them. [0m
1 processes with 80 diagrams generated in 19.311 s
Total: 1 processes with 80 diagrams
output 2HDMPZ2II_MH3_900_MH4_300_MH2_900_MHC_900 -nojpeg
INFO: initialize a new directory: 2HDMPZ2II_MH3_900_MH4_300_MH2_900_MHC_900 
INFO: remove old information in 2HDMPZ2II_MH3_900_MH4_300_MH2_900_MHC_900 
INFO: Organizing processes into subprocess groups 
INFO: Generating Helas calls for process: g g > xd xd~ h1 WEIGHTED<=12 [ noborn = QCD ] / z 
INFO: Processing color information for loop process: g g > xd xd~ h1 [ noborn = QCD ] / z 
INFO: Creating color matrix  loop process: g g > xd xd~ h1 WEIGHTED<=12 [ noborn = QCD ] / z 
INFO: Creating files in directory /afs/cern.ch/work/s/syu/2HDM_gridpack/genproductions/bin/MadGraph5_aMCatNLO/interactive/interactive_gridpack/work/MG5_aMC_v2_4_2/2HDMPZ2II_MH3_900_MH4_300_MH2_900_MHC_900/SubProcesses/PV0_0_1_gg_xdxdxh1_no_z 
ALOHA: aloha creates FFV1 set of routines with options: L1
INFO: Computing diagram color coefficients 
INFO: Drawing loop Feynman diagrams for Process: g g > xd xd~ h1 WEIGHTED<=12 [ noborn = QCD ] / z 
INFO: Creating files in directory P0_gg_xdxdxh1 
INFO: Generating Feynman diagrams for Process: g g > xd xd~ h1 WEIGHTED<=12 [ noborn = QCD ] / z 
INFO: Finding symmetric diagrams for subprocess group gg_xdxdxh1 
History written to /afs/cern.ch/work/s/syu/2HDM_gridpack/genproductions/bin/MadGraph5_aMCatNLO/interactive/interactive_gridpack/work/MG5_aMC_v2_4_2/2HDMPZ2II_MH3_900_MH4_300_MH2_900_MHC_900/Cards/proc_card_mg5.dat
Generated helas calls for 1 subprocesses (80 diagrams) in 1.266 s
Export UFO model to MG4 format
ALOHA: aloha creates FFS1 routines
ALOHA: aloha creates FFS3 set of routines with options: L2
ALOHA: aloha creates FFV1 set of routines with options: L2
ALOHA: aloha creates FFS5 set of routines with options: L2
ALOHA: aloha creates SSS1 routines
ALOHA: aloha creates FFS3_5 set of routines with options: L2
save configuration file to /afs/cern.ch/work/s/syu/2HDM_gridpack/genproductions/bin/MadGraph5_aMCatNLO/interactive/interactive_gridpack/work/MG5_aMC_v2_4_2/2HDMPZ2II_MH3_900_MH4_300_MH2_900_MHC_900/Cards/me5_configuration.txt
INFO: Use Fortran compiler gfortran 
INFO: Use c++ compiler g++ 
INFO: Generate web pages 
Output to directory /afs/cern.ch/work/s/syu/2HDM_gridpack/genproductions/bin/MadGraph5_aMCatNLO/interactive/interactive_gridpack/work/MG5_aMC_v2_4_2/2HDMPZ2II_MH3_900_MH4_300_MH2_900_MHC_900 done.
Type "launch" to generate events from this process, or see
/afs/cern.ch/work/s/syu/2HDM_gridpack/genproductions/bin/MadGraph5_aMCatNLO/interactive/interactive_gridpack/work/MG5_aMC_v2_4_2/2HDMPZ2II_MH3_900_MH4_300_MH2_900_MHC_900/README
Run "open index.html" to see more information about this process.
launch 2HDMPZ2II_MH3_900_MH4_300_MH2_900_MHC_900
************************************************************
*                                                          *
*                      W E L C O M E to                    *
*             M A D G R A P H 5 _ a M C @ N L O            *
*                      M A D E V E N T                     *
*                                                          *
*                 *                       *                *
*                   *        * *        *                  *
*                     * * * * 5 * * * *                    *
*                   *        * *        *                  *
*                 *                       *                *
*                                                          *
*         VERSION 2.4.2                 2016-06-10         *
*                                                          *
*    The MadGraph5_aMC@NLO Development Team - Find us at   *
*    https://server06.fynu.ucl.ac.be/projects/madgraph     *
*                                                          *
*               Type 'help' for in-line help.              *
*                                                          *
************************************************************
INFO: load configuration from /afs/cern.ch/work/s/syu/2HDM_gridpack/genproductions/bin/MadGraph5_aMCatNLO/interactive/interactive_gridpack/work/MG5_aMC_v2_4_2/2HDMPZ2II_MH3_900_MH4_300_MH2_900_MHC_900/Cards/me5_configuration.txt  
INFO: load configuration from /afs/cern.ch/work/s/syu/2HDM_gridpack/genproductions/bin/MadGraph5_aMCatNLO/interactive/interactive_gridpack/work/MG5_aMC_v2_4_2/input/mg5_configuration.txt  
INFO: load configuration from /afs/cern.ch/work/s/syu/2HDM_gridpack/genproductions/bin/MadGraph5_aMCatNLO/interactive/interactive_gridpack/work/MG5_aMC_v2_4_2/2HDMPZ2II_MH3_900_MH4_300_MH2_900_MHC_900/Cards/me5_configuration.txt  
No valid eps viewer found. Please set in ./input/mg5_configuration.txt
No valid web browser found. Please set in ./input/mg5_configuration.txt
generate_events run_01
The following switches determine which programs are run:
 1 Run the pythia shower/hadronization:                              pythia=NOT INSTALLED
 2 Run PGS as detector simulator:                                       pgs=NOT INSTALLED
 3 Run Delphes as detector simulator:                               delphes=NOT INSTALLED
 4 Decay particles with the MadSpin module:                         madspin=OFF
 5 Add weights to the events based on changing model parameters:   reweight=OFF
  Either type the switch number (1 to 5) to change its default setting,
  or set any switch explicitly (e.g. type 'madspin=ON' at the prompt)
  Type '0', 'auto', 'done' or just press enter when you are done.
 [[4m0[0m, 4, 5, auto, done, madspin=ON, madspin=OFF, madspin, reweight=ON, ... ]
[1;34mThe answer to the previous question is not set in your input file[0m
[1;34mUse 0 value[0m
set sinp 0.35
[1;60mINFO: modify param_card information BLOCK higgs with id (5,) set to 0.35 [0m
set tanbeta 1
[1;60mINFO: modify param_card information BLOCK frblock with id (2,) set to 1.0 [0m
set laP1 3.0
[1;60mINFO: modify param_card information BLOCK higgs with id (2,) set to 3.0 [0m
set laP2 3.0
[1;60mINFO: modify param_card information BLOCK higgs with id (3,) set to 3.0 [0m
set lam3 3.0
[1;60mINFO: modify param_card information BLOCK higgs with id (1,) set to 3.0 [0m
set sinbma 1.0
[1;60mINFO: modify param_card information BLOCK frblock with id (3,) set to 1.0 [0m
set gPXd 1.0
[1;60mINFO: modify param_card information BLOCK dminputs with id (1,) set to 1.0 [0m
set Mxd 1.0
[1;60mINFO: modify param_card information BLOCK mass with id (52,) set to 1.0 [0m
set mhc 900
[1;60mINFO: modify param_card information BLOCK mass with id (37,) set to 900.0 [0m
set mh2 900
[1;60mINFO: modify param_card information BLOCK mass with id (35,) set to 900.0 [0m
set mh3 900
[1;60mINFO: modify param_card information BLOCK mass with id (36,) set to 900.0 [0m
set mh4 300
[1;60mINFO: modify param_card information BLOCK mass with id (55,) set to 300.0 [0m
set Wh1 auto
[1;60mINFO: modify param_card information BLOCK decay with id (25,) set to Auto [0m
set Wh2 auto
[1;60mINFO: modify param_card information BLOCK decay with id (35,) set to Auto [0m
set Wh3 auto
[1;60mINFO: modify param_card information BLOCK decay with id (36,) set to Auto [0m
set Whc auto
[1;60mINFO: modify param_card information BLOCK decay with id (37,) set to Auto [0m
set Wh4 auto
[1;60mINFO: modify param_card information BLOCK decay with id (55,) set to Auto [0m
Do you want to edit a card (press enter to bypass editing)?
  1 / param      : param_card.dat
  2 / run        : run_card.dat
  3 / MadLoopParams : MadLoopParams.dat
 you can also
   - enter the path to a valid card or banner.
   - use the 'set' command to modify a parameter directly.
     The set option works only for param_card and run_card.
     Type 'help set' for more information on this command.
   - call an external program (ASperGE/MadWidth/...).
     Type 'help' for the list of available command
 [[4m0[0m, done, 1, param, 2, run, 3, MadLoopParams, enter path]
[1;60mThe answer to the previous question is not set in your input file[0m
[1;60mUse 0 value[0m
Generating 20000 events with run name run_01
survey  run_01 
INFO: compile directory 
INFO: Computing the width set on auto in the param_card.dat 
INFO: Change particles name to pass to MG5 convention 
************************************************************
*                                                          *
*                     W E L C O M E to                     *
*              M A D G R A P H 5 _ a M C @ N L O           *
*                                                          *
*                                                          *
*                 *                       *                *
*                   *        * *        *                  *
*                     * * * * 5 * * * *                    *
*                   *        * *        *                  *
*                 *                       *                *
*                                                          *
*         VERSION 2.4.2                 2016-06-10         *
*                                                          *
*    The MadGraph5_aMC@NLO Development Team - Find us at   *
*    https://server06.fynu.ucl.ac.be/projects/madgraph     *
*                            and                           *
*            http://amcatnlo.web.cern.ch/amcatnlo/         *
*                                                          *
*               Type 'help' for in-line help.              *
*           Type 'tutorial' to learn how MG5 works         *
*    Type 'tutorial aMCatNLO' to learn how aMC@NLO works   *
*    Type 'tutorial MadLoop' to learn how MadLoop works    *
*                                                          *
************************************************************
load MG5 configuration from input/mg5_configuration.txt 
None does not seem to correspond to a valid fastjet-config executable (v3+). We will use fjcore instead.
 Please set the 'fastjet'variable to the full (absolute) /PATH/TO/fastjet-config (including fastjet-config).
 MG5_aMC> set fastjet /PATH/TO/fastjet-config

set lhapdf to /cvmfs/cms.cern.ch/slc6_amd64_gcc481/external/lhapdf/6.1.5-ddibom3/share/LHAPDF/../../bin/lhapdf-config
No valid eps viewer found. Please set in ./input/mg5_configuration.txt
No valid web browser found. Please set in ./input/mg5_configuration.txt
set automatic_html_opening False --no_save
compute_widths 25 35 36 37 55 --precision_channel=0.01 --body_decay=4.0025 --path=/afs/cern.ch/work/s/syu/2HDM_gridpack/genproductions/bin/MadGraph5_aMCatNLO/interactive/interactive_gridpack/work/MG5_aMC_v2_4_2/2HDMPZ2II_MH3_900_MH4_300_MH2_900_MHC_900/Cards/param_card.dat --output=/afs/cern.ch/work/s/syu/2HDM_gridpack/genproductions/bin/MadGraph5_aMCatNLO/interactive/interactive_gridpack/work/MG5_aMC_v2_4_2/2HDMPZ2II_MH3_900_MH4_300_MH2_900_MHC_900/Cards/param_card.dat
[1;34mPlease note that the automatic computation of the width is
    only valid in narrow-width approximation and at tree-level.[0m
INFO: Get two body decay from FeynRules formula 
Results written to /afs/cern.ch/work/s/syu/2HDM_gridpack/genproductions/bin/MadGraph5_aMCatNLO/interactive/interactive_gridpack/work/MG5_aMC_v2_4_2/2HDMPZ2II_MH3_900_MH4_300_MH2_900_MHC_900/Cards/param_card.dat
INFO: get decay diagram for h1 
Vertexlist of this model has not been searched.Automatically run the model.find_vertexlist()
Found 6 stable particles
INFO: get decay diagram for h2 
INFO:     current estimated error: 0.0351752385723 go to 4-body decay: 
100 / 118: 4s
INFO:     stop to 4.0 body-decay. approximate error: 0.0550829419242 
INFO: get decay diagram for h3 
INFO:     current estimated error: 0.191859804867 go to 4-body decay: 
INFO:     stop to 4.0 body-decay. approximate error: 0.367248443366 
INFO: get decay diagram for h+ 
INFO:     current estimated error: 0.0525287888873 go to 4-body decay: 
INFO: get decay diagram for h4 
Pass to numerical integration for computing the widths:
INFO: More info in temporary files:
    /afs/cern.ch/work/s/syu/2HDM_gridpack/genproductions/bin/MadGraph5_aMCatNLO/interactive/interactive_gridpack/work/MG5_aMC_v2_4_2/tmpJdYTLJ/temp_decay/index.html 
Results written to /afs/cern.ch/work/s/syu/2HDM_gridpack/genproductions/bin/MadGraph5_aMCatNLO/interactive/interactive_gridpack/work/MG5_aMC_v2_4_2/2HDMPZ2II_MH3_900_MH4_300_MH2_900_MHC_900/Cards/param_card.dat
initMadLoop -r -f
Initializing MadLoop loop-induced matrix elements (this can take some time)...
MadLoop initialization finished.
compile Source Directory
Using random number seed offset = 21
INFO: Running Survey 
Creating Jobs
Working on SubProcesses
INFO:     P0_gg_xdxdxh1  
INFO:  Idle: 28,  Running: 16,  Completed: 0 [ current time: 21h31 ] 
INFO:  Idle: 27,  Running: 16,  Completed: 1 [  34.7s  ] 
INFO:  Idle: 26,  Running: 16,  Completed: 2 [  37.9s  ] 
INFO:  Idle: 20,  Running: 16,  Completed: 8 [  42s  ] 
INFO:  Idle: 18,  Running: 16,  Completed: 11 [  49.2s  ] 
INFO:  Idle: 15,  Running: 16,  Completed: 17 [  1m 18s  ] 
INFO:  Idle: 11,  Running: 16,  Completed: 21 [  1m 25s  ] 
INFO:  Idle: 7,  Running: 16,  Completed: 26 [  1m 29s  ] 
INFO:  Idle: 4,  Running: 16,  Completed: 31 [  1m 36s  ] 
INFO: P0_gg_xdxdxh1/G1.4 is at 1.87e-05 +- 1.43e-06 pb. Now submitting iteration #2. 
INFO:  Idle: 7,  Running: 16,  Completed: 33 [  1m 50s  ] 
INFO: P0_gg_xdxdxh1/G1.7 is at 2.29e-06 +- 2.45e-07 pb. Now submitting iteration #2. 
INFO: P0_gg_xdxdxh1/G1.5 is at 8.17e-06 +- 7.89e-07 pb. Now submitting iteration #2. 
INFO: P0_gg_xdxdxh1/G1.8 is at 1.94e-07 +- 1.1e-07 pb. Now submitting iteration #2. 
INFO:  Idle: 13,  Running: 16,  Completed: 35 [  1m 54s  ] 
INFO: P0_gg_xdxdxh1/G2.5 is at 4.03e-06 +- 3.09e-07 pb. Now submitting iteration #2. 
INFO:  Idle: 18,  Running: 16,  Completed: 38 [  1m 58s  ] 
INFO: P0_gg_xdxdxh1/G2.7 is at 2.06e-07 +- 1.76e-08 pb. Now submitting iteration #2. 
INFO: P0_gg_xdxdxh1/G3 is at 0.0335 +- 0.00119 pb. Now submitting iteration #2. 
INFO: P0_gg_xdxdxh1/G2.8 is at 6.92e-07 +- 4.17e-07 pb. Now submitting iteration #2. 
INFO:  Idle: 24,  Running: 16,  Completed: 44 [  2m 1s  ] 
INFO:  Idle: 24,  Running: 16,  Completed: 45 [  2m 6s  ] 
INFO:  Idle: 22,  Running: 16,  Completed: 48 [  2m 12s  ] 
INFO:  Idle: 21,  Running: 16,  Completed: 49 [  2m 17s  ] 
INFO:  Idle: 20,  Running: 16,  Completed: 50 [  2m 27s  ] 
INFO:  Idle: 19,  Running: 16,  Completed: 51 [  2m 40s  ] 
INFO:  Idle: 18,  Running: 16,  Completed: 52 [  2m 46s  ] 
INFO:  Idle: 13,  Running: 16,  Completed: 58 [  2m 57s  ] 
INFO:  Idle: 11,  Running: 16,  Completed: 62 [  3m 2s  ] 
INFO:  Idle: 8,  Running: 16,  Completed: 66 [  3m 22s  ] 
INFO:  Idle: 7,  Running: 16,  Completed: 67 [  3m 26s  ] 
INFO:  Idle: 7,  Running: 16,  Completed: 68 [  3m 39s  ] 
INFO:  Idle: 5,  Running: 16,  Completed: 70 [  3m 43s  ] 
INFO:  Idle: 2,  Running: 16,  Completed: 74 [  3m 51s  ] 
INFO:  Idle: 0,  Running: 14,  Completed: 78 [  3m 55s  ] 
INFO: P0_gg_xdxdxh1/G1.7 is at 2.33e-06 +- 1.08e-08 pb. Now submitting iteration #3. 
INFO: P0_gg_xdxdxh1/G1.4 is at 1.76e-05 +- 3.62e-07 pb. Now submitting iteration #3. 
INFO:  Idle: 1,  Running: 12,  Completed: 80 [  3m 58s  ] 
INFO: P0_gg_xdxdxh1/G4.7 is at 0.00442 +- 0.000349 pb. Now submitting iteration #2. 
INFO: P0_gg_xdxdxh1/G4.5 is at 0.00218 +- 0.000176 pb. Now submitting iteration #2. 
INFO:  Idle: 1,  Running: 12,  Completed: 81 [  4m 2s  ] 
INFO: P0_gg_xdxdxh1/G4.8 is at 0.000412 +- 0.000253 pb. Now submitting iteration #2. 
INFO:  Idle: 3,  Running: 16,  Completed: 83 [  4m 8s  ] 
INFO: P0_gg_xdxdxh1/G1.5 is at 8.1912e-06 +- 4.79e-09 pb. Now submitting iteration #3. 
INFO:  Idle: 10,  Running: 16,  Completed: 89 [  4m 12s  ] 
INFO: P0_gg_xdxdxh1/G1.8 is at 2.46e-07 +- 1.13e-08 pb. Now submitting iteration #3. 
INFO: P0_gg_xdxdxh1/G2.5 is at 4.34e-06 +- 7.23e-08 pb. Now submitting iteration #3. 
INFO:  Idle: 19,  Running: 16,  Completed: 92 [  4m 16s  ] 
INFO: P0_gg_xdxdxh1/G2.7 is at 1.74e-07 +- 1.16e-08 pb. Now submitting iteration #3. 
INFO: Survey finished for P0_gg_xdxdxh1/G3 at 0.0335142 +- 8.29e-07 pb 
INFO:  Idle: 22,  Running: 16,  Completed: 93 [  4m 22s  ] 
INFO:  Idle: 18,  Running: 16,  Completed: 97 [  5m 8s  ] 
INFO:  Idle: 17,  Running: 16,  Completed: 99 [  5m 14s  ] 
INFO:  Idle: 15,  Running: 16,  Completed: 101 [  5m 23s  ] 
INFO:  Idle: 15,  Running: 16,  Completed: 102 [  5m 28s  ] 
INFO: P0_gg_xdxdxh1/G2.8 is at 4.13e-07 +- 6.04e-08 pb. Now submitting iteration #3. 
INFO:  Idle: 14,  Running: 16,  Completed: 103 [  5m 33s  ] 
INFO:  Idle: 12,  Running: 16,  Completed: 110 [  5m 42s  ] 
INFO:  Idle: 11,  Running: 16,  Completed: 112 [  5m 53s  ] 
INFO:  Idle: 10,  Running: 16,  Completed: 113 [  5m 58s  ] 
INFO:  Idle: 9,  Running: 16,  Completed: 114 [  6m 3s  ] 
INFO:  Idle: 9,  Running: 16,  Completed: 115 [  6m 12s  ] 
INFO:  Idle: 8,  Running: 16,  Completed: 116 [  6m 48s  ] 
INFO:  Idle: 7,  Running: 16,  Completed: 117 [  6m 56s  ] 
INFO: P0_gg_xdxdxh1/G4.7 is at 0.00421 +- 6.44e-05 pb. Now submitting iteration #3. 
INFO:  Idle: 9,  Running: 16,  Completed: 120 [  7m 1s  ] 
INFO:  Idle: 7,  Running: 16,  Completed: 122 [  7m 7s  ] 
INFO: P0_gg_xdxdxh1/G4.8 is at 0.000465 +- 1.24e-05 pb. Now submitting iteration #3. 
INFO: Survey finished for P0_gg_xdxdxh1/G1.7 at 2.385e-06 +- 1.72e-08 pb 
INFO: Survey finished for P0_gg_xdxdxh1/G1.4 at 1.748e-05 +- 1.21e-07 pb 
INFO:  Idle: 9,  Running: 16,  Completed: 124 [  7m 11s  ] 
INFO:  Idle: 6,  Running: 16,  Completed: 127 [  7m 14s  ] 
INFO:  Idle: 4,  Running: 16,  Completed: 130 [  7m 21s  ] 
INFO: P0_gg_xdxdxh1/G4.5 is at 0.00231 +- 3.15e-05 pb. Now submitting iteration #3. 
INFO:  Idle: 5,  Running: 16,  Completed: 134 [  7m 27s  ] 
INFO: Survey finished for P0_gg_xdxdxh1/G1.8 at 2.505e-07 +- 1.96e-09 pb 
INFO:  Idle: 4,  Running: 16,  Completed: 135 [  7m 32s  ] 
INFO: Survey finished for P0_gg_xdxdxh1/G1.5 at 8.327e-06 +- 3.93e-08 pb 
INFO:  Idle: 2,  Running: 16,  Completed: 137 [  7m 37s  ] 
INFO: Survey finished for P0_gg_xdxdxh1/G2.5 at 4.359e-06 +- 2.18e-08 pb 
INFO:  Idle: 1,  Running: 16,  Completed: 139 [  7m 55s  ] 
INFO:  Idle: 0,  Running: 16,  Completed: 140 [  8m 31s  ] 
INFO:  Idle: 1,  Running: 13,  Completed: 143 [  8m 39s  ] 
INFO:  Idle: 0,  Running: 13,  Completed: 144 [  8m 45s  ] 
INFO: Survey finished for P0_gg_xdxdxh1/G2.7 at 1.77e-07 +- 5.32e-09 pb 
INFO:  Idle: 0,  Running: 10,  Completed: 147 [  8m 49s  ] 
INFO:  Idle: 1,  Running: 6,  Completed: 152 [  8m 54s  ] 
INFO: P0_gg_xdxdxh1/G2.8 is at 5.38e-07 +- 1.45e-07 pb. Now submitting iteration #4. 
INFO: Survey finished for P0_gg_xdxdxh1/G4.7 at 0.004262 +- 2.57e-05 pb 
INFO: Survey finished for P0_gg_xdxdxh1/G4.8 at 0.000499 +- 8.15e-06 pb 
INFO:  Idle: 0,  Running: 7,  Completed: 156 [  8m 59s  ] 
INFO:  Idle: 1,  Running: 4,  Completed: 159 [  9m 13s  ] 
INFO: Survey finished for P0_gg_xdxdxh1/G4.5 at 0.002337 +- 1.26e-05 pb 
INFO:  Idle: 0,  Running: 4,  Completed: 160 [  9m 43s  ] 
INFO:  Idle: 0,  Running: 3,  Completed: 161 [  10m 17s  ] 
INFO:  Idle: 0,  Running: 2,  Completed: 162 [  10m 39s  ] 
INFO:  Idle: 0,  Running: 1,  Completed: 163 [  10m 43s  ] 
INFO:  Idle: 1,  Running: 0,  Completed: 164 [  10m 49s  ] 
INFO: P0_gg_xdxdxh1/G2.8 is at 7.32e-07 +- 5.71e-08 pb. Now submitting iteration #5. 
INFO:  Idle: 0,  Running: 4,  Completed: 165 [  11m 1s  ] 
INFO:  Idle: 0,  Running: 3,  Completed: 166 [  13m 54s  ] 
INFO:  Idle: 0,  Running: 2,  Completed: 167 [  14m 14s  ] 
INFO:  Idle: 0,  Running: 1,  Completed: 168 [  14m 18s  ] 
INFO:  Idle: 1,  Running: 0,  Completed: 169 [  14m 23s  ] 
INFO: Survey finished for P0_gg_xdxdxh1/G2.8 at 7.43e-07 +- 5.28e-08 pb 
INFO:  Idle: 0,  Running: 0,  Completed: 170 [  14m 32s  ] 
INFO:  Idle: 0,  Running: 0,  Completed: 170 [  14m 32s  ] 
INFO: End survey 
refine 20000
INFO: compile directory 
compile Source Directory
Creating Jobs
INFO: Refine results to 20000 
INFO: Generating 20000.0 unweigthed events. 
INFO: Effective Luminosity 565870.121034 pb^-1 
INFO: need to improve 4 channels 
Current estimate of cross-section: 0.04064536922 +- 2.97412779018e-05
INFO:  Idle: 1,  Running: 16,  Completed: 0 [ current time: 21h46 ] 
INFO:  Idle: 1,  Running: 16,  Completed: 1 [  1m 13s  ] 
INFO: P0_gg_xdxdxh1/G4.5 is at 714/1310 (55%) event. Resubmit 1 job at iteration 1. 
INFO:  Idle: 1,  Running: 16,  Completed: 3 [  1m 17s  ] 
INFO: P0_gg_xdxdxh1/G4.7 is at 748/2435 (31%) event. Resubmit 1 job at iteration 1. 
INFO:  Idle: 0,  Running: 14,  Completed: 7 [  1m 21s  ] 
INFO:  Idle: 0,  Running: 10,  Completed: 11 [  1m 27s  ] 
INFO:  Idle: 0,  Running: 5,  Completed: 16 [  1m 30s  ] 
INFO:  Idle: 0,  Running: 4,  Completed: 18 [  1m 36s  ] 
INFO: P0_gg_xdxdxh1/G4.8 is at 111/306 (37%) event. Resubmit 3 job at iteration 1. 
INFO:  Idle: 1,  Running: 5,  Completed: 20 [  2m 3s  ] 
INFO:  Idle: 1,  Running: 5,  Completed: 21 [  2m 6s  ] 
INFO: found enough event for P0_gg_xdxdxh1/G4.5 
INFO: P0_gg_xdxdxh1/G4.7 is at 1495/2459 (61%) event. Resubmit 2 job at iteration 2. 
INFO: P0_gg_xdxdxh1/G3 is at 4485/19099 (23%) event. Resubmit 11 job at iteration 1. 
INFO:  Idle: 4,  Running: 12,  Completed: 25 [  2m 14s  ] 
INFO:  Idle: 0,  Running: 15,  Completed: 26 [  2m 35s  ] 
INFO:  Idle: 0,  Running: 14,  Completed: 27 [  2m 40s  ] 
INFO: P0_gg_xdxdxh1/G4.8 is at 137/309 (45%) event. Resubmit 8 job at iteration 2. 
INFO:  Idle: 4,  Running: 16,  Completed: 30 [  3m 13s  ] 
INFO:  Idle: 3,  Running: 16,  Completed: 32 [  3m 27s  ] 
INFO:  Idle: 2,  Running: 16,  Completed: 33 [  3m 32s  ] 
INFO:  Idle: 1,  Running: 16,  Completed: 34 [  3m 35s  ] 
INFO:  Idle: 0,  Running: 16,  Completed: 35 [  3m 42s  ] 
INFO: found enough event for P0_gg_xdxdxh1/G4.7 
INFO:  Idle: 0,  Running: 12,  Completed: 39 [  3m 47s  ] 
INFO:  Idle: 0,  Running: 8,  Completed: 44 [  3m 55s  ] 
INFO:  Idle: 0,  Running: 7,  Completed: 45 [  4m 0s  ] 
INFO: P0_gg_xdxdxh1/G3 is at 9067/19068 (48%) event. Resubmit 23 job at iteration 2. 
INFO:  Idle: 11,  Running: 16,  Completed: 48 [  4m 28s  ] 
INFO:  Idle: 9,  Running: 16,  Completed: 50 [  4m 42s  ] 
INFO:  Idle: 8,  Running: 16,  Completed: 51 [  4m 53s  ] 
INFO:  Idle: 8,  Running: 16,  Completed: 52 [  4m 58s  ] 
INFO:  Idle: 7,  Running: 16,  Completed: 53 [  5m 16s  ] 
INFO:  Idle: 6,  Running: 16,  Completed: 54 [  5m 22s  ] 
INFO:  Idle: 5,  Running: 16,  Completed: 55 [  5m 26s  ] 
INFO:  Idle: 2,  Running: 16,  Completed: 58 [  5m 30s  ] 
INFO:  Idle: 0,  Running: 16,  Completed: 60 [  5m 33s  ] 
INFO: P0_gg_xdxdxh1/G4.8 is at 283/314 ('91%') event. Resubmit 2 job at iteration 3. 
INFO:  Idle: 0,  Running: 14,  Completed: 64 [  5m 39s  ] 
INFO:  Idle: 0,  Running: 13,  Completed: 65 [  5m 51s  ] 
INFO:  Idle: 0,  Running: 12,  Completed: 66 [  6m 1s  ] 
INFO:  Idle: 0,  Running: 11,  Completed: 67 [  6m 8s  ] 
INFO:  Idle: 0,  Running: 10,  Completed: 68 [  6m 16s  ] 
INFO:  Idle: 0,  Running: 9,  Completed: 69 [  6m 21s  ] 
INFO:  Idle: 0,  Running: 8,  Completed: 70 [  6m 30s  ] 
INFO:  Idle: 0,  Running: 6,  Completed: 72 [  6m 36s  ] 
INFO:  Idle: 1,  Running: 1,  Completed: 77 [  6m 39s  ] 
INFO:  Idle: 0,  Running: 2,  Completed: 78 [  6m 43s  ] 
INFO: P0_gg_xdxdxh1/G4.8 is at 288/311 ('93%') event. Resubmit 2 job at iteration 4. 
INFO: found enough event for P0_gg_xdxdxh1/G3 
INFO:  Idle: 0,  Running: 2,  Completed: 80 [  6m 49s  ] 
INFO:  Idle: 0,  Running: 1,  Completed: 81 [  7m 22s  ] 
INFO:  Idle: 1,  Running: 0,  Completed: 82 [  7m 27s  ] 
INFO: found enough event for P0_gg_xdxdxh1/G4.8 
INFO:  Idle: 0,  Running: 0,  Completed: 83 [  7m 28s  ] 
INFO: Combining runs 
INFO: finish refine 
refine 20000
Creating Jobs
INFO: Refine results to 20000 
INFO: Generating 20000.0 unweigthed events. 
INFO: Effective Luminosity 561462.175342 pb^-1 
INFO: need to improve 0 channels 
Current estimate of cross-section: 0.04096446922 +- 0.000115964856902
INFO:  Idle: 0,  Running: 0,  Completed: 0 [ current time: 21h53 ] 
INFO: Combining runs 
INFO: finish refine 
combine_events
INFO: Combining Events 
 
 
 
  === Results Summary for run: run_01 tag: tag_1 ===

     Cumulative sequential time for this run: 2h42m37s
     Cross-section :   0.04096 +- 0.000116 pb
     Nb of events :  20000
 
store_events
INFO: Storing parton level results 
INFO: End Parton 
reweight -from_cards
decay_events -from_cards
INFO: storring files of previous run 
INFO: Done 
quit
INFO:  
 
INFO:  
 
more information in /afs/cern.ch/work/s/syu/2HDM_gridpack/genproductions/bin/MadGraph5_aMCatNLO/interactive/interactive_gridpack/work/MG5_aMC_v2_4_2/2HDMPZ2II_MH3_900_MH4_300_MH2_900_MHC_900/index.html
quit
 

 


Job finished at Thu Jul 20 21:55:11 CEST 2017 on node 
 under linux version Scientific Linux CERN SLC release 6.9 (Carbon)

CERN statistics: This process used approximately : 7:55:18 KSI2K hours (28518 KSI2K seconds)
                 This process corresponds to     : 30:53:41 HS06  hours (111221 HS06  seconds)
