@(#)CERN job starter $Date: 2010/06/23 14:22:16 $
Working directory is </pool/lsf/syu/60064169> on <b64cb2b542.cern.ch>

Starting job on  Thu Jul 20 19:37:02 CEST 2017
Running on  Linux b64cb2b542.cern.ch 2.6.32-696.1.1.el6.x86_64 #1 SMP Wed Apr 12 08:44:28 CEST 2017 x86_64 x86_64 x86_64 GNU/Linux
System release  Scientific Linux CERN SLC release 6.9 (Carbon)
name: interactive
carddir: 
queue: local
# On branch master
# Changed but not updated:
#   (use "git add <file>..." to update what will be committed)
#   (use "git checkout -- <file>..." to discard changes in working directory)
#
#	modified:   cards/production/13TeV/monoHiggs/Zp2HDM/Zprime_A0h_A0chichi/Zprime_A0h_A0chichi_MZp2500_MA0800/Zprime_A0h_A0chichi_MZp2500_MA0800_customizecards.dat
#	modified:   cards/production/13TeV/monoHiggs/Zp2HDM/Zprime_A0h_A0chichi/Zprime_A0h_A0chichi_MZp600_MA0300/Zprime_A0h_A0chichi_MZp600_MA0300_customizecards.dat
#
# Untracked files:
#   (use "git add <file>..." to include in what will be committed)
#
#	2HDMPZ2II_MH3_1000_MH4_100_MH2_1000_MHC_1000_proc_card.dat
#	2HDMPZ2II_MH3_1000_MH4_150_MH2_1000_MHC_1000_proc_card.dat
#	2HDMPZ2II_MH3_1000_MH4_200_MH2_1000_MHC_1000_proc_card.dat
#	2HDMPZ2II_MH3_1000_MH4_250_MH2_1000_MHC_1000_proc_card.dat
#	2HDMPZ2II_MH3_1000_MH4_300_MH2_1000_MHC_1000_proc_card.dat
#	2HDMPZ2II_MH3_1000_MH4_350_MH2_1000_MHC_1000_proc_card.dat
#	2HDMPZ2II_MH3_1000_MH4_400_MH2_1000_MHC_1000_proc_card.dat
#	2HDMPZ2II_MH3_1000_MH4_450_MH2_1000_MHC_1000_proc_card.dat
#	2HDMPZ2II_MH3_1000_MH4_500_MH2_1000_MHC_1000_proc_card.dat
#	2HDMPZ2II_MH3_100_MH4_100_MH2_100_MHC_100_proc_card.dat
#	2HDMPZ2II_MH3_1100_MH4_100_MH2_1100_MHC_1100_proc_card.dat
#	2HDMPZ2II_MH3_1100_MH4_150_MH2_1100_MHC_1100_proc_card.dat
#	2HDMPZ2II_MH3_1100_MH4_200_MH2_1100_MHC_1100_proc_card.dat
#	2HDMPZ2II_MH3_1100_MH4_250_MH2_1100_MHC_1100_proc_card.dat
#	2HDMPZ2II_MH3_1100_MH4_300_MH2_1100_MHC_1100_proc_card.dat
#	2HDMPZ2II_MH3_1100_MH4_350_MH2_1100_MHC_1100_proc_card.dat
#	2HDMPZ2II_MH3_1100_MH4_400_MH2_1100_MHC_1100_proc_card.dat
#	2HDMPZ2II_MH3_1100_MH4_450_MH2_1100_MHC_1100_proc_card.dat
#	2HDMPZ2II_MH3_1100_MH4_500_MH2_1100_MHC_1100_proc_card.dat
#	2HDMPZ2II_MH3_1200_MH4_100_MH2_1200_MHC_1200_proc_card.dat
#	2HDMPZ2II_MH3_1200_MH4_150_MH2_1200_MHC_1200_proc_card.dat
#	2HDMPZ2II_MH3_1200_MH4_200_MH2_1200_MHC_1200_proc_card.dat
#	2HDMPZ2II_MH3_1200_MH4_250_MH2_1200_MHC_1200_proc_card.dat
#	2HDMPZ2II_MH3_1200_MH4_300_MH2_1200_MHC_1200_proc_card.dat
#	2HDMPZ2II_MH3_1200_MH4_350_MH2_1200_MHC_1200_proc_card.dat
#	2HDMPZ2II_MH3_1200_MH4_400_MH2_1200_MHC_1200_proc_card.dat
#	2HDMPZ2II_MH3_1200_MH4_450_MH2_1200_MHC_1200_proc_card.dat
#	2HDMPZ2II_MH3_1200_MH4_500_MH2_1200_MHC_1200_proc_card.dat
#	2HDMPZ2II_MH3_1300_MH4_100_MH2_1300_MHC_1300_proc_card.dat
#	2HDMPZ2II_MH3_1300_MH4_150_MH2_1300_MHC_1300_proc_card.dat
#	2HDMPZ2II_MH3_1300_MH4_200_MH2_1300_MHC_1300_proc_card.dat
#	2HDMPZ2II_MH3_1300_MH4_250_MH2_1300_MHC_1300_proc_card.dat
#	2HDMPZ2II_MH3_1300_MH4_300_MH2_1300_MHC_1300_proc_card.dat
#	2HDMPZ2II_MH3_1300_MH4_350_MH2_1300_MHC_1300_proc_card.dat
#	2HDMPZ2II_MH3_1300_MH4_400_MH2_1300_MHC_1300_proc_card.dat
#	2HDMPZ2II_MH3_1300_MH4_450_MH2_1300_MHC_1300_proc_card.dat
#	2HDMPZ2II_MH3_1300_MH4_500_MH2_1300_MHC_1300_proc_card.dat
#	2HDMPZ2II_MH3_1400_MH4_100_MH2_1400_MHC_1400_proc_card.dat
#	2HDMPZ2II_MH3_1400_MH4_150_MH2_1400_MHC_1400_proc_card.dat
#	2HDMPZ2II_MH3_1400_MH4_200_MH2_1400_MHC_1400_proc_card.dat
#	2HDMPZ2II_MH3_1400_MH4_250_MH2_1400_MHC_1400_proc_card.dat
#	2HDMPZ2II_MH3_1400_MH4_300_MH2_1400_MHC_1400_proc_card.dat
#	2HDMPZ2II_MH3_1400_MH4_350_MH2_1400_MHC_1400_proc_card.dat
#	2HDMPZ2II_MH3_1400_MH4_400_MH2_1400_MHC_1400_proc_card.dat
#	2HDMPZ2II_MH3_1400_MH4_450_MH2_1400_MHC_1400_proc_card.dat
#	2HDMPZ2II_MH3_1400_MH4_500_MH2_1400_MHC_1400_proc_card.dat
#	2HDMPZ2II_MH3_1500_MH4_100_MH2_1500_MHC_1500_proc_card.dat
#	2HDMPZ2II_MH3_1500_MH4_150_MH2_1500_MHC_1500_proc_card.dat
#	2HDMPZ2II_MH3_1500_MH4_200_MH2_1500_MHC_1500_proc_card.dat
#	2HDMPZ2II_MH3_1500_MH4_250_MH2_1500_MHC_1500_proc_card.dat
#	2HDMPZ2II_MH3_1500_MH4_300_MH2_1500_MHC_1500_proc_card.dat
#	2HDMPZ2II_MH3_1500_MH4_350_MH2_1500_MHC_1500_proc_card.dat
#	2HDMPZ2II_MH3_1500_MH4_400_MH2_1500_MHC_1500_proc_card.dat
#	2HDMPZ2II_MH3_1500_MH4_450_MH2_1500_MHC_1500_proc_card.dat
#	2HDMPZ2II_MH3_1500_MH4_500_MH2_1500_MHC_1500_proc_card.dat
#	2HDMPZ2II_MH3_1600_MH4_100_MH2_1600_MHC_1600_proc_card.dat
#	2HDMPZ2II_MH3_1600_MH4_150_MH2_1600_MHC_1600_proc_card.dat
#	2HDMPZ2II_MH3_1600_MH4_200_MH2_1600_MHC_1600_proc_card.dat
#	2HDMPZ2II_MH3_1600_MH4_250_MH2_1600_MHC_1600_proc_card.dat
#	2HDMPZ2II_MH3_1600_MH4_300_MH2_1600_MHC_1600_proc_card.dat
#	2HDMPZ2II_MH3_1600_MH4_350_MH2_1600_MHC_1600_proc_card.dat
#	2HDMPZ2II_MH3_1600_MH4_400_MH2_1600_MHC_1600_proc_card.dat
#	2HDMPZ2II_MH3_1600_MH4_450_MH2_1600_MHC_1600_proc_card.dat
#	2HDMPZ2II_MH3_1600_MH4_500_MH2_1600_MHC_1600_proc_card.dat
#	2HDMPZ2II_MH3_200_MH4_100_MH2_200_MHC_200_proc_card.dat
#	2HDMPZ2II_MH3_200_MH4_150_MH2_200_MHC_200_proc_card.dat
#	2HDMPZ2II_MH3_200_MH4_200_MH2_200_MHC_200_proc_card.dat
#	2HDMPZ2II_MH3_300_MH4_100_MH2_300_MHC_300_proc_card.dat
#	2HDMPZ2II_MH3_300_MH4_150_MH2_300_MHC_300_proc_card.dat
#	2HDMPZ2II_MH3_300_MH4_200_MH2_300_MHC_300_proc_card.dat
#	2HDMPZ2II_MH3_300_MH4_250_MH2_300_MHC_300_proc_card.dat
#	2HDMPZ2II_MH3_300_MH4_300_MH2_300_MHC_300_proc_card.dat
#	2HDMPZ2II_MH3_400_MH4_100_MH2_400_MHC_400_proc_card.dat
#	2HDMPZ2II_MH3_400_MH4_150_MH2_400_MHC_400_proc_card.dat
#	2HDMPZ2II_MH3_400_MH4_200_MH2_400_MHC_400_proc_card.dat
#	2HDMPZ2II_MH3_400_MH4_250_MH2_400_MHC_400_proc_card.dat
#	2HDMPZ2II_MH3_400_MH4_300_MH2_400_MHC_400_proc_card.dat
#	2HDMPZ2II_MH3_400_MH4_350_MH2_400_MHC_400_proc_card.dat
#	2HDMPZ2II_MH3_400_MH4_400_MH2_400_MHC_400_proc_card.dat
#	2HDMPZ2II_MH3_500_MH4_100_MH2_500_MHC_500_proc_card.dat
#	2HDMPZ2II_MH3_500_MH4_150_MH2_500_MHC_500_proc_card.dat
#	2HDMPZ2II_MH3_500_MH4_200_MH2_500_MHC_500_proc_card.dat
#	2HDMPZ2II_MH3_500_MH4_250_MH2_500_MHC_500_proc_card.dat
#	2HDMPZ2II_MH3_500_MH4_300_MH2_500_MHC_500_proc_card.dat
#	2HDMPZ2II_MH3_500_MH4_350_MH2_500_MHC_500_proc_card.dat
#	2HDMPZ2II_MH3_500_MH4_400_MH2_500_MHC_500_proc_card.dat
#	2HDMPZ2II_MH3_500_MH4_450_MH2_500_MHC_500_proc_card.dat
#	2HDMPZ2II_MH3_500_MH4_500_MH2_500_MHC_500_proc_card.dat
#	2HDMPZ2II_MH3_600_MH4_100_MH2_600_MHC_600_proc_card.dat
#	2HDMPZ2II_MH3_600_MH4_150_MH2_600_MHC_600_proc_card.dat
#	2HDMPZ2II_MH3_600_MH4_200_MH2_600_MHC_600_proc_card.dat
#	2HDMPZ2II_MH3_600_MH4_250_MH2_600_MHC_600_proc_card.dat
#	2HDMPZ2II_MH3_600_MH4_300_MH2_600_MHC_600_proc_card.dat
#	2HDMPZ2II_MH3_600_MH4_350_MH2_600_MHC_600_proc_card.dat
#	2HDMPZ2II_MH3_600_MH4_400_MH2_600_MHC_600_proc_card.dat
#	2HDMPZ2II_MH3_600_MH4_450_MH2_600_MHC_600_proc_card.dat
#	2HDMPZ2II_MH3_600_MH4_500_MH2_600_MHC_600_proc_card.dat
#	2HDMPZ2II_MH3_700_MH4_100_MH2_700_MHC_700_proc_card.dat
#	2HDMPZ2II_MH3_700_MH4_150_MH2_700_MHC_700_proc_card.dat
#	2HDMPZ2II_MH3_700_MH4_200_MH2_700_MHC_700_proc_card.dat
#	2HDMPZ2II_MH3_700_MH4_250_MH2_700_MHC_700_proc_card.dat
#	2HDMPZ2II_MH3_700_MH4_300_MH2_700_MHC_700_proc_card.dat
#	2HDMPZ2II_MH3_700_MH4_350_MH2_700_MHC_700_proc_card.dat
#	2HDMPZ2II_MH3_700_MH4_400_MH2_700_MHC_700_proc_card.dat
#	2HDMPZ2II_MH3_700_MH4_450_MH2_700_MHC_700_proc_card.dat
#	2HDMPZ2II_MH3_700_MH4_500_MH2_700_MHC_700_proc_card.dat
#	2HDMPZ2II_MH3_800_MH4_100_MH2_800_MHC_800_proc_card.dat
#	2HDMPZ2II_MH3_800_MH4_150_MH2_800_MHC_800_proc_card.dat
#	2HDMPZ2II_MH3_800_MH4_200_MH2_800_MHC_800_proc_card.dat
#	2HDMPZ2II_MH3_800_MH4_250_MH2_800_MHC_800_proc_card.dat
#	2HDMPZ2II_MH3_800_MH4_300_MH2_800_MHC_800_proc_card.dat
#	2HDMPZ2II_MH3_800_MH4_350_MH2_800_MHC_800_proc_card.dat
#	2HDMPZ2II_MH3_800_MH4_400_MH2_800_MHC_800_proc_card.dat
#	2HDMPZ2II_MH3_800_MH4_450_MH2_800_MHC_800_proc_card.dat
#	2HDMPZ2II_MH3_800_MH4_500_MH2_800_MHC_800_proc_card.dat
#	2HDMPZ2II_MH3_900_MH4_100_MH2_900_MHC_900_proc_card.dat
#	2HDMPZ2II_MH3_900_MH4_150_MH2_900_MHC_900_proc_card.dat
#	2HDMPZ2II_MH3_900_MH4_200_MH2_900_MHC_900_proc_card.dat
#	2HDMPZ2II_MH3_900_MH4_250_MH2_900_MHC_900_proc_card.dat
#	2HDMPZ2II_MH3_900_MH4_300_MH2_900_MHC_900_proc_card.dat
#	2HDMPZ2II_MH3_900_MH4_350_MH2_900_MHC_900_proc_card.dat
#	2HDMPZ2II_MH3_900_MH4_400_MH2_900_MHC_900_proc_card.dat
#	2HDMPZ2II_MH3_900_MH4_450_MH2_900_MHC_900_proc_card.dat
#	2HDMPZ2II_MH3_900_MH4_500_MH2_900_MHC_900_proc_card.dat
#	2HDMPZ2II_proc_card.dat
#	2HDM_MZp1000_MA0300_MDM100_proc_card.dat
#	2HDM_MZp4000_MA0300_MDM100_proc_card.dat
#	2HDM_proc_card.dat
#	ATLAS_mass
#	LSFJOB_60064154/
#	LSFJOB_60064156/
#	LSFJOB_60064170/
#	LSFJOB_60064173/
#	LSFJOB_60064177/
#	LSFJOB_60064178/
#	LSFJOB_60064192/
#	LSFJOB_60064267/
#	LSFJOB_60064361/
#	LSFJOB_60064396/
#	LSFJOB_60064398/
#	LSFJOB_60064405/
#	LSFJOB_60064430/
#	Log057
#	Zprime_A0h_A0chichi_MZp600_MA0300.log
#	Zprime_A0h_A0chichi_MZp600_MA0300/
#	Zprime_A0h_A0chichi_MZp600_MA0300_tarball.tar.xz
#	a0width
#	cards/production/13TeV/monoHiggs/Zp2HDM/Zprime_A0h_A0chichi/Zprime_A0h_A0chichi_MZp1000_MA0300/Zprime_A0h_A0chichi_MZp1000_MA0300_extramodels.dat
#	cards/production/13TeV/monoHiggs/Zp2HDM/Zprime_A0h_A0chichi/Zprime_A0h_A0chichi_MZp1000_MA0500/Zprime_A0h_A0chichi_MZp1000_MA0500_extramodels.dat
#	cards/production/13TeV/monoHiggs/Zp2HDM/Zprime_A0h_A0chichi/Zprime_A0h_A0chichi_MZp1000_MA0800/Zprime_A0h_A0chichi_MZp1000_MA0800_extramodels.dat
#	cards/production/13TeV/monoHiggs/Zp2HDM/Zprime_A0h_A0chichi/Zprime_A0h_A0chichi_MZp1200_MA0500/Zprime_A0h_A0chichi_MZp1200_MA0500_extramodels.dat
#	cards/production/13TeV/monoHiggs/Zp2HDM/Zprime_A0h_A0chichi/Zprime_A0h_A0chichi_MZp1200_MA0800/Zprime_A0h_A0chichi_MZp1200_MA0800_extramodels.dat
#	cards/production/13TeV/monoHiggs/Zp2HDM/Zprime_A0h_A0chichi/Zprime_A0h_A0chichi_MZp1400_MA0500/Zprime_A0h_A0chichi_MZp1400_MA0500_extramodels.dat
#	cards/production/13TeV/monoHiggs/Zp2HDM/Zprime_A0h_A0chichi/Zprime_A0h_A0chichi_MZp1400_MA0800/Zprime_A0h_A0chichi_MZp1400_MA0800_extramodels.dat
#	cards/production/13TeV/monoHiggs/Zp2HDM/Zprime_A0h_A0chichi/Zprime_A0h_A0chichi_MZp1700_MA0500/Zprime_A0h_A0chichi_MZp1700_MA0500_extramodels.dat
#	cards/production/13TeV/monoHiggs/Zp2HDM/Zprime_A0h_A0chichi/Zprime_A0h_A0chichi_MZp1700_MA0800/Zprime_A0h_A0chichi_MZp1700_MA0800_extramodels.dat
#	cards/production/13TeV/monoHiggs/Zp2HDM/Zprime_A0h_A0chichi/Zprime_A0h_A0chichi_MZp2000_MA0500/Zprime_A0h_A0chichi_MZp2000_MA0500_extramodels.dat
#	cards/production/13TeV/monoHiggs/Zp2HDM/Zprime_A0h_A0chichi/Zprime_A0h_A0chichi_MZp2000_MA0800/Zprime_A0h_A0chichi_MZp2000_MA0800_extramodels.dat
#	cards/production/13TeV/monoHiggs/Zp2HDM/Zprime_A0h_A0chichi/Zprime_A0h_A0chichi_MZp2500_MA0300/Zprime_A0h_A0chichi_MZp2500_MA0300_extramodels.dat
#	cards/production/13TeV/monoHiggs/Zp2HDM/Zprime_A0h_A0chichi/Zprime_A0h_A0chichi_MZp2500_MA0500/Zprime_A0h_A0chichi_MZp2500_MA0500_extramodels.dat
#	cards/production/13TeV/monoHiggs/Zp2HDM/Zprime_A0h_A0chichi/Zprime_A0h_A0chichi_MZp2500_MA0800/Zprime_A0h_A0chichi_MZp2500_MA0800_extramodels.dat
#	cards/production/13TeV/monoHiggs/Zp2HDM/Zprime_A0h_A0chichi/Zprime_A0h_A0chichi_MZp2750_MA0300/
#	cards/production/13TeV/monoHiggs/Zp2HDM/Zprime_A0h_A0chichi/Zprime_A0h_A0chichi_MZp2750_MA0500/
#	cards/production/13TeV/monoHiggs/Zp2HDM/Zprime_A0h_A0chichi/Zprime_A0h_A0chichi_MZp2750_MA0800/
#	cards/production/13TeV/monoHiggs/Zp2HDM/Zprime_A0h_A0chichi/Zprime_A0h_A0chichi_MZp3000_MA0300/
#	cards/production/13TeV/monoHiggs/Zp2HDM/Zprime_A0h_A0chichi/Zprime_A0h_A0chichi_MZp3000_MA0500/
#	cards/production/13TeV/monoHiggs/Zp2HDM/Zprime_A0h_A0chichi/Zprime_A0h_A0chichi_MZp3000_MA0800/
#	cards/production/13TeV/monoHiggs/Zp2HDM/Zprime_A0h_A0chichi/Zprime_A0h_A0chichi_MZp3500_MA0300/
#	cards/production/13TeV/monoHiggs/Zp2HDM/Zprime_A0h_A0chichi/Zprime_A0h_A0chichi_MZp3500_MA0500/
#	cards/production/13TeV/monoHiggs/Zp2HDM/Zprime_A0h_A0chichi/Zprime_A0h_A0chichi_MZp3500_MA0800/
#	cards/production/13TeV/monoHiggs/Zp2HDM/Zprime_A0h_A0chichi/Zprime_A0h_A0chichi_MZp4000_MA0300/
#	cards/production/13TeV/monoHiggs/Zp2HDM/Zprime_A0h_A0chichi/Zprime_A0h_A0chichi_MZp4000_MA0500/
#	cards/production/13TeV/monoHiggs/Zp2HDM/Zprime_A0h_A0chichi/Zprime_A0h_A0chichi_MZp4000_MA0800/
#	cards/production/13TeV/monoHiggs/Zp2HDM/Zprime_A0h_A0chichi/Zprime_A0h_A0chichi_MZp600_MA0300/Zprime_A0h_A0chichi_MZp600_MA0300_extramodels.dat
#	cards/production/13TeV/monoHiggs/Zp2HDM/Zprime_A0h_A0chichi/Zprime_A0h_A0chichi_MZp800_MA0500/Zprime_A0h_A0chichi_MZp800_MA0500_extramodels.dat
#	cards/production/13TeV/monoHiggs/Zp2HDM/Zprime_A0h_A0chichi/mass
#	cards/production/13TeV/monoHiggs/Zp2HDM/Zprime_A0h_A0chichi/old_Zprime_A0h_A0chichi_MZp3000_MA0300/
#	cards/testATLAS/
#	cards/testATLAS_customizecards.dat
#	interactive/
#	launch_2HDM.sh
#	launch_2HDMPZ2II.sh
#	log069.log
#	mass
#	runLaunch.sh
#	temp/
#	testATLAS.log
#	testATLAS/
#	width
#	xs_launch_2HDMPZ2II.sh
#	zpwidth
no changes added to commit (use "git add" and/or "git commit -a")
Current git revision is:
0a3bda3e567d269a20762d24dd6e701e5ee0ece0
diff --git a/bin/MadGraph5_aMCatNLO/cards/production/13TeV/monoHiggs/Zp2HDM/Zprime_A0h_A0chichi/Zprime_A0h_A0chichi_MZp2500_MA0800/Zprime_A0h_A0chichi_MZp2500_MA0800_customizecards.dat b/bin/MadGraph5_aMCatNLO/cards/production/13TeV/monoHiggs/Zp2HDM/Zprime_A0h_A0chichi/Zprime_A0h_A0chichi_MZp2500_MA0800/Zprime_A0h_A0chichi_MZp2500_MA0800_customizecards.dat
index 4580452..4ce9c64 100644
--- a/bin/MadGraph5_aMCatNLO/cards/production/13TeV/monoHiggs/Zp2HDM/Zprime_A0h_A0chichi/Zprime_A0h_A0chichi_MZp2500_MA0800/Zprime_A0h_A0chichi_MZp2500_MA0800_customizecards.dat
+++ b/bin/MadGraph5_aMCatNLO/cards/production/13TeV/monoHiggs/Zp2HDM/Zprime_A0h_A0chichi/Zprime_A0h_A0chichi_MZp2500_MA0800/Zprime_A0h_A0chichi_MZp2500_MA0800_customizecards.dat
@@ -4,5 +4,5 @@ set param_card mass 27 800
 set param_card mass 28 800
 set param_card ZpINPUTS 1 1
 set param_card ZpINPUTS 2 0.8
-set param_card DECAY 32 51.33163
-set param_card DECAY 28 75.5153
+set param_card DECAY 32 5.141429e+01
+set param_card DECAY 28 7.330065e+01
diff --git a/bin/MadGraph5_aMCatNLO/cards/production/13TeV/monoHiggs/Zp2HDM/Zprime_A0h_A0chichi/Zprime_A0h_A0chichi_MZp600_MA0300/Zprime_A0h_A0chichi_MZp600_MA0300_customizecards.dat b/bin/MadGraph5_aMCatNLO/cards/production/13TeV/monoHiggs/Zp2HDM/Zprime_A0h_A0chichi/Zprime_A0h_A0chichi_MZp600_MA0300/Zprime_A0h_A0chichi_MZp600_MA0300_customizecards.dat
index cb192f2..9b18abd 100644
--- a/bin/MadGraph5_aMCatNLO/cards/production/13TeV/monoHiggs/Zp2HDM/Zprime_A0h_A0chichi/Zprime_A0h_A0chichi_MZp600_MA0300/Zprime_A0h_A0chichi_MZp600_MA0300_customizecards.dat
+++ b/bin/MadGraph5_aMCatNLO/cards/production/13TeV/monoHiggs/Zp2HDM/Zprime_A0h_A0chichi/Zprime_A0h_A0chichi_MZp600_MA0300/Zprime_A0h_A0chichi_MZp600_MA0300_customizecards.dat
@@ -4,5 +4,5 @@ set param_card mass 27 300
 set param_card mass 28 300
 set param_card ZpINPUTS 1 1
 set param_card ZpINPUTS 2 0.8
-set param_card DECAY 32 11.22981
-set param_card DECAY 28 8.95228
+set param_card DECAY 32 AUTO
+set param_card DECAY 28 AUTO
/afs/cern.ch/work/s/syu/2HDM_gridpack/genproductions/bin/MadGraph5_aMCatNLO
Reusing existing directory assuming generated code already exists
WARNING: If you changed the process card you need to clean the folder and run from scratch
************************************************************
*                                                          *
*                     W E L C O M E to                     *
*              M A D G R A P H 5 _ a M C @ N L O           *
*                                                          *
*                                                          *
*                 *                       *                *
*                   *        * *        *                  *
*                     * * * * 5 * * * *                    *
*                   *        * *        *                  *
*                 *                       *                *
*                                                          *
*         VERSION 2.4.2                 2016-06-10         *
*                                                          *
*    The MadGraph5_aMC@NLO Development Team - Find us at   *
*    https://server06.fynu.ucl.ac.be/projects/madgraph     *
*                            and                           *
*            http://amcatnlo.web.cern.ch/amcatnlo/         *
*                                                          *
*               Type 'help' for in-line help.              *
*           Type 'tutorial' to learn how MG5 works         *
*    Type 'tutorial aMCatNLO' to learn how aMC@NLO works   *
*    Type 'tutorial MadLoop' to learn how MadLoop works    *
*                                                          *
************************************************************
load MG5 configuration from input/mg5_configuration.txt 
None does not seem to correspond to a valid fastjet-config executable (v3+). We will use fjcore instead.
 Please set the 'fastjet'variable to the full (absolute) /PATH/TO/fastjet-config (including fastjet-config).
 MG5_aMC> set fastjet /PATH/TO/fastjet-config

set lhapdf to /cvmfs/cms.cern.ch/slc6_amd64_gcc481/external/lhapdf/6.1.5-ddibom3/share/LHAPDF/../../bin/lhapdf-config
No valid eps viewer found. Please set in ./input/mg5_configuration.txt
No valid web browser found. Please set in ./input/mg5_configuration.txt
import /afs/cern.ch/work/s/syu/2HDM_gridpack/genproductions/bin/MadGraph5_aMCatNLO/2HDMPZ2II_MH3_200_MH4_100_MH2_200_MHC_200_proc_card.dat
The import format was not given, so we guess it as command
import model 2HDMPZ2II
INFO: Change particles name to pass to MG5 convention 
Defined multiparticle p = g u c d s u~ c~ d~ s~
Defined multiparticle j = g u c d s u~ c~ d~ s~
Defined multiparticle l+ = e+ mu+
Defined multiparticle l- = e- mu-
Defined multiparticle vl = ve vm vt
Defined multiparticle vl~ = ve~ vm~ vt~
Defined multiparticle all = g ghg ghg~ u c d s u~ c~ d~ s~ a gha gha~ ve vm vt e- mu- ve~ vm~ vt~ e+ mu+ t b t~ b~ z w+ ghz ghwp ghwm h+ h1 h2 h3 h4 w- ghz~ ghwp~ ghwm~ h- ta- xd ta+ xd~
generate p p > xd xd~ h1 / z [QCD]
[1;60m------------------------------------------------------------------------[0m
[1;60m No Born diagrams found. Now switching to the loop-induced mode.        [0m
[1;60m Please cite ref. 'arXiv:1507.00020' when using results from this mode. [0m
[1;60m------------------------------------------------------------------------[0m
[1;34mWARNING: Some loop diagrams contributing to this process are discarded because they are not pure (QCD)-perturbation.
Make sure you did not want to include them. [0m
[1;34mWARNING: Some loop diagrams contributing to this process are discarded because they are not pure (QCD)-perturbation.
Make sure you did not want to include them. [0m
[1;34mWARNING: Some loop diagrams contributing to this process are discarded because they are not pure (QCD)-perturbation.
Make sure you did not want to include them. [0m
[1;34mWARNING: Some loop diagrams contributing to this process are discarded because they are not pure (QCD)-perturbation.
Make sure you did not want to include them. [0m
1 processes with 80 diagrams generated in 27.523 s
Total: 1 processes with 80 diagrams
output 2HDMPZ2II_MH3_200_MH4_100_MH2_200_MHC_200 -nojpeg
INFO: initialize a new directory: 2HDMPZ2II_MH3_200_MH4_100_MH2_200_MHC_200 
INFO: remove old information in 2HDMPZ2II_MH3_200_MH4_100_MH2_200_MHC_200 
INFO: Organizing processes into subprocess groups 
INFO: Generating Helas calls for process: g g > xd xd~ h1 WEIGHTED<=12 [ noborn = QCD ] / z 
INFO: Processing color information for loop process: g g > xd xd~ h1 [ noborn = QCD ] / z 
INFO: Creating color matrix  loop process: g g > xd xd~ h1 WEIGHTED<=12 [ noborn = QCD ] / z 
INFO: Creating files in directory /afs/cern.ch/work/s/syu/2HDM_gridpack/genproductions/bin/MadGraph5_aMCatNLO/interactive/interactive_gridpack/work/MG5_aMC_v2_4_2/2HDMPZ2II_MH3_200_MH4_100_MH2_200_MHC_200/SubProcesses/PV0_0_1_gg_xdxdxh1_no_z 
ALOHA: aloha creates FFV1 set of routines with options: L1
ALOHA: aloha creates FFS5 set of routines with options: L2
INFO: Computing diagram color coefficients 
INFO: Drawing loop Feynman diagrams for Process: g g > xd xd~ h1 WEIGHTED<=12 [ noborn = QCD ] / z 
INFO: Creating files in directory P0_gg_xdxdxh1 
INFO: Generating Feynman diagrams for Process: g g > xd xd~ h1 WEIGHTED<=12 [ noborn = QCD ] / z 
INFO: Finding symmetric diagrams for subprocess group gg_xdxdxh1 
History written to /afs/cern.ch/work/s/syu/2HDM_gridpack/genproductions/bin/MadGraph5_aMCatNLO/interactive/interactive_gridpack/work/MG5_aMC_v2_4_2/2HDMPZ2II_MH3_200_MH4_100_MH2_200_MHC_200/Cards/proc_card_mg5.dat
Generated helas calls for 1 subprocesses (80 diagrams) in 1.688 s
Export UFO model to MG4 format
ALOHA: aloha creates FFS1 routines
ALOHA: aloha creates FFS3 set of routines with options: L2
ALOHA: aloha creates SSS1 routines
ALOHA: aloha creates FFS3_5 set of routines with options: L2
save configuration file to /afs/cern.ch/work/s/syu/2HDM_gridpack/genproductions/bin/MadGraph5_aMCatNLO/interactive/interactive_gridpack/work/MG5_aMC_v2_4_2/2HDMPZ2II_MH3_200_MH4_100_MH2_200_MHC_200/Cards/me5_configuration.txt
INFO: Use Fortran compiler gfortran 
INFO: Use c++ compiler g++ 
INFO: Generate web pages 
Output to directory /afs/cern.ch/work/s/syu/2HDM_gridpack/genproductions/bin/MadGraph5_aMCatNLO/interactive/interactive_gridpack/work/MG5_aMC_v2_4_2/2HDMPZ2II_MH3_200_MH4_100_MH2_200_MHC_200 done.
Type "launch" to generate events from this process, or see
/afs/cern.ch/work/s/syu/2HDM_gridpack/genproductions/bin/MadGraph5_aMCatNLO/interactive/interactive_gridpack/work/MG5_aMC_v2_4_2/2HDMPZ2II_MH3_200_MH4_100_MH2_200_MHC_200/README
Run "open index.html" to see more information about this process.
launch 2HDMPZ2II_MH3_200_MH4_100_MH2_200_MHC_200
************************************************************
*                                                          *
*                      W E L C O M E to                    *
*             M A D G R A P H 5 _ a M C @ N L O            *
*                      M A D E V E N T                     *
*                                                          *
*                 *                       *                *
*                   *        * *        *                  *
*                     * * * * 5 * * * *                    *
*                   *        * *        *                  *
*                 *                       *                *
*                                                          *
*         VERSION 2.4.2                 2016-06-10         *
*                                                          *
*    The MadGraph5_aMC@NLO Development Team - Find us at   *
*    https://server06.fynu.ucl.ac.be/projects/madgraph     *
*                                                          *
*               Type 'help' for in-line help.              *
*                                                          *
************************************************************
INFO: load configuration from /afs/cern.ch/work/s/syu/2HDM_gridpack/genproductions/bin/MadGraph5_aMCatNLO/interactive/interactive_gridpack/work/MG5_aMC_v2_4_2/2HDMPZ2II_MH3_200_MH4_100_MH2_200_MHC_200/Cards/me5_configuration.txt  
INFO: load configuration from /afs/cern.ch/work/s/syu/2HDM_gridpack/genproductions/bin/MadGraph5_aMCatNLO/interactive/interactive_gridpack/work/MG5_aMC_v2_4_2/input/mg5_configuration.txt  
INFO: load configuration from /afs/cern.ch/work/s/syu/2HDM_gridpack/genproductions/bin/MadGraph5_aMCatNLO/interactive/interactive_gridpack/work/MG5_aMC_v2_4_2/2HDMPZ2II_MH3_200_MH4_100_MH2_200_MHC_200/Cards/me5_configuration.txt  
No valid eps viewer found. Please set in ./input/mg5_configuration.txt
No valid web browser found. Please set in ./input/mg5_configuration.txt
generate_events run_01
The following switches determine which programs are run:
 1 Run the pythia shower/hadronization:                              pythia=NOT INSTALLED
 2 Run PGS as detector simulator:                                       pgs=NOT INSTALLED
 3 Run Delphes as detector simulator:                               delphes=NOT INSTALLED
 4 Decay particles with the MadSpin module:                         madspin=OFF
 5 Add weights to the events based on changing model parameters:   reweight=OFF
  Either type the switch number (1 to 5) to change its default setting,
  or set any switch explicitly (e.g. type 'madspin=ON' at the prompt)
  Type '0', 'auto', 'done' or just press enter when you are done.
 [[4m0[0m, 4, 5, auto, done, madspin=ON, madspin=OFF, madspin, reweight=ON, ... ]
[1;34mThe answer to the previous question is not set in your input file[0m
[1;34mUse 0 value[0m
set sinp 0.35
[1;60mINFO: modify param_card information BLOCK higgs with id (5,) set to 0.35 [0m
set tanbeta 1
[1;60mINFO: modify param_card information BLOCK frblock with id (2,) set to 1.0 [0m
set laP1 3.0
[1;60mINFO: modify param_card information BLOCK higgs with id (2,) set to 3.0 [0m
set laP2 3.0
[1;60mINFO: modify param_card information BLOCK higgs with id (3,) set to 3.0 [0m
set lam3 3.0
[1;60mINFO: modify param_card information BLOCK higgs with id (1,) set to 3.0 [0m
set sinbma 1.0
[1;60mINFO: modify param_card information BLOCK frblock with id (3,) set to 1.0 [0m
set gPXd 1.0
[1;60mINFO: modify param_card information BLOCK dminputs with id (1,) set to 1.0 [0m
set Mxd 1.0
[1;60mINFO: modify param_card information BLOCK mass with id (52,) set to 1.0 [0m
set mhc 200
[1;60mINFO: modify param_card information BLOCK mass with id (37,) set to 200.0 [0m
set mh2 200
[1;60mINFO: modify param_card information BLOCK mass with id (35,) set to 200.0 [0m
set mh3 200
[1;60mINFO: modify param_card information BLOCK mass with id (36,) set to 200.0 [0m
set mh4 100
[1;60mINFO: modify param_card information BLOCK mass with id (55,) set to 100.0 [0m
set Wh1 auto
[1;60mINFO: modify param_card information BLOCK decay with id (25,) set to Auto [0m
set Wh2 auto
[1;60mINFO: modify param_card information BLOCK decay with id (35,) set to Auto [0m
set Wh3 auto
[1;60mINFO: modify param_card information BLOCK decay with id (36,) set to Auto [0m
set Whc auto
[1;60mINFO: modify param_card information BLOCK decay with id (37,) set to Auto [0m
set Wh4 auto
[1;60mINFO: modify param_card information BLOCK decay with id (55,) set to Auto [0m
Do you want to edit a card (press enter to bypass editing)?
  1 / param      : param_card.dat
  2 / run        : run_card.dat
  3 / MadLoopParams : MadLoopParams.dat
 you can also
   - enter the path to a valid card or banner.
   - use the 'set' command to modify a parameter directly.
     The set option works only for param_card and run_card.
     Type 'help set' for more information on this command.
   - call an external program (ASperGE/MadWidth/...).
     Type 'help' for the list of available command
 [[4m0[0m, done, 1, param, 2, run, 3, MadLoopParams, enter path]
[1;60mThe answer to the previous question is not set in your input file[0m
[1;60mUse 0 value[0m
Generating 20000 events with run name run_01
survey  run_01 
INFO: compile directory 
INFO: Computing the width set on auto in the param_card.dat 
INFO: Change particles name to pass to MG5 convention 
************************************************************
*                                                          *
*                     W E L C O M E to                     *
*              M A D G R A P H 5 _ a M C @ N L O           *
*                                                          *
*                                                          *
*                 *                       *                *
*                   *        * *        *                  *
*                     * * * * 5 * * * *                    *
*                   *        * *        *                  *
*                 *                       *                *
*                                                          *
*         VERSION 2.4.2                 2016-06-10         *
*                                                          *
*    The MadGraph5_aMC@NLO Development Team - Find us at   *
*    https://server06.fynu.ucl.ac.be/projects/madgraph     *
*                            and                           *
*            http://amcatnlo.web.cern.ch/amcatnlo/         *
*                                                          *
*               Type 'help' for in-line help.              *
*           Type 'tutorial' to learn how MG5 works         *
*    Type 'tutorial aMCatNLO' to learn how aMC@NLO works   *
*    Type 'tutorial MadLoop' to learn how MadLoop works    *
*                                                          *
************************************************************
load MG5 configuration from input/mg5_configuration.txt 
None does not seem to correspond to a valid fastjet-config executable (v3+). We will use fjcore instead.
 Please set the 'fastjet'variable to the full (absolute) /PATH/TO/fastjet-config (including fastjet-config).
 MG5_aMC> set fastjet /PATH/TO/fastjet-config

set lhapdf to /cvmfs/cms.cern.ch/slc6_amd64_gcc481/external/lhapdf/6.1.5-ddibom3/share/LHAPDF/../../bin/lhapdf-config
No valid eps viewer found. Please set in ./input/mg5_configuration.txt
No valid web browser found. Please set in ./input/mg5_configuration.txt
set automatic_html_opening False --no_save
compute_widths 25 35 36 37 55 --precision_channel=0.01 --body_decay=4.0025 --path=/afs/cern.ch/work/s/syu/2HDM_gridpack/genproductions/bin/MadGraph5_aMCatNLO/interactive/interactive_gridpack/work/MG5_aMC_v2_4_2/2HDMPZ2II_MH3_200_MH4_100_MH2_200_MHC_200/Cards/param_card.dat --output=/afs/cern.ch/work/s/syu/2HDM_gridpack/genproductions/bin/MadGraph5_aMCatNLO/interactive/interactive_gridpack/work/MG5_aMC_v2_4_2/2HDMPZ2II_MH3_200_MH4_100_MH2_200_MHC_200/Cards/param_card.dat
[1;34mPlease note that the automatic computation of the width is
    only valid in narrow-width approximation and at tree-level.[0m
INFO: Get two body decay from FeynRules formula 
Results written to /afs/cern.ch/work/s/syu/2HDM_gridpack/genproductions/bin/MadGraph5_aMCatNLO/interactive/interactive_gridpack/work/MG5_aMC_v2_4_2/2HDMPZ2II_MH3_200_MH4_100_MH2_200_MHC_200/Cards/param_card.dat
INFO: get decay diagram for h1 
Vertexlist of this model has not been searched.Automatically run the model.find_vertexlist()
Found 6 stable particles
INFO: get decay diagram for h2 
INFO:     current estimated error: 0.0061843344954 go to 4-body decay: 
100 / 181: 7s
INFO: get decay diagram for h3 
INFO: get decay diagram for h+ 
INFO: get decay diagram for h4 
Pass to numerical integration for computing the widths:
INFO: More info in temporary files:
    /afs/cern.ch/work/s/syu/2HDM_gridpack/genproductions/bin/MadGraph5_aMCatNLO/interactive/interactive_gridpack/work/MG5_aMC_v2_4_2/tmpMNpAuD/temp_decay/index.html 
Results written to /afs/cern.ch/work/s/syu/2HDM_gridpack/genproductions/bin/MadGraph5_aMCatNLO/interactive/interactive_gridpack/work/MG5_aMC_v2_4_2/2HDMPZ2II_MH3_200_MH4_100_MH2_200_MHC_200/Cards/param_card.dat
initMadLoop -r -f
Initializing MadLoop loop-induced matrix elements (this can take some time)...
MadLoop initialization finished.
compile Source Directory
Using random number seed offset = 21
INFO: Running Survey 
Creating Jobs
Working on SubProcesses
INFO:     P0_gg_xdxdxh1  
INFO:  Idle: 24,  Running: 16,  Completed: 0 [ current time: 21h02 ] 
INFO:  Idle: 23,  Running: 16,  Completed: 1 [  47.7s  ] 
INFO:  Idle: 21,  Running: 16,  Completed: 3 [  53.2s  ] 
INFO:  Idle: 17,  Running: 16,  Completed: 8 [  60s  ] 
INFO:  Idle: 13,  Running: 16,  Completed: 14 [  1m 4s  ] 
INFO:  Idle: 11,  Running: 16,  Completed: 17 [  1m 40s  ] 
INFO:  Idle: 10,  Running: 16,  Completed: 18 [  1m 48s  ] 
INFO:  Idle: 7,  Running: 16,  Completed: 21 [  1m 52s  ] 
INFO:  Idle: 5,  Running: 16,  Completed: 23 [  1m 56s  ] 
INFO:  Idle: 3,  Running: 16,  Completed: 25 [  2m 4s  ] 
INFO:  Idle: 2,  Running: 16,  Completed: 29 [  2m 8s  ] 
INFO:  Idle: 0,  Running: 16,  Completed: 31 [  2m 33s  ] 
INFO:  Idle: 1,  Running: 15,  Completed: 32 [  2m 40s  ] 
INFO: P0_gg_xdxdxh1/G1.5 is at 0.0307 +- 0.00204 pb. Now submitting iteration #2. 
INFO:  Idle: 0,  Running: 13,  Completed: 35 [  2m 50s  ] 
INFO:  Idle: 0,  Running: 13,  Completed: 36 [  2m 55s  ] 
INFO: P0_gg_xdxdxh1/G1.8 is at 0.0112 +- 0.00606 pb. Now submitting iteration #2. 
INFO:  Idle: 0,  Running: 13,  Completed: 37 [  3m 1s  ] 
INFO: P0_gg_xdxdxh1/G2.7 is at 3.8e-05 +- 3.41e-06 pb. Now submitting iteration #2. 
INFO: P0_gg_xdxdxh1/G1.7 is at 0.257 +- 0.0209 pb. Now submitting iteration #2. 
INFO: P0_gg_xdxdxh1/G3.7 is at 0.00278 +- 0.000198 pb. Now submitting iteration #2. 
INFO:  Idle: 0,  Running: 13,  Completed: 40 [  3m 7s  ] 
INFO: P0_gg_xdxdxh1/G3.5 is at 0.0131 +- 0.000988 pb. Now submitting iteration #2. 
INFO:  Idle: 3,  Running: 16,  Completed: 43 [  3m 15s  ] 
INFO: P0_gg_xdxdxh1/G2.8 is at 4e-07 +- 1.97e-07 pb. Now submitting iteration #2. 
INFO:  Idle: 6,  Running: 16,  Completed: 44 [  3m 24s  ] 
INFO: P0_gg_xdxdxh1/G3.8 is at 0.000847 +- 0.000546 pb. Now submitting iteration #2. 
INFO:  Idle: 18,  Running: 16,  Completed: 48 [  3m 27s  ] 
INFO: P0_gg_xdxdxh1/G4.7 is at 0.0736 +- 0.00582 pb. Now submitting iteration #2. 
INFO:  Idle: 21,  Running: 16,  Completed: 49 [  3m 38s  ] 
INFO: P0_gg_xdxdxh1/G4.8 is at 0.00437 +- 0.00191 pb. Now submitting iteration #2. 
INFO:  Idle: 24,  Running: 16,  Completed: 50 [  3m 43s  ] 
INFO:  Idle: 22,  Running: 16,  Completed: 52 [  3m 56s  ] 
INFO:  Idle: 21,  Running: 16,  Completed: 53 [  4m 4s  ] 
INFO:  Idle: 19,  Running: 16,  Completed: 56 [  4m 7s  ] 
INFO:  Idle: 18,  Running: 16,  Completed: 57 [  4m 15s  ] 
INFO:  Idle: 15,  Running: 16,  Completed: 60 [  4m 19s  ] 
INFO:  Idle: 14,  Running: 16,  Completed: 62 [  4m 23s  ] 
INFO:  Idle: 12,  Running: 16,  Completed: 65 [  4m 28s  ] 
INFO:  Idle: 12,  Running: 16,  Completed: 66 [  4m 33s  ] 
INFO:  Idle: 11,  Running: 16,  Completed: 67 [  4m 37s  ] 
INFO:  Idle: 10,  Running: 16,  Completed: 68 [  4m 41s  ] 
INFO:  Idle: 9,  Running: 16,  Completed: 70 [  4m 57s  ] 
INFO:  Idle: 6,  Running: 16,  Completed: 73 [  5m 7s  ] 
INFO:  Idle: 3,  Running: 16,  Completed: 77 [  5m 19s  ] 
INFO:  Idle: 1,  Running: 16,  Completed: 79 [  5m 24s  ] 
INFO:  Idle: 0,  Running: 16,  Completed: 80 [  5m 35s  ] 
INFO: P0_gg_xdxdxh1/G1.5 is at 0.0325 +- 0.00044 pb. Now submitting iteration #3. 
INFO:  Idle: 1,  Running: 13,  Completed: 84 [  5m 59s  ] 
INFO: P0_gg_xdxdxh1/G1.8 is at 0.0133 +- 0.000877 pb. Now submitting iteration #3. 
INFO:  Idle: 0,  Running: 13,  Completed: 85 [  6m 8s  ] 
INFO:  Idle: 0,  Running: 14,  Completed: 89 [  6m 12s  ] 
INFO: P0_gg_xdxdxh1/G3.7 is at 0.002734 +- 1.63e-05 pb. Now submitting iteration #3. 
INFO: P0_gg_xdxdxh1/G2.7 is at 3.98e-05 +- 4.65e-07 pb. Now submitting iteration #3. 
INFO: P0_gg_xdxdxh1/G3.5 is at 0.01327 +- 4.81e-05 pb. Now submitting iteration #3. 
INFO: P0_gg_xdxdxh1/G1.7 is at 0.2608 +- 0.00102 pb. Now submitting iteration #3. 
INFO: P0_gg_xdxdxh1/G2.8 is at 2.07e-06 +- 1.29e-06 pb. Now submitting iteration #3. 
INFO:  Idle: 3,  Running: 16,  Completed: 92 [  6m 21s  ] 
INFO:  Idle: 9,  Running: 16,  Completed: 95 [  6m 26s  ] 
INFO: P0_gg_xdxdxh1/G3.8 is at 0.000548 +- 4.29e-05 pb. Now submitting iteration #3. 
INFO:  Idle: 18,  Running: 16,  Completed: 98 [  6m 39s  ] 
INFO: P0_gg_xdxdxh1/G4.7 is at 0.0667 +- 0.00193 pb. Now submitting iteration #3. 
INFO:  Idle: 21,  Running: 16,  Completed: 99 [  6m 51s  ] 
INFO:  Idle: 20,  Running: 16,  Completed: 100 [  7m 37s  ] 
INFO:  Idle: 18,  Running: 16,  Completed: 102 [  7m 45s  ] 
INFO:  Idle: 17,  Running: 16,  Completed: 104 [  8m 1s  ] 
INFO:  Idle: 16,  Running: 16,  Completed: 105 [  8m 6s  ] 
INFO:  Idle: 14,  Running: 16,  Completed: 107 [  8m 11s  ] 
INFO:  Idle: 12,  Running: 16,  Completed: 109 [  8m 16s  ] 
INFO:  Idle: 11,  Running: 16,  Completed: 110 [  8m 20s  ] 
INFO:  Idle: 10,  Running: 16,  Completed: 112 [  8m 24s  ] 
INFO:  Idle: 9,  Running: 16,  Completed: 115 [  8m 29s  ] 
INFO: P0_gg_xdxdxh1/G4.8 is at 0.00497 +- 0.000175 pb. Now submitting iteration #3. 
INFO:  Idle: 12,  Running: 16,  Completed: 116 [  8m 37s  ] 
INFO:  Idle: 11,  Running: 16,  Completed: 117 [  8m 53s  ] 
INFO:  Idle: 9,  Running: 16,  Completed: 119 [  8m 57s  ] 
INFO:  Idle: 9,  Running: 16,  Completed: 120 [  9m 2s  ] 
INFO:  Idle: 8,  Running: 16,  Completed: 121 [  9m 51s  ] 
INFO:  Idle: 6,  Running: 16,  Completed: 123 [  10m 3s  ] 
INFO:  Idle: 6,  Running: 16,  Completed: 124 [  10m 8s  ] 
INFO:  Idle: 5,  Running: 16,  Completed: 125 [  10m 16s  ] 
INFO:  Idle: 3,  Running: 16,  Completed: 127 [  10m 20s  ] 
INFO:  Idle: 2,  Running: 16,  Completed: 128 [  10m 25s  ] 
INFO: Survey finished for P0_gg_xdxdxh1/G1.5 at 0.03176 +- 0.000268 pb 
INFO:  Idle: 1,  Running: 16,  Completed: 129 [  10m 30s  ] 
INFO:  Idle: 0,  Running: 14,  Completed: 133 [  10m 35s  ] 
INFO: P0_gg_xdxdxh1/G1.8 is at 0.0187 +- 0.00119 pb. Now submitting iteration #4. 
INFO:  Idle: 0,  Running: 13,  Completed: 134 [  10m 43s  ] 
INFO:  Idle: 1,  Running: 11,  Completed: 136 [  10m 48s  ] 
INFO: Survey finished for P0_gg_xdxdxh1/G2.7 at 4.067e-05 +- 3.89e-07 pb 
INFO:  Idle: 1,  Running: 11,  Completed: 137 [  10m 54s  ] 
INFO: Survey finished for P0_gg_xdxdxh1/G3.7 at 0.002782 +- 1.56e-05 pb 
INFO:  Idle: 0,  Running: 15,  Completed: 138 [  11m 0s  ] 
INFO: Survey finished for P0_gg_xdxdxh1/G3.5 at 0.01339 +- 3.93e-05 pb 
INFO:  Idle: 0,  Running: 14,  Completed: 139 [  11m 16s  ] 
INFO:  Idle: 0,  Running: 13,  Completed: 140 [  11m 24s  ] 
INFO: Survey finished for P0_gg_xdxdxh1/G3.8 at 0.000551 +- 1.04e-05 pb 
INFO: Survey finished for P0_gg_xdxdxh1/G2.8 at 2.58e-06 +- 1.62e-07 pb 
INFO: Survey finished for P0_gg_xdxdxh1/G1.7 at 0.2606 +- 0.000305 pb 
INFO: Survey finished for P0_gg_xdxdxh1/G4.7 at 0.06788 +- 0.000664 pb 
INFO:  Idle: 0,  Running: 12,  Completed: 141 [  11m 38s  ] 
INFO:  Idle: 0,  Running: 6,  Completed: 148 [  11m 48s  ] 
INFO: P0_gg_xdxdxh1/G4.8 is at 0.00562 +- 0.00012 pb. Now submitting iteration #4. 
INFO:  Idle: 0,  Running: 8,  Completed: 150 [  12m 2s  ] 
INFO:  Idle: 0,  Running: 7,  Completed: 151 [  13m 9s  ] 
INFO:  Idle: 0,  Running: 6,  Completed: 152 [  13m 14s  ] 
INFO:  Idle: 0,  Running: 5,  Completed: 153 [  13m 17s  ] 
INFO: Survey finished for P0_gg_xdxdxh1/G1.8 at 0.0186 +- 0.000317 pb 
INFO:  Idle: 0,  Running: 4,  Completed: 155 [  14m 1s  ] 
INFO:  Idle: 0,  Running: 3,  Completed: 156 [  14m 8s  ] 
INFO: Survey finished for P0_gg_xdxdxh1/G4.8 at 0.005563 +- 3.91e-05 pb 
INFO:  Idle: 0,  Running: 0,  Completed: 160 [  14m 41s  ] 
INFO:  Idle: 0,  Running: 0,  Completed: 160 [  14m 41s  ] 
INFO: End survey 
refine 20000
INFO: compile directory 
compile Source Directory
Creating Jobs
INFO: Refine results to 20000 
INFO: Generating 20000.0 unweigthed events. 
INFO: Effective Luminosity 57335.9764065 pb^-1 
INFO: need to improve 3 channels 
Current estimate of cross-section: 0.4011442979 +- 0.000842203856942
INFO:  Idle: 2,  Running: 16,  Completed: 0 [ current time: 21h17 ] 
INFO:  Idle: 2,  Running: 16,  Completed: 1 [  1m 50s  ] 
INFO:  Idle: 1,  Running: 16,  Completed: 2 [  1m 56s  ] 
INFO:  Idle: 0,  Running: 15,  Completed: 4 [  2m 19s  ] 
INFO:  Idle: 0,  Running: 14,  Completed: 5 [  2m 30s  ] 
INFO:  Idle: 0,  Running: 13,  Completed: 6 [  2m 39s  ] 
INFO:  Idle: 0,  Running: 12,  Completed: 7 [  2m 44s  ] 
INFO: P0_gg_xdxdxh1/G4.7 is at 1171/3904 (30%) event. Resubmit 1 job at iteration 1. 
INFO:  Idle: 0,  Running: 10,  Completed: 10 [  2m 51s  ] 
INFO:  Idle: 1,  Running: 8,  Completed: 12 [  2m 57s  ] 
INFO:  Idle: 0,  Running: 8,  Completed: 13 [  3m 7s  ] 
INFO:  Idle: 0,  Running: 4,  Completed: 17 [  3m 16s  ] 
INFO:  Idle: 1,  Running: 2,  Completed: 19 [  3m 34s  ] 
INFO: P0_gg_xdxdxh1/G1.7 is at 6637/15041 (44%) event. Resubmit 3 job at iteration 1. 
INFO:  Idle: 0,  Running: 5,  Completed: 20 [  3m 50s  ] 
INFO:  Idle: 1,  Running: 4,  Completed: 21 [  4m 17s  ] 
INFO: P0_gg_xdxdxh1/G4.7 is at 2274/3878 (59%) event. Resubmit 2 job at iteration 2. 
INFO:  Idle: 1,  Running: 5,  Completed: 22 [  4m 32s  ] 
INFO: P0_gg_xdxdxh1/G1.8 is at 356/1118 (32%) event. Resubmit 9 job at iteration 1. 
INFO:  Idle: 8,  Running: 6,  Completed: 23 [  4m 47s  ] 
INFO:  Idle: 0,  Running: 13,  Completed: 24 [  5m 27s  ] 
INFO:  Idle: 0,  Running: 12,  Completed: 25 [  5m 35s  ] 
INFO:  Idle: 1,  Running: 11,  Completed: 26 [  5m 42s  ] 
INFO:  Idle: 0,  Running: 11,  Completed: 27 [  6m 13s  ] 
INFO: P0_gg_xdxdxh1/G1.7 is at 10500/14981 (70%) event. Resubmit 4 job at iteration 2. 
INFO:  Idle: 0,  Running: 14,  Completed: 29 [  6m 18s  ] 
INFO: found enough event for P0_gg_xdxdxh1/G4.7 
INFO:  Idle: 0,  Running: 13,  Completed: 30 [  6m 50s  ] 
INFO:  Idle: 0,  Running: 12,  Completed: 31 [  7m 1s  ] 
INFO:  Idle: 0,  Running: 9,  Completed: 34 [  7m 5s  ] 
INFO:  Idle: 0,  Running: 7,  Completed: 36 [  7m 12s  ] 
INFO:  Idle: 1,  Running: 4,  Completed: 39 [  7m 16s  ] 
INFO: P0_gg_xdxdxh1/G1.8 is at 599/1105 (54%) event. Resubmit 18 job at iteration 2. 
INFO:  Idle: 9,  Running: 13,  Completed: 40 [  7m 54s  ] 
INFO:  Idle: 3,  Running: 16,  Completed: 43 [  8m 6s  ] 
INFO:  Idle: 3,  Running: 16,  Completed: 44 [  8m 12s  ] 
INFO:  Idle: 2,  Running: 16,  Completed: 45 [  10m 10s  ] 
INFO:  Idle: 0,  Running: 16,  Completed: 47 [  10m 18s  ] 
INFO:  Idle: 0,  Running: 15,  Completed: 48 [  10m 26s  ] 
INFO:  Idle: 0,  Running: 14,  Completed: 49 [  10m 44s  ] 
INFO: found enough event for P0_gg_xdxdxh1/G1.7 
INFO:  Idle: 0,  Running: 12,  Completed: 51 [  10m 51s  ] 
INFO:  Idle: 0,  Running: 8,  Completed: 55 [  10m 55s  ] 
INFO:  Idle: 0,  Running: 5,  Completed: 58 [  10m 58s  ] 
INFO:  Idle: 0,  Running: 2,  Completed: 61 [  11m 9s  ] 
INFO:  Idle: 0,  Running: 1,  Completed: 62 [  11m 25s  ] 
INFO:  Idle: 1,  Running: 0,  Completed: 63 [  11m 32s  ] 
INFO: P0_gg_xdxdxh1/G1.8 is at 707/1106 ('64%') event. Resubmit 22 job at iteration 3. 
INFO:  Idle: 6,  Running: 16,  Completed: 64 [  11m 50s  ] 
INFO:  Idle: 3,  Running: 16,  Completed: 67 [  14m 18s  ] 
INFO:  Idle: 0,  Running: 15,  Completed: 71 [  14m 34s  ] 
INFO:  Idle: 0,  Running: 14,  Completed: 72 [  14m 38s  ] 
INFO:  Idle: 0,  Running: 6,  Completed: 80 [  14m 41s  ] 
INFO:  Idle: 0,  Running: 3,  Completed: 83 [  16m 5s  ] 
INFO: found enough event for P0_gg_xdxdxh1/G1.8 
INFO:  Idle: 0,  Running: 0,  Completed: 87 [  16m 47s  ] 
INFO:  Idle: 0,  Running: 0,  Completed: 87 [  16m 47s  ] 
INFO: Combining runs 
INFO: finish refine 
refine 20000
Creating Jobs
INFO: Refine results to 20000 
INFO: Generating 20000.0 unweigthed events. 
INFO: Effective Luminosity 57063.563897 pb^-1 
INFO: need to improve 0 channels 
Current estimate of cross-section: 0.4030592979 +- 0.00100615495012
INFO:  Idle: 0,  Running: 0,  Completed: 0 [ current time: 21h34 ] 
INFO: Combining runs 
INFO: finish refine 
combine_events
INFO: Combining Events 
 
 
 
  === Results Summary for run: run_01 tag: tag_1 ===

     Cumulative sequential time for this run: 2h59m12s
     Cross-section :   0.4031 +- 0.001006 pb
     Nb of events :  20000
 
store_events
INFO: Storing parton level results 
INFO: End Parton 
reweight -from_cards
decay_events -from_cards
INFO: storring files of previous run 
INFO: Done 
quit
INFO:  
 
INFO:  
 
more information in /afs/cern.ch/work/s/syu/2HDM_gridpack/genproductions/bin/MadGraph5_aMCatNLO/interactive/interactive_gridpack/work/MG5_aMC_v2_4_2/2HDMPZ2II_MH3_200_MH4_100_MH2_200_MHC_200/index.html
quit
 

 


Job finished at Thu Jul 20 21:36:06 CEST 2017 on node 
 under linux version Scientific Linux CERN SLC release 6.9 (Carbon)

CERN statistics: This process used approximately : 7:25:43 KSI2K hours (26743 KSI2K seconds)
                 This process corresponds to     : 28:58:18 HS06  hours (104298 HS06  seconds)
