@(#)CERN job starter $Date: 2010/06/23 14:22:16 $
Working directory is </pool/lsf/syu/60064262> on <b69e69aeeb.cern.ch>

Starting job on  Thu Jul 20 19:37:16 CEST 2017
Running on  Linux b69e69aeeb.cern.ch 2.6.32-642.6.2.el6.x86_64 #1 SMP Wed Oct 26 08:22:04 CEST 2016 x86_64 x86_64 x86_64 GNU/Linux
System release  Scientific Linux CERN SLC release 6.9 (Carbon)
name: interactive
carddir: 
queue: local
# On branch master
# Changed but not updated:
#   (use "git add <file>..." to update what will be committed)
#   (use "git checkout -- <file>..." to discard changes in working directory)
#
#	modified:   cards/production/13TeV/monoHiggs/Zp2HDM/Zprime_A0h_A0chichi/Zprime_A0h_A0chichi_MZp2500_MA0800/Zprime_A0h_A0chichi_MZp2500_MA0800_customizecards.dat
#	modified:   cards/production/13TeV/monoHiggs/Zp2HDM/Zprime_A0h_A0chichi/Zprime_A0h_A0chichi_MZp600_MA0300/Zprime_A0h_A0chichi_MZp600_MA0300_customizecards.dat
#
# Untracked files:
#   (use "git add <file>..." to include in what will be committed)
#
#	2HDMPZ2II_MH3_1000_MH4_100_MH2_1000_MHC_1000_proc_card.dat
#	2HDMPZ2II_MH3_1000_MH4_150_MH2_1000_MHC_1000_proc_card.dat
#	2HDMPZ2II_MH3_1000_MH4_200_MH2_1000_MHC_1000_proc_card.dat
#	2HDMPZ2II_MH3_1000_MH4_250_MH2_1000_MHC_1000_proc_card.dat
#	2HDMPZ2II_MH3_1000_MH4_300_MH2_1000_MHC_1000_proc_card.dat
#	2HDMPZ2II_MH3_1000_MH4_350_MH2_1000_MHC_1000_proc_card.dat
#	2HDMPZ2II_MH3_1000_MH4_400_MH2_1000_MHC_1000_proc_card.dat
#	2HDMPZ2II_MH3_1000_MH4_450_MH2_1000_MHC_1000_proc_card.dat
#	2HDMPZ2II_MH3_1000_MH4_500_MH2_1000_MHC_1000_proc_card.dat
#	2HDMPZ2II_MH3_100_MH4_100_MH2_100_MHC_100_proc_card.dat
#	2HDMPZ2II_MH3_1100_MH4_100_MH2_1100_MHC_1100_proc_card.dat
#	2HDMPZ2II_MH3_1100_MH4_150_MH2_1100_MHC_1100_proc_card.dat
#	2HDMPZ2II_MH3_1100_MH4_200_MH2_1100_MHC_1100_proc_card.dat
#	2HDMPZ2II_MH3_1100_MH4_250_MH2_1100_MHC_1100_proc_card.dat
#	2HDMPZ2II_MH3_1100_MH4_300_MH2_1100_MHC_1100_proc_card.dat
#	2HDMPZ2II_MH3_1100_MH4_350_MH2_1100_MHC_1100_proc_card.dat
#	2HDMPZ2II_MH3_1100_MH4_400_MH2_1100_MHC_1100_proc_card.dat
#	2HDMPZ2II_MH3_1100_MH4_450_MH2_1100_MHC_1100_proc_card.dat
#	2HDMPZ2II_MH3_1100_MH4_500_MH2_1100_MHC_1100_proc_card.dat
#	2HDMPZ2II_MH3_1200_MH4_100_MH2_1200_MHC_1200_proc_card.dat
#	2HDMPZ2II_MH3_1200_MH4_150_MH2_1200_MHC_1200_proc_card.dat
#	2HDMPZ2II_MH3_1200_MH4_200_MH2_1200_MHC_1200_proc_card.dat
#	2HDMPZ2II_MH3_1200_MH4_250_MH2_1200_MHC_1200_proc_card.dat
#	2HDMPZ2II_MH3_1200_MH4_300_MH2_1200_MHC_1200_proc_card.dat
#	2HDMPZ2II_MH3_1200_MH4_350_MH2_1200_MHC_1200_proc_card.dat
#	2HDMPZ2II_MH3_1200_MH4_400_MH2_1200_MHC_1200_proc_card.dat
#	2HDMPZ2II_MH3_1200_MH4_450_MH2_1200_MHC_1200_proc_card.dat
#	2HDMPZ2II_MH3_1200_MH4_500_MH2_1200_MHC_1200_proc_card.dat
#	2HDMPZ2II_MH3_1300_MH4_100_MH2_1300_MHC_1300_proc_card.dat
#	2HDMPZ2II_MH3_1300_MH4_150_MH2_1300_MHC_1300_proc_card.dat
#	2HDMPZ2II_MH3_1300_MH4_200_MH2_1300_MHC_1300_proc_card.dat
#	2HDMPZ2II_MH3_1300_MH4_250_MH2_1300_MHC_1300_proc_card.dat
#	2HDMPZ2II_MH3_1300_MH4_300_MH2_1300_MHC_1300_proc_card.dat
#	2HDMPZ2II_MH3_1300_MH4_350_MH2_1300_MHC_1300_proc_card.dat
#	2HDMPZ2II_MH3_1300_MH4_400_MH2_1300_MHC_1300_proc_card.dat
#	2HDMPZ2II_MH3_1300_MH4_450_MH2_1300_MHC_1300_proc_card.dat
#	2HDMPZ2II_MH3_1300_MH4_500_MH2_1300_MHC_1300_proc_card.dat
#	2HDMPZ2II_MH3_1400_MH4_100_MH2_1400_MHC_1400_proc_card.dat
#	2HDMPZ2II_MH3_1400_MH4_150_MH2_1400_MHC_1400_proc_card.dat
#	2HDMPZ2II_MH3_1400_MH4_200_MH2_1400_MHC_1400_proc_card.dat
#	2HDMPZ2II_MH3_1400_MH4_250_MH2_1400_MHC_1400_proc_card.dat
#	2HDMPZ2II_MH3_1400_MH4_300_MH2_1400_MHC_1400_proc_card.dat
#	2HDMPZ2II_MH3_1400_MH4_350_MH2_1400_MHC_1400_proc_card.dat
#	2HDMPZ2II_MH3_1400_MH4_400_MH2_1400_MHC_1400_proc_card.dat
#	2HDMPZ2II_MH3_1400_MH4_450_MH2_1400_MHC_1400_proc_card.dat
#	2HDMPZ2II_MH3_1400_MH4_500_MH2_1400_MHC_1400_proc_card.dat
#	2HDMPZ2II_MH3_1500_MH4_100_MH2_1500_MHC_1500_proc_card.dat
#	2HDMPZ2II_MH3_1500_MH4_150_MH2_1500_MHC_1500_proc_card.dat
#	2HDMPZ2II_MH3_1500_MH4_200_MH2_1500_MHC_1500_proc_card.dat
#	2HDMPZ2II_MH3_1500_MH4_250_MH2_1500_MHC_1500_proc_card.dat
#	2HDMPZ2II_MH3_1500_MH4_300_MH2_1500_MHC_1500_proc_card.dat
#	2HDMPZ2II_MH3_1500_MH4_350_MH2_1500_MHC_1500_proc_card.dat
#	2HDMPZ2II_MH3_1500_MH4_400_MH2_1500_MHC_1500_proc_card.dat
#	2HDMPZ2II_MH3_1500_MH4_450_MH2_1500_MHC_1500_proc_card.dat
#	2HDMPZ2II_MH3_1500_MH4_500_MH2_1500_MHC_1500_proc_card.dat
#	2HDMPZ2II_MH3_1600_MH4_100_MH2_1600_MHC_1600_proc_card.dat
#	2HDMPZ2II_MH3_1600_MH4_150_MH2_1600_MHC_1600_proc_card.dat
#	2HDMPZ2II_MH3_1600_MH4_200_MH2_1600_MHC_1600_proc_card.dat
#	2HDMPZ2II_MH3_1600_MH4_250_MH2_1600_MHC_1600_proc_card.dat
#	2HDMPZ2II_MH3_1600_MH4_300_MH2_1600_MHC_1600_proc_card.dat
#	2HDMPZ2II_MH3_1600_MH4_350_MH2_1600_MHC_1600_proc_card.dat
#	2HDMPZ2II_MH3_1600_MH4_400_MH2_1600_MHC_1600_proc_card.dat
#	2HDMPZ2II_MH3_1600_MH4_450_MH2_1600_MHC_1600_proc_card.dat
#	2HDMPZ2II_MH3_1600_MH4_500_MH2_1600_MHC_1600_proc_card.dat
#	2HDMPZ2II_MH3_200_MH4_100_MH2_200_MHC_200_proc_card.dat
#	2HDMPZ2II_MH3_200_MH4_150_MH2_200_MHC_200_proc_card.dat
#	2HDMPZ2II_MH3_200_MH4_200_MH2_200_MHC_200_proc_card.dat
#	2HDMPZ2II_MH3_300_MH4_100_MH2_300_MHC_300_proc_card.dat
#	2HDMPZ2II_MH3_300_MH4_150_MH2_300_MHC_300_proc_card.dat
#	2HDMPZ2II_MH3_300_MH4_200_MH2_300_MHC_300_proc_card.dat
#	2HDMPZ2II_MH3_300_MH4_250_MH2_300_MHC_300_proc_card.dat
#	2HDMPZ2II_MH3_300_MH4_300_MH2_300_MHC_300_proc_card.dat
#	2HDMPZ2II_MH3_400_MH4_100_MH2_400_MHC_400_proc_card.dat
#	2HDMPZ2II_MH3_400_MH4_150_MH2_400_MHC_400_proc_card.dat
#	2HDMPZ2II_MH3_400_MH4_200_MH2_400_MHC_400_proc_card.dat
#	2HDMPZ2II_MH3_400_MH4_250_MH2_400_MHC_400_proc_card.dat
#	2HDMPZ2II_MH3_400_MH4_300_MH2_400_MHC_400_proc_card.dat
#	2HDMPZ2II_MH3_400_MH4_350_MH2_400_MHC_400_proc_card.dat
#	2HDMPZ2II_MH3_400_MH4_400_MH2_400_MHC_400_proc_card.dat
#	2HDMPZ2II_MH3_500_MH4_100_MH2_500_MHC_500_proc_card.dat
#	2HDMPZ2II_MH3_500_MH4_150_MH2_500_MHC_500_proc_card.dat
#	2HDMPZ2II_MH3_500_MH4_200_MH2_500_MHC_500_proc_card.dat
#	2HDMPZ2II_MH3_500_MH4_250_MH2_500_MHC_500_proc_card.dat
#	2HDMPZ2II_MH3_500_MH4_300_MH2_500_MHC_500_proc_card.dat
#	2HDMPZ2II_MH3_500_MH4_350_MH2_500_MHC_500_proc_card.dat
#	2HDMPZ2II_MH3_500_MH4_400_MH2_500_MHC_500_proc_card.dat
#	2HDMPZ2II_MH3_500_MH4_450_MH2_500_MHC_500_proc_card.dat
#	2HDMPZ2II_MH3_500_MH4_500_MH2_500_MHC_500_proc_card.dat
#	2HDMPZ2II_MH3_600_MH4_100_MH2_600_MHC_600_proc_card.dat
#	2HDMPZ2II_MH3_600_MH4_150_MH2_600_MHC_600_proc_card.dat
#	2HDMPZ2II_MH3_600_MH4_200_MH2_600_MHC_600_proc_card.dat
#	2HDMPZ2II_MH3_600_MH4_250_MH2_600_MHC_600_proc_card.dat
#	2HDMPZ2II_MH3_600_MH4_300_MH2_600_MHC_600_proc_card.dat
#	2HDMPZ2II_MH3_600_MH4_350_MH2_600_MHC_600_proc_card.dat
#	2HDMPZ2II_MH3_600_MH4_400_MH2_600_MHC_600_proc_card.dat
#	2HDMPZ2II_MH3_600_MH4_450_MH2_600_MHC_600_proc_card.dat
#	2HDMPZ2II_MH3_600_MH4_500_MH2_600_MHC_600_proc_card.dat
#	2HDMPZ2II_MH3_700_MH4_100_MH2_700_MHC_700_proc_card.dat
#	2HDMPZ2II_MH3_700_MH4_150_MH2_700_MHC_700_proc_card.dat
#	2HDMPZ2II_MH3_700_MH4_200_MH2_700_MHC_700_proc_card.dat
#	2HDMPZ2II_MH3_700_MH4_250_MH2_700_MHC_700_proc_card.dat
#	2HDMPZ2II_MH3_700_MH4_300_MH2_700_MHC_700_proc_card.dat
#	2HDMPZ2II_MH3_700_MH4_350_MH2_700_MHC_700_proc_card.dat
#	2HDMPZ2II_MH3_700_MH4_400_MH2_700_MHC_700_proc_card.dat
#	2HDMPZ2II_MH3_700_MH4_450_MH2_700_MHC_700_proc_card.dat
#	2HDMPZ2II_MH3_700_MH4_500_MH2_700_MHC_700_proc_card.dat
#	2HDMPZ2II_MH3_800_MH4_100_MH2_800_MHC_800_proc_card.dat
#	2HDMPZ2II_MH3_800_MH4_150_MH2_800_MHC_800_proc_card.dat
#	2HDMPZ2II_MH3_800_MH4_200_MH2_800_MHC_800_proc_card.dat
#	2HDMPZ2II_MH3_800_MH4_250_MH2_800_MHC_800_proc_card.dat
#	2HDMPZ2II_MH3_800_MH4_300_MH2_800_MHC_800_proc_card.dat
#	2HDMPZ2II_MH3_800_MH4_350_MH2_800_MHC_800_proc_card.dat
#	2HDMPZ2II_MH3_800_MH4_400_MH2_800_MHC_800_proc_card.dat
#	2HDMPZ2II_MH3_800_MH4_450_MH2_800_MHC_800_proc_card.dat
#	2HDMPZ2II_MH3_800_MH4_500_MH2_800_MHC_800_proc_card.dat
#	2HDMPZ2II_MH3_900_MH4_100_MH2_900_MHC_900_proc_card.dat
#	2HDMPZ2II_MH3_900_MH4_150_MH2_900_MHC_900_proc_card.dat
#	2HDMPZ2II_MH3_900_MH4_200_MH2_900_MHC_900_proc_card.dat
#	2HDMPZ2II_MH3_900_MH4_250_MH2_900_MHC_900_proc_card.dat
#	2HDMPZ2II_MH3_900_MH4_300_MH2_900_MHC_900_proc_card.dat
#	2HDMPZ2II_MH3_900_MH4_350_MH2_900_MHC_900_proc_card.dat
#	2HDMPZ2II_MH3_900_MH4_400_MH2_900_MHC_900_proc_card.dat
#	2HDMPZ2II_MH3_900_MH4_450_MH2_900_MHC_900_proc_card.dat
#	2HDMPZ2II_MH3_900_MH4_500_MH2_900_MHC_900_proc_card.dat
#	2HDMPZ2II_proc_card.dat
#	2HDM_MZp1000_MA0300_MDM100_proc_card.dat
#	2HDM_MZp4000_MA0300_MDM100_proc_card.dat
#	2HDM_proc_card.dat
#	ATLAS_mass
#	LSFJOB_60064156/
#	LSFJOB_60064170/
#	LSFJOB_60064173/
#	LSFJOB_60064177/
#	LSFJOB_60064178/
#	LSFJOB_60064192/
#	LSFJOB_60064267/
#	LSFJOB_60064361/
#	LSFJOB_60064396/
#	LSFJOB_60064398/
#	LSFJOB_60064405/
#	Log057
#	Zprime_A0h_A0chichi_MZp600_MA0300.log
#	Zprime_A0h_A0chichi_MZp600_MA0300/
#	Zprime_A0h_A0chichi_MZp600_MA0300_tarball.tar.xz
#	a0width
#	cards/production/13TeV/monoHiggs/Zp2HDM/Zprime_A0h_A0chichi/Zprime_A0h_A0chichi_MZp1000_MA0300/Zprime_A0h_A0chichi_MZp1000_MA0300_extramodels.dat
#	cards/production/13TeV/monoHiggs/Zp2HDM/Zprime_A0h_A0chichi/Zprime_A0h_A0chichi_MZp1000_MA0500/Zprime_A0h_A0chichi_MZp1000_MA0500_extramodels.dat
#	cards/production/13TeV/monoHiggs/Zp2HDM/Zprime_A0h_A0chichi/Zprime_A0h_A0chichi_MZp1000_MA0800/Zprime_A0h_A0chichi_MZp1000_MA0800_extramodels.dat
#	cards/production/13TeV/monoHiggs/Zp2HDM/Zprime_A0h_A0chichi/Zprime_A0h_A0chichi_MZp1200_MA0500/Zprime_A0h_A0chichi_MZp1200_MA0500_extramodels.dat
#	cards/production/13TeV/monoHiggs/Zp2HDM/Zprime_A0h_A0chichi/Zprime_A0h_A0chichi_MZp1200_MA0800/Zprime_A0h_A0chichi_MZp1200_MA0800_extramodels.dat
#	cards/production/13TeV/monoHiggs/Zp2HDM/Zprime_A0h_A0chichi/Zprime_A0h_A0chichi_MZp1400_MA0500/Zprime_A0h_A0chichi_MZp1400_MA0500_extramodels.dat
#	cards/production/13TeV/monoHiggs/Zp2HDM/Zprime_A0h_A0chichi/Zprime_A0h_A0chichi_MZp1400_MA0800/Zprime_A0h_A0chichi_MZp1400_MA0800_extramodels.dat
#	cards/production/13TeV/monoHiggs/Zp2HDM/Zprime_A0h_A0chichi/Zprime_A0h_A0chichi_MZp1700_MA0500/Zprime_A0h_A0chichi_MZp1700_MA0500_extramodels.dat
#	cards/production/13TeV/monoHiggs/Zp2HDM/Zprime_A0h_A0chichi/Zprime_A0h_A0chichi_MZp1700_MA0800/Zprime_A0h_A0chichi_MZp1700_MA0800_extramodels.dat
#	cards/production/13TeV/monoHiggs/Zp2HDM/Zprime_A0h_A0chichi/Zprime_A0h_A0chichi_MZp2000_MA0500/Zprime_A0h_A0chichi_MZp2000_MA0500_extramodels.dat
#	cards/production/13TeV/monoHiggs/Zp2HDM/Zprime_A0h_A0chichi/Zprime_A0h_A0chichi_MZp2000_MA0800/Zprime_A0h_A0chichi_MZp2000_MA0800_extramodels.dat
#	cards/production/13TeV/monoHiggs/Zp2HDM/Zprime_A0h_A0chichi/Zprime_A0h_A0chichi_MZp2500_MA0300/Zprime_A0h_A0chichi_MZp2500_MA0300_extramodels.dat
#	cards/production/13TeV/monoHiggs/Zp2HDM/Zprime_A0h_A0chichi/Zprime_A0h_A0chichi_MZp2500_MA0500/Zprime_A0h_A0chichi_MZp2500_MA0500_extramodels.dat
#	cards/production/13TeV/monoHiggs/Zp2HDM/Zprime_A0h_A0chichi/Zprime_A0h_A0chichi_MZp2500_MA0800/Zprime_A0h_A0chichi_MZp2500_MA0800_extramodels.dat
#	cards/production/13TeV/monoHiggs/Zp2HDM/Zprime_A0h_A0chichi/Zprime_A0h_A0chichi_MZp2750_MA0300/
#	cards/production/13TeV/monoHiggs/Zp2HDM/Zprime_A0h_A0chichi/Zprime_A0h_A0chichi_MZp2750_MA0500/
#	cards/production/13TeV/monoHiggs/Zp2HDM/Zprime_A0h_A0chichi/Zprime_A0h_A0chichi_MZp2750_MA0800/
#	cards/production/13TeV/monoHiggs/Zp2HDM/Zprime_A0h_A0chichi/Zprime_A0h_A0chichi_MZp3000_MA0300/
#	cards/production/13TeV/monoHiggs/Zp2HDM/Zprime_A0h_A0chichi/Zprime_A0h_A0chichi_MZp3000_MA0500/
#	cards/production/13TeV/monoHiggs/Zp2HDM/Zprime_A0h_A0chichi/Zprime_A0h_A0chichi_MZp3000_MA0800/
#	cards/production/13TeV/monoHiggs/Zp2HDM/Zprime_A0h_A0chichi/Zprime_A0h_A0chichi_MZp3500_MA0300/
#	cards/production/13TeV/monoHiggs/Zp2HDM/Zprime_A0h_A0chichi/Zprime_A0h_A0chichi_MZp3500_MA0500/
#	cards/production/13TeV/monoHiggs/Zp2HDM/Zprime_A0h_A0chichi/Zprime_A0h_A0chichi_MZp3500_MA0800/
#	cards/production/13TeV/monoHiggs/Zp2HDM/Zprime_A0h_A0chichi/Zprime_A0h_A0chichi_MZp4000_MA0300/
#	cards/production/13TeV/monoHiggs/Zp2HDM/Zprime_A0h_A0chichi/Zprime_A0h_A0chichi_MZp4000_MA0500/
#	cards/production/13TeV/monoHiggs/Zp2HDM/Zprime_A0h_A0chichi/Zprime_A0h_A0chichi_MZp4000_MA0800/
#	cards/production/13TeV/monoHiggs/Zp2HDM/Zprime_A0h_A0chichi/Zprime_A0h_A0chichi_MZp600_MA0300/Zprime_A0h_A0chichi_MZp600_MA0300_extramodels.dat
#	cards/production/13TeV/monoHiggs/Zp2HDM/Zprime_A0h_A0chichi/Zprime_A0h_A0chichi_MZp800_MA0500/Zprime_A0h_A0chichi_MZp800_MA0500_extramodels.dat
#	cards/production/13TeV/monoHiggs/Zp2HDM/Zprime_A0h_A0chichi/mass
#	cards/production/13TeV/monoHiggs/Zp2HDM/Zprime_A0h_A0chichi/old_Zprime_A0h_A0chichi_MZp3000_MA0300/
#	cards/testATLAS/
#	cards/testATLAS_customizecards.dat
#	interactive/
#	launch_2HDM.sh
#	launch_2HDMPZ2II.sh
#	log069.log
#	mass
#	runLaunch.sh
#	temp/
#	testATLAS.log
#	testATLAS/
#	width
#	xs_launch_2HDMPZ2II.sh
#	zpwidth
no changes added to commit (use "git add" and/or "git commit -a")
Current git revision is:
0a3bda3e567d269a20762d24dd6e701e5ee0ece0
diff --git a/bin/MadGraph5_aMCatNLO/cards/production/13TeV/monoHiggs/Zp2HDM/Zprime_A0h_A0chichi/Zprime_A0h_A0chichi_MZp2500_MA0800/Zprime_A0h_A0chichi_MZp2500_MA0800_customizecards.dat b/bin/MadGraph5_aMCatNLO/cards/production/13TeV/monoHiggs/Zp2HDM/Zprime_A0h_A0chichi/Zprime_A0h_A0chichi_MZp2500_MA0800/Zprime_A0h_A0chichi_MZp2500_MA0800_customizecards.dat
index 4580452..4ce9c64 100644
--- a/bin/MadGraph5_aMCatNLO/cards/production/13TeV/monoHiggs/Zp2HDM/Zprime_A0h_A0chichi/Zprime_A0h_A0chichi_MZp2500_MA0800/Zprime_A0h_A0chichi_MZp2500_MA0800_customizecards.dat
+++ b/bin/MadGraph5_aMCatNLO/cards/production/13TeV/monoHiggs/Zp2HDM/Zprime_A0h_A0chichi/Zprime_A0h_A0chichi_MZp2500_MA0800/Zprime_A0h_A0chichi_MZp2500_MA0800_customizecards.dat
@@ -4,5 +4,5 @@ set param_card mass 27 800
 set param_card mass 28 800
 set param_card ZpINPUTS 1 1
 set param_card ZpINPUTS 2 0.8
-set param_card DECAY 32 51.33163
-set param_card DECAY 28 75.5153
+set param_card DECAY 32 5.141429e+01
+set param_card DECAY 28 7.330065e+01
diff --git a/bin/MadGraph5_aMCatNLO/cards/production/13TeV/monoHiggs/Zp2HDM/Zprime_A0h_A0chichi/Zprime_A0h_A0chichi_MZp600_MA0300/Zprime_A0h_A0chichi_MZp600_MA0300_customizecards.dat b/bin/MadGraph5_aMCatNLO/cards/production/13TeV/monoHiggs/Zp2HDM/Zprime_A0h_A0chichi/Zprime_A0h_A0chichi_MZp600_MA0300/Zprime_A0h_A0chichi_MZp600_MA0300_customizecards.dat
index cb192f2..9b18abd 100644
--- a/bin/MadGraph5_aMCatNLO/cards/production/13TeV/monoHiggs/Zp2HDM/Zprime_A0h_A0chichi/Zprime_A0h_A0chichi_MZp600_MA0300/Zprime_A0h_A0chichi_MZp600_MA0300_customizecards.dat
+++ b/bin/MadGraph5_aMCatNLO/cards/production/13TeV/monoHiggs/Zp2HDM/Zprime_A0h_A0chichi/Zprime_A0h_A0chichi_MZp600_MA0300/Zprime_A0h_A0chichi_MZp600_MA0300_customizecards.dat
@@ -4,5 +4,5 @@ set param_card mass 27 300
 set param_card mass 28 300
 set param_card ZpINPUTS 1 1
 set param_card ZpINPUTS 2 0.8
-set param_card DECAY 32 11.22981
-set param_card DECAY 28 8.95228
+set param_card DECAY 32 AUTO
+set param_card DECAY 28 AUTO
/afs/cern.ch/work/s/syu/2HDM_gridpack/genproductions/bin/MadGraph5_aMCatNLO
Reusing existing directory assuming generated code already exists
WARNING: If you changed the process card you need to clean the folder and run from scratch
************************************************************
*                                                          *
*                     W E L C O M E to                     *
*              M A D G R A P H 5 _ a M C @ N L O           *
*                                                          *
*                                                          *
*                 *                       *                *
*                   *        * *        *                  *
*                     * * * * 5 * * * *                    *
*                   *        * *        *                  *
*                 *                       *                *
*                                                          *
*         VERSION 2.4.2                 2016-06-10         *
*                                                          *
*    The MadGraph5_aMC@NLO Development Team - Find us at   *
*    https://server06.fynu.ucl.ac.be/projects/madgraph     *
*                            and                           *
*            http://amcatnlo.web.cern.ch/amcatnlo/         *
*                                                          *
*               Type 'help' for in-line help.              *
*           Type 'tutorial' to learn how MG5 works         *
*    Type 'tutorial aMCatNLO' to learn how aMC@NLO works   *
*    Type 'tutorial MadLoop' to learn how MadLoop works    *
*                                                          *
************************************************************
load MG5 configuration from input/mg5_configuration.txt 
None does not seem to correspond to a valid fastjet-config executable (v3+). We will use fjcore instead.
 Please set the 'fastjet'variable to the full (absolute) /PATH/TO/fastjet-config (including fastjet-config).
 MG5_aMC> set fastjet /PATH/TO/fastjet-config

set lhapdf to /cvmfs/cms.cern.ch/slc6_amd64_gcc481/external/lhapdf/6.1.5-ddibom3/share/LHAPDF/../../bin/lhapdf-config
No valid eps viewer found. Please set in ./input/mg5_configuration.txt
No valid web browser found. Please set in ./input/mg5_configuration.txt
import /afs/cern.ch/work/s/syu/2HDM_gridpack/genproductions/bin/MadGraph5_aMCatNLO/2HDMPZ2II_MH3_400_MH4_400_MH2_400_MHC_400_proc_card.dat
The import format was not given, so we guess it as command
import model 2HDMPZ2II
INFO: Change particles name to pass to MG5 convention 
Defined multiparticle p = g u c d s u~ c~ d~ s~
Defined multiparticle j = g u c d s u~ c~ d~ s~
Defined multiparticle l+ = e+ mu+
Defined multiparticle l- = e- mu-
Defined multiparticle vl = ve vm vt
Defined multiparticle vl~ = ve~ vm~ vt~
Defined multiparticle all = g ghg ghg~ u c d s u~ c~ d~ s~ a gha gha~ ve vm vt e- mu- ve~ vm~ vt~ e+ mu+ t b t~ b~ z w+ ghz ghwp ghwm h+ h1 h2 h3 h4 w- ghz~ ghwp~ ghwm~ h- ta- xd ta+ xd~
generate p p > xd xd~ h1 / z [QCD]
[1;60m------------------------------------------------------------------------[0m
[1;60m No Born diagrams found. Now switching to the loop-induced mode.        [0m
[1;60m Please cite ref. 'arXiv:1507.00020' when using results from this mode. [0m
[1;60m------------------------------------------------------------------------[0m
[1;34mWARNING: Some loop diagrams contributing to this process are discarded because they are not pure (QCD)-perturbation.
Make sure you did not want to include them. [0m
[1;34mWARNING: Some loop diagrams contributing to this process are discarded because they are not pure (QCD)-perturbation.
Make sure you did not want to include them. [0m
[1;34mWARNING: Some loop diagrams contributing to this process are discarded because they are not pure (QCD)-perturbation.
Make sure you did not want to include them. [0m
[1;34mWARNING: Some loop diagrams contributing to this process are discarded because they are not pure (QCD)-perturbation.
Make sure you did not want to include them. [0m
1 processes with 80 diagrams generated in 35.884 s
Total: 1 processes with 80 diagrams
output 2HDMPZ2II_MH3_400_MH4_400_MH2_400_MHC_400 -nojpeg
INFO: initialize a new directory: 2HDMPZ2II_MH3_400_MH4_400_MH2_400_MHC_400 
INFO: remove old information in 2HDMPZ2II_MH3_400_MH4_400_MH2_400_MHC_400 
INFO: Organizing processes into subprocess groups 
INFO: Generating Helas calls for process: g g > xd xd~ h1 WEIGHTED<=12 [ noborn = QCD ] / z 
INFO: Processing color information for loop process: g g > xd xd~ h1 [ noborn = QCD ] / z 
INFO: Creating color matrix  loop process: g g > xd xd~ h1 WEIGHTED<=12 [ noborn = QCD ] / z 
INFO: Creating files in directory /afs/cern.ch/work/s/syu/2HDM_gridpack/genproductions/bin/MadGraph5_aMCatNLO/interactive/interactive_gridpack/work/MG5_aMC_v2_4_2/2HDMPZ2II_MH3_400_MH4_400_MH2_400_MHC_400/SubProcesses/PV0_0_1_gg_xdxdxh1_no_z 
ALOHA: aloha creates FFV1 set of routines with options: L1
ALOHA: aloha creates FFS5 set of routines with options: L2
INFO: Computing diagram color coefficients 
INFO: Drawing loop Feynman diagrams for Process: g g > xd xd~ h1 WEIGHTED<=12 [ noborn = QCD ] / z 
INFO: Creating files in directory P0_gg_xdxdxh1 
INFO: Generating Feynman diagrams for Process: g g > xd xd~ h1 WEIGHTED<=12 [ noborn = QCD ] / z 
INFO: Finding symmetric diagrams for subprocess group gg_xdxdxh1 
History written to /afs/cern.ch/work/s/syu/2HDM_gridpack/genproductions/bin/MadGraph5_aMCatNLO/interactive/interactive_gridpack/work/MG5_aMC_v2_4_2/2HDMPZ2II_MH3_400_MH4_400_MH2_400_MHC_400/Cards/proc_card_mg5.dat
Generated helas calls for 1 subprocesses (80 diagrams) in 2.408 s
Export UFO model to MG4 format
ALOHA: aloha creates FFS1 routines
ALOHA: aloha creates FFS3 set of routines with options: L2
ALOHA: aloha creates FFV1 set of routines with options: L2
ALOHA: aloha creates FFS5 set of routines with options: L2
ALOHA: aloha creates SSS1 routines
ALOHA: aloha creates FFS3_5 set of routines with options: L2
save configuration file to /afs/cern.ch/work/s/syu/2HDM_gridpack/genproductions/bin/MadGraph5_aMCatNLO/interactive/interactive_gridpack/work/MG5_aMC_v2_4_2/2HDMPZ2II_MH3_400_MH4_400_MH2_400_MHC_400/Cards/me5_configuration.txt
INFO: Use Fortran compiler gfortran 
INFO: Use c++ compiler g++ 
INFO: Generate web pages 
Output to directory /afs/cern.ch/work/s/syu/2HDM_gridpack/genproductions/bin/MadGraph5_aMCatNLO/interactive/interactive_gridpack/work/MG5_aMC_v2_4_2/2HDMPZ2II_MH3_400_MH4_400_MH2_400_MHC_400 done.
Type "launch" to generate events from this process, or see
/afs/cern.ch/work/s/syu/2HDM_gridpack/genproductions/bin/MadGraph5_aMCatNLO/interactive/interactive_gridpack/work/MG5_aMC_v2_4_2/2HDMPZ2II_MH3_400_MH4_400_MH2_400_MHC_400/README
Run "open index.html" to see more information about this process.
launch 2HDMPZ2II_MH3_400_MH4_400_MH2_400_MHC_400
************************************************************
*                                                          *
*                      W E L C O M E to                    *
*             M A D G R A P H 5 _ a M C @ N L O            *
*                      M A D E V E N T                     *
*                                                          *
*                 *                       *                *
*                   *        * *        *                  *
*                     * * * * 5 * * * *                    *
*                   *        * *        *                  *
*                 *                       *                *
*                                                          *
*         VERSION 2.4.2                 2016-06-10         *
*                                                          *
*    The MadGraph5_aMC@NLO Development Team - Find us at   *
*    https://server06.fynu.ucl.ac.be/projects/madgraph     *
*                                                          *
*               Type 'help' for in-line help.              *
*                                                          *
************************************************************
INFO: load configuration from /afs/cern.ch/work/s/syu/2HDM_gridpack/genproductions/bin/MadGraph5_aMCatNLO/interactive/interactive_gridpack/work/MG5_aMC_v2_4_2/2HDMPZ2II_MH3_400_MH4_400_MH2_400_MHC_400/Cards/me5_configuration.txt  
INFO: load configuration from /afs/cern.ch/work/s/syu/2HDM_gridpack/genproductions/bin/MadGraph5_aMCatNLO/interactive/interactive_gridpack/work/MG5_aMC_v2_4_2/input/mg5_configuration.txt  
INFO: load configuration from /afs/cern.ch/work/s/syu/2HDM_gridpack/genproductions/bin/MadGraph5_aMCatNLO/interactive/interactive_gridpack/work/MG5_aMC_v2_4_2/2HDMPZ2II_MH3_400_MH4_400_MH2_400_MHC_400/Cards/me5_configuration.txt  
No valid eps viewer found. Please set in ./input/mg5_configuration.txt
No valid web browser found. Please set in ./input/mg5_configuration.txt
generate_events run_01
The following switches determine which programs are run:
 1 Run the pythia shower/hadronization:                              pythia=NOT INSTALLED
 2 Run PGS as detector simulator:                                       pgs=NOT INSTALLED
 3 Run Delphes as detector simulator:                               delphes=NOT INSTALLED
 4 Decay particles with the MadSpin module:                         madspin=OFF
 5 Add weights to the events based on changing model parameters:   reweight=OFF
  Either type the switch number (1 to 5) to change its default setting,
  or set any switch explicitly (e.g. type 'madspin=ON' at the prompt)
  Type '0', 'auto', 'done' or just press enter when you are done.
 [[4m0[0m, 4, 5, auto, done, madspin=ON, madspin=OFF, madspin, reweight=ON, ... ]
[1;34mThe answer to the previous question is not set in your input file[0m
[1;34mUse 0 value[0m
set sinp 0.35
[1;60mINFO: modify param_card information BLOCK higgs with id (5,) set to 0.35 [0m
set tanbeta 1
[1;60mINFO: modify param_card information BLOCK frblock with id (2,) set to 1.0 [0m
set laP1 3.0
[1;60mINFO: modify param_card information BLOCK higgs with id (2,) set to 3.0 [0m
set laP2 3.0
[1;60mINFO: modify param_card information BLOCK higgs with id (3,) set to 3.0 [0m
set lam3 3.0
[1;60mINFO: modify param_card information BLOCK higgs with id (1,) set to 3.0 [0m
set sinbma 1.0
[1;60mINFO: modify param_card information BLOCK frblock with id (3,) set to 1.0 [0m
set gPXd 1.0
[1;60mINFO: modify param_card information BLOCK dminputs with id (1,) set to 1.0 [0m
set Mxd 1.0
[1;60mINFO: modify param_card information BLOCK mass with id (52,) set to 1.0 [0m
set mhc 400
[1;60mINFO: modify param_card information BLOCK mass with id (37,) set to 400.0 [0m
set mh2 400
[1;60mINFO: modify param_card information BLOCK mass with id (35,) set to 400.0 [0m
set mh3 400
[1;60mINFO: modify param_card information BLOCK mass with id (36,) set to 400.0 [0m
set mh4 400
[1;60mINFO: modify param_card information BLOCK mass with id (55,) set to 400.0 [0m
set Wh1 auto
[1;60mINFO: modify param_card information BLOCK decay with id (25,) set to Auto [0m
set Wh2 auto
[1;60mINFO: modify param_card information BLOCK decay with id (35,) set to Auto [0m
set Wh3 auto
[1;60mINFO: modify param_card information BLOCK decay with id (36,) set to Auto [0m
set Whc auto
[1;60mINFO: modify param_card information BLOCK decay with id (37,) set to Auto [0m
set Wh4 auto
[1;60mINFO: modify param_card information BLOCK decay with id (55,) set to Auto [0m
Do you want to edit a card (press enter to bypass editing)?
  1 / param      : param_card.dat
  2 / run        : run_card.dat
  3 / MadLoopParams : MadLoopParams.dat
 you can also
   - enter the path to a valid card or banner.
   - use the 'set' command to modify a parameter directly.
     The set option works only for param_card and run_card.
     Type 'help set' for more information on this command.
   - call an external program (ASperGE/MadWidth/...).
     Type 'help' for the list of available command
 [[4m0[0m, done, 1, param, 2, run, 3, MadLoopParams, enter path]
[1;60mThe answer to the previous question is not set in your input file[0m
[1;60mUse 0 value[0m
Generating 20000 events with run name run_01
survey  run_01 
INFO: compile directory 
INFO: Computing the width set on auto in the param_card.dat 
INFO: Change particles name to pass to MG5 convention 
************************************************************
*                                                          *
*                     W E L C O M E to                     *
*              M A D G R A P H 5 _ a M C @ N L O           *
*                                                          *
*                                                          *
*                 *                       *                *
*                   *        * *        *                  *
*                     * * * * 5 * * * *                    *
*                   *        * *        *                  *
*                 *                       *                *
*                                                          *
*         VERSION 2.4.2                 2016-06-10         *
*                                                          *
*    The MadGraph5_aMC@NLO Development Team - Find us at   *
*    https://server06.fynu.ucl.ac.be/projects/madgraph     *
*                            and                           *
*            http://amcatnlo.web.cern.ch/amcatnlo/         *
*                                                          *
*               Type 'help' for in-line help.              *
*           Type 'tutorial' to learn how MG5 works         *
*    Type 'tutorial aMCatNLO' to learn how aMC@NLO works   *
*    Type 'tutorial MadLoop' to learn how MadLoop works    *
*                                                          *
************************************************************
load MG5 configuration from input/mg5_configuration.txt 
None does not seem to correspond to a valid fastjet-config executable (v3+). We will use fjcore instead.
 Please set the 'fastjet'variable to the full (absolute) /PATH/TO/fastjet-config (including fastjet-config).
 MG5_aMC> set fastjet /PATH/TO/fastjet-config

set lhapdf to /cvmfs/cms.cern.ch/slc6_amd64_gcc481/external/lhapdf/6.1.5-ddibom3/share/LHAPDF/../../bin/lhapdf-config
No valid eps viewer found. Please set in ./input/mg5_configuration.txt
No valid web browser found. Please set in ./input/mg5_configuration.txt
set automatic_html_opening False --no_save
compute_widths 25 35 36 37 55 --precision_channel=0.01 --body_decay=4.0025 --path=/afs/cern.ch/work/s/syu/2HDM_gridpack/genproductions/bin/MadGraph5_aMCatNLO/interactive/interactive_gridpack/work/MG5_aMC_v2_4_2/2HDMPZ2II_MH3_400_MH4_400_MH2_400_MHC_400/Cards/param_card.dat --output=/afs/cern.ch/work/s/syu/2HDM_gridpack/genproductions/bin/MadGraph5_aMCatNLO/interactive/interactive_gridpack/work/MG5_aMC_v2_4_2/2HDMPZ2II_MH3_400_MH4_400_MH2_400_MHC_400/Cards/param_card.dat
[1;34mPlease note that the automatic computation of the width is
    only valid in narrow-width approximation and at tree-level.[0m
INFO: Get two body decay from FeynRules formula 
Results written to /afs/cern.ch/work/s/syu/2HDM_gridpack/genproductions/bin/MadGraph5_aMCatNLO/interactive/interactive_gridpack/work/MG5_aMC_v2_4_2/2HDMPZ2II_MH3_400_MH4_400_MH2_400_MHC_400/Cards/param_card.dat
INFO: get decay diagram for h1 
Vertexlist of this model has not been searched.Automatically run the model.find_vertexlist()
Found 6 stable particles
INFO: get decay diagram for h2 
INFO:     current estimated error: 0.00254438773523 go to 4-body decay: 
100 / 187: 5s
INFO: get decay diagram for h3 
INFO: get decay diagram for h+ 
INFO: get decay diagram for h4 
Pass to numerical integration for computing the widths:
INFO: More info in temporary files:
    /afs/cern.ch/work/s/syu/2HDM_gridpack/genproductions/bin/MadGraph5_aMCatNLO/interactive/interactive_gridpack/work/MG5_aMC_v2_4_2/tmpTrlARj/temp_decay/index.html 
Results written to /afs/cern.ch/work/s/syu/2HDM_gridpack/genproductions/bin/MadGraph5_aMCatNLO/interactive/interactive_gridpack/work/MG5_aMC_v2_4_2/2HDMPZ2II_MH3_400_MH4_400_MH2_400_MHC_400/Cards/param_card.dat
initMadLoop -r -f
Initializing MadLoop loop-induced matrix elements (this can take some time)...
MadLoop initialization finished.
compile Source Directory
Using random number seed offset = 21
INFO: Running Survey 
Creating Jobs
Working on SubProcesses
INFO:     P0_gg_xdxdxh1  
INFO:  Idle: 44,  Running: 16,  Completed: 0 [ current time: 20h48 ] 
INFO:  Idle: 41,  Running: 16,  Completed: 3 [  31.2s  ] 
INFO:  Idle: 40,  Running: 16,  Completed: 5 [  40s  ] 
INFO:  Idle: 36,  Running: 16,  Completed: 9 [  43.3s  ] 
INFO:  Idle: 32,  Running: 16,  Completed: 15 [  46.3s  ] 
INFO:  Idle: 31,  Running: 16,  Completed: 17 [  1m 8s  ] 
INFO:  Idle: 29,  Running: 16,  Completed: 19 [  1m 11s  ] 
INFO:  Idle: 28,  Running: 16,  Completed: 21 [  1m 22s  ] 
INFO:  Idle: 26,  Running: 16,  Completed: 23 [  1m 28s  ] 
INFO:  Idle: 20,  Running: 16,  Completed: 30 [  1m 32s  ] 
INFO:  Idle: 19,  Running: 16,  Completed: 33 [  1m 51s  ] 
INFO:  Idle: 16,  Running: 16,  Completed: 37 [  2m 2s  ] 
INFO:  Idle: 14,  Running: 16,  Completed: 39 [  2m 8s  ] 
INFO:  Idle: 11,  Running: 16,  Completed: 42 [  2m 12s  ] 
INFO:  Idle: 8,  Running: 16,  Completed: 47 [  2m 16s  ] 
INFO:  Idle: 8,  Running: 16,  Completed: 48 [  2m 20s  ] 
INFO:  Idle: 6,  Running: 16,  Completed: 50 [  2m 36s  ] 
INFO:  Idle: 4,  Running: 16,  Completed: 53 [  2m 41s  ] 
INFO:  Idle: 3,  Running: 16,  Completed: 54 [  2m 44s  ] 
INFO: P0_gg_xdxdxh1/G2.4 is at 4.68e-15 +- 4.17e-16 pb. Now submitting iteration #2. 
INFO: P0_gg_xdxdxh1/G1.7 is at 4.62e-05 +- 4.45e-06 pb. Now submitting iteration #2. 
INFO: P0_gg_xdxdxh1/G1.8 is at 4.05e-09 +- 1.26e-09 pb. Now submitting iteration #2. 
INFO:  Idle: 2,  Running: 16,  Completed: 55 [  2m 53s  ] 
INFO: P0_gg_xdxdxh1/G1.5 is at 0.000167 +- 1.64e-05 pb. Now submitting iteration #2. 
INFO:  Idle: 4,  Running: 16,  Completed: 58 [  2m 56s  ] 
INFO:  Idle: 6,  Running: 16,  Completed: 60 [  3m 0s  ] 
INFO: P0_gg_xdxdxh1/G2.8 is at 4.24e-13 +- 1.87e-13 pb. Now submitting iteration #2. 
INFO:  Idle: 11,  Running: 16,  Completed: 64 [  3m 8s  ] 
INFO: P0_gg_xdxdxh1/G2.7 is at 1.1e-09 +- 1.23e-10 pb. Now submitting iteration #2. 
INFO: P0_gg_xdxdxh1/G3.4 is at 2.69e-13 +- 2.01e-14 pb. Now submitting iteration #2. 
INFO:  Idle: 14,  Running: 16,  Completed: 65 [  3m 13s  ] 
INFO: P0_gg_xdxdxh1/G4.4 is at 4.22e-10 +- 1.98e-11 pb. Now submitting iteration #2. 
INFO: P0_gg_xdxdxh1/G2.5 is at 2.5e-09 +- 2.73e-10 pb. Now submitting iteration #2. 
INFO: P0_gg_xdxdxh1/G3.5 is at 2.09e-07 +- 2.16e-08 pb. Now submitting iteration #2. 
INFO:  Idle: 23,  Running: 16,  Completed: 68 [  3m 18s  ] 
INFO: P0_gg_xdxdxh1/G3.8 is at 2.13e-11 +- 6.44e-12 pb. Now submitting iteration #2. 
INFO:  Idle: 29,  Running: 16,  Completed: 70 [  3m 24s  ] 
INFO: P0_gg_xdxdxh1/G3.7 is at 4.98e-08 +- 5.3e-09 pb. Now submitting iteration #2. 
INFO: P0_gg_xdxdxh1/G4.5 is at 0.000123 +- 1.31e-05 pb. Now submitting iteration #2. 
INFO: P0_gg_xdxdxh1/G4.7 is at 3.79e-05 +- 4.19e-06 pb. Now submitting iteration #2. 
INFO:  Idle: 41,  Running: 16,  Completed: 74 [  3m 37s  ] 
INFO: P0_gg_xdxdxh1/G4.8 is at 8.92e-09 +- 6.04e-09 pb. Now submitting iteration #2. 
INFO:  Idle: 44,  Running: 16,  Completed: 75 [  3m 50s  ] 
INFO:  Idle: 43,  Running: 16,  Completed: 76 [  3m 53s  ] 
INFO:  Idle: 41,  Running: 16,  Completed: 79 [  4m 1s  ] 
INFO:  Idle: 38,  Running: 16,  Completed: 82 [  4m 5s  ] 
INFO:  Idle: 37,  Running: 16,  Completed: 83 [  4m 13s  ] 
INFO:  Idle: 36,  Running: 16,  Completed: 84 [  4m 18s  ] 
INFO:  Idle: 35,  Running: 16,  Completed: 85 [  4m 24s  ] 
INFO:  Idle: 35,  Running: 16,  Completed: 86 [  4m 30s  ] 
INFO:  Idle: 33,  Running: 16,  Completed: 89 [  4m 33s  ] 
INFO:  Idle: 32,  Running: 16,  Completed: 90 [  4m 37s  ] 
INFO:  Idle: 32,  Running: 16,  Completed: 91 [  4m 48s  ] 
INFO:  Idle: 29,  Running: 16,  Completed: 94 [  5m 0s  ] 
INFO:  Idle: 28,  Running: 16,  Completed: 95 [  5m 5s  ] 
INFO:  Idle: 26,  Running: 16,  Completed: 99 [  5m 20s  ] 
INFO:  Idle: 24,  Running: 16,  Completed: 101 [  5m 27s  ] 
INFO:  Idle: 23,  Running: 16,  Completed: 103 [  5m 33s  ] 
INFO:  Idle: 22,  Running: 16,  Completed: 104 [  5m 40s  ] 
INFO:  Idle: 20,  Running: 16,  Completed: 107 [  5m 51s  ] 
INFO:  Idle: 19,  Running: 16,  Completed: 108 [  5m 56s  ] 
INFO:  Idle: 17,  Running: 16,  Completed: 110 [  6m 10s  ] 
INFO:  Idle: 13,  Running: 16,  Completed: 116 [  6m 19s  ] 
INFO:  Idle: 12,  Running: 16,  Completed: 117 [  6m 24s  ] 
INFO:  Idle: 11,  Running: 16,  Completed: 118 [  6m 27s  ] 
INFO:  Idle: 11,  Running: 16,  Completed: 119 [  6m 33s  ] 
INFO:  Idle: 10,  Running: 16,  Completed: 120 [  6m 38s  ] 
INFO:  Idle: 9,  Running: 16,  Completed: 121 [  6m 42s  ] 
INFO:  Idle: 8,  Running: 16,  Completed: 122 [  6m 46s  ] 
INFO:  Idle: 8,  Running: 16,  Completed: 123 [  6m 52s  ] 
INFO:  Idle: 7,  Running: 16,  Completed: 124 [  6m 57s  ] 
INFO: P0_gg_xdxdxh1/G1.7 is at 4.71e-05 +- 2.71e-07 pb. Now submitting iteration #3. 
INFO:  Idle: 6,  Running: 16,  Completed: 125 [  7m 9s  ] 
INFO: Survey finished for P0_gg_xdxdxh1/G2.4 at 5.06e-15 +- 1.33e-16 pb 
INFO:  Idle: 9,  Running: 16,  Completed: 126 [  7m 15s  ] 
INFO: P0_gg_xdxdxh1/G1.8 is at 2.18e-08 +- 1.81e-08 pb. Now submitting iteration #3. 
INFO:  Idle: 8,  Running: 16,  Completed: 127 [  7m 28s  ] 
INFO:  Idle: 6,  Running: 16,  Completed: 129 [  7m 31s  ] 
INFO:  Idle: 3,  Running: 16,  Completed: 133 [  7m 42s  ] 
INFO:  Idle: 3,  Running: 16,  Completed: 134 [  7m 46s  ] 
INFO: P0_gg_xdxdxh1/G1.5 is at 0.000146 +- 4.54e-06 pb. Now submitting iteration #3. 
INFO:  Idle: 4,  Running: 16,  Completed: 137 [  7m 58s  ] 
INFO: P0_gg_xdxdxh1/G2.7 is at 1.36e-09 +- 6.77e-11 pb. Now submitting iteration #3. 
INFO:  Idle: 7,  Running: 16,  Completed: 139 [  8m 7s  ] 
INFO: Survey finished for P0_gg_xdxdxh1/G2.8 at 4.66e-13 +- 4.58e-14 pb 
INFO: Survey finished for P0_gg_xdxdxh1/G3.4 at 2.706e-13 +- 1.06e-15 pb 
INFO: P0_gg_xdxdxh1/G4.4 is at 4.13e-10 +- 6.97e-12 pb. Now submitting iteration #3. 
INFO:  Idle: 10,  Running: 16,  Completed: 140 [  8m 16s  ] 
INFO:  Idle: 9,  Running: 16,  Completed: 141 [  8m 21s  ] 
INFO: P0_gg_xdxdxh1/G2.5 is at 3.16e-09 +- 1.38e-10 pb. Now submitting iteration #3. 
INFO: P0_gg_xdxdxh1/G3.5 is at 2.24e-07 +- 3.28e-09 pb. Now submitting iteration #3. 
INFO: Survey finished for P0_gg_xdxdxh1/G3.8 at 3.41e-11 +- 1.79e-11 pb 
INFO: P0_gg_xdxdxh1/G3.7 is at 5.29e-08 +- 8.78e-10 pb. Now submitting iteration #3. 
INFO:  Idle: 11,  Running: 16,  Completed: 143 [  8m 28s  ] 
INFO: P0_gg_xdxdxh1/G4.5 is at 0.0001175 +- 1.15e-06 pb. Now submitting iteration #3. 
INFO:  Idle: 19,  Running: 16,  Completed: 147 [  8m 34s  ] 
INFO: P0_gg_xdxdxh1/G4.7 is at 3.724e-05 +- 1.58e-07 pb. Now submitting iteration #3. 
INFO:  Idle: 25,  Running: 16,  Completed: 149 [  8m 41s  ] 
INFO: P0_gg_xdxdxh1/G4.8 is at 9.74e-09 +- 3.47e-10 pb. Now submitting iteration #3. 
INFO:  Idle: 28,  Running: 16,  Completed: 150 [  8m 51s  ] 
INFO:  Idle: 27,  Running: 16,  Completed: 151 [  9m 24s  ] 
INFO:  Idle: 26,  Running: 16,  Completed: 152 [  9m 34s  ] 
INFO:  Idle: 25,  Running: 16,  Completed: 153 [  9m 52s  ] 
INFO:  Idle: 24,  Running: 16,  Completed: 154 [  9m 56s  ] 
INFO:  Idle: 24,  Running: 16,  Completed: 155 [  9m 59s  ] 
INFO:  Idle: 22,  Running: 16,  Completed: 157 [  10m 10s  ] 
INFO:  Idle: 20,  Running: 16,  Completed: 160 [  10m 29s  ] 
INFO:  Idle: 18,  Running: 16,  Completed: 162 [  10m 33s  ] 
INFO:  Idle: 18,  Running: 16,  Completed: 163 [  10m 42s  ] 
INFO:  Idle: 16,  Running: 16,  Completed: 165 [  10m 48s  ] 
INFO:  Idle: 16,  Running: 16,  Completed: 166 [  10m 52s  ] 
INFO:  Idle: 15,  Running: 16,  Completed: 167 [  11m 21s  ] 
INFO:  Idle: 14,  Running: 16,  Completed: 168 [  11m 26s  ] 
INFO:  Idle: 13,  Running: 16,  Completed: 169 [  11m 55s  ] 
INFO:  Idle: 12,  Running: 16,  Completed: 170 [  12m 3s  ] 
INFO:  Idle: 11,  Running: 16,  Completed: 172 [  12m 19s  ] 
INFO:  Idle: 9,  Running: 16,  Completed: 175 [  12m 30s  ] 
INFO:  Idle: 7,  Running: 16,  Completed: 177 [  12m 37s  ] 
INFO:  Idle: 4,  Running: 16,  Completed: 181 [  12m 44s  ] 
INFO:  Idle: 4,  Running: 16,  Completed: 182 [  12m 59s  ] 
INFO: P0_gg_xdxdxh1/G1.8 is at 3.44e-08 +- 6.03e-09 pb. Now submitting iteration #4. 
INFO: Survey finished for P0_gg_xdxdxh1/G1.7 at 4.808e-05 +- 2.91e-07 pb 
INFO: Survey finished for P0_gg_xdxdxh1/G1.5 at 0.0001482 +- 1.37e-06 pb 
INFO:  Idle: 7,  Running: 16,  Completed: 183 [  13m 4s  ] 
INFO:  Idle: 5,  Running: 16,  Completed: 185 [  13m 16s  ] 
INFO:  Idle: 4,  Running: 16,  Completed: 186 [  13m 26s  ] 
INFO: Survey finished for P0_gg_xdxdxh1/G2.7 at 1.43e-09 +- 2.6e-11 pb 
INFO:  Idle: 3,  Running: 16,  Completed: 187 [  13m 38s  ] 
INFO: Survey finished for P0_gg_xdxdxh1/G4.4 at 4.218e-10 +- 3.51e-12 pb 
INFO:  Idle: 2,  Running: 16,  Completed: 188 [  13m 53s  ] 
INFO: Survey finished for P0_gg_xdxdxh1/G3.5 at 2.29e-07 +- 1.65e-09 pb 
INFO: Survey finished for P0_gg_xdxdxh1/G2.5 at 3.25e-09 +- 4.28e-11 pb 
INFO:  Idle: 0,  Running: 16,  Completed: 190 [  14m 0s  ] 
INFO: Survey finished for P0_gg_xdxdxh1/G3.7 at 5.261e-08 +- 2.3e-10 pb 
INFO:  Idle: 0,  Running: 14,  Completed: 193 [  14m 4s  ] 
INFO:  Idle: 0,  Running: 12,  Completed: 195 [  14m 12s  ] 
INFO:  Idle: 0,  Running: 9,  Completed: 198 [  14m 15s  ] 
INFO:  Idle: 1,  Running: 6,  Completed: 202 [  14m 22s  ] 
INFO: Survey finished for P0_gg_xdxdxh1/G4.5 at 0.0001161 +- 4.7e-07 pb 
INFO:  Idle: 0,  Running: 6,  Completed: 203 [  14m 47s  ] 
INFO: Survey finished for P0_gg_xdxdxh1/G4.7 at 3.72e-05 +- 4.32e-08 pb 
INFO: Survey finished for P0_gg_xdxdxh1/G4.8 at 9.35e-09 +- 1.35e-10 pb 
INFO:  Idle: 0,  Running: 4,  Completed: 205 [  14m 55s  ] 
INFO:  Idle: 0,  Running: 2,  Completed: 207 [  16m 15s  ] 
INFO:  Idle: 0,  Running: 1,  Completed: 209 [  16m 25s  ] 
INFO: P0_gg_xdxdxh1/G1.8 is at 3.31e-08 +- 1.62e-09 pb. Now submitting iteration #5. 
INFO:  Idle: 0,  Running: 4,  Completed: 210 [  16m 55s  ] 
INFO:  Idle: 0,  Running: 2,  Completed: 212 [  21m 9s  ] 
INFO:  Idle: 0,  Running: 1,  Completed: 213 [  21m 21s  ] 
INFO: Survey finished for P0_gg_xdxdxh1/G1.8 at 3.34e-08 +- 7.02e-10 pb 
INFO:  Idle: 0,  Running: 0,  Completed: 215 [  21m 55s  ] 
INFO:  Idle: 0,  Running: 0,  Completed: 215 [  21m 55s  ] 
INFO: End survey 
refine 20000
INFO: compile directory 
compile Source Directory
Creating Jobs
INFO: Refine results to 20000 
INFO: Generating 20000.0 unweigthed events. 
INFO: Effective Luminosity 65714018.5601 pb^-1 
INFO: need to improve 4 channels 
Current estimate of cross-section: 0.000350001422892 +- 1.48059780299e-06
INFO:  Idle: 3,  Running: 16,  Completed: 0 [ current time: 21h10 ] 
INFO:  Idle: 2,  Running: 16,  Completed: 1 [  57.8s  ] 
INFO:  Idle: 1,  Running: 16,  Completed: 2 [  1m 15s  ] 
INFO:  Idle: 0,  Running: 15,  Completed: 4 [  1m 22s  ] 
INFO:  Idle: 1,  Running: 14,  Completed: 5 [  1m 26s  ] 
INFO:  Idle: 0,  Running: 13,  Completed: 7 [  1m 33s  ] 
INFO:  Idle: 0,  Running: 10,  Completed: 10 [  1m 39s  ] 
INFO:  Idle: 0,  Running: 6,  Completed: 14 [  1m 50s  ] 
INFO:  Idle: 1,  Running: 5,  Completed: 15 [  1m 54s  ] 
INFO:  Idle: 1,  Running: 5,  Completed: 16 [  1m 58s  ] 
INFO: P0_gg_xdxdxh1/G4.7 is at 1395/2455 (57%) event. Resubmit 1 job at iteration 1. 
INFO:  Idle: 0,  Running: 6,  Completed: 17 [  2m 5s  ] 
INFO: P0_gg_xdxdxh1/G1.7 is at 1810/3151 (57%) event. Resubmit 1 job at iteration 1. 
INFO:  Idle: 0,  Running: 6,  Completed: 18 [  2m 32s  ] 
INFO: P0_gg_xdxdxh1/G4.5 is at 3300/7620 (43%) event. Resubmit 3 job at iteration 1. 
INFO:  Idle: 0,  Running: 7,  Completed: 20 [  2m 35s  ] 
INFO:  Idle: 0,  Running: 6,  Completed: 21 [  2m 49s  ] 
INFO:  Idle: 1,  Running: 5,  Completed: 22 [  2m 54s  ] 
INFO: P0_gg_xdxdxh1/G4.7 is at 1866/2442 (76%) event. Resubmit 2 job at iteration 2. 
INFO:  Idle: 0,  Running: 7,  Completed: 24 [  3m 8s  ] 
INFO:  Idle: 1,  Running: 6,  Completed: 25 [  3m 34s  ] 
INFO: P0_gg_xdxdxh1/G1.5 is at 3376/9878 (34%) event. Resubmit 4 job at iteration 1. 
INFO:  Idle: 0,  Running: 10,  Completed: 26 [  3m 40s  ] 
INFO: P0_gg_xdxdxh1/G1.7 is at 2265/3165 (72%) event. Resubmit 2 job at iteration 2. 
INFO:  Idle: 0,  Running: 8,  Completed: 28 [  3m 49s  ] 
INFO:  Idle: 0,  Running: 8,  Completed: 31 [  4m 4s  ] 
INFO:  Idle: 1,  Running: 7,  Completed: 32 [  4m 13s  ] 
INFO: P0_gg_xdxdxh1/G4.5 is at 5037/7663 (66%) event. Resubmit 5 job at iteration 2. 
INFO:  Idle: 0,  Running: 12,  Completed: 33 [  4m 16s  ] 
INFO: found enough event for P0_gg_xdxdxh1/G4.7 
INFO:  Idle: 0,  Running: 11,  Completed: 34 [  4m 36s  ] 
INFO:  Idle: 0,  Running: 10,  Completed: 35 [  4m 50s  ] 
INFO:  Idle: 1,  Running: 7,  Completed: 38 [  4m 53s  ] 
INFO:  Idle: 1,  Running: 6,  Completed: 40 [  4m 57s  ] 
INFO:  Idle: 0,  Running: 6,  Completed: 41 [  5m 12s  ] 
INFO: found enough event for P0_gg_xdxdxh1/G1.7 
INFO:  Idle: 0,  Running: 4,  Completed: 43 [  5m 22s  ] 
INFO:  Idle: 0,  Running: 2,  Completed: 45 [  5m 26s  ] 
INFO: P0_gg_xdxdxh1/G1.5 is at 5475/9915 (55%) event. Resubmit 9 job at iteration 2. 
INFO:  Idle: 1,  Running: 9,  Completed: 47 [  5m 32s  ] 
INFO: found enough event for P0_gg_xdxdxh1/G4.5 
INFO:  Idle: 0,  Running: 9,  Completed: 48 [  6m 8s  ] 
INFO:  Idle: 0,  Running: 8,  Completed: 49 [  6m 56s  ] 
INFO:  Idle: 0,  Running: 7,  Completed: 50 [  7m 1s  ] 
INFO:  Idle: 0,  Running: 5,  Completed: 52 [  7m 4s  ] 
INFO:  Idle: 0,  Running: 1,  Completed: 56 [  7m 8s  ] 
INFO: found enough event for P0_gg_xdxdxh1/G1.5 
INFO:  Idle: 0,  Running: 0,  Completed: 58 [  8m 3s  ] 
INFO:  Idle: 0,  Running: 0,  Completed: 58 [  8m 3s  ] 
INFO: Combining runs 
INFO: finish refine 
refine 20000
Creating Jobs
INFO: Refine results to 20000 
INFO: Generating 20000.0 unweigthed events. 
INFO: Effective Luminosity 65157575.1306 pb^-1 
INFO: need to improve 0 channels 
Current estimate of cross-section: 0.000352990422892 +- 8.33337404294e-07
INFO:  Idle: 0,  Running: 0,  Completed: 0 [ current time: 21h18 ] 
INFO: Combining runs 
INFO: finish refine 
combine_events
INFO: Combining Events 
 
 
 
  === Results Summary for run: run_01 tag: tag_1 ===

     Cumulative sequential time for this run: 2h45m16s
     Cross-section :   0.000353 +- 8.333e-07 pb
     Nb of events :  20000
 
store_events
INFO: Storing parton level results 
INFO: End Parton 
reweight -from_cards
decay_events -from_cards
INFO: storring files of previous run 
INFO: Done 
quit
INFO:  
 
INFO:  
 
more information in /afs/cern.ch/work/s/syu/2HDM_gridpack/genproductions/bin/MadGraph5_aMCatNLO/interactive/interactive_gridpack/work/MG5_aMC_v2_4_2/2HDMPZ2II_MH3_400_MH4_400_MH2_400_MHC_400/index.html
quit
 

 


Job finished at Thu Jul 20 21:21:52 CEST 2017 on node 
 under linux version Scientific Linux CERN SLC release 6.9 (Carbon)

CERN statistics: This process used approximately : 5:51:50 KSI2K hours (21110 KSI2K seconds)
                 This process corresponds to     : 22:52:09 HS06  hours (82329 HS06  seconds)
