@(#)CERN job starter $Date: 2010/06/23 14:22:16 $
Working directory is </pool/lsf/syu/60064297> on <b6d4b3f812.cern.ch>

Starting job on  Thu Jul 20 19:37:15 CEST 2017
Running on  Linux b6d4b3f812.cern.ch 2.6.32-696.1.1.el6.x86_64 #1 SMP Wed Apr 12 08:44:28 CEST 2017 x86_64 x86_64 x86_64 GNU/Linux
System release  Scientific Linux CERN SLC release 6.9 (Carbon)
name: interactive
carddir: 
queue: local
# On branch master
# Changed but not updated:
#   (use "git add <file>..." to update what will be committed)
#   (use "git checkout -- <file>..." to discard changes in working directory)
#
#	modified:   cards/production/13TeV/monoHiggs/Zp2HDM/Zprime_A0h_A0chichi/Zprime_A0h_A0chichi_MZp2500_MA0800/Zprime_A0h_A0chichi_MZp2500_MA0800_customizecards.dat
#	modified:   cards/production/13TeV/monoHiggs/Zp2HDM/Zprime_A0h_A0chichi/Zprime_A0h_A0chichi_MZp600_MA0300/Zprime_A0h_A0chichi_MZp600_MA0300_customizecards.dat
#
# Untracked files:
#   (use "git add <file>..." to include in what will be committed)
#
#	2HDMPZ2II_MH3_1000_MH4_100_MH2_1000_MHC_1000_proc_card.dat
#	2HDMPZ2II_MH3_1000_MH4_150_MH2_1000_MHC_1000_proc_card.dat
#	2HDMPZ2II_MH3_1000_MH4_200_MH2_1000_MHC_1000_proc_card.dat
#	2HDMPZ2II_MH3_1000_MH4_250_MH2_1000_MHC_1000_proc_card.dat
#	2HDMPZ2II_MH3_1000_MH4_300_MH2_1000_MHC_1000_proc_card.dat
#	2HDMPZ2II_MH3_1000_MH4_350_MH2_1000_MHC_1000_proc_card.dat
#	2HDMPZ2II_MH3_1000_MH4_400_MH2_1000_MHC_1000_proc_card.dat
#	2HDMPZ2II_MH3_1000_MH4_450_MH2_1000_MHC_1000_proc_card.dat
#	2HDMPZ2II_MH3_1000_MH4_500_MH2_1000_MHC_1000_proc_card.dat
#	2HDMPZ2II_MH3_100_MH4_100_MH2_100_MHC_100_proc_card.dat
#	2HDMPZ2II_MH3_1100_MH4_100_MH2_1100_MHC_1100_proc_card.dat
#	2HDMPZ2II_MH3_1100_MH4_150_MH2_1100_MHC_1100_proc_card.dat
#	2HDMPZ2II_MH3_1100_MH4_200_MH2_1100_MHC_1100_proc_card.dat
#	2HDMPZ2II_MH3_1100_MH4_250_MH2_1100_MHC_1100_proc_card.dat
#	2HDMPZ2II_MH3_1100_MH4_300_MH2_1100_MHC_1100_proc_card.dat
#	2HDMPZ2II_MH3_1100_MH4_350_MH2_1100_MHC_1100_proc_card.dat
#	2HDMPZ2II_MH3_1100_MH4_400_MH2_1100_MHC_1100_proc_card.dat
#	2HDMPZ2II_MH3_1100_MH4_450_MH2_1100_MHC_1100_proc_card.dat
#	2HDMPZ2II_MH3_1100_MH4_500_MH2_1100_MHC_1100_proc_card.dat
#	2HDMPZ2II_MH3_1200_MH4_100_MH2_1200_MHC_1200_proc_card.dat
#	2HDMPZ2II_MH3_1200_MH4_150_MH2_1200_MHC_1200_proc_card.dat
#	2HDMPZ2II_MH3_1200_MH4_200_MH2_1200_MHC_1200_proc_card.dat
#	2HDMPZ2II_MH3_1200_MH4_250_MH2_1200_MHC_1200_proc_card.dat
#	2HDMPZ2II_MH3_1200_MH4_300_MH2_1200_MHC_1200_proc_card.dat
#	2HDMPZ2II_MH3_1200_MH4_350_MH2_1200_MHC_1200_proc_card.dat
#	2HDMPZ2II_MH3_1200_MH4_400_MH2_1200_MHC_1200_proc_card.dat
#	2HDMPZ2II_MH3_1200_MH4_450_MH2_1200_MHC_1200_proc_card.dat
#	2HDMPZ2II_MH3_1200_MH4_500_MH2_1200_MHC_1200_proc_card.dat
#	2HDMPZ2II_MH3_1300_MH4_100_MH2_1300_MHC_1300_proc_card.dat
#	2HDMPZ2II_MH3_1300_MH4_150_MH2_1300_MHC_1300_proc_card.dat
#	2HDMPZ2II_MH3_1300_MH4_200_MH2_1300_MHC_1300_proc_card.dat
#	2HDMPZ2II_MH3_1300_MH4_250_MH2_1300_MHC_1300_proc_card.dat
#	2HDMPZ2II_MH3_1300_MH4_300_MH2_1300_MHC_1300_proc_card.dat
#	2HDMPZ2II_MH3_1300_MH4_350_MH2_1300_MHC_1300_proc_card.dat
#	2HDMPZ2II_MH3_1300_MH4_400_MH2_1300_MHC_1300_proc_card.dat
#	2HDMPZ2II_MH3_1300_MH4_450_MH2_1300_MHC_1300_proc_card.dat
#	2HDMPZ2II_MH3_1300_MH4_500_MH2_1300_MHC_1300_proc_card.dat
#	2HDMPZ2II_MH3_1400_MH4_100_MH2_1400_MHC_1400_proc_card.dat
#	2HDMPZ2II_MH3_1400_MH4_150_MH2_1400_MHC_1400_proc_card.dat
#	2HDMPZ2II_MH3_1400_MH4_200_MH2_1400_MHC_1400_proc_card.dat
#	2HDMPZ2II_MH3_1400_MH4_250_MH2_1400_MHC_1400_proc_card.dat
#	2HDMPZ2II_MH3_1400_MH4_300_MH2_1400_MHC_1400_proc_card.dat
#	2HDMPZ2II_MH3_1400_MH4_350_MH2_1400_MHC_1400_proc_card.dat
#	2HDMPZ2II_MH3_1400_MH4_400_MH2_1400_MHC_1400_proc_card.dat
#	2HDMPZ2II_MH3_1400_MH4_450_MH2_1400_MHC_1400_proc_card.dat
#	2HDMPZ2II_MH3_1400_MH4_500_MH2_1400_MHC_1400_proc_card.dat
#	2HDMPZ2II_MH3_1500_MH4_100_MH2_1500_MHC_1500_proc_card.dat
#	2HDMPZ2II_MH3_1500_MH4_150_MH2_1500_MHC_1500_proc_card.dat
#	2HDMPZ2II_MH3_1500_MH4_200_MH2_1500_MHC_1500_proc_card.dat
#	2HDMPZ2II_MH3_1500_MH4_250_MH2_1500_MHC_1500_proc_card.dat
#	2HDMPZ2II_MH3_1500_MH4_300_MH2_1500_MHC_1500_proc_card.dat
#	2HDMPZ2II_MH3_1500_MH4_350_MH2_1500_MHC_1500_proc_card.dat
#	2HDMPZ2II_MH3_1500_MH4_400_MH2_1500_MHC_1500_proc_card.dat
#	2HDMPZ2II_MH3_1500_MH4_450_MH2_1500_MHC_1500_proc_card.dat
#	2HDMPZ2II_MH3_1500_MH4_500_MH2_1500_MHC_1500_proc_card.dat
#	2HDMPZ2II_MH3_1600_MH4_100_MH2_1600_MHC_1600_proc_card.dat
#	2HDMPZ2II_MH3_1600_MH4_150_MH2_1600_MHC_1600_proc_card.dat
#	2HDMPZ2II_MH3_1600_MH4_200_MH2_1600_MHC_1600_proc_card.dat
#	2HDMPZ2II_MH3_1600_MH4_250_MH2_1600_MHC_1600_proc_card.dat
#	2HDMPZ2II_MH3_1600_MH4_300_MH2_1600_MHC_1600_proc_card.dat
#	2HDMPZ2II_MH3_1600_MH4_350_MH2_1600_MHC_1600_proc_card.dat
#	2HDMPZ2II_MH3_1600_MH4_400_MH2_1600_MHC_1600_proc_card.dat
#	2HDMPZ2II_MH3_1600_MH4_450_MH2_1600_MHC_1600_proc_card.dat
#	2HDMPZ2II_MH3_1600_MH4_500_MH2_1600_MHC_1600_proc_card.dat
#	2HDMPZ2II_MH3_200_MH4_100_MH2_200_MHC_200_proc_card.dat
#	2HDMPZ2II_MH3_200_MH4_150_MH2_200_MHC_200_proc_card.dat
#	2HDMPZ2II_MH3_200_MH4_200_MH2_200_MHC_200_proc_card.dat
#	2HDMPZ2II_MH3_300_MH4_100_MH2_300_MHC_300_proc_card.dat
#	2HDMPZ2II_MH3_300_MH4_150_MH2_300_MHC_300_proc_card.dat
#	2HDMPZ2II_MH3_300_MH4_200_MH2_300_MHC_300_proc_card.dat
#	2HDMPZ2II_MH3_300_MH4_250_MH2_300_MHC_300_proc_card.dat
#	2HDMPZ2II_MH3_300_MH4_300_MH2_300_MHC_300_proc_card.dat
#	2HDMPZ2II_MH3_400_MH4_100_MH2_400_MHC_400_proc_card.dat
#	2HDMPZ2II_MH3_400_MH4_150_MH2_400_MHC_400_proc_card.dat
#	2HDMPZ2II_MH3_400_MH4_200_MH2_400_MHC_400_proc_card.dat
#	2HDMPZ2II_MH3_400_MH4_250_MH2_400_MHC_400_proc_card.dat
#	2HDMPZ2II_MH3_400_MH4_300_MH2_400_MHC_400_proc_card.dat
#	2HDMPZ2II_MH3_400_MH4_350_MH2_400_MHC_400_proc_card.dat
#	2HDMPZ2II_MH3_400_MH4_400_MH2_400_MHC_400_proc_card.dat
#	2HDMPZ2II_MH3_500_MH4_100_MH2_500_MHC_500_proc_card.dat
#	2HDMPZ2II_MH3_500_MH4_150_MH2_500_MHC_500_proc_card.dat
#	2HDMPZ2II_MH3_500_MH4_200_MH2_500_MHC_500_proc_card.dat
#	2HDMPZ2II_MH3_500_MH4_250_MH2_500_MHC_500_proc_card.dat
#	2HDMPZ2II_MH3_500_MH4_300_MH2_500_MHC_500_proc_card.dat
#	2HDMPZ2II_MH3_500_MH4_350_MH2_500_MHC_500_proc_card.dat
#	2HDMPZ2II_MH3_500_MH4_400_MH2_500_MHC_500_proc_card.dat
#	2HDMPZ2II_MH3_500_MH4_450_MH2_500_MHC_500_proc_card.dat
#	2HDMPZ2II_MH3_500_MH4_500_MH2_500_MHC_500_proc_card.dat
#	2HDMPZ2II_MH3_600_MH4_100_MH2_600_MHC_600_proc_card.dat
#	2HDMPZ2II_MH3_600_MH4_150_MH2_600_MHC_600_proc_card.dat
#	2HDMPZ2II_MH3_600_MH4_200_MH2_600_MHC_600_proc_card.dat
#	2HDMPZ2II_MH3_600_MH4_250_MH2_600_MHC_600_proc_card.dat
#	2HDMPZ2II_MH3_600_MH4_300_MH2_600_MHC_600_proc_card.dat
#	2HDMPZ2II_MH3_600_MH4_350_MH2_600_MHC_600_proc_card.dat
#	2HDMPZ2II_MH3_600_MH4_400_MH2_600_MHC_600_proc_card.dat
#	2HDMPZ2II_MH3_600_MH4_450_MH2_600_MHC_600_proc_card.dat
#	2HDMPZ2II_MH3_600_MH4_500_MH2_600_MHC_600_proc_card.dat
#	2HDMPZ2II_MH3_700_MH4_100_MH2_700_MHC_700_proc_card.dat
#	2HDMPZ2II_MH3_700_MH4_150_MH2_700_MHC_700_proc_card.dat
#	2HDMPZ2II_MH3_700_MH4_200_MH2_700_MHC_700_proc_card.dat
#	2HDMPZ2II_MH3_700_MH4_250_MH2_700_MHC_700_proc_card.dat
#	2HDMPZ2II_MH3_700_MH4_300_MH2_700_MHC_700_proc_card.dat
#	2HDMPZ2II_MH3_700_MH4_350_MH2_700_MHC_700_proc_card.dat
#	2HDMPZ2II_MH3_700_MH4_400_MH2_700_MHC_700_proc_card.dat
#	2HDMPZ2II_MH3_700_MH4_450_MH2_700_MHC_700_proc_card.dat
#	2HDMPZ2II_MH3_700_MH4_500_MH2_700_MHC_700_proc_card.dat
#	2HDMPZ2II_MH3_800_MH4_100_MH2_800_MHC_800_proc_card.dat
#	2HDMPZ2II_MH3_800_MH4_150_MH2_800_MHC_800_proc_card.dat
#	2HDMPZ2II_MH3_800_MH4_200_MH2_800_MHC_800_proc_card.dat
#	2HDMPZ2II_MH3_800_MH4_250_MH2_800_MHC_800_proc_card.dat
#	2HDMPZ2II_MH3_800_MH4_300_MH2_800_MHC_800_proc_card.dat
#	2HDMPZ2II_MH3_800_MH4_350_MH2_800_MHC_800_proc_card.dat
#	2HDMPZ2II_MH3_800_MH4_400_MH2_800_MHC_800_proc_card.dat
#	2HDMPZ2II_MH3_800_MH4_450_MH2_800_MHC_800_proc_card.dat
#	2HDMPZ2II_MH3_800_MH4_500_MH2_800_MHC_800_proc_card.dat
#	2HDMPZ2II_MH3_900_MH4_100_MH2_900_MHC_900_proc_card.dat
#	2HDMPZ2II_MH3_900_MH4_150_MH2_900_MHC_900_proc_card.dat
#	2HDMPZ2II_MH3_900_MH4_200_MH2_900_MHC_900_proc_card.dat
#	2HDMPZ2II_MH3_900_MH4_250_MH2_900_MHC_900_proc_card.dat
#	2HDMPZ2II_MH3_900_MH4_300_MH2_900_MHC_900_proc_card.dat
#	2HDMPZ2II_MH3_900_MH4_350_MH2_900_MHC_900_proc_card.dat
#	2HDMPZ2II_MH3_900_MH4_400_MH2_900_MHC_900_proc_card.dat
#	2HDMPZ2II_MH3_900_MH4_450_MH2_900_MHC_900_proc_card.dat
#	2HDMPZ2II_MH3_900_MH4_500_MH2_900_MHC_900_proc_card.dat
#	2HDMPZ2II_proc_card.dat
#	2HDM_MZp1000_MA0300_MDM100_proc_card.dat
#	2HDM_MZp4000_MA0300_MDM100_proc_card.dat
#	2HDM_proc_card.dat
#	ATLAS_mass
#	LSFJOB_60064156/
#	LSFJOB_60064170/
#	LSFJOB_60064177/
#	LSFJOB_60064192/
#	LSFJOB_60064267/
#	LSFJOB_60064361/
#	LSFJOB_60064396/
#	LSFJOB_60064398/
#	LSFJOB_60064405/
#	Log057
#	Zprime_A0h_A0chichi_MZp600_MA0300.log
#	Zprime_A0h_A0chichi_MZp600_MA0300/
#	Zprime_A0h_A0chichi_MZp600_MA0300_tarball.tar.xz
#	a0width
#	cards/production/13TeV/monoHiggs/Zp2HDM/Zprime_A0h_A0chichi/Zprime_A0h_A0chichi_MZp1000_MA0300/Zprime_A0h_A0chichi_MZp1000_MA0300_extramodels.dat
#	cards/production/13TeV/monoHiggs/Zp2HDM/Zprime_A0h_A0chichi/Zprime_A0h_A0chichi_MZp1000_MA0500/Zprime_A0h_A0chichi_MZp1000_MA0500_extramodels.dat
#	cards/production/13TeV/monoHiggs/Zp2HDM/Zprime_A0h_A0chichi/Zprime_A0h_A0chichi_MZp1000_MA0800/Zprime_A0h_A0chichi_MZp1000_MA0800_extramodels.dat
#	cards/production/13TeV/monoHiggs/Zp2HDM/Zprime_A0h_A0chichi/Zprime_A0h_A0chichi_MZp1200_MA0500/Zprime_A0h_A0chichi_MZp1200_MA0500_extramodels.dat
#	cards/production/13TeV/monoHiggs/Zp2HDM/Zprime_A0h_A0chichi/Zprime_A0h_A0chichi_MZp1200_MA0800/Zprime_A0h_A0chichi_MZp1200_MA0800_extramodels.dat
#	cards/production/13TeV/monoHiggs/Zp2HDM/Zprime_A0h_A0chichi/Zprime_A0h_A0chichi_MZp1400_MA0500/Zprime_A0h_A0chichi_MZp1400_MA0500_extramodels.dat
#	cards/production/13TeV/monoHiggs/Zp2HDM/Zprime_A0h_A0chichi/Zprime_A0h_A0chichi_MZp1400_MA0800/Zprime_A0h_A0chichi_MZp1400_MA0800_extramodels.dat
#	cards/production/13TeV/monoHiggs/Zp2HDM/Zprime_A0h_A0chichi/Zprime_A0h_A0chichi_MZp1700_MA0500/Zprime_A0h_A0chichi_MZp1700_MA0500_extramodels.dat
#	cards/production/13TeV/monoHiggs/Zp2HDM/Zprime_A0h_A0chichi/Zprime_A0h_A0chichi_MZp1700_MA0800/Zprime_A0h_A0chichi_MZp1700_MA0800_extramodels.dat
#	cards/production/13TeV/monoHiggs/Zp2HDM/Zprime_A0h_A0chichi/Zprime_A0h_A0chichi_MZp2000_MA0500/Zprime_A0h_A0chichi_MZp2000_MA0500_extramodels.dat
#	cards/production/13TeV/monoHiggs/Zp2HDM/Zprime_A0h_A0chichi/Zprime_A0h_A0chichi_MZp2000_MA0800/Zprime_A0h_A0chichi_MZp2000_MA0800_extramodels.dat
#	cards/production/13TeV/monoHiggs/Zp2HDM/Zprime_A0h_A0chichi/Zprime_A0h_A0chichi_MZp2500_MA0300/Zprime_A0h_A0chichi_MZp2500_MA0300_extramodels.dat
#	cards/production/13TeV/monoHiggs/Zp2HDM/Zprime_A0h_A0chichi/Zprime_A0h_A0chichi_MZp2500_MA0500/Zprime_A0h_A0chichi_MZp2500_MA0500_extramodels.dat
#	cards/production/13TeV/monoHiggs/Zp2HDM/Zprime_A0h_A0chichi/Zprime_A0h_A0chichi_MZp2500_MA0800/Zprime_A0h_A0chichi_MZp2500_MA0800_extramodels.dat
#	cards/production/13TeV/monoHiggs/Zp2HDM/Zprime_A0h_A0chichi/Zprime_A0h_A0chichi_MZp2750_MA0300/
#	cards/production/13TeV/monoHiggs/Zp2HDM/Zprime_A0h_A0chichi/Zprime_A0h_A0chichi_MZp2750_MA0500/
#	cards/production/13TeV/monoHiggs/Zp2HDM/Zprime_A0h_A0chichi/Zprime_A0h_A0chichi_MZp2750_MA0800/
#	cards/production/13TeV/monoHiggs/Zp2HDM/Zprime_A0h_A0chichi/Zprime_A0h_A0chichi_MZp3000_MA0300/
#	cards/production/13TeV/monoHiggs/Zp2HDM/Zprime_A0h_A0chichi/Zprime_A0h_A0chichi_MZp3000_MA0500/
#	cards/production/13TeV/monoHiggs/Zp2HDM/Zprime_A0h_A0chichi/Zprime_A0h_A0chichi_MZp3000_MA0800/
#	cards/production/13TeV/monoHiggs/Zp2HDM/Zprime_A0h_A0chichi/Zprime_A0h_A0chichi_MZp3500_MA0300/
#	cards/production/13TeV/monoHiggs/Zp2HDM/Zprime_A0h_A0chichi/Zprime_A0h_A0chichi_MZp3500_MA0500/
#	cards/production/13TeV/monoHiggs/Zp2HDM/Zprime_A0h_A0chichi/Zprime_A0h_A0chichi_MZp3500_MA0800/
#	cards/production/13TeV/monoHiggs/Zp2HDM/Zprime_A0h_A0chichi/Zprime_A0h_A0chichi_MZp4000_MA0300/
#	cards/production/13TeV/monoHiggs/Zp2HDM/Zprime_A0h_A0chichi/Zprime_A0h_A0chichi_MZp4000_MA0500/
#	cards/production/13TeV/monoHiggs/Zp2HDM/Zprime_A0h_A0chichi/Zprime_A0h_A0chichi_MZp4000_MA0800/
#	cards/production/13TeV/monoHiggs/Zp2HDM/Zprime_A0h_A0chichi/Zprime_A0h_A0chichi_MZp600_MA0300/Zprime_A0h_A0chichi_MZp600_MA0300_extramodels.dat
#	cards/production/13TeV/monoHiggs/Zp2HDM/Zprime_A0h_A0chichi/Zprime_A0h_A0chichi_MZp800_MA0500/Zprime_A0h_A0chichi_MZp800_MA0500_extramodels.dat
#	cards/production/13TeV/monoHiggs/Zp2HDM/Zprime_A0h_A0chichi/mass
#	cards/production/13TeV/monoHiggs/Zp2HDM/Zprime_A0h_A0chichi/old_Zprime_A0h_A0chichi_MZp3000_MA0300/
#	cards/testATLAS/
#	cards/testATLAS_customizecards.dat
#	interactive/
#	launch_2HDM.sh
#	launch_2HDMPZ2II.sh
#	log069.log
#	mass
#	runLaunch.sh
#	temp/
#	testATLAS.log
#	testATLAS/
#	width
#	xs_launch_2HDMPZ2II.sh
#	zpwidth
no changes added to commit (use "git add" and/or "git commit -a")
Current git revision is:
0a3bda3e567d269a20762d24dd6e701e5ee0ece0
diff --git a/bin/MadGraph5_aMCatNLO/cards/production/13TeV/monoHiggs/Zp2HDM/Zprime_A0h_A0chichi/Zprime_A0h_A0chichi_MZp2500_MA0800/Zprime_A0h_A0chichi_MZp2500_MA0800_customizecards.dat b/bin/MadGraph5_aMCatNLO/cards/production/13TeV/monoHiggs/Zp2HDM/Zprime_A0h_A0chichi/Zprime_A0h_A0chichi_MZp2500_MA0800/Zprime_A0h_A0chichi_MZp2500_MA0800_customizecards.dat
index 4580452..4ce9c64 100644
--- a/bin/MadGraph5_aMCatNLO/cards/production/13TeV/monoHiggs/Zp2HDM/Zprime_A0h_A0chichi/Zprime_A0h_A0chichi_MZp2500_MA0800/Zprime_A0h_A0chichi_MZp2500_MA0800_customizecards.dat
+++ b/bin/MadGraph5_aMCatNLO/cards/production/13TeV/monoHiggs/Zp2HDM/Zprime_A0h_A0chichi/Zprime_A0h_A0chichi_MZp2500_MA0800/Zprime_A0h_A0chichi_MZp2500_MA0800_customizecards.dat
@@ -4,5 +4,5 @@ set param_card mass 27 800
 set param_card mass 28 800
 set param_card ZpINPUTS 1 1
 set param_card ZpINPUTS 2 0.8
-set param_card DECAY 32 51.33163
-set param_card DECAY 28 75.5153
+set param_card DECAY 32 5.141429e+01
+set param_card DECAY 28 7.330065e+01
diff --git a/bin/MadGraph5_aMCatNLO/cards/production/13TeV/monoHiggs/Zp2HDM/Zprime_A0h_A0chichi/Zprime_A0h_A0chichi_MZp600_MA0300/Zprime_A0h_A0chichi_MZp600_MA0300_customizecards.dat b/bin/MadGraph5_aMCatNLO/cards/production/13TeV/monoHiggs/Zp2HDM/Zprime_A0h_A0chichi/Zprime_A0h_A0chichi_MZp600_MA0300/Zprime_A0h_A0chichi_MZp600_MA0300_customizecards.dat
index cb192f2..9b18abd 100644
--- a/bin/MadGraph5_aMCatNLO/cards/production/13TeV/monoHiggs/Zp2HDM/Zprime_A0h_A0chichi/Zprime_A0h_A0chichi_MZp600_MA0300/Zprime_A0h_A0chichi_MZp600_MA0300_customizecards.dat
+++ b/bin/MadGraph5_aMCatNLO/cards/production/13TeV/monoHiggs/Zp2HDM/Zprime_A0h_A0chichi/Zprime_A0h_A0chichi_MZp600_MA0300/Zprime_A0h_A0chichi_MZp600_MA0300_customizecards.dat
@@ -4,5 +4,5 @@ set param_card mass 27 300
 set param_card mass 28 300
 set param_card ZpINPUTS 1 1
 set param_card ZpINPUTS 2 0.8
-set param_card DECAY 32 11.22981
-set param_card DECAY 28 8.95228
+set param_card DECAY 32 AUTO
+set param_card DECAY 28 AUTO
/afs/cern.ch/work/s/syu/2HDM_gridpack/genproductions/bin/MadGraph5_aMCatNLO
Reusing existing directory assuming generated code already exists
WARNING: If you changed the process card you need to clean the folder and run from scratch
************************************************************
*                                                          *
*                     W E L C O M E to                     *
*              M A D G R A P H 5 _ a M C @ N L O           *
*                                                          *
*                                                          *
*                 *                       *                *
*                   *        * *        *                  *
*                     * * * * 5 * * * *                    *
*                   *        * *        *                  *
*                 *                       *                *
*                                                          *
*         VERSION 2.4.2                 2016-06-10         *
*                                                          *
*    The MadGraph5_aMC@NLO Development Team - Find us at   *
*    https://server06.fynu.ucl.ac.be/projects/madgraph     *
*                            and                           *
*            http://amcatnlo.web.cern.ch/amcatnlo/         *
*                                                          *
*               Type 'help' for in-line help.              *
*           Type 'tutorial' to learn how MG5 works         *
*    Type 'tutorial aMCatNLO' to learn how aMC@NLO works   *
*    Type 'tutorial MadLoop' to learn how MadLoop works    *
*                                                          *
************************************************************
load MG5 configuration from input/mg5_configuration.txt 
None does not seem to correspond to a valid fastjet-config executable (v3+). We will use fjcore instead.
 Please set the 'fastjet'variable to the full (absolute) /PATH/TO/fastjet-config (including fastjet-config).
 MG5_aMC> set fastjet /PATH/TO/fastjet-config

set lhapdf to /cvmfs/cms.cern.ch/slc6_amd64_gcc481/external/lhapdf/6.1.5-ddibom3/share/LHAPDF/../../bin/lhapdf-config
No valid eps viewer found. Please set in ./input/mg5_configuration.txt
No valid web browser found. Please set in ./input/mg5_configuration.txt
import /afs/cern.ch/work/s/syu/2HDM_gridpack/genproductions/bin/MadGraph5_aMCatNLO/2HDMPZ2II_MH3_500_MH4_350_MH2_500_MHC_500_proc_card.dat
The import format was not given, so we guess it as command
import model 2HDMPZ2II
INFO: Change particles name to pass to MG5 convention 
Defined multiparticle p = g u c d s u~ c~ d~ s~
Defined multiparticle j = g u c d s u~ c~ d~ s~
Defined multiparticle l+ = e+ mu+
Defined multiparticle l- = e- mu-
Defined multiparticle vl = ve vm vt
Defined multiparticle vl~ = ve~ vm~ vt~
Defined multiparticle all = g ghg ghg~ u c d s u~ c~ d~ s~ a gha gha~ ve vm vt e- mu- ve~ vm~ vt~ e+ mu+ t b t~ b~ z w+ ghz ghwp ghwm h+ h1 h2 h3 h4 w- ghz~ ghwp~ ghwm~ h- ta- xd ta+ xd~
generate p p > xd xd~ h1 / z [QCD]
[1;60m------------------------------------------------------------------------[0m
[1;60m No Born diagrams found. Now switching to the loop-induced mode.        [0m
[1;60m Please cite ref. 'arXiv:1507.00020' when using results from this mode. [0m
[1;60m------------------------------------------------------------------------[0m
[1;34mWARNING: Some loop diagrams contributing to this process are discarded because they are not pure (QCD)-perturbation.
Make sure you did not want to include them. [0m
[1;34mWARNING: Some loop diagrams contributing to this process are discarded because they are not pure (QCD)-perturbation.
Make sure you did not want to include them. [0m
[1;34mWARNING: Some loop diagrams contributing to this process are discarded because they are not pure (QCD)-perturbation.
Make sure you did not want to include them. [0m
[1;34mWARNING: Some loop diagrams contributing to this process are discarded because they are not pure (QCD)-perturbation.
Make sure you did not want to include them. [0m
1 processes with 80 diagrams generated in 15.642 s
Total: 1 processes with 80 diagrams
output 2HDMPZ2II_MH3_500_MH4_350_MH2_500_MHC_500 -nojpeg
INFO: initialize a new directory: 2HDMPZ2II_MH3_500_MH4_350_MH2_500_MHC_500 
INFO: remove old information in 2HDMPZ2II_MH3_500_MH4_350_MH2_500_MHC_500 
INFO: Organizing processes into subprocess groups 
INFO: Generating Helas calls for process: g g > xd xd~ h1 WEIGHTED<=12 [ noborn = QCD ] / z 
INFO: Processing color information for loop process: g g > xd xd~ h1 [ noborn = QCD ] / z 
INFO: Creating color matrix  loop process: g g > xd xd~ h1 WEIGHTED<=12 [ noborn = QCD ] / z 
INFO: Creating files in directory /afs/cern.ch/work/s/syu/2HDM_gridpack/genproductions/bin/MadGraph5_aMCatNLO/interactive/interactive_gridpack/work/MG5_aMC_v2_4_2/2HDMPZ2II_MH3_500_MH4_350_MH2_500_MHC_500/SubProcesses/PV0_0_1_gg_xdxdxh1_no_z 
ALOHA: aloha creates FFV1 set of routines with options: L1
INFO: Computing diagram color coefficients 
INFO: Drawing loop Feynman diagrams for Process: g g > xd xd~ h1 WEIGHTED<=12 [ noborn = QCD ] / z 
INFO: Creating files in directory P0_gg_xdxdxh1 
INFO: Generating Feynman diagrams for Process: g g > xd xd~ h1 WEIGHTED<=12 [ noborn = QCD ] / z 
INFO: Finding symmetric diagrams for subprocess group gg_xdxdxh1 
History written to /afs/cern.ch/work/s/syu/2HDM_gridpack/genproductions/bin/MadGraph5_aMCatNLO/interactive/interactive_gridpack/work/MG5_aMC_v2_4_2/2HDMPZ2II_MH3_500_MH4_350_MH2_500_MHC_500/Cards/proc_card_mg5.dat
Generated helas calls for 1 subprocesses (80 diagrams) in 0.906 s
Export UFO model to MG4 format
ALOHA: aloha creates FFS1 routines
ALOHA: aloha creates FFS3 set of routines with options: L2
ALOHA: aloha creates SSS1 routines
ALOHA: aloha creates FFS3_5 set of routines with options: L2
save configuration file to /afs/cern.ch/work/s/syu/2HDM_gridpack/genproductions/bin/MadGraph5_aMCatNLO/interactive/interactive_gridpack/work/MG5_aMC_v2_4_2/2HDMPZ2II_MH3_500_MH4_350_MH2_500_MHC_500/Cards/me5_configuration.txt
INFO: Use Fortran compiler gfortran 
INFO: Use c++ compiler g++ 
INFO: Generate web pages 
Output to directory /afs/cern.ch/work/s/syu/2HDM_gridpack/genproductions/bin/MadGraph5_aMCatNLO/interactive/interactive_gridpack/work/MG5_aMC_v2_4_2/2HDMPZ2II_MH3_500_MH4_350_MH2_500_MHC_500 done.
Type "launch" to generate events from this process, or see
/afs/cern.ch/work/s/syu/2HDM_gridpack/genproductions/bin/MadGraph5_aMCatNLO/interactive/interactive_gridpack/work/MG5_aMC_v2_4_2/2HDMPZ2II_MH3_500_MH4_350_MH2_500_MHC_500/README
Run "open index.html" to see more information about this process.
launch 2HDMPZ2II_MH3_500_MH4_350_MH2_500_MHC_500
************************************************************
*                                                          *
*                      W E L C O M E to                    *
*             M A D G R A P H 5 _ a M C @ N L O            *
*                      M A D E V E N T                     *
*                                                          *
*                 *                       *                *
*                   *        * *        *                  *
*                     * * * * 5 * * * *                    *
*                   *        * *        *                  *
*                 *                       *                *
*                                                          *
*         VERSION 2.4.2                 2016-06-10         *
*                                                          *
*    The MadGraph5_aMC@NLO Development Team - Find us at   *
*    https://server06.fynu.ucl.ac.be/projects/madgraph     *
*                                                          *
*               Type 'help' for in-line help.              *
*                                                          *
************************************************************
INFO: load configuration from /afs/cern.ch/work/s/syu/2HDM_gridpack/genproductions/bin/MadGraph5_aMCatNLO/interactive/interactive_gridpack/work/MG5_aMC_v2_4_2/2HDMPZ2II_MH3_500_MH4_350_MH2_500_MHC_500/Cards/me5_configuration.txt  
INFO: load configuration from /afs/cern.ch/work/s/syu/2HDM_gridpack/genproductions/bin/MadGraph5_aMCatNLO/interactive/interactive_gridpack/work/MG5_aMC_v2_4_2/input/mg5_configuration.txt  
INFO: load configuration from /afs/cern.ch/work/s/syu/2HDM_gridpack/genproductions/bin/MadGraph5_aMCatNLO/interactive/interactive_gridpack/work/MG5_aMC_v2_4_2/2HDMPZ2II_MH3_500_MH4_350_MH2_500_MHC_500/Cards/me5_configuration.txt  
No valid eps viewer found. Please set in ./input/mg5_configuration.txt
No valid web browser found. Please set in ./input/mg5_configuration.txt
generate_events run_01
The following switches determine which programs are run:
 1 Run the pythia shower/hadronization:                              pythia=NOT INSTALLED
 2 Run PGS as detector simulator:                                       pgs=NOT INSTALLED
 3 Run Delphes as detector simulator:                               delphes=NOT INSTALLED
 4 Decay particles with the MadSpin module:                         madspin=OFF
 5 Add weights to the events based on changing model parameters:   reweight=OFF
  Either type the switch number (1 to 5) to change its default setting,
  or set any switch explicitly (e.g. type 'madspin=ON' at the prompt)
  Type '0', 'auto', 'done' or just press enter when you are done.
 [[4m0[0m, 4, 5, auto, done, madspin=ON, madspin=OFF, madspin, reweight=ON, ... ]
[1;34mThe answer to the previous question is not set in your input file[0m
[1;34mUse 0 value[0m
set sinp 0.35
[1;60mINFO: modify param_card information BLOCK higgs with id (5,) set to 0.35 [0m
set tanbeta 1
[1;60mINFO: modify param_card information BLOCK frblock with id (2,) set to 1.0 [0m
set laP1 3.0
[1;60mINFO: modify param_card information BLOCK higgs with id (2,) set to 3.0 [0m
set laP2 3.0
[1;60mINFO: modify param_card information BLOCK higgs with id (3,) set to 3.0 [0m
set lam3 3.0
[1;60mINFO: modify param_card information BLOCK higgs with id (1,) set to 3.0 [0m
set sinbma 1.0
[1;60mINFO: modify param_card information BLOCK frblock with id (3,) set to 1.0 [0m
set gPXd 1.0
[1;60mINFO: modify param_card information BLOCK dminputs with id (1,) set to 1.0 [0m
set Mxd 1.0
[1;60mINFO: modify param_card information BLOCK mass with id (52,) set to 1.0 [0m
set mhc 500
[1;60mINFO: modify param_card information BLOCK mass with id (37,) set to 500.0 [0m
set mh2 500
[1;60mINFO: modify param_card information BLOCK mass with id (35,) set to 500.0 [0m
set mh3 500
[1;60mINFO: modify param_card information BLOCK mass with id (36,) set to 500.0 [0m
set mh4 350
[1;60mINFO: modify param_card information BLOCK mass with id (55,) set to 350.0 [0m
set Wh1 auto
[1;60mINFO: modify param_card information BLOCK decay with id (25,) set to Auto [0m
set Wh2 auto
[1;60mINFO: modify param_card information BLOCK decay with id (35,) set to Auto [0m
set Wh3 auto
[1;60mINFO: modify param_card information BLOCK decay with id (36,) set to Auto [0m
set Whc auto
[1;60mINFO: modify param_card information BLOCK decay with id (37,) set to Auto [0m
set Wh4 auto
[1;60mINFO: modify param_card information BLOCK decay with id (55,) set to Auto [0m
Do you want to edit a card (press enter to bypass editing)?
  1 / param      : param_card.dat
  2 / run        : run_card.dat
  3 / MadLoopParams : MadLoopParams.dat
 you can also
   - enter the path to a valid card or banner.
   - use the 'set' command to modify a parameter directly.
     The set option works only for param_card and run_card.
     Type 'help set' for more information on this command.
   - call an external program (ASperGE/MadWidth/...).
     Type 'help' for the list of available command
 [[4m0[0m, done, 1, param, 2, run, 3, MadLoopParams, enter path]
[1;60mThe answer to the previous question is not set in your input file[0m
[1;60mUse 0 value[0m
Generating 20000 events with run name run_01
survey  run_01 
INFO: compile directory 
INFO: Computing the width set on auto in the param_card.dat 
INFO: Change particles name to pass to MG5 convention 
************************************************************
*                                                          *
*                     W E L C O M E to                     *
*              M A D G R A P H 5 _ a M C @ N L O           *
*                                                          *
*                                                          *
*                 *                       *                *
*                   *        * *        *                  *
*                     * * * * 5 * * * *                    *
*                   *        * *        *                  *
*                 *                       *                *
*                                                          *
*         VERSION 2.4.2                 2016-06-10         *
*                                                          *
*    The MadGraph5_aMC@NLO Development Team - Find us at   *
*    https://server06.fynu.ucl.ac.be/projects/madgraph     *
*                            and                           *
*            http://amcatnlo.web.cern.ch/amcatnlo/         *
*                                                          *
*               Type 'help' for in-line help.              *
*           Type 'tutorial' to learn how MG5 works         *
*    Type 'tutorial aMCatNLO' to learn how aMC@NLO works   *
*    Type 'tutorial MadLoop' to learn how MadLoop works    *
*                                                          *
************************************************************
load MG5 configuration from input/mg5_configuration.txt 
None does not seem to correspond to a valid fastjet-config executable (v3+). We will use fjcore instead.
 Please set the 'fastjet'variable to the full (absolute) /PATH/TO/fastjet-config (including fastjet-config).
 MG5_aMC> set fastjet /PATH/TO/fastjet-config

set lhapdf to /cvmfs/cms.cern.ch/slc6_amd64_gcc481/external/lhapdf/6.1.5-ddibom3/share/LHAPDF/../../bin/lhapdf-config
No valid eps viewer found. Please set in ./input/mg5_configuration.txt
No valid web browser found. Please set in ./input/mg5_configuration.txt
set automatic_html_opening False --no_save
compute_widths 25 35 36 37 55 --precision_channel=0.01 --body_decay=4.0025 --path=/afs/cern.ch/work/s/syu/2HDM_gridpack/genproductions/bin/MadGraph5_aMCatNLO/interactive/interactive_gridpack/work/MG5_aMC_v2_4_2/2HDMPZ2II_MH3_500_MH4_350_MH2_500_MHC_500/Cards/param_card.dat --output=/afs/cern.ch/work/s/syu/2HDM_gridpack/genproductions/bin/MadGraph5_aMCatNLO/interactive/interactive_gridpack/work/MG5_aMC_v2_4_2/2HDMPZ2II_MH3_500_MH4_350_MH2_500_MHC_500/Cards/param_card.dat
[1;34mPlease note that the automatic computation of the width is
    only valid in narrow-width approximation and at tree-level.[0m
INFO: Get two body decay from FeynRules formula 
Results written to /afs/cern.ch/work/s/syu/2HDM_gridpack/genproductions/bin/MadGraph5_aMCatNLO/interactive/interactive_gridpack/work/MG5_aMC_v2_4_2/2HDMPZ2II_MH3_500_MH4_350_MH2_500_MHC_500/Cards/param_card.dat
INFO: get decay diagram for h1 
Vertexlist of this model has not been searched.Automatically run the model.find_vertexlist()
Found 6 stable particles
INFO: get decay diagram for h2 
INFO:     current estimated error: 0.00578308629122 go to 4-body decay: 
100 / 148: 3s
INFO: get decay diagram for h3 
INFO:     current estimated error: 0.00600154995372 go to 4-body decay: 
100 / 111: 3s
INFO: get decay diagram for h+ 
INFO: get decay diagram for h4 
Pass to numerical integration for computing the widths:
INFO: More info in temporary files:
    /afs/cern.ch/work/s/syu/2HDM_gridpack/genproductions/bin/MadGraph5_aMCatNLO/interactive/interactive_gridpack/work/MG5_aMC_v2_4_2/tmpbP_GTM/temp_decay/index.html 
Results written to /afs/cern.ch/work/s/syu/2HDM_gridpack/genproductions/bin/MadGraph5_aMCatNLO/interactive/interactive_gridpack/work/MG5_aMC_v2_4_2/2HDMPZ2II_MH3_500_MH4_350_MH2_500_MHC_500/Cards/param_card.dat
initMadLoop -r -f
Initializing MadLoop loop-induced matrix elements (this can take some time)...
MadLoop initialization finished.
compile Source Directory
Using random number seed offset = 21
INFO: Running Survey 
Creating Jobs
Working on SubProcesses
INFO:     P0_gg_xdxdxh1  
INFO:  Idle: 44,  Running: 16,  Completed: 0 [ current time: 20h36 ] 
INFO:  Idle: 40,  Running: 16,  Completed: 4 [  40.2s  ] 
INFO:  Idle: 33,  Running: 16,  Completed: 11 [  43.9s  ] 
INFO:  Idle: 32,  Running: 16,  Completed: 15 [  48.9s  ] 
INFO:  Idle: 32,  Running: 16,  Completed: 16 [  56.5s  ] 
INFO:  Idle: 30,  Running: 16,  Completed: 18 [  1m 14s  ] 
INFO:  Idle: 24,  Running: 16,  Completed: 25 [  1m 27s  ] 
INFO:  Idle: 22,  Running: 16,  Completed: 28 [  1m 36s  ] 
INFO:  Idle: 20,  Running: 16,  Completed: 30 [  1m 44s  ] 
INFO:  Idle: 19,  Running: 16,  Completed: 32 [  1m 47s  ] 
INFO:  Idle: 18,  Running: 16,  Completed: 33 [  1m 53s  ] 
INFO:  Idle: 15,  Running: 16,  Completed: 37 [  1m 57s  ] 
INFO:  Idle: 14,  Running: 16,  Completed: 39 [  2m 4s  ] 
INFO:  Idle: 12,  Running: 16,  Completed: 41 [  2m 28s  ] 
INFO:  Idle: 9,  Running: 16,  Completed: 44 [  2m 32s  ] 
INFO: P0_gg_xdxdxh1/G1.7 is at 0.000878 +- 7.29e-05 pb. Now submitting iteration #2. 
INFO: P0_gg_xdxdxh1/G1.5 is at 0.00396 +- 0.000348 pb. Now submitting iteration #2. 
INFO:  Idle: 13,  Running: 16,  Completed: 49 [  2m 36s  ] 
INFO: P0_gg_xdxdxh1/G1.4 is at 8.13e-05 +- 3.41e-06 pb. Now submitting iteration #2. 
INFO: P0_gg_xdxdxh1/G1.8 is at 8.45e-05 +- 6.25e-05 pb. Now submitting iteration #2. 
INFO: P0_gg_xdxdxh1/G2.5 is at 5.8e-06 +- 4.77e-07 pb. Now submitting iteration #2. 
INFO:  Idle: 16,  Running: 16,  Completed: 55 [  2m 42s  ] 
INFO: P0_gg_xdxdxh1/G2.7 is at 8.15e-07 +- 6.29e-08 pb. Now submitting iteration #2. 
INFO: P0_gg_xdxdxh1/G3.4 is at 0.0322 +- 0.0009 pb. Now submitting iteration #2. 
INFO: P0_gg_xdxdxh1/G3.5 is at 0.00248 +- 0.000309 pb. Now submitting iteration #2. 
INFO: P0_gg_xdxdxh1/G3.7 is at 8.47e-05 +- 8.32e-06 pb. Now submitting iteration #2. 
INFO: P0_gg_xdxdxh1/G2.8 is at 2.71e-07 +- 1.49e-07 pb. Now submitting iteration #2. 
INFO:  Idle: 33,  Running: 16,  Completed: 62 [  2m 47s  ] 
INFO:  Idle: 32,  Running: 16,  Completed: 63 [  3m 3s  ] 
INFO:  Idle: 31,  Running: 16,  Completed: 65 [  3m 7s  ] 
INFO:  Idle: 30,  Running: 16,  Completed: 67 [  3m 20s  ] 
INFO:  Idle: 28,  Running: 16,  Completed: 69 [  3m 24s  ] 
INFO:  Idle: 26,  Running: 16,  Completed: 72 [  3m 29s  ] 
INFO: P0_gg_xdxdxh1/G4.5 is at 0.0134 +- 0.00115 pb. Now submitting iteration #2. 
INFO:  Idle: 27,  Running: 16,  Completed: 77 [  3m 35s  ] 
INFO:  Idle: 26,  Running: 16,  Completed: 78 [  3m 41s  ] 
INFO:  Idle: 23,  Running: 16,  Completed: 82 [  3m 47s  ] 
INFO:  Idle: 22,  Running: 16,  Completed: 83 [  4m 0s  ] 
INFO:  Idle: 19,  Running: 16,  Completed: 88 [  4m 9s  ] 
INFO:  Idle: 4,  Running: 16,  Completed: 108 [  4m 53s  ] 
INFO: P0_gg_xdxdxh1/G1.7 is at 0.0008746 +- 9.72e-07 pb. Now submitting iteration #3. 
INFO: P0_gg_xdxdxh1/G1.5 is at 0.0035 +- 0.000102 pb. Now submitting iteration #3. 
INFO: P0_gg_xdxdxh1/G1.4 is at 7.97e-05 +- 8.78e-07 pb. Now submitting iteration #3. 
INFO: P0_gg_xdxdxh1/G2.5 is at 6.61e-06 +- 1.81e-07 pb. Now submitting iteration #3. 
INFO:  Idle: 7,  Running: 16,  Completed: 109 [  5m 14s  ] 
INFO: P0_gg_xdxdxh1/G1.8 is at 5.12e-05 +- 2.24e-05 pb. Now submitting iteration #3. 
INFO:  Idle: 15,  Running: 16,  Completed: 118 [  5m 43s  ] 
INFO: P0_gg_xdxdxh1/G2.7 is at 9.2e-07 +- 4.1e-08 pb. Now submitting iteration #3. 
INFO: P0_gg_xdxdxh1/G3.4 is at 0.0316 +- 0.00026 pb. Now submitting iteration #3. 
INFO: P0_gg_xdxdxh1/G3.8 is at 1.19e-05 +- 4.75e-06 pb. Now submitting iteration #2. 
INFO: P0_gg_xdxdxh1/G4.8 is at 0.000574 +- 0.000232 pb. Now submitting iteration #2. 
INFO: P0_gg_xdxdxh1/G4.7 is at 0.0045 +- 0.000484 pb. Now submitting iteration #2. 
INFO:  Idle: 14,  Running: 16,  Completed: 120 [  5m 49s  ] 
INFO: P0_gg_xdxdxh1/G4.4 is at 1.54e-07 +- 4.38e-08 pb. Now submitting iteration #2. 
INFO: P0_gg_xdxdxh1/G3.7 is at 7.1e-05 +- 3.97e-06 pb. Now submitting iteration #3. 
INFO: P0_gg_xdxdxh1/G3.5 is at 0.002361 +- 2.28e-05 pb. Now submitting iteration #3. 
INFO:  Idle: 36,  Running: 16,  Completed: 130 [  6m 55s  ] 
INFO:  Idle: 35,  Running: 16,  Completed: 131 [  6m 59s  ] 
INFO: P0_gg_xdxdxh1/G2.8 is at 4.44e-07 +- 3.93e-08 pb. Now submitting iteration #3. 
INFO: P0_gg_xdxdxh1/G4.5 is at 0.01383 +- 8.38e-05 pb. Now submitting iteration #3. 
INFO:  Idle: 32,  Running: 16,  Completed: 135 [  7m 4s  ] 
INFO:  Idle: 35,  Running: 16,  Completed: 141 [  7m 7s  ] 
INFO:  Idle: 32,  Running: 16,  Completed: 144 [  7m 11s  ] 
INFO:  Idle: 32,  Running: 16,  Completed: 145 [  7m 20s  ] 
INFO:  Idle: 29,  Running: 16,  Completed: 149 [  7m 45s  ] 
INFO:  Idle: 29,  Running: 16,  Completed: 150 [  7m 51s  ] 
INFO:  Idle: 28,  Running: 16,  Completed: 151 [  8m 7s  ] 
INFO:  Idle: 27,  Running: 16,  Completed: 152 [  8m 14s  ] 
INFO:  Idle: 26,  Running: 16,  Completed: 153 [  8m 21s  ] 
INFO:  Idle: 25,  Running: 16,  Completed: 155 [  8m 27s  ] 
INFO:  Idle: 19,  Running: 16,  Completed: 162 [  8m 31s  ] 
INFO:  Idle: 18,  Running: 16,  Completed: 164 [  8m 42s  ] 
INFO:  Idle: 17,  Running: 16,  Completed: 165 [  8m 45s  ] 
INFO:  Idle: 17,  Running: 16,  Completed: 166 [  8m 51s  ] 
INFO:  Idle: 16,  Running: 16,  Completed: 167 [  9m 4s  ] 
INFO: Survey finished for P0_gg_xdxdxh1/G1.7 at 0.00087322 +- 5.31e-07 pb 
INFO:  Idle: 15,  Running: 16,  Completed: 168 [  9m 8s  ] 
INFO: Survey finished for P0_gg_xdxdxh1/G1.5 at 0.003563 +- 3.32e-05 pb 
INFO:  Idle: 12,  Running: 16,  Completed: 172 [  9m 18s  ] 
INFO:  Idle: 11,  Running: 16,  Completed: 173 [  9m 47s  ] 
INFO:  Idle: 8,  Running: 16,  Completed: 177 [  9m 52s  ] 
INFO: Survey finished for P0_gg_xdxdxh1/G2.5 at 6.701e-06 +- 5.75e-08 pb 
INFO:  Idle: 7,  Running: 16,  Completed: 178 [  9m 59s  ] 
INFO: Survey finished for P0_gg_xdxdxh1/G1.4 at 7.928e-05 +- 3.35e-07 pb 
INFO:  Idle: 6,  Running: 16,  Completed: 179 [  10m 4s  ] 
INFO: P0_gg_xdxdxh1/G4.7 is at 0.004561 +- 1.76e-05 pb. Now submitting iteration #3. 
INFO:  Idle: 9,  Running: 16,  Completed: 180 [  10m 9s  ] 
INFO:  Idle: 7,  Running: 16,  Completed: 182 [  10m 12s  ] 
INFO:  Idle: 6,  Running: 16,  Completed: 184 [  10m 19s  ] 
INFO: P0_gg_xdxdxh1/G1.8 is at 2.28e-05 +- 6.88e-06 pb. Now submitting iteration #4. 
INFO: P0_gg_xdxdxh1/G2.7 is at 9.39e-07 +- 4.36e-08 pb. Now submitting iteration #4. 
INFO:  Idle: 9,  Running: 16,  Completed: 185 [  10m 26s  ] 
INFO: P0_gg_xdxdxh1/G4.8 is at 0.000933 +- 9.89e-05 pb. Now submitting iteration #3. 
INFO: P0_gg_xdxdxh1/G3.8 is at 2.3e-05 +- 5.14e-06 pb. Now submitting iteration #3. 
INFO: Survey finished for P0_gg_xdxdxh1/G3.4 at 0.03156 +- 8.6e-05 pb 
INFO:  Idle: 14,  Running: 16,  Completed: 193 [  10m 29s  ] 
INFO: Survey finished for P0_gg_xdxdxh1/G3.7 at 7.2e-05 +- 1.15e-06 pb 
INFO:  Idle: 12,  Running: 16,  Completed: 195 [  10m 35s  ] 
INFO: Survey finished for P0_gg_xdxdxh1/G3.5 at 0.00224 +- 3.34e-05 pb 
INFO:  Idle: 11,  Running: 16,  Completed: 196 [  10m 46s  ] 
INFO:  Idle: 9,  Running: 16,  Completed: 198 [  11m 2s  ] 
INFO:  Idle: 8,  Running: 16,  Completed: 199 [  11m 6s  ] 
INFO: Survey finished for P0_gg_xdxdxh1/G2.8 at 5.56e-07 +- 3.95e-08 pb 
INFO:  Idle: 6,  Running: 16,  Completed: 202 [  11m 28s  ] 
INFO:  Idle: 5,  Running: 16,  Completed: 203 [  11m 44s  ] 
INFO:  Idle: 4,  Running: 16,  Completed: 204 [  11m 49s  ] 
INFO:  Idle: 2,  Running: 16,  Completed: 207 [  12m 20s  ] 
INFO:  Idle: 2,  Running: 16,  Completed: 208 [  12m 30s  ] 
INFO:  Idle: 1,  Running: 16,  Completed: 209 [  12m 35s  ] 
INFO: Survey finished for P0_gg_xdxdxh1/G4.5 at 0.01393 +- 3.91e-05 pb 
INFO:  Idle: 0,  Running: 16,  Completed: 210 [  12m 51s  ] 
INFO: Survey finished for P0_gg_xdxdxh1/G4.7 at 0.004487 +- 2.21e-05 pb 
INFO:  Idle: 0,  Running: 12,  Completed: 214 [  12m 56s  ] 
INFO:  Idle: 0,  Running: 8,  Completed: 218 [  13m 0s  ] 
INFO: P0_gg_xdxdxh1/G4.4 is at 1.41e-07 +- 2.03e-08 pb. Now submitting iteration #3. 
INFO:  Idle: 0,  Running: 10,  Completed: 222 [  13m 9s  ] 
INFO:  Idle: 0,  Running: 8,  Completed: 224 [  13m 13s  ] 
INFO:  Idle: 1,  Running: 7,  Completed: 225 [  13m 23s  ] 
INFO:  Idle: 1,  Running: 7,  Completed: 226 [  13m 28s  ] 
INFO: P0_gg_xdxdxh1/G1.8 is at 2.44e-05 +- 3.54e-06 pb. Now submitting iteration #5. 
INFO: P0_gg_xdxdxh1/G4.8 is at 0.00129 +- 0.000119 pb. Now submitting iteration #4. 
INFO:  Idle: 0,  Running: 13,  Completed: 229 [  13m 55s  ] 
INFO: P0_gg_xdxdxh1/G2.7 is at 9.65e-07 +- 3.73e-08 pb. Now submitting iteration #5. 
INFO: P0_gg_xdxdxh1/G3.8 is at 2.18e-05 +- 1.82e-06 pb. Now submitting iteration #4. 
INFO:  Idle: 0,  Running: 15,  Completed: 231 [  14m 2s  ] 
INFO:  Idle: 1,  Running: 16,  Completed: 234 [  14m 8s  ] 
INFO:  Idle: 0,  Running: 15,  Completed: 236 [  16m 5s  ] 
INFO:  Idle: 0,  Running: 13,  Completed: 239 [  16m 24s  ] 
INFO:  Idle: 0,  Running: 12,  Completed: 240 [  16m 36s  ] 
INFO: Survey finished for P0_gg_xdxdxh1/G4.4 at 7.96e-08 +- 3.71e-08 pb 
INFO:  Idle: 0,  Running: 10,  Completed: 242 [  16m 41s  ] 
INFO: P0_gg_xdxdxh1/G4.8 is at 0.00129 +- 2.98e-05 pb. Now submitting iteration #5. 
INFO:  Idle: 0,  Running: 13,  Completed: 244 [  16m 49s  ] 
INFO: P0_gg_xdxdxh1/G3.8 is at 2.45e-05 +- 7.86e-07 pb. Now submitting iteration #5. 
INFO:  Idle: 2,  Running: 14,  Completed: 245 [  17m 11s  ] 
INFO:  Idle: 0,  Running: 15,  Completed: 246 [  18m 11s  ] 
INFO:  Idle: 0,  Running: 14,  Completed: 247 [  18m 25s  ] 
INFO:  Idle: 1,  Running: 11,  Completed: 250 [  18m 35s  ] 
INFO:  Idle: 0,  Running: 11,  Completed: 251 [  19m 5s  ] 
INFO: Survey finished for P0_gg_xdxdxh1/G1.8 at 2.52e-05 +- 1.02e-06 pb 
INFO:  Idle: 0,  Running: 9,  Completed: 254 [  19m 10s  ] 
INFO: Survey finished for P0_gg_xdxdxh1/G2.7 at 9.84e-07 +- 3.3e-08 pb 
INFO:  Idle: 0,  Running: 8,  Completed: 255 [  19m 49s  ] 
INFO:  Idle: 0,  Running: 7,  Completed: 256 [  20m 53s  ] 
INFO:  Idle: 0,  Running: 6,  Completed: 257 [  20m 59s  ] 
INFO:  Idle: 0,  Running: 5,  Completed: 258 [  21m 3s  ] 
INFO:  Idle: 1,  Running: 4,  Completed: 259 [  21m 8s  ] 
INFO:  Idle: 0,  Running: 4,  Completed: 260 [  21m 17s  ] 
INFO: Survey finished for P0_gg_xdxdxh1/G4.8 at 0.001267 +- 1.19e-05 pb 
INFO:  Idle: 0,  Running: 1,  Completed: 264 [  21m 46s  ] 
INFO: Survey finished for P0_gg_xdxdxh1/G3.8 at 2.48e-05 +- 5.74e-07 pb 
INFO:  Idle: 0,  Running: 0,  Completed: 265 [  21m 53s  ] 
INFO:  Idle: 0,  Running: 0,  Completed: 265 [  21m 53s  ] 
INFO: End survey 
refine 20000
INFO: compile directory 
compile Source Directory
Creating Jobs
INFO: Refine results to 20000 
INFO: Generating 20000.0 unweigthed events. 
INFO: Effective Luminosity 395603.778432 pb^-1 
INFO: need to improve 4 channels 
Current estimate of cross-section: 0.05813897959 +- 0.000108507178444
INFO:  Idle: 3,  Running: 16,  Completed: 0 [ current time: 20h59 ] 
INFO:  Idle: 2,  Running: 16,  Completed: 1 [  52.2s  ] 
INFO:  Idle: 0,  Running: 13,  Completed: 6 [  1m 5s  ] 
INFO:  Idle: 0,  Running: 12,  Completed: 7 [  1m 16s  ] 
INFO:  Idle: 1,  Running: 11,  Completed: 8 [  1m 26s  ] 
INFO:  Idle: 0,  Running: 8,  Completed: 12 [  1m 32s  ] 
INFO:  Idle: 1,  Running: 5,  Completed: 16 [  1m 41s  ] 
INFO: P0_gg_xdxdxh1/G4.7 is at 830/1820 (46%) event. Resubmit 2 job at iteration 1. 
INFO:  Idle: 0,  Running: 7,  Completed: 17 [  1m 50s  ] 
INFO: P0_gg_xdxdxh1/G4.5 is at 2088/5484 (38%) event. Resubmit 3 job at iteration 1. 
INFO:  Idle: 0,  Running: 9,  Completed: 18 [  2m 15s  ] 
INFO:  Idle: 0,  Running: 8,  Completed: 19 [  2m 22s  ] 
INFO: P0_gg_xdxdxh1/G3.4 is at 3001/12425 (24%) event. Resubmit 6 job at iteration 1. 
INFO:  Idle: 0,  Running: 7,  Completed: 20 [  2m 26s  ] 
INFO:  Idle: 0,  Running: 11,  Completed: 23 [  2m 40s  ] 
INFO: P0_gg_xdxdxh1/G4.7 is at 1209/1812 (67%) event. Resubmit 3 job at iteration 2. 
INFO:  Idle: 0,  Running: 13,  Completed: 25 [  3m 3s  ] 
INFO: found enough event for P0_gg_xdxdxh1/G4.4 
INFO:  Idle: 0,  Running: 11,  Completed: 27 [  3m 27s  ] 
INFO:  Idle: 0,  Running: 9,  Completed: 29 [  3m 32s  ] 
INFO:  Idle: 0,  Running: 7,  Completed: 31 [  3m 35s  ] 
INFO:  Idle: 0,  Running: 6,  Completed: 32 [  3m 38s  ] 
INFO:  Idle: 0,  Running: 5,  Completed: 34 [  3m 45s  ] 
INFO:  Idle: 0,  Running: 5,  Completed: 35 [  3m 54s  ] 
INFO: P0_gg_xdxdxh1/G4.5 is at 3609/5483 (66%) event. Resubmit 4 job at iteration 2. 
INFO:  Idle: 0,  Running: 7,  Completed: 37 [  3m 58s  ] 
INFO:  Idle: 0,  Running: 6,  Completed: 38 [  4m 4s  ] 
INFO:  Idle: 1,  Running: 5,  Completed: 39 [  4m 9s  ] 
INFO: found enough event for P0_gg_xdxdxh1/G4.7 
INFO:  Idle: 0,  Running: 5,  Completed: 40 [  4m 29s  ] 
INFO: P0_gg_xdxdxh1/G3.4 is at 6640/12467 (53%) event. Resubmit 10 job at iteration 2. 
INFO:  Idle: 0,  Running: 13,  Completed: 42 [  4m 35s  ] 
INFO:  Idle: 0,  Running: 12,  Completed: 43 [  4m 45s  ] 
INFO:  Idle: 0,  Running: 11,  Completed: 44 [  4m 52s  ] 
INFO:  Idle: 1,  Running: 10,  Completed: 45 [  5m 6s  ] 
INFO:  Idle: 0,  Running: 10,  Completed: 46 [  5m 27s  ] 
INFO:  Idle: 0,  Running: 8,  Completed: 48 [  5m 33s  ] 
INFO: found enough event for P0_gg_xdxdxh1/G4.5 
INFO:  Idle: 0,  Running: 7,  Completed: 49 [  5m 36s  ] 
INFO:  Idle: 0,  Running: 5,  Completed: 51 [  5m 54s  ] 
INFO:  Idle: 0,  Running: 1,  Completed: 55 [  5m 58s  ] 
INFO:  Idle: 0,  Running: 1,  Completed: 56 [  6m 4s  ] 
INFO: found enough event for P0_gg_xdxdxh1/G3.4 
INFO:  Idle: 0,  Running: 0,  Completed: 57 [  6m 59s  ] 
INFO:  Idle: 0,  Running: 0,  Completed: 57 [  7m 1s  ] 
INFO: Combining runs 
INFO: finish refine 
refine 20000
Creating Jobs
INFO: Refine results to 20000 
INFO: Generating 20000.0 unweigthed events. 
INFO: Effective Luminosity 396214.022319 pb^-1 
INFO: need to improve 0 channels 
Current estimate of cross-section: 0.05804943466 +- 8.65846164218e-05
INFO:  Idle: 0,  Running: 0,  Completed: 0 [ current time: 21h06 ] 
INFO:  Idle: 0,  Running: 0,  Completed: 0 [  0.33s  ] 
INFO: Combining runs 
INFO: finish refine 
combine_events
INFO: Combining Events 
 
 
 
  === Results Summary for run: run_01 tag: tag_1 ===

     Cumulative sequential time for this run: 3h50m16s
     Cross-section :   0.05805 +- 8.658e-05 pb
     Nb of events :  20000
 
store_events
INFO: Storing parton level results 
INFO: End Parton 
reweight -from_cards
decay_events -from_cards
INFO: storring files of previous run 
INFO: Done 
quit
INFO:  
 
INFO:  
 
more information in /afs/cern.ch/work/s/syu/2HDM_gridpack/genproductions/bin/MadGraph5_aMCatNLO/interactive/interactive_gridpack/work/MG5_aMC_v2_4_2/2HDMPZ2II_MH3_500_MH4_350_MH2_500_MHC_500/index.html
quit
 

 


Job finished at Thu Jul 20 21:10:32 CEST 2017 on node 
 under linux version Scientific Linux CERN SLC release 6.9 (Carbon)

CERN statistics: This process used approximately : 9:26:27 KSI2K hours (33987 KSI2K seconds)
                 This process corresponds to     : 36:49:12 HS06  hours (132552 HS06  seconds)
