@(#)CERN job starter $Date: 2010/06/23 14:22:16 $
Working directory is </pool/lsf/syu/60064204> on <b68af4ade0.cern.ch>

Starting job on  Thu Jul 20 19:37:18 CEST 2017
Running on  Linux b68af4ade0.cern.ch 2.6.32-642.11.1.el6.x86_64 #1 SMP Wed Nov 16 09:40:09 CET 2016 x86_64 x86_64 x86_64 GNU/Linux
System release  Scientific Linux CERN SLC release 6.9 (Carbon)
name: interactive
carddir: 
queue: local
# On branch master
# Changed but not updated:
#   (use "git add <file>..." to update what will be committed)
#   (use "git checkout -- <file>..." to discard changes in working directory)
#
#	modified:   cards/production/13TeV/monoHiggs/Zp2HDM/Zprime_A0h_A0chichi/Zprime_A0h_A0chichi_MZp2500_MA0800/Zprime_A0h_A0chichi_MZp2500_MA0800_customizecards.dat
#	modified:   cards/production/13TeV/monoHiggs/Zp2HDM/Zprime_A0h_A0chichi/Zprime_A0h_A0chichi_MZp600_MA0300/Zprime_A0h_A0chichi_MZp600_MA0300_customizecards.dat
#
# Untracked files:
#   (use "git add <file>..." to include in what will be committed)
#
#	2HDMPZ2II_MH3_1000_MH4_100_MH2_1000_MHC_1000_proc_card.dat
#	2HDMPZ2II_MH3_1000_MH4_150_MH2_1000_MHC_1000_proc_card.dat
#	2HDMPZ2II_MH3_1000_MH4_200_MH2_1000_MHC_1000_proc_card.dat
#	2HDMPZ2II_MH3_1000_MH4_250_MH2_1000_MHC_1000_proc_card.dat
#	2HDMPZ2II_MH3_1000_MH4_300_MH2_1000_MHC_1000_proc_card.dat
#	2HDMPZ2II_MH3_1000_MH4_350_MH2_1000_MHC_1000_proc_card.dat
#	2HDMPZ2II_MH3_1000_MH4_400_MH2_1000_MHC_1000_proc_card.dat
#	2HDMPZ2II_MH3_1000_MH4_450_MH2_1000_MHC_1000_proc_card.dat
#	2HDMPZ2II_MH3_1000_MH4_500_MH2_1000_MHC_1000_proc_card.dat
#	2HDMPZ2II_MH3_100_MH4_100_MH2_100_MHC_100_proc_card.dat
#	2HDMPZ2II_MH3_1100_MH4_100_MH2_1100_MHC_1100_proc_card.dat
#	2HDMPZ2II_MH3_1100_MH4_150_MH2_1100_MHC_1100_proc_card.dat
#	2HDMPZ2II_MH3_1100_MH4_200_MH2_1100_MHC_1100_proc_card.dat
#	2HDMPZ2II_MH3_1100_MH4_250_MH2_1100_MHC_1100_proc_card.dat
#	2HDMPZ2II_MH3_1100_MH4_300_MH2_1100_MHC_1100_proc_card.dat
#	2HDMPZ2II_MH3_1100_MH4_350_MH2_1100_MHC_1100_proc_card.dat
#	2HDMPZ2II_MH3_1100_MH4_400_MH2_1100_MHC_1100_proc_card.dat
#	2HDMPZ2II_MH3_1100_MH4_450_MH2_1100_MHC_1100_proc_card.dat
#	2HDMPZ2II_MH3_1100_MH4_500_MH2_1100_MHC_1100_proc_card.dat
#	2HDMPZ2II_MH3_1200_MH4_100_MH2_1200_MHC_1200_proc_card.dat
#	2HDMPZ2II_MH3_1200_MH4_150_MH2_1200_MHC_1200_proc_card.dat
#	2HDMPZ2II_MH3_1200_MH4_200_MH2_1200_MHC_1200_proc_card.dat
#	2HDMPZ2II_MH3_1200_MH4_250_MH2_1200_MHC_1200_proc_card.dat
#	2HDMPZ2II_MH3_1200_MH4_300_MH2_1200_MHC_1200_proc_card.dat
#	2HDMPZ2II_MH3_1200_MH4_350_MH2_1200_MHC_1200_proc_card.dat
#	2HDMPZ2II_MH3_1200_MH4_400_MH2_1200_MHC_1200_proc_card.dat
#	2HDMPZ2II_MH3_1200_MH4_450_MH2_1200_MHC_1200_proc_card.dat
#	2HDMPZ2II_MH3_1200_MH4_500_MH2_1200_MHC_1200_proc_card.dat
#	2HDMPZ2II_MH3_1300_MH4_100_MH2_1300_MHC_1300_proc_card.dat
#	2HDMPZ2II_MH3_1300_MH4_150_MH2_1300_MHC_1300_proc_card.dat
#	2HDMPZ2II_MH3_1300_MH4_200_MH2_1300_MHC_1300_proc_card.dat
#	2HDMPZ2II_MH3_1300_MH4_250_MH2_1300_MHC_1300_proc_card.dat
#	2HDMPZ2II_MH3_1300_MH4_300_MH2_1300_MHC_1300_proc_card.dat
#	2HDMPZ2II_MH3_1300_MH4_350_MH2_1300_MHC_1300_proc_card.dat
#	2HDMPZ2II_MH3_1300_MH4_400_MH2_1300_MHC_1300_proc_card.dat
#	2HDMPZ2II_MH3_1300_MH4_450_MH2_1300_MHC_1300_proc_card.dat
#	2HDMPZ2II_MH3_1300_MH4_500_MH2_1300_MHC_1300_proc_card.dat
#	2HDMPZ2II_MH3_1400_MH4_100_MH2_1400_MHC_1400_proc_card.dat
#	2HDMPZ2II_MH3_1400_MH4_150_MH2_1400_MHC_1400_proc_card.dat
#	2HDMPZ2II_MH3_1400_MH4_200_MH2_1400_MHC_1400_proc_card.dat
#	2HDMPZ2II_MH3_1400_MH4_250_MH2_1400_MHC_1400_proc_card.dat
#	2HDMPZ2II_MH3_1400_MH4_300_MH2_1400_MHC_1400_proc_card.dat
#	2HDMPZ2II_MH3_1400_MH4_350_MH2_1400_MHC_1400_proc_card.dat
#	2HDMPZ2II_MH3_1400_MH4_400_MH2_1400_MHC_1400_proc_card.dat
#	2HDMPZ2II_MH3_1400_MH4_450_MH2_1400_MHC_1400_proc_card.dat
#	2HDMPZ2II_MH3_1400_MH4_500_MH2_1400_MHC_1400_proc_card.dat
#	2HDMPZ2II_MH3_1500_MH4_100_MH2_1500_MHC_1500_proc_card.dat
#	2HDMPZ2II_MH3_1500_MH4_150_MH2_1500_MHC_1500_proc_card.dat
#	2HDMPZ2II_MH3_1500_MH4_200_MH2_1500_MHC_1500_proc_card.dat
#	2HDMPZ2II_MH3_1500_MH4_250_MH2_1500_MHC_1500_proc_card.dat
#	2HDMPZ2II_MH3_1500_MH4_300_MH2_1500_MHC_1500_proc_card.dat
#	2HDMPZ2II_MH3_1500_MH4_350_MH2_1500_MHC_1500_proc_card.dat
#	2HDMPZ2II_MH3_1500_MH4_400_MH2_1500_MHC_1500_proc_card.dat
#	2HDMPZ2II_MH3_1500_MH4_450_MH2_1500_MHC_1500_proc_card.dat
#	2HDMPZ2II_MH3_1500_MH4_500_MH2_1500_MHC_1500_proc_card.dat
#	2HDMPZ2II_MH3_1600_MH4_100_MH2_1600_MHC_1600_proc_card.dat
#	2HDMPZ2II_MH3_1600_MH4_150_MH2_1600_MHC_1600_proc_card.dat
#	2HDMPZ2II_MH3_1600_MH4_200_MH2_1600_MHC_1600_proc_card.dat
#	2HDMPZ2II_MH3_1600_MH4_250_MH2_1600_MHC_1600_proc_card.dat
#	2HDMPZ2II_MH3_1600_MH4_300_MH2_1600_MHC_1600_proc_card.dat
#	2HDMPZ2II_MH3_1600_MH4_350_MH2_1600_MHC_1600_proc_card.dat
#	2HDMPZ2II_MH3_1600_MH4_400_MH2_1600_MHC_1600_proc_card.dat
#	2HDMPZ2II_MH3_1600_MH4_450_MH2_1600_MHC_1600_proc_card.dat
#	2HDMPZ2II_MH3_1600_MH4_500_MH2_1600_MHC_1600_proc_card.dat
#	2HDMPZ2II_MH3_200_MH4_100_MH2_200_MHC_200_proc_card.dat
#	2HDMPZ2II_MH3_200_MH4_150_MH2_200_MHC_200_proc_card.dat
#	2HDMPZ2II_MH3_200_MH4_200_MH2_200_MHC_200_proc_card.dat
#	2HDMPZ2II_MH3_300_MH4_100_MH2_300_MHC_300_proc_card.dat
#	2HDMPZ2II_MH3_300_MH4_150_MH2_300_MHC_300_proc_card.dat
#	2HDMPZ2II_MH3_300_MH4_200_MH2_300_MHC_300_proc_card.dat
#	2HDMPZ2II_MH3_300_MH4_250_MH2_300_MHC_300_proc_card.dat
#	2HDMPZ2II_MH3_300_MH4_300_MH2_300_MHC_300_proc_card.dat
#	2HDMPZ2II_MH3_400_MH4_100_MH2_400_MHC_400_proc_card.dat
#	2HDMPZ2II_MH3_400_MH4_150_MH2_400_MHC_400_proc_card.dat
#	2HDMPZ2II_MH3_400_MH4_200_MH2_400_MHC_400_proc_card.dat
#	2HDMPZ2II_MH3_400_MH4_250_MH2_400_MHC_400_proc_card.dat
#	2HDMPZ2II_MH3_400_MH4_300_MH2_400_MHC_400_proc_card.dat
#	2HDMPZ2II_MH3_400_MH4_350_MH2_400_MHC_400_proc_card.dat
#	2HDMPZ2II_MH3_400_MH4_400_MH2_400_MHC_400_proc_card.dat
#	2HDMPZ2II_MH3_500_MH4_100_MH2_500_MHC_500_proc_card.dat
#	2HDMPZ2II_MH3_500_MH4_150_MH2_500_MHC_500_proc_card.dat
#	2HDMPZ2II_MH3_500_MH4_200_MH2_500_MHC_500_proc_card.dat
#	2HDMPZ2II_MH3_500_MH4_250_MH2_500_MHC_500_proc_card.dat
#	2HDMPZ2II_MH3_500_MH4_300_MH2_500_MHC_500_proc_card.dat
#	2HDMPZ2II_MH3_500_MH4_350_MH2_500_MHC_500_proc_card.dat
#	2HDMPZ2II_MH3_500_MH4_400_MH2_500_MHC_500_proc_card.dat
#	2HDMPZ2II_MH3_500_MH4_450_MH2_500_MHC_500_proc_card.dat
#	2HDMPZ2II_MH3_500_MH4_500_MH2_500_MHC_500_proc_card.dat
#	2HDMPZ2II_MH3_600_MH4_100_MH2_600_MHC_600_proc_card.dat
#	2HDMPZ2II_MH3_600_MH4_150_MH2_600_MHC_600_proc_card.dat
#	2HDMPZ2II_MH3_600_MH4_200_MH2_600_MHC_600_proc_card.dat
#	2HDMPZ2II_MH3_600_MH4_250_MH2_600_MHC_600_proc_card.dat
#	2HDMPZ2II_MH3_600_MH4_300_MH2_600_MHC_600_proc_card.dat
#	2HDMPZ2II_MH3_600_MH4_350_MH2_600_MHC_600_proc_card.dat
#	2HDMPZ2II_MH3_600_MH4_400_MH2_600_MHC_600_proc_card.dat
#	2HDMPZ2II_MH3_600_MH4_450_MH2_600_MHC_600_proc_card.dat
#	2HDMPZ2II_MH3_600_MH4_500_MH2_600_MHC_600_proc_card.dat
#	2HDMPZ2II_MH3_700_MH4_100_MH2_700_MHC_700_proc_card.dat
#	2HDMPZ2II_MH3_700_MH4_150_MH2_700_MHC_700_proc_card.dat
#	2HDMPZ2II_MH3_700_MH4_200_MH2_700_MHC_700_proc_card.dat
#	2HDMPZ2II_MH3_700_MH4_250_MH2_700_MHC_700_proc_card.dat
#	2HDMPZ2II_MH3_700_MH4_300_MH2_700_MHC_700_proc_card.dat
#	2HDMPZ2II_MH3_700_MH4_350_MH2_700_MHC_700_proc_card.dat
#	2HDMPZ2II_MH3_700_MH4_400_MH2_700_MHC_700_proc_card.dat
#	2HDMPZ2II_MH3_700_MH4_450_MH2_700_MHC_700_proc_card.dat
#	2HDMPZ2II_MH3_700_MH4_500_MH2_700_MHC_700_proc_card.dat
#	2HDMPZ2II_MH3_800_MH4_100_MH2_800_MHC_800_proc_card.dat
#	2HDMPZ2II_MH3_800_MH4_150_MH2_800_MHC_800_proc_card.dat
#	2HDMPZ2II_MH3_800_MH4_200_MH2_800_MHC_800_proc_card.dat
#	2HDMPZ2II_MH3_800_MH4_250_MH2_800_MHC_800_proc_card.dat
#	2HDMPZ2II_MH3_800_MH4_300_MH2_800_MHC_800_proc_card.dat
#	2HDMPZ2II_MH3_800_MH4_350_MH2_800_MHC_800_proc_card.dat
#	2HDMPZ2II_MH3_800_MH4_400_MH2_800_MHC_800_proc_card.dat
#	2HDMPZ2II_MH3_800_MH4_450_MH2_800_MHC_800_proc_card.dat
#	2HDMPZ2II_MH3_800_MH4_500_MH2_800_MHC_800_proc_card.dat
#	2HDMPZ2II_MH3_900_MH4_100_MH2_900_MHC_900_proc_card.dat
#	2HDMPZ2II_MH3_900_MH4_150_MH2_900_MHC_900_proc_card.dat
#	2HDMPZ2II_MH3_900_MH4_200_MH2_900_MHC_900_proc_card.dat
#	2HDMPZ2II_MH3_900_MH4_250_MH2_900_MHC_900_proc_card.dat
#	2HDMPZ2II_MH3_900_MH4_300_MH2_900_MHC_900_proc_card.dat
#	2HDMPZ2II_MH3_900_MH4_350_MH2_900_MHC_900_proc_card.dat
#	2HDMPZ2II_MH3_900_MH4_400_MH2_900_MHC_900_proc_card.dat
#	2HDMPZ2II_MH3_900_MH4_450_MH2_900_MHC_900_proc_card.dat
#	2HDMPZ2II_MH3_900_MH4_500_MH2_900_MHC_900_proc_card.dat
#	2HDMPZ2II_proc_card.dat
#	2HDM_MZp1000_MA0300_MDM100_proc_card.dat
#	2HDM_MZp4000_MA0300_MDM100_proc_card.dat
#	2HDM_proc_card.dat
#	ATLAS_mass
#	LSFJOB_60064156/
#	LSFJOB_60064170/
#	LSFJOB_60064173/
#	LSFJOB_60064177/
#	LSFJOB_60064178/
#	LSFJOB_60064192/
#	LSFJOB_60064267/
#	LSFJOB_60064361/
#	LSFJOB_60064396/
#	LSFJOB_60064398/
#	LSFJOB_60064405/
#	Log057
#	Zprime_A0h_A0chichi_MZp600_MA0300.log
#	Zprime_A0h_A0chichi_MZp600_MA0300/
#	Zprime_A0h_A0chichi_MZp600_MA0300_tarball.tar.xz
#	a0width
#	cards/production/13TeV/monoHiggs/Zp2HDM/Zprime_A0h_A0chichi/Zprime_A0h_A0chichi_MZp1000_MA0300/Zprime_A0h_A0chichi_MZp1000_MA0300_extramodels.dat
#	cards/production/13TeV/monoHiggs/Zp2HDM/Zprime_A0h_A0chichi/Zprime_A0h_A0chichi_MZp1000_MA0500/Zprime_A0h_A0chichi_MZp1000_MA0500_extramodels.dat
#	cards/production/13TeV/monoHiggs/Zp2HDM/Zprime_A0h_A0chichi/Zprime_A0h_A0chichi_MZp1000_MA0800/Zprime_A0h_A0chichi_MZp1000_MA0800_extramodels.dat
#	cards/production/13TeV/monoHiggs/Zp2HDM/Zprime_A0h_A0chichi/Zprime_A0h_A0chichi_MZp1200_MA0500/Zprime_A0h_A0chichi_MZp1200_MA0500_extramodels.dat
#	cards/production/13TeV/monoHiggs/Zp2HDM/Zprime_A0h_A0chichi/Zprime_A0h_A0chichi_MZp1200_MA0800/Zprime_A0h_A0chichi_MZp1200_MA0800_extramodels.dat
#	cards/production/13TeV/monoHiggs/Zp2HDM/Zprime_A0h_A0chichi/Zprime_A0h_A0chichi_MZp1400_MA0500/Zprime_A0h_A0chichi_MZp1400_MA0500_extramodels.dat
#	cards/production/13TeV/monoHiggs/Zp2HDM/Zprime_A0h_A0chichi/Zprime_A0h_A0chichi_MZp1400_MA0800/Zprime_A0h_A0chichi_MZp1400_MA0800_extramodels.dat
#	cards/production/13TeV/monoHiggs/Zp2HDM/Zprime_A0h_A0chichi/Zprime_A0h_A0chichi_MZp1700_MA0500/Zprime_A0h_A0chichi_MZp1700_MA0500_extramodels.dat
#	cards/production/13TeV/monoHiggs/Zp2HDM/Zprime_A0h_A0chichi/Zprime_A0h_A0chichi_MZp1700_MA0800/Zprime_A0h_A0chichi_MZp1700_MA0800_extramodels.dat
#	cards/production/13TeV/monoHiggs/Zp2HDM/Zprime_A0h_A0chichi/Zprime_A0h_A0chichi_MZp2000_MA0500/Zprime_A0h_A0chichi_MZp2000_MA0500_extramodels.dat
#	cards/production/13TeV/monoHiggs/Zp2HDM/Zprime_A0h_A0chichi/Zprime_A0h_A0chichi_MZp2000_MA0800/Zprime_A0h_A0chichi_MZp2000_MA0800_extramodels.dat
#	cards/production/13TeV/monoHiggs/Zp2HDM/Zprime_A0h_A0chichi/Zprime_A0h_A0chichi_MZp2500_MA0300/Zprime_A0h_A0chichi_MZp2500_MA0300_extramodels.dat
#	cards/production/13TeV/monoHiggs/Zp2HDM/Zprime_A0h_A0chichi/Zprime_A0h_A0chichi_MZp2500_MA0500/Zprime_A0h_A0chichi_MZp2500_MA0500_extramodels.dat
#	cards/production/13TeV/monoHiggs/Zp2HDM/Zprime_A0h_A0chichi/Zprime_A0h_A0chichi_MZp2500_MA0800/Zprime_A0h_A0chichi_MZp2500_MA0800_extramodels.dat
#	cards/production/13TeV/monoHiggs/Zp2HDM/Zprime_A0h_A0chichi/Zprime_A0h_A0chichi_MZp2750_MA0300/
#	cards/production/13TeV/monoHiggs/Zp2HDM/Zprime_A0h_A0chichi/Zprime_A0h_A0chichi_MZp2750_MA0500/
#	cards/production/13TeV/monoHiggs/Zp2HDM/Zprime_A0h_A0chichi/Zprime_A0h_A0chichi_MZp2750_MA0800/
#	cards/production/13TeV/monoHiggs/Zp2HDM/Zprime_A0h_A0chichi/Zprime_A0h_A0chichi_MZp3000_MA0300/
#	cards/production/13TeV/monoHiggs/Zp2HDM/Zprime_A0h_A0chichi/Zprime_A0h_A0chichi_MZp3000_MA0500/
#	cards/production/13TeV/monoHiggs/Zp2HDM/Zprime_A0h_A0chichi/Zprime_A0h_A0chichi_MZp3000_MA0800/
#	cards/production/13TeV/monoHiggs/Zp2HDM/Zprime_A0h_A0chichi/Zprime_A0h_A0chichi_MZp3500_MA0300/
#	cards/production/13TeV/monoHiggs/Zp2HDM/Zprime_A0h_A0chichi/Zprime_A0h_A0chichi_MZp3500_MA0500/
#	cards/production/13TeV/monoHiggs/Zp2HDM/Zprime_A0h_A0chichi/Zprime_A0h_A0chichi_MZp3500_MA0800/
#	cards/production/13TeV/monoHiggs/Zp2HDM/Zprime_A0h_A0chichi/Zprime_A0h_A0chichi_MZp4000_MA0300/
#	cards/production/13TeV/monoHiggs/Zp2HDM/Zprime_A0h_A0chichi/Zprime_A0h_A0chichi_MZp4000_MA0500/
#	cards/production/13TeV/monoHiggs/Zp2HDM/Zprime_A0h_A0chichi/Zprime_A0h_A0chichi_MZp4000_MA0800/
#	cards/production/13TeV/monoHiggs/Zp2HDM/Zprime_A0h_A0chichi/Zprime_A0h_A0chichi_MZp600_MA0300/Zprime_A0h_A0chichi_MZp600_MA0300_extramodels.dat
#	cards/production/13TeV/monoHiggs/Zp2HDM/Zprime_A0h_A0chichi/Zprime_A0h_A0chichi_MZp800_MA0500/Zprime_A0h_A0chichi_MZp800_MA0500_extramodels.dat
#	cards/production/13TeV/monoHiggs/Zp2HDM/Zprime_A0h_A0chichi/mass
#	cards/production/13TeV/monoHiggs/Zp2HDM/Zprime_A0h_A0chichi/old_Zprime_A0h_A0chichi_MZp3000_MA0300/
#	cards/testATLAS/
#	cards/testATLAS_customizecards.dat
#	interactive/
#	launch_2HDM.sh
#	launch_2HDMPZ2II.sh
#	log069.log
#	mass
#	runLaunch.sh
#	temp/
#	testATLAS.log
#	testATLAS/
#	width
#	xs_launch_2HDMPZ2II.sh
#	zpwidth
no changes added to commit (use "git add" and/or "git commit -a")
Current git revision is:
0a3bda3e567d269a20762d24dd6e701e5ee0ece0
diff --git a/bin/MadGraph5_aMCatNLO/cards/production/13TeV/monoHiggs/Zp2HDM/Zprime_A0h_A0chichi/Zprime_A0h_A0chichi_MZp2500_MA0800/Zprime_A0h_A0chichi_MZp2500_MA0800_customizecards.dat b/bin/MadGraph5_aMCatNLO/cards/production/13TeV/monoHiggs/Zp2HDM/Zprime_A0h_A0chichi/Zprime_A0h_A0chichi_MZp2500_MA0800/Zprime_A0h_A0chichi_MZp2500_MA0800_customizecards.dat
index 4580452..4ce9c64 100644
--- a/bin/MadGraph5_aMCatNLO/cards/production/13TeV/monoHiggs/Zp2HDM/Zprime_A0h_A0chichi/Zprime_A0h_A0chichi_MZp2500_MA0800/Zprime_A0h_A0chichi_MZp2500_MA0800_customizecards.dat
+++ b/bin/MadGraph5_aMCatNLO/cards/production/13TeV/monoHiggs/Zp2HDM/Zprime_A0h_A0chichi/Zprime_A0h_A0chichi_MZp2500_MA0800/Zprime_A0h_A0chichi_MZp2500_MA0800_customizecards.dat
@@ -4,5 +4,5 @@ set param_card mass 27 800
 set param_card mass 28 800
 set param_card ZpINPUTS 1 1
 set param_card ZpINPUTS 2 0.8
-set param_card DECAY 32 51.33163
-set param_card DECAY 28 75.5153
+set param_card DECAY 32 5.141429e+01
+set param_card DECAY 28 7.330065e+01
diff --git a/bin/MadGraph5_aMCatNLO/cards/production/13TeV/monoHiggs/Zp2HDM/Zprime_A0h_A0chichi/Zprime_A0h_A0chichi_MZp600_MA0300/Zprime_A0h_A0chichi_MZp600_MA0300_customizecards.dat b/bin/MadGraph5_aMCatNLO/cards/production/13TeV/monoHiggs/Zp2HDM/Zprime_A0h_A0chichi/Zprime_A0h_A0chichi_MZp600_MA0300/Zprime_A0h_A0chichi_MZp600_MA0300_customizecards.dat
index cb192f2..9b18abd 100644
--- a/bin/MadGraph5_aMCatNLO/cards/production/13TeV/monoHiggs/Zp2HDM/Zprime_A0h_A0chichi/Zprime_A0h_A0chichi_MZp600_MA0300/Zprime_A0h_A0chichi_MZp600_MA0300_customizecards.dat
+++ b/bin/MadGraph5_aMCatNLO/cards/production/13TeV/monoHiggs/Zp2HDM/Zprime_A0h_A0chichi/Zprime_A0h_A0chichi_MZp600_MA0300/Zprime_A0h_A0chichi_MZp600_MA0300_customizecards.dat
@@ -4,5 +4,5 @@ set param_card mass 27 300
 set param_card mass 28 300
 set param_card ZpINPUTS 1 1
 set param_card ZpINPUTS 2 0.8
-set param_card DECAY 32 11.22981
-set param_card DECAY 28 8.95228
+set param_card DECAY 32 AUTO
+set param_card DECAY 28 AUTO
/afs/cern.ch/work/s/syu/2HDM_gridpack/genproductions/bin/MadGraph5_aMCatNLO
Reusing existing directory assuming generated code already exists
WARNING: If you changed the process card you need to clean the folder and run from scratch
************************************************************
*                                                          *
*                     W E L C O M E to                     *
*              M A D G R A P H 5 _ a M C @ N L O           *
*                                                          *
*                                                          *
*                 *                       *                *
*                   *        * *        *                  *
*                     * * * * 5 * * * *                    *
*                   *        * *        *                  *
*                 *                       *                *
*                                                          *
*         VERSION 2.4.2                 2016-06-10         *
*                                                          *
*    The MadGraph5_aMC@NLO Development Team - Find us at   *
*    https://server06.fynu.ucl.ac.be/projects/madgraph     *
*                            and                           *
*            http://amcatnlo.web.cern.ch/amcatnlo/         *
*                                                          *
*               Type 'help' for in-line help.              *
*           Type 'tutorial' to learn how MG5 works         *
*    Type 'tutorial aMCatNLO' to learn how aMC@NLO works   *
*    Type 'tutorial MadLoop' to learn how MadLoop works    *
*                                                          *
************************************************************
load MG5 configuration from input/mg5_configuration.txt 
None does not seem to correspond to a valid fastjet-config executable (v3+). We will use fjcore instead.
 Please set the 'fastjet'variable to the full (absolute) /PATH/TO/fastjet-config (including fastjet-config).
 MG5_aMC> set fastjet /PATH/TO/fastjet-config

set lhapdf to /cvmfs/cms.cern.ch/slc6_amd64_gcc481/external/lhapdf/6.1.5-ddibom3/share/LHAPDF/../../bin/lhapdf-config
No valid eps viewer found. Please set in ./input/mg5_configuration.txt
No valid web browser found. Please set in ./input/mg5_configuration.txt
import /afs/cern.ch/work/s/syu/2HDM_gridpack/genproductions/bin/MadGraph5_aMCatNLO/2HDMPZ2II_MH3_300_MH4_250_MH2_300_MHC_300_proc_card.dat
The import format was not given, so we guess it as command
import model 2HDMPZ2II
INFO: Change particles name to pass to MG5 convention 
Defined multiparticle p = g u c d s u~ c~ d~ s~
Defined multiparticle j = g u c d s u~ c~ d~ s~
Defined multiparticle l+ = e+ mu+
Defined multiparticle l- = e- mu-
Defined multiparticle vl = ve vm vt
Defined multiparticle vl~ = ve~ vm~ vt~
Defined multiparticle all = g ghg ghg~ u c d s u~ c~ d~ s~ a gha gha~ ve vm vt e- mu- ve~ vm~ vt~ e+ mu+ t b t~ b~ z w+ ghz ghwp ghwm h+ h1 h2 h3 h4 w- ghz~ ghwp~ ghwm~ h- ta- xd ta+ xd~
generate p p > xd xd~ h1 / z [QCD]
[1;60m------------------------------------------------------------------------[0m
[1;60m No Born diagrams found. Now switching to the loop-induced mode.        [0m
[1;60m Please cite ref. 'arXiv:1507.00020' when using results from this mode. [0m
[1;60m------------------------------------------------------------------------[0m
[1;34mWARNING: Some loop diagrams contributing to this process are discarded because they are not pure (QCD)-perturbation.
Make sure you did not want to include them. [0m
[1;34mWARNING: Some loop diagrams contributing to this process are discarded because they are not pure (QCD)-perturbation.
Make sure you did not want to include them. [0m
[1;34mWARNING: Some loop diagrams contributing to this process are discarded because they are not pure (QCD)-perturbation.
Make sure you did not want to include them. [0m
[1;34mWARNING: Some loop diagrams contributing to this process are discarded because they are not pure (QCD)-perturbation.
Make sure you did not want to include them. [0m
1 processes with 80 diagrams generated in 15.735 s
Total: 1 processes with 80 diagrams
output 2HDMPZ2II_MH3_300_MH4_250_MH2_300_MHC_300 -nojpeg
INFO: initialize a new directory: 2HDMPZ2II_MH3_300_MH4_250_MH2_300_MHC_300 
INFO: remove old information in 2HDMPZ2II_MH3_300_MH4_250_MH2_300_MHC_300 
INFO: Organizing processes into subprocess groups 
INFO: Generating Helas calls for process: g g > xd xd~ h1 WEIGHTED<=12 [ noborn = QCD ] / z 
INFO: Processing color information for loop process: g g > xd xd~ h1 [ noborn = QCD ] / z 
INFO: Creating color matrix  loop process: g g > xd xd~ h1 WEIGHTED<=12 [ noborn = QCD ] / z 
INFO: Creating files in directory /afs/cern.ch/work/s/syu/2HDM_gridpack/genproductions/bin/MadGraph5_aMCatNLO/interactive/interactive_gridpack/work/MG5_aMC_v2_4_2/2HDMPZ2II_MH3_300_MH4_250_MH2_300_MHC_300/SubProcesses/PV0_0_1_gg_xdxdxh1_no_z 
ALOHA: aloha creates FFV1 set of routines with options: L1
INFO: Computing diagram color coefficients 
INFO: Drawing loop Feynman diagrams for Process: g g > xd xd~ h1 WEIGHTED<=12 [ noborn = QCD ] / z 
INFO: Creating files in directory P0_gg_xdxdxh1 
INFO: Generating Feynman diagrams for Process: g g > xd xd~ h1 WEIGHTED<=12 [ noborn = QCD ] / z 
INFO: Finding symmetric diagrams for subprocess group gg_xdxdxh1 
History written to /afs/cern.ch/work/s/syu/2HDM_gridpack/genproductions/bin/MadGraph5_aMCatNLO/interactive/interactive_gridpack/work/MG5_aMC_v2_4_2/2HDMPZ2II_MH3_300_MH4_250_MH2_300_MHC_300/Cards/proc_card_mg5.dat
Generated helas calls for 1 subprocesses (80 diagrams) in 0.892 s
Export UFO model to MG4 format
ALOHA: aloha creates FFS1 routines
ALOHA: aloha creates FFS3 set of routines with options: L2
ALOHA: aloha creates SSS1 routines
save configuration file to /afs/cern.ch/work/s/syu/2HDM_gridpack/genproductions/bin/MadGraph5_aMCatNLO/interactive/interactive_gridpack/work/MG5_aMC_v2_4_2/2HDMPZ2II_MH3_300_MH4_250_MH2_300_MHC_300/Cards/me5_configuration.txt
INFO: Use Fortran compiler gfortran 
INFO: Use c++ compiler g++ 
INFO: Generate web pages 
Output to directory /afs/cern.ch/work/s/syu/2HDM_gridpack/genproductions/bin/MadGraph5_aMCatNLO/interactive/interactive_gridpack/work/MG5_aMC_v2_4_2/2HDMPZ2II_MH3_300_MH4_250_MH2_300_MHC_300 done.
Type "launch" to generate events from this process, or see
/afs/cern.ch/work/s/syu/2HDM_gridpack/genproductions/bin/MadGraph5_aMCatNLO/interactive/interactive_gridpack/work/MG5_aMC_v2_4_2/2HDMPZ2II_MH3_300_MH4_250_MH2_300_MHC_300/README
Run "open index.html" to see more information about this process.
launch 2HDMPZ2II_MH3_300_MH4_250_MH2_300_MHC_300
************************************************************
*                                                          *
*                      W E L C O M E to                    *
*             M A D G R A P H 5 _ a M C @ N L O            *
*                      M A D E V E N T                     *
*                                                          *
*                 *                       *                *
*                   *        * *        *                  *
*                     * * * * 5 * * * *                    *
*                   *        * *        *                  *
*                 *                       *                *
*                                                          *
*         VERSION 2.4.2                 2016-06-10         *
*                                                          *
*    The MadGraph5_aMC@NLO Development Team - Find us at   *
*    https://server06.fynu.ucl.ac.be/projects/madgraph     *
*                                                          *
*               Type 'help' for in-line help.              *
*                                                          *
************************************************************
INFO: load configuration from /afs/cern.ch/work/s/syu/2HDM_gridpack/genproductions/bin/MadGraph5_aMCatNLO/interactive/interactive_gridpack/work/MG5_aMC_v2_4_2/2HDMPZ2II_MH3_300_MH4_250_MH2_300_MHC_300/Cards/me5_configuration.txt  
INFO: load configuration from /afs/cern.ch/work/s/syu/2HDM_gridpack/genproductions/bin/MadGraph5_aMCatNLO/interactive/interactive_gridpack/work/MG5_aMC_v2_4_2/input/mg5_configuration.txt  
INFO: load configuration from /afs/cern.ch/work/s/syu/2HDM_gridpack/genproductions/bin/MadGraph5_aMCatNLO/interactive/interactive_gridpack/work/MG5_aMC_v2_4_2/2HDMPZ2II_MH3_300_MH4_250_MH2_300_MHC_300/Cards/me5_configuration.txt  
No valid eps viewer found. Please set in ./input/mg5_configuration.txt
No valid web browser found. Please set in ./input/mg5_configuration.txt
generate_events run_01
The following switches determine which programs are run:
 1 Run the pythia shower/hadronization:                              pythia=NOT INSTALLED
 2 Run PGS as detector simulator:                                       pgs=NOT INSTALLED
 3 Run Delphes as detector simulator:                               delphes=NOT INSTALLED
 4 Decay particles with the MadSpin module:                         madspin=OFF
 5 Add weights to the events based on changing model parameters:   reweight=OFF
  Either type the switch number (1 to 5) to change its default setting,
  or set any switch explicitly (e.g. type 'madspin=ON' at the prompt)
  Type '0', 'auto', 'done' or just press enter when you are done.
 [[4m0[0m, 4, 5, auto, done, madspin=ON, madspin=OFF, madspin, reweight=ON, ... ]
[1;34mThe answer to the previous question is not set in your input file[0m
[1;34mUse 0 value[0m
set sinp 0.35
[1;60mINFO: modify param_card information BLOCK higgs with id (5,) set to 0.35 [0m
set tanbeta 1
[1;60mINFO: modify param_card information BLOCK frblock with id (2,) set to 1.0 [0m
set laP1 3.0
[1;60mINFO: modify param_card information BLOCK higgs with id (2,) set to 3.0 [0m
set laP2 3.0
[1;60mINFO: modify param_card information BLOCK higgs with id (3,) set to 3.0 [0m
set lam3 3.0
[1;60mINFO: modify param_card information BLOCK higgs with id (1,) set to 3.0 [0m
set sinbma 1.0
[1;60mINFO: modify param_card information BLOCK frblock with id (3,) set to 1.0 [0m
set gPXd 1.0
[1;60mINFO: modify param_card information BLOCK dminputs with id (1,) set to 1.0 [0m
set Mxd 1.0
[1;60mINFO: modify param_card information BLOCK mass with id (52,) set to 1.0 [0m
set mhc 300
[1;60mINFO: modify param_card information BLOCK mass with id (37,) set to 300.0 [0m
set mh2 300
[1;60mINFO: modify param_card information BLOCK mass with id (35,) set to 300.0 [0m
set mh3 300
[1;60mINFO: modify param_card information BLOCK mass with id (36,) set to 300.0 [0m
set mh4 250
[1;60mINFO: modify param_card information BLOCK mass with id (55,) set to 250.0 [0m
set Wh1 auto
[1;60mINFO: modify param_card information BLOCK decay with id (25,) set to Auto [0m
set Wh2 auto
[1;60mINFO: modify param_card information BLOCK decay with id (35,) set to Auto [0m
set Wh3 auto
[1;60mINFO: modify param_card information BLOCK decay with id (36,) set to Auto [0m
set Whc auto
[1;60mINFO: modify param_card information BLOCK decay with id (37,) set to Auto [0m
set Wh4 auto
[1;60mINFO: modify param_card information BLOCK decay with id (55,) set to Auto [0m
Do you want to edit a card (press enter to bypass editing)?
  1 / param      : param_card.dat
  2 / run        : run_card.dat
  3 / MadLoopParams : MadLoopParams.dat
 you can also
   - enter the path to a valid card or banner.
   - use the 'set' command to modify a parameter directly.
     The set option works only for param_card and run_card.
     Type 'help set' for more information on this command.
   - call an external program (ASperGE/MadWidth/...).
     Type 'help' for the list of available command
 [[4m0[0m, done, 1, param, 2, run, 3, MadLoopParams, enter path]
[1;60mThe answer to the previous question is not set in your input file[0m
[1;60mUse 0 value[0m
Generating 20000 events with run name run_01
survey  run_01 
INFO: compile directory 
INFO: Computing the width set on auto in the param_card.dat 
INFO: Change particles name to pass to MG5 convention 
************************************************************
*                                                          *
*                     W E L C O M E to                     *
*              M A D G R A P H 5 _ a M C @ N L O           *
*                                                          *
*                                                          *
*                 *                       *                *
*                   *        * *        *                  *
*                     * * * * 5 * * * *                    *
*                   *        * *        *                  *
*                 *                       *                *
*                                                          *
*         VERSION 2.4.2                 2016-06-10         *
*                                                          *
*    The MadGraph5_aMC@NLO Development Team - Find us at   *
*    https://server06.fynu.ucl.ac.be/projects/madgraph     *
*                            and                           *
*            http://amcatnlo.web.cern.ch/amcatnlo/         *
*                                                          *
*               Type 'help' for in-line help.              *
*           Type 'tutorial' to learn how MG5 works         *
*    Type 'tutorial aMCatNLO' to learn how aMC@NLO works   *
*    Type 'tutorial MadLoop' to learn how MadLoop works    *
*                                                          *
************************************************************
load MG5 configuration from input/mg5_configuration.txt 
None does not seem to correspond to a valid fastjet-config executable (v3+). We will use fjcore instead.
 Please set the 'fastjet'variable to the full (absolute) /PATH/TO/fastjet-config (including fastjet-config).
 MG5_aMC> set fastjet /PATH/TO/fastjet-config

set lhapdf to /cvmfs/cms.cern.ch/slc6_amd64_gcc481/external/lhapdf/6.1.5-ddibom3/share/LHAPDF/../../bin/lhapdf-config
No valid eps viewer found. Please set in ./input/mg5_configuration.txt
No valid web browser found. Please set in ./input/mg5_configuration.txt
set automatic_html_opening False --no_save
compute_widths 25 35 36 37 55 --precision_channel=0.01 --body_decay=4.0025 --path=/afs/cern.ch/work/s/syu/2HDM_gridpack/genproductions/bin/MadGraph5_aMCatNLO/interactive/interactive_gridpack/work/MG5_aMC_v2_4_2/2HDMPZ2II_MH3_300_MH4_250_MH2_300_MHC_300/Cards/param_card.dat --output=/afs/cern.ch/work/s/syu/2HDM_gridpack/genproductions/bin/MadGraph5_aMCatNLO/interactive/interactive_gridpack/work/MG5_aMC_v2_4_2/2HDMPZ2II_MH3_300_MH4_250_MH2_300_MHC_300/Cards/param_card.dat
[1;34mPlease note that the automatic computation of the width is
    only valid in narrow-width approximation and at tree-level.[0m
INFO: Get two body decay from FeynRules formula 
Results written to /afs/cern.ch/work/s/syu/2HDM_gridpack/genproductions/bin/MadGraph5_aMCatNLO/interactive/interactive_gridpack/work/MG5_aMC_v2_4_2/2HDMPZ2II_MH3_300_MH4_250_MH2_300_MHC_300/Cards/param_card.dat
INFO: get decay diagram for h1 
Vertexlist of this model has not been searched.Automatically run the model.find_vertexlist()
Found 6 stable particles
INFO:     current estimated error: 0.00412137987315 go to 4-body decay: 
100 / 240: 3s
200 / 240: 6s
INFO: get decay diagram for h2 
INFO:     current estimated error: 0.171855054687 go to 4-body decay: 
100 / 172: 3s
INFO: get decay diagram for h3 
INFO:     current estimated error: 0.00288177489271 go to 4-body decay: 
100 / 167: 3s
INFO: get decay diagram for h+ 
INFO: get decay diagram for h4 
Pass to numerical integration for computing the widths:
INFO: More info in temporary files:
    /afs/cern.ch/work/s/syu/2HDM_gridpack/genproductions/bin/MadGraph5_aMCatNLO/interactive/interactive_gridpack/work/MG5_aMC_v2_4_2/tmpvNIz0m/temp_decay/index.html 
Results written to /afs/cern.ch/work/s/syu/2HDM_gridpack/genproductions/bin/MadGraph5_aMCatNLO/interactive/interactive_gridpack/work/MG5_aMC_v2_4_2/2HDMPZ2II_MH3_300_MH4_250_MH2_300_MHC_300/Cards/param_card.dat
initMadLoop -r -f
Initializing MadLoop loop-induced matrix elements (this can take some time)...
MadLoop initialization finished.
compile Source Directory
Using random number seed offset = 21
INFO: Running Survey 
Creating Jobs
Working on SubProcesses
INFO:     P0_gg_xdxdxh1  
INFO:  Idle: 32,  Running: 16,  Completed: 0 [ current time: 20h57 ] 
INFO:  Idle: 31,  Running: 16,  Completed: 1 [  19.4s  ] 
INFO:  Idle: 30,  Running: 16,  Completed: 2 [  24.7s  ] 
INFO:  Idle: 29,  Running: 16,  Completed: 3 [  30.3s  ] 
INFO:  Idle: 28,  Running: 16,  Completed: 4 [  34.4s  ] 
INFO:  Idle: 26,  Running: 16,  Completed: 6 [  39.8s  ] 
INFO:  Idle: 24,  Running: 16,  Completed: 9 [  43s  ] 
INFO:  Idle: 22,  Running: 16,  Completed: 12 [  46.9s  ] 
INFO:  Idle: 19,  Running: 16,  Completed: 17 [  54.6s  ] 
INFO:  Idle: 17,  Running: 16,  Completed: 19 [  1m 6s  ] 
INFO:  Idle: 16,  Running: 16,  Completed: 20 [  1m 21s  ] 
INFO:  Idle: 14,  Running: 16,  Completed: 23 [  1m 25s  ] 
INFO:  Idle: 12,  Running: 16,  Completed: 25 [  1m 29s  ] 
INFO:  Idle: 9,  Running: 16,  Completed: 28 [  1m 32s  ] 
INFO:  Idle: 8,  Running: 16,  Completed: 30 [  1m 37s  ] 
INFO:  Idle: 7,  Running: 16,  Completed: 33 [  1m 47s  ] 
INFO:  Idle: 5,  Running: 16,  Completed: 35 [  1m 58s  ] 
INFO:  Idle: 3,  Running: 16,  Completed: 37 [  2m 16s  ] 
INFO:  Idle: 1,  Running: 16,  Completed: 40 [  2m 19s  ] 
INFO: P0_gg_xdxdxh1/G1.7 is at 0.0506 +- 0.00427 pb. Now submitting iteration #2. 
INFO:  Idle: 0,  Running: 14,  Completed: 43 [  2m 29s  ] 
INFO:  Idle: 0,  Running: 14,  Completed: 44 [  2m 35s  ] 
INFO: P0_gg_xdxdxh1/G1.5 is at 0.066 +- 0.00516 pb. Now submitting iteration #2. 
INFO:  Idle: 0,  Running: 13,  Completed: 45 [  2m 47s  ] 
INFO:  Idle: 1,  Running: 11,  Completed: 47 [  2m 50s  ] 
INFO: P0_gg_xdxdxh1/G1.8 is at 0.00469 +- 0.00205 pb. Now submitting iteration #2. 
INFO: P0_gg_xdxdxh1/G2.5 is at 5.63e-07 +- 5.4e-08 pb. Now submitting iteration #2. 
INFO:  Idle: 5,  Running: 16,  Completed: 51 [  3m 2s  ] 
INFO: P0_gg_xdxdxh1/G2.8 is at 1.63e-07 +- 1.07e-07 pb. Now submitting iteration #2. 
INFO: P0_gg_xdxdxh1/G3.5 is at 0.00182 +- 0.000155 pb. Now submitting iteration #2. 
INFO: P0_gg_xdxdxh1/G2.7 is at 7.67e-06 +- 6.05e-07 pb. Now submitting iteration #2. 
INFO: P0_gg_xdxdxh1/G3.7 is at 0.000184 +- 1.61e-05 pb. Now submitting iteration #2. 
INFO:  Idle: 8,  Running: 16,  Completed: 52 [  3m 12s  ] 
INFO:  Idle: 11,  Running: 16,  Completed: 53 [  3m 17s  ] 
INFO: P0_gg_xdxdxh1/G4.5 is at 0.00581 +- 0.00048 pb. Now submitting iteration #2. 
INFO:  Idle: 17,  Running: 16,  Completed: 55 [  3m 20s  ] 
INFO: P0_gg_xdxdxh1/G4.7 is at 0.0116 +- 0.00108 pb. Now submitting iteration #2. 
INFO: P0_gg_xdxdxh1/G3.8 is at 0.000156 +- 7.66e-05 pb. Now submitting iteration #2. 
INFO:  Idle: 23,  Running: 16,  Completed: 57 [  3m 23s  ] 
INFO: P0_gg_xdxdxh1/G4.8 is at 0.000688 +- 0.000327 pb. Now submitting iteration #2. 
INFO:  Idle: 32,  Running: 16,  Completed: 60 [  3m 32s  ] 
INFO:  Idle: 29,  Running: 16,  Completed: 63 [  3m 45s  ] 
INFO:  Idle: 28,  Running: 16,  Completed: 64 [  3m 56s  ] 
INFO:  Idle: 26,  Running: 16,  Completed: 67 [  4m 4s  ] 
INFO:  Idle: 24,  Running: 16,  Completed: 70 [  4m 10s  ] 
INFO:  Idle: 23,  Running: 16,  Completed: 71 [  4m 14s  ] 
INFO:  Idle: 22,  Running: 16,  Completed: 72 [  4m 23s  ] 
INFO:  Idle: 20,  Running: 16,  Completed: 76 [  4m 26s  ] 
INFO:  Idle: 19,  Running: 16,  Completed: 77 [  4m 31s  ] 
INFO:  Idle: 16,  Running: 16,  Completed: 80 [  4m 39s  ] 
INFO:  Idle: 14,  Running: 16,  Completed: 83 [  4m 49s  ] 
INFO:  Idle: 12,  Running: 16,  Completed: 86 [  4m 53s  ] 
INFO:  Idle: 11,  Running: 16,  Completed: 87 [  5m 5s  ] 
INFO:  Idle: 11,  Running: 16,  Completed: 88 [  5m 11s  ] 
INFO:  Idle: 9,  Running: 16,  Completed: 90 [  5m 14s  ] 
INFO:  Idle: 8,  Running: 16,  Completed: 91 [  5m 19s  ] 
INFO:  Idle: 5,  Running: 16,  Completed: 96 [  5m 25s  ] 
INFO:  Idle: 4,  Running: 16,  Completed: 97 [  5m 32s  ] 
INFO:  Idle: 3,  Running: 16,  Completed: 98 [  5m 50s  ] 
INFO:  Idle: 1,  Running: 16,  Completed: 101 [  5m 59s  ] 
INFO:  Idle: 0,  Running: 14,  Completed: 104 [  6m 5s  ] 
INFO: P0_gg_xdxdxh1/G1.7 is at 0.05183 +- 0.000362 pb. Now submitting iteration #3. 
INFO: P0_gg_xdxdxh1/G1.5 is at 0.06884 +- 0.00063 pb. Now submitting iteration #3. 
INFO:  Idle: 0,  Running: 13,  Completed: 105 [  6m 10s  ] 
INFO: P0_gg_xdxdxh1/G2.8 is at 4.02e-07 +- 1.05e-07 pb. Now submitting iteration #3. 
INFO: P0_gg_xdxdxh1/G1.8 is at 0.004714 +- 8.59e-06 pb. Now submitting iteration #3. 
INFO: P0_gg_xdxdxh1/G2.5 is at 6.12e-07 +- 1.01e-08 pb. Now submitting iteration #3. 
INFO:  Idle: 1,  Running: 12,  Completed: 106 [  6m 17s  ] 
INFO:  Idle: 0,  Running: 15,  Completed: 109 [  6m 22s  ] 
INFO: P0_gg_xdxdxh1/G4.7 is at 0.0104 +- 0.0003 pb. Now submitting iteration #3. 
INFO: P0_gg_xdxdxh1/G3.7 is at 0.000191 +- 1.99e-06 pb. Now submitting iteration #3. 
INFO:  Idle: 11,  Running: 16,  Completed: 113 [  6m 28s  ] 
INFO: P0_gg_xdxdxh1/G2.7 is at 8.65e-06 +- 9.73e-07 pb. Now submitting iteration #3. 
INFO: P0_gg_xdxdxh1/G4.5 is at 0.00622 +- 0.000108 pb. Now submitting iteration #3. 
INFO:  Idle: 14,  Running: 16,  Completed: 114 [  6m 34s  ] 
INFO: P0_gg_xdxdxh1/G3.5 is at 0.00209 +- 6.09e-05 pb. Now submitting iteration #3. 
INFO:  Idle: 23,  Running: 16,  Completed: 117 [  6m 37s  ] 
INFO: P0_gg_xdxdxh1/G3.8 is at 7.05e-05 +- 2.08e-05 pb. Now submitting iteration #3. 
INFO:  Idle: 29,  Running: 16,  Completed: 119 [  6m 45s  ] 
INFO: P0_gg_xdxdxh1/G4.8 is at 0.000398 +- 8.44e-05 pb. Now submitting iteration #3. 
INFO:  Idle: 31,  Running: 16,  Completed: 121 [  7m 49s  ] 
INFO:  Idle: 27,  Running: 16,  Completed: 125 [  7m 52s  ] 
INFO:  Idle: 24,  Running: 16,  Completed: 129 [  8m 3s  ] 
INFO:  Idle: 22,  Running: 16,  Completed: 131 [  8m 6s  ] 
INFO:  Idle: 20,  Running: 16,  Completed: 134 [  8m 13s  ] 
INFO:  Idle: 19,  Running: 16,  Completed: 137 [  9m 13s  ] 
INFO:  Idle: 18,  Running: 16,  Completed: 138 [  9m 19s  ] 
INFO:  Idle: 15,  Running: 16,  Completed: 142 [  9m 22s  ] 
INFO:  Idle: 14,  Running: 16,  Completed: 143 [  9m 30s  ] 
INFO:  Idle: 9,  Running: 16,  Completed: 149 [  9m 40s  ] 
INFO:  Idle: 8,  Running: 16,  Completed: 151 [  9m 48s  ] 
INFO:  Idle: 7,  Running: 16,  Completed: 153 [  10m 37s  ] 
INFO:  Idle: 6,  Running: 16,  Completed: 154 [  10m 45s  ] 
INFO:  Idle: 5,  Running: 16,  Completed: 155 [  10m 58s  ] 
INFO:  Idle: 4,  Running: 16,  Completed: 156 [  11m 8s  ] 
INFO: Survey finished for P0_gg_xdxdxh1/G1.5 at 0.06726 +- 0.000509 pb 
INFO:  Idle: 0,  Running: 16,  Completed: 161 [  11m 14s  ] 
INFO:  Idle: 1,  Running: 14,  Completed: 163 [  11m 38s  ] 
INFO:  Idle: 0,  Running: 12,  Completed: 166 [  11m 47s  ] 
INFO: P0_gg_xdxdxh1/G1.8 is at 0.00624 +- 0.000487 pb. Now submitting iteration #4. 
INFO:  Idle: 0,  Running: 11,  Completed: 167 [  11m 51s  ] 
INFO: Survey finished for P0_gg_xdxdxh1/G1.7 at 0.05151 +- 0.000145 pb 
INFO: Survey finished for P0_gg_xdxdxh1/G2.8 at 6.2e-07 +- 8.98e-08 pb 
INFO: P0_gg_xdxdxh1/G2.7 is at 8.85e-06 +- 4.82e-07 pb. Now submitting iteration #4. 
INFO: Survey finished for P0_gg_xdxdxh1/G3.7 at 0.0001946 +- 1.25e-06 pb 
INFO: Survey finished for P0_gg_xdxdxh1/G4.7 at 0.01024 +- 0.000102 pb 
INFO:  Idle: 0,  Running: 14,  Completed: 170 [  12m 6s  ] 
INFO: Survey finished for P0_gg_xdxdxh1/G2.5 at 5.967e-07 +- 5.21e-09 pb 
INFO: Survey finished for P0_gg_xdxdxh1/G3.5 at 0.00211 +- 1.75e-05 pb 
INFO:  Idle: 0,  Running: 13,  Completed: 171 [  12m 11s  ] 
INFO:  Idle: 0,  Running: 14,  Completed: 174 [  12m 16s  ] 
INFO: Survey finished for P0_gg_xdxdxh1/G4.5 at 0.00625 +- 3.24e-05 pb 
INFO:  Idle: 0,  Running: 13,  Completed: 175 [  12m 22s  ] 
INFO: P0_gg_xdxdxh1/G3.8 is at 8.84e-05 +- 7.33e-06 pb. Now submitting iteration #4. 
INFO: P0_gg_xdxdxh1/G4.8 is at 0.000634 +- 8.49e-05 pb. Now submitting iteration #4. 
INFO:  Idle: 0,  Running: 12,  Completed: 176 [  12m 25s  ] 
INFO:  Idle: 0,  Running: 14,  Completed: 182 [  14m 58s  ] 
INFO:  Idle: 0,  Running: 13,  Completed: 183 [  15m 3s  ] 
INFO:  Idle: 0,  Running: 12,  Completed: 184 [  15m 7s  ] 
INFO:  Idle: 1,  Running: 7,  Completed: 190 [  15m 15s  ] 
INFO:  Idle: 0,  Running: 5,  Completed: 193 [  15m 21s  ] 
INFO:  Idle: 1,  Running: 3,  Completed: 196 [  15m 27s  ] 
INFO: P0_gg_xdxdxh1/G1.8 is at 0.00646 +- 0.000139 pb. Now submitting iteration #5. 
INFO: P0_gg_xdxdxh1/G2.7 is at 9.2e-06 +- 4.09e-07 pb. Now submitting iteration #5. 
INFO:  Idle: 0,  Running: 7,  Completed: 197 [  15m 50s  ] 
INFO: P0_gg_xdxdxh1/G3.8 is at 9.54e-05 +- 4.52e-06 pb. Now submitting iteration #5. 
INFO: P0_gg_xdxdxh1/G4.8 is at 0.00063 +- 3.38e-05 pb. Now submitting iteration #5. 
INFO:  Idle: 0,  Running: 13,  Completed: 199 [  16m 5s  ] 
INFO:  Idle: 0,  Running: 11,  Completed: 205 [  21m 22s  ] 
INFO:  Idle: 0,  Running: 7,  Completed: 211 [  21m 32s  ] 
INFO:  Idle: 2,  Running: 2,  Completed: 216 [  21m 44s  ] 
INFO:  Idle: 0,  Running: 4,  Completed: 216 [  22m 4s  ] 
INFO: Survey finished for P0_gg_xdxdxh1/G2.7 at 9.66e-06 +- 3.02e-07 pb 
INFO: Survey finished for P0_gg_xdxdxh1/G1.8 at 0.00668 +- 7.1e-05 pb 
INFO:  Idle: 0,  Running: 3,  Completed: 217 [  22m 25s  ] 
INFO: Survey finished for P0_gg_xdxdxh1/G3.8 at 9.64e-05 +- 1.16e-06 pb 
INFO: Survey finished for P0_gg_xdxdxh1/G4.8 at 0.000629 +- 1.18e-05 pb 
INFO:  Idle: 0,  Running: 0,  Completed: 220 [  22m 45s  ] 
INFO:  Idle: 0,  Running: 0,  Completed: 220 [  22m 45s  ] 
INFO: End survey 
refine 20000
INFO: compile directory 
compile Source Directory
Creating Jobs
INFO: Refine results to 20000 
INFO: Generating 20000.0 unweigthed events. 
INFO: Effective Luminosity 158636.384078 pb^-1 
INFO: need to improve 3 channels 
Current estimate of cross-section: 0.14498565467 +- 0.000545139628872
INFO:  Idle: 2,  Running: 16,  Completed: 0 [ current time: 21h20 ] 
INFO:  Idle: 1,  Running: 16,  Completed: 1 [  58.5s  ] 
INFO:  Idle: 0,  Running: 16,  Completed: 2 [  1m 5s  ] 
INFO:  Idle: 0,  Running: 13,  Completed: 5 [  1m 12s  ] 
INFO:  Idle: 0,  Running: 11,  Completed: 7 [  1m 17s  ] 
INFO:  Idle: 1,  Running: 9,  Completed: 9 [  1m 25s  ] 
INFO:  Idle: 0,  Running: 7,  Completed: 12 [  1m 44s  ] 
INFO:  Idle: 1,  Running: 4,  Completed: 15 [  1m 47s  ] 
INFO:  Idle: 0,  Running: 4,  Completed: 16 [  1m 51s  ] 
INFO:  Idle: 0,  Running: 3,  Completed: 17 [  2m 6s  ] 
INFO: found enough event for P0_gg_xdxdxh1/G1.8 
INFO:  Idle: 0,  Running: 2,  Completed: 19 [  2m 9s  ] 
INFO: P0_gg_xdxdxh1/G1.5 is at 3604/10649 (34%) event. Resubmit 4 job at iteration 1. 
INFO:  Idle: 0,  Running: 5,  Completed: 20 [  2m 18s  ] 
INFO: P0_gg_xdxdxh1/G1.7 is at 3548/8273 (43%) event. Resubmit 3 job at iteration 1. 
INFO:  Idle: 0,  Running: 7,  Completed: 21 [  2m 41s  ] 
INFO:  Idle: 0,  Running: 6,  Completed: 22 [  2m 58s  ] 
INFO:  Idle: 0,  Running: 5,  Completed: 23 [  3m 4s  ] 
INFO:  Idle: 0,  Running: 4,  Completed: 24 [  3m 13s  ] 
INFO:  Idle: 1,  Running: 3,  Completed: 25 [  3m 22s  ] 
INFO:  Idle: 1,  Running: 1,  Completed: 28 [  3m 37s  ] 
INFO: P0_gg_xdxdxh1/G1.5 is at 6485/10659 (61%) event. Resubmit 6 job at iteration 2. 
INFO:  Idle: 0,  Running: 7,  Completed: 29 [  4m 0s  ] 
INFO: P0_gg_xdxdxh1/G1.7 is at 5338/8265 (65%) event. Resubmit 5 job at iteration 2. 
INFO:  Idle: 0,  Running: 11,  Completed: 30 [  4m 6s  ] 
INFO:  Idle: 0,  Running: 8,  Completed: 33 [  4m 51s  ] 
INFO: found enough event for P0_gg_xdxdxh1/G1.7 
INFO:  Idle: 0,  Running: 1,  Completed: 42 [  5m 18s  ] 
INFO: found enough event for P0_gg_xdxdxh1/G1.5 
INFO:  Idle: 0,  Running: 0,  Completed: 43 [  5m 24s  ] 
INFO:  Idle: 0,  Running: 0,  Completed: 43 [  5m 25s  ] 
INFO: Combining runs 
INFO: finish refine 
refine 20000
Creating Jobs
INFO: Refine results to 20000 
INFO: Generating 20000.0 unweigthed events. 
INFO: Effective Luminosity 158324.072595 pb^-1 
INFO: need to improve 0 channels 
Current estimate of cross-section: 0.14527165467 +- 0.000288214567459
INFO:  Idle: 0,  Running: 0,  Completed: 0 [ current time: 21h26 ] 
INFO: Combining runs 
INFO: finish refine 
combine_events
INFO: Combining Events 
 
 
 
  === Results Summary for run: run_01 tag: tag_1 ===

     Cumulative sequential time for this run: 3h15m05s
     Cross-section :   0.1453 +- 0.0002882 pb
     Nb of events :  20000
 
store_events
INFO: Storing parton level results 
INFO: End Parton 
reweight -from_cards
decay_events -from_cards
INFO: storring files of previous run 
INFO: Done 
quit
INFO:  
 
INFO:  
 
more information in /afs/cern.ch/work/s/syu/2HDM_gridpack/genproductions/bin/MadGraph5_aMCatNLO/interactive/interactive_gridpack/work/MG5_aMC_v2_4_2/2HDMPZ2II_MH3_300_MH4_250_MH2_300_MHC_300/index.html
quit
 

 


Job finished at Thu Jul 20 21:28:27 CEST 2017 on node 
 under linux version Scientific Linux CERN SLC release 6.9 (Carbon)

CERN statistics: This process used approximately : 8:03:58 KSI2K hours (29038 KSI2K seconds)
                 This process corresponds to     : 31:27:31 HS06  hours (113251 HS06  seconds)
