@(#)CERN job starter $Date: 2010/06/23 14:22:16 $
Working directory is </pool/lsf/syu/60545135> on <b615cecbd4.cern.ch>

Starting job on  Fri Jul 21 18:40:06 CEST 2017
Running on  Linux b615cecbd4.cern.ch 2.6.32-696.1.1.el6.x86_64 #1 SMP Wed Apr 12 08:44:28 CEST 2017 x86_64 x86_64 x86_64 GNU/Linux
System release  Scientific Linux CERN SLC release 6.9 (Carbon)
name: interactive
carddir: 
queue: local
scram_arch: slc6_amd64_gcc481
cmssw_version: CMSSW_7_1_28
# On branch mg25x
# Changed but not updated:
#   (use "git add <file>..." to update what will be committed)
#   (use "git checkout -- <file>..." to discard changes in working directory)
#
#	modified:   gridpack_generation.sh
#
# Untracked files:
#   (use "git add <file>..." to include in what will be committed)
#
#	2HDMPZ2II_MH3_1000_MH4_100_MH2_1000_MHC_1000_proc_card.dat
#	2HDMPZ2II_MH3_1000_MH4_150_MH2_1000_MHC_1000_proc_card.dat
#	2HDMPZ2II_MH3_1000_MH4_200_MH2_1000_MHC_1000_proc_card.dat
#	2HDMPZ2II_MH3_1000_MH4_250_MH2_1000_MHC_1000_proc_card.dat
#	2HDMPZ2II_MH3_1000_MH4_300_MH2_1000_MHC_1000_proc_card.dat
#	2HDMPZ2II_MH3_1000_MH4_350_MH2_1000_MHC_1000_proc_card.dat
#	2HDMPZ2II_MH3_1000_MH4_400_MH2_1000_MHC_1000_proc_card.dat
#	2HDMPZ2II_MH3_1000_MH4_450_MH2_1000_MHC_1000_proc_card.dat
#	2HDMPZ2II_MH3_1000_MH4_500_MH2_1000_MHC_1000_proc_card.dat
#	2HDMPZ2II_MH3_100_MH4_100_MH2_100_MHC_100_proc_card.dat
#	2HDMPZ2II_MH3_1100_MH4_100_MH2_1100_MHC_1100_proc_card.dat
#	2HDMPZ2II_MH3_1100_MH4_150_MH2_1100_MHC_1100_proc_card.dat
#	2HDMPZ2II_MH3_1100_MH4_200_MH2_1100_MHC_1100_proc_card.dat
#	2HDMPZ2II_MH3_1100_MH4_250_MH2_1100_MHC_1100_proc_card.dat
#	2HDMPZ2II_MH3_1100_MH4_300_MH2_1100_MHC_1100_proc_card.dat
#	2HDMPZ2II_MH3_1100_MH4_350_MH2_1100_MHC_1100_proc_card.dat
#	2HDMPZ2II_MH3_1100_MH4_400_MH2_1100_MHC_1100_proc_card.dat
#	2HDMPZ2II_MH3_1100_MH4_450_MH2_1100_MHC_1100_proc_card.dat
#	2HDMPZ2II_MH3_1100_MH4_500_MH2_1100_MHC_1100_proc_card.dat
#	2HDMPZ2II_MH3_1200_MH4_100_MH2_1200_MHC_1200_proc_card.dat
#	2HDMPZ2II_MH3_1200_MH4_150_MH2_1200_MHC_1200_proc_card.dat
#	2HDMPZ2II_MH3_1200_MH4_200_MH2_1200_MHC_1200_proc_card.dat
#	2HDMPZ2II_MH3_1200_MH4_250_MH2_1200_MHC_1200_proc_card.dat
#	2HDMPZ2II_MH3_1200_MH4_300_MH2_1200_MHC_1200_proc_card.dat
#	2HDMPZ2II_MH3_1200_MH4_350_MH2_1200_MHC_1200_proc_card.dat
#	2HDMPZ2II_MH3_1200_MH4_400_MH2_1200_MHC_1200_proc_card.dat
#	2HDMPZ2II_MH3_1200_MH4_450_MH2_1200_MHC_1200_proc_card.dat
#	2HDMPZ2II_MH3_1200_MH4_500_MH2_1200_MHC_1200_proc_card.dat
#	2HDMPZ2II_MH3_1300_MH4_100_MH2_1300_MHC_1300_proc_card.dat
#	2HDMPZ2II_MH3_1300_MH4_150_MH2_1300_MHC_1300_proc_card.dat
#	2HDMPZ2II_MH3_1300_MH4_200_MH2_1300_MHC_1300_proc_card.dat
#	2HDMPZ2II_MH3_1300_MH4_250_MH2_1300_MHC_1300_proc_card.dat
#	2HDMPZ2II_MH3_1300_MH4_300_MH2_1300_MHC_1300_proc_card.dat
#	2HDMPZ2II_MH3_1300_MH4_350_MH2_1300_MHC_1300_proc_card.dat
#	2HDMPZ2II_MH3_1300_MH4_400_MH2_1300_MHC_1300_proc_card.dat
#	2HDMPZ2II_MH3_1300_MH4_450_MH2_1300_MHC_1300_proc_card.dat
#	2HDMPZ2II_MH3_1300_MH4_500_MH2_1300_MHC_1300_proc_card.dat
#	2HDMPZ2II_MH3_1400_MH4_100_MH2_1400_MHC_1400_proc_card.dat
#	2HDMPZ2II_MH3_1400_MH4_150_MH2_1400_MHC_1400_proc_card.dat
#	2HDMPZ2II_MH3_1400_MH4_200_MH2_1400_MHC_1400_proc_card.dat
#	2HDMPZ2II_MH3_1400_MH4_250_MH2_1400_MHC_1400_proc_card.dat
#	2HDMPZ2II_MH3_1400_MH4_300_MH2_1400_MHC_1400_proc_card.dat
#	2HDMPZ2II_MH3_1400_MH4_350_MH2_1400_MHC_1400_proc_card.dat
#	2HDMPZ2II_MH3_1400_MH4_400_MH2_1400_MHC_1400_proc_card.dat
#	2HDMPZ2II_MH3_1400_MH4_450_MH2_1400_MHC_1400_proc_card.dat
#	2HDMPZ2II_MH3_1400_MH4_500_MH2_1400_MHC_1400_proc_card.dat
#	2HDMPZ2II_MH3_1500_MH4_100_MH2_1500_MHC_1500_proc_card.dat
#	2HDMPZ2II_MH3_1500_MH4_150_MH2_1500_MHC_1500_proc_card.dat
#	2HDMPZ2II_MH3_1500_MH4_200_MH2_1500_MHC_1500_proc_card.dat
#	2HDMPZ2II_MH3_1500_MH4_250_MH2_1500_MHC_1500_proc_card.dat
#	2HDMPZ2II_MH3_1500_MH4_300_MH2_1500_MHC_1500_proc_card.dat
#	2HDMPZ2II_MH3_1500_MH4_350_MH2_1500_MHC_1500_proc_card.dat
#	2HDMPZ2II_MH3_1500_MH4_400_MH2_1500_MHC_1500_proc_card.dat
#	2HDMPZ2II_MH3_1500_MH4_450_MH2_1500_MHC_1500_proc_card.dat
#	2HDMPZ2II_MH3_1500_MH4_500_MH2_1500_MHC_1500_proc_card.dat
#	2HDMPZ2II_MH3_1600_MH4_100_MH2_1600_MHC_1600_proc_card.dat
#	2HDMPZ2II_MH3_1600_MH4_150_MH2_1600_MHC_1600_proc_card.dat
#	2HDMPZ2II_MH3_1600_MH4_200_MH2_1600_MHC_1600_proc_card.dat
#	2HDMPZ2II_MH3_1600_MH4_250_MH2_1600_MHC_1600_proc_card.dat
#	2HDMPZ2II_MH3_1600_MH4_300_MH2_1600_MHC_1600_proc_card.dat
#	2HDMPZ2II_MH3_1600_MH4_350_MH2_1600_MHC_1600_proc_card.dat
#	2HDMPZ2II_MH3_1600_MH4_400_MH2_1600_MHC_1600_proc_card.dat
#	2HDMPZ2II_MH3_1600_MH4_450_MH2_1600_MHC_1600_proc_card.dat
#	2HDMPZ2II_MH3_1600_MH4_500_MH2_1600_MHC_1600_proc_card.dat
#	2HDMPZ2II_MH3_200_MH4_100_MH2_200_MHC_200_proc_card.dat
#	2HDMPZ2II_MH3_200_MH4_150_MH2_200_MHC_200_proc_card.dat
#	2HDMPZ2II_MH3_200_MH4_200_MH2_200_MHC_200_proc_card.dat
#	2HDMPZ2II_MH3_300_MH4_100_MH2_300_MHC_300_proc_card.dat
#	2HDMPZ2II_MH3_300_MH4_150_MH2_300_MHC_300_proc_card.dat
#	2HDMPZ2II_MH3_300_MH4_200_MH2_300_MHC_300_proc_card.dat
#	2HDMPZ2II_MH3_300_MH4_250_MH2_300_MHC_300_proc_card.dat
#	2HDMPZ2II_MH3_300_MH4_300_MH2_300_MHC_300_proc_card.dat
#	2HDMPZ2II_MH3_400_MH4_100_MH2_400_MHC_400_proc_card.dat
#	2HDMPZ2II_MH3_400_MH4_150_MH2_400_MHC_400_proc_card.dat
#	2HDMPZ2II_MH3_400_MH4_200_MH2_400_MHC_400_proc_card.dat
#	2HDMPZ2II_MH3_400_MH4_250_MH2_400_MHC_400_proc_card.dat
#	2HDMPZ2II_MH3_400_MH4_300_MH2_400_MHC_400_proc_card.dat
#	2HDMPZ2II_MH3_400_MH4_350_MH2_400_MHC_400_proc_card.dat
#	2HDMPZ2II_MH3_400_MH4_400_MH2_400_MHC_400_proc_card.dat
#	2HDMPZ2II_MH3_500_MH4_100_MH2_500_MHC_500_proc_card.dat
#	2HDMPZ2II_MH3_500_MH4_150_MH2_500_MHC_500_proc_card.dat
#	2HDMPZ2II_MH3_500_MH4_200_MH2_500_MHC_500_proc_card.dat
#	2HDMPZ2II_MH3_500_MH4_250_MH2_500_MHC_500_proc_card.dat
#	2HDMPZ2II_MH3_500_MH4_300_MH2_500_MHC_500_proc_card.dat
#	2HDMPZ2II_MH3_500_MH4_350_MH2_500_MHC_500_proc_card.dat
#	2HDMPZ2II_MH3_500_MH4_400_MH2_500_MHC_500_proc_card.dat
#	2HDMPZ2II_MH3_500_MH4_450_MH2_500_MHC_500_proc_card.dat
#	2HDMPZ2II_MH3_500_MH4_500_MH2_500_MHC_500_proc_card.dat
#	2HDMPZ2II_MH3_600_MH4_100_MH2_600_MHC_600_proc_card.dat
#	2HDMPZ2II_MH3_600_MH4_150_MH2_600_MHC_600_proc_card.dat
#	2HDMPZ2II_MH3_600_MH4_200_MH2_600_MHC_600_proc_card.dat
#	2HDMPZ2II_MH3_600_MH4_250_MH2_600_MHC_600_proc_card.dat
#	2HDMPZ2II_MH3_600_MH4_300_MH2_600_MHC_600_proc_card.dat
#	2HDMPZ2II_MH3_600_MH4_350_MH2_600_MHC_600_proc_card.dat
#	2HDMPZ2II_MH3_600_MH4_400_MH2_600_MHC_600_proc_card.dat
#	2HDMPZ2II_MH3_600_MH4_450_MH2_600_MHC_600_proc_card.dat
#	2HDMPZ2II_MH3_600_MH4_500_MH2_600_MHC_600_proc_card.dat
#	2HDMPZ2II_MH3_700_MH4_100_MH2_700_MHC_700_proc_card.dat
#	2HDMPZ2II_MH3_700_MH4_150_MH2_700_MHC_700_proc_card.dat
#	2HDMPZ2II_MH3_700_MH4_200_MH2_700_MHC_700_proc_card.dat
#	2HDMPZ2II_MH3_700_MH4_250_MH2_700_MHC_700_proc_card.dat
#	2HDMPZ2II_MH3_700_MH4_300_MH2_700_MHC_700_proc_card.dat
#	2HDMPZ2II_MH3_700_MH4_350_MH2_700_MHC_700_proc_card.dat
#	2HDMPZ2II_MH3_700_MH4_400_MH2_700_MHC_700_proc_card.dat
#	2HDMPZ2II_MH3_700_MH4_450_MH2_700_MHC_700_proc_card.dat
#	2HDMPZ2II_MH3_700_MH4_500_MH2_700_MHC_700_proc_card.dat
#	2HDMPZ2II_MH3_800_MH4_100_MH2_800_MHC_800_proc_card.dat
#	2HDMPZ2II_MH3_800_MH4_150_MH2_800_MHC_800_proc_card.dat
#	2HDMPZ2II_MH3_800_MH4_200_MH2_800_MHC_800_proc_card.dat
#	2HDMPZ2II_MH3_800_MH4_250_MH2_800_MHC_800_proc_card.dat
#	2HDMPZ2II_MH3_800_MH4_300_MH2_800_MHC_800_proc_card.dat
#	2HDMPZ2II_MH3_800_MH4_350_MH2_800_MHC_800_proc_card.dat
#	2HDMPZ2II_MH3_800_MH4_400_MH2_800_MHC_800_proc_card.dat
#	2HDMPZ2II_MH3_800_MH4_450_MH2_800_MHC_800_proc_card.dat
#	2HDMPZ2II_MH3_800_MH4_500_MH2_800_MHC_800_proc_card.dat
#	2HDMPZ2II_MH3_900_MH4_100_MH2_900_MHC_900_proc_card.dat
#	2HDMPZ2II_MH3_900_MH4_150_MH2_900_MHC_900_proc_card.dat
#	2HDMPZ2II_MH3_900_MH4_200_MH2_900_MHC_900_proc_card.dat
#	2HDMPZ2II_MH3_900_MH4_250_MH2_900_MHC_900_proc_card.dat
#	2HDMPZ2II_MH3_900_MH4_300_MH2_900_MHC_900_proc_card.dat
#	2HDMPZ2II_MH3_900_MH4_350_MH2_900_MHC_900_proc_card.dat
#	2HDMPZ2II_MH3_900_MH4_400_MH2_900_MHC_900_proc_card.dat
#	2HDMPZ2II_MH3_900_MH4_450_MH2_900_MHC_900_proc_card.dat
#	2HDMPZ2II_MH3_900_MH4_500_MH2_900_MHC_900_proc_card.dat
#	2HDMPZ2II_proc_card.dat
#	2HDMPZ2II_proc_card.dat~
#	ATLAS_mass
#	LSFJOB_60545393/
#	cards/testATLAS/
#	interactive/
#	launch_2HDMPZ2II.sh
#	launch_2HDMPZ2II.sh~
#	runLaunch.sh
#	runLaunch.sh~
#	testATLAS.log
#	testATLAS/
no changes added to commit (use "git add" and/or "git commit -a")
Current git revision is:
0bbec92b3038971e3e0a64618fcf83a7833dbb80
diff --git a/bin/MadGraph5_aMCatNLO/gridpack_generation.sh b/bin/MadGraph5_aMCatNLO/gridpack_generation.sh
index 728419e..a2b5a94 100755
--- a/bin/MadGraph5_aMCatNLO/gridpack_generation.sh
+++ b/bin/MadGraph5_aMCatNLO/gridpack_generation.sh
@@ -112,7 +112,7 @@ CARDSDIR=${PRODHOME}/${carddir}
 MGBASEDIR=mgbasedir
 
 MG_EXT=".tar.gz"
-MG=MG5_aMC_v2.5.5$MG_EXT
+MG=MG5_aMC_v2.5.2$MG_EXT
 MGSOURCE=https://cms-project-generators.web.cern.ch/cms-project-generators/$MG
 
 #syscalc is a helper tool for madgraph to add scale and pdf variation weights for LO processes
/afs/cern.ch/work/s/syu/2HDM_gridpack/v25x/genproductions/bin/MadGraph5_aMCatNLO
Reusing existing directory assuming generated code already exists
WARNING: If you changed the process card you need to clean the folder and run from scratch
************************************************************
*                                                          *
*                     W E L C O M E to                     *
*              M A D G R A P H 5 _ a M C @ N L O           *
*                                                          *
*                                                          *
*                 *                       *                *
*                   *        * *        *                  *
*                     * * * * 5 * * * *                    *
*                   *        * *        *                  *
*                 *                       *                *
*                                                          *
*         VERSION 2.5.2                 2016-12-10         *
*                                                          *
*    The MadGraph5_aMC@NLO Development Team - Find us at   *
*    https://server06.fynu.ucl.ac.be/projects/madgraph     *
*                            and                           *
*            http://amcatnlo.web.cern.ch/amcatnlo/         *
*                                                          *
*               Type 'help' for in-line help.              *
*           Type 'tutorial' to learn how MG5 works         *
*    Type 'tutorial aMCatNLO' to learn how aMC@NLO works   *
*    Type 'tutorial MadLoop' to learn how MadLoop works    *
*                                                          *
************************************************************
load MG5 configuration from input/mg5_configuration.txt 
None does not seem to correspond to a valid fastjet-config executable (v3+). We will use fjcore instead.
 Please set the 'fastjet'variable to the full (absolute) /PATH/TO/fastjet-config (including fastjet-config).
 MG5_aMC> set fastjet /PATH/TO/fastjet-config

set lhapdf to /cvmfs/cms.cern.ch/slc6_amd64_gcc481/external/lhapdf/6.1.6-ddibom/share/LHAPDF/../../bin/lhapdf-config
set ninja to /afs/cern.ch/work/s/syu/2HDM_gridpack/v25x/genproductions/bin/MadGraph5_aMCatNLO/interactive/interactive_gridpack/work/MG5_aMC_v2_5_2/HEPTools/lib
No valid eps viewer found. Please set in ./input/mg5_configuration.txt
No valid web browser found. Please set in ./input/mg5_configuration.txt
import /afs/cern.ch/work/s/syu/2HDM_gridpack/v25x/genproductions/bin/MadGraph5_aMCatNLO/2HDMPZ2II_MH3_400_MH4_150_MH2_400_MHC_400_proc_card.dat
The import format was not given, so we guess it as command
import model Pseudoscalar_2HDM
INFO: Change particles name to pass to MG5 convention 
Defined multiparticle p = g u c d s u~ c~ d~ s~
Defined multiparticle j = g u c d s u~ c~ d~ s~
Defined multiparticle l+ = e+ mu+
Defined multiparticle l- = e- mu-
Defined multiparticle vl = ve vm vt
Defined multiparticle vl~ = ve~ vm~ vt~
Defined multiparticle all = g ghg ghg~ u c d s u~ c~ d~ s~ a gha gha~ ve vm vt e- mu- ve~ vm~ vt~ e+ mu+ t b t~ b~ z w+ ghz ghwp ghwm h+ h1 h2 h3 h4 w- ghz~ ghwp~ ghwm~ h- ta- xd ta+ xd~
generate g g > xd xd~ h1 / z [QCD]
[1;60m------------------------------------------------------------------------[0m
[1;60m No Born diagrams found. Now switching to the loop-induced mode.        [0m
[1;60m Please cite ref. 'arXiv:1507.00020' when using results from this mode. [0m
[1;60m------------------------------------------------------------------------[0m
1 processes with 80 diagrams generated in 6.423 s
Total: 1 processes with 80 diagrams
output 2HDMPZ2II_MH3_400_MH4_150_MH2_400_MHC_400 -nojpeg
INFO: initialize a new directory: 2HDMPZ2II_MH3_400_MH4_150_MH2_400_MHC_400 
INFO: remove old information in 2HDMPZ2II_MH3_400_MH4_150_MH2_400_MHC_400 
INFO: Organizing processes into subprocess groups 
INFO: Generating Helas calls for process: g g > xd xd~ h1 WEIGHTED<=12 [ noborn = QCD ] / z 
INFO: Processing color information for loop process: g g > xd xd~ h1 [ noborn = QCD ] / z 
INFO: Creating color matrix  loop process: g g > xd xd~ h1 WEIGHTED<=12 [ noborn = QCD ] / z 
INFO: Creating files in directory /afs/cern.ch/work/s/syu/2HDM_gridpack/v25x/genproductions/bin/MadGraph5_aMCatNLO/interactive/interactive_gridpack/work/MG5_aMC_v2_5_2/2HDMPZ2II_MH3_400_MH4_150_MH2_400_MHC_400/SubProcesses/PV0_0_1_gg_xdxdxh1_no_z 
ALOHA: aloha creates FFV1 set of routines with options: L1
ALOHA: aloha creates FFS5 set of routines with options: L2
INFO: Computing diagram color coefficients 
INFO: Drawing loop Feynman diagrams for Process: g g > xd xd~ h1 WEIGHTED<=12 [ noborn = QCD ] / z 
INFO: Creating files in directory P0_gg_xdxdxh1 
INFO: Generating Feynman diagrams for Process: g g > xd xd~ h1 WEIGHTED<=12 [ noborn = QCD ] / z 
INFO: Finding symmetric diagrams for subprocess group gg_xdxdxh1 
History written to /afs/cern.ch/work/s/syu/2HDM_gridpack/v25x/genproductions/bin/MadGraph5_aMCatNLO/interactive/interactive_gridpack/work/MG5_aMC_v2_5_2/2HDMPZ2II_MH3_400_MH4_150_MH2_400_MHC_400/Cards/proc_card_mg5.dat
Generated helas calls for 1 subprocesses (80 diagrams) in 1.352 s
ALOHA: aloha creates FFS1 routines
ALOHA: aloha creates FFS3 set of routines with options: L2
ALOHA: aloha creates SSS1 routines
ALOHA: aloha creates FFS3_5 set of routines with options: L2
save configuration file to /afs/cern.ch/work/s/syu/2HDM_gridpack/v25x/genproductions/bin/MadGraph5_aMCatNLO/interactive/interactive_gridpack/work/MG5_aMC_v2_5_2/2HDMPZ2II_MH3_400_MH4_150_MH2_400_MHC_400/Cards/me5_configuration.txt
INFO: Use Fortran compiler gfortran 
INFO: Use c++ compiler g++ 
INFO: Generate web pages 
Output to directory /afs/cern.ch/work/s/syu/2HDM_gridpack/v25x/genproductions/bin/MadGraph5_aMCatNLO/interactive/interactive_gridpack/work/MG5_aMC_v2_5_2/2HDMPZ2II_MH3_400_MH4_150_MH2_400_MHC_400 done.
Type "launch" to generate events from this process, or see
/afs/cern.ch/work/s/syu/2HDM_gridpack/v25x/genproductions/bin/MadGraph5_aMCatNLO/interactive/interactive_gridpack/work/MG5_aMC_v2_5_2/2HDMPZ2II_MH3_400_MH4_150_MH2_400_MHC_400/README
Run "open index.html" to see more information about this process.
launch 2HDMPZ2II_MH3_400_MH4_150_MH2_400_MHC_400
************************************************************
*                                                          *
*                      W E L C O M E to                    *
*             M A D G R A P H 5 _ a M C @ N L O            *
*                      M A D E V E N T                     *
*                                                          *
*                 *                       *                *
*                   *        * *        *                  *
*                     * * * * 5 * * * *                    *
*                   *        * *        *                  *
*                 *                       *                *
*                                                          *
*         VERSION 2.5.2                 2016-12-10         *
*                                                          *
*    The MadGraph5_aMC@NLO Development Team - Find us at   *
*    https://server06.fynu.ucl.ac.be/projects/madgraph     *
*                                                          *
*               Type 'help' for in-line help.              *
*                                                          *
************************************************************
INFO: load configuration from /afs/cern.ch/work/s/syu/2HDM_gridpack/v25x/genproductions/bin/MadGraph5_aMCatNLO/interactive/interactive_gridpack/work/MG5_aMC_v2_5_2/2HDMPZ2II_MH3_400_MH4_150_MH2_400_MHC_400/Cards/me5_configuration.txt  
INFO: load configuration from /afs/cern.ch/work/s/syu/2HDM_gridpack/v25x/genproductions/bin/MadGraph5_aMCatNLO/interactive/interactive_gridpack/work/MG5_aMC_v2_5_2/input/mg5_configuration.txt  
INFO: load configuration from /afs/cern.ch/work/s/syu/2HDM_gridpack/v25x/genproductions/bin/MadGraph5_aMCatNLO/interactive/interactive_gridpack/work/MG5_aMC_v2_5_2/2HDMPZ2II_MH3_400_MH4_150_MH2_400_MHC_400/Cards/me5_configuration.txt  
No valid eps viewer found. Please set in ./input/mg5_configuration.txt
No valid web browser found. Please set in ./input/mg5_configuration.txt
generate_events run_01
The following switches determine which programs are run:
/--------------------------------------------------------------------------------------------------\
|  [31m1[0m. Choose the shower/hadronization program:                           shower = [31mNot installed[0m    |
|  [31m2[0m. Choose the detector simulation program:                          detector = [31mNot installed[0m    |
|  [31m3[0m. Run an analysis package on the events generated:                 analysis = [33mNo analysis tool interfaced to MG5aMC.[0m|
|  [31m4[0m. Decay particles with the MadSpin module:                          madspin = [31mOFF[0m              |
|  [31m5[0m. Add weights to events for different model hypothesis:            reweight = [31mOFF[0m              |
\--------------------------------------------------------------------------------------------------/
  Either type the switch number (1 to 5) to change its setting,
  Set any switch explicitly (e.g. type 'madspin=ON' at the prompt)
  Type 'help' for the list of all valid option
  Type '0', 'auto', 'done' or just press enter when you are done.
 [[4m0[0m, auto, done, madspin=ON, madspin=OFF, madspin, reweight=ON, reweight=OFF, reweight, parton, ... ]
[1;34mThe answer to the previous question is not set in your input file[0m
[1;34mUse 0 value[0m
set sinp 0.35
[1;60mINFO: modify param_card information BLOCK higgs with id (5,) set to 0.35 [0m
set tanbeta 1
[1;60mINFO: modify param_card information BLOCK frblock with id (2,) set to 1.0 [0m
set laP1 3.0
[1;60mINFO: modify param_card information BLOCK higgs with id (2,) set to 3.0 [0m
set laP2 3.0
[1;60mINFO: modify param_card information BLOCK higgs with id (3,) set to 3.0 [0m
set lam3 3.0
[1;60mINFO: modify param_card information BLOCK higgs with id (1,) set to 3.0 [0m
set sinbma 1.0
[1;60mINFO: modify param_card information BLOCK frblock with id (3,) set to 1.0 [0m
set gPXd 1.0
[1;60mINFO: modify param_card information BLOCK dminputs with id (1,) set to 1.0 [0m
set Mxd 1.0
[1;60mINFO: modify param_card information BLOCK mass with id (52,) set to 1.0 [0m
set mhc 400
[1;60mINFO: modify param_card information BLOCK mass with id (37,) set to 400.0 [0m
set mh2 400
[1;60mINFO: modify param_card information BLOCK mass with id (35,) set to 400.0 [0m
set mh3 400
[1;60mINFO: modify param_card information BLOCK mass with id (36,) set to 400.0 [0m
set mh4 150
[1;60mINFO: modify param_card information BLOCK mass with id (55,) set to 150.0 [0m
set Wh1 auto
[1;60mINFO: modify param_card information BLOCK decay with id (25,) set to Auto [0m
set Wh2 auto
[1;60mINFO: modify param_card information BLOCK decay with id (35,) set to Auto [0m
set Wh3 auto
[1;60mINFO: modify param_card information BLOCK decay with id (36,) set to Auto [0m
set Whc auto
[1;60mINFO: modify param_card information BLOCK decay with id (37,) set to Auto [0m
set Wh4 auto
[1;60mINFO: modify param_card information BLOCK decay with id (55,) set to Auto [0m
Do you want to edit a card (press enter to bypass editing)?
/------------------------------------------------------------\
|  [31m1[0m. param         : [32mparam_card.dat[0m                         |
|  [31m2[0m. run           : [32mrun_card.dat[0m                           |
|  [31m3[0m. MadLoopParams : [32mMadLoopParams.dat[0m                      |
\------------------------------------------------------------/
 you can also
   - enter the path to a valid card or banner.
   - use the 'set' command to modify a parameter directly.
     The set option works only for param_card and run_card.
     Type 'help set' for more information on this command.
   - call an external program (ASperGE/MadWidth/...).
     Type 'help' for the list of available command
 [[4m0[0m, done, 1, param, 2, run, 3, MadLoopParams, enter path]
[1;60mThe answer to the previous question is not set in your input file[0m
[1;60mUse 0 value[0m
INFO: Change particles name to pass to MG5 convention 
************************************************************
*                                                          *
*                     W E L C O M E to                     *
*              M A D G R A P H 5 _ a M C @ N L O           *
*                                                          *
*                                                          *
*                 *                       *                *
*                   *        * *        *                  *
*                     * * * * 5 * * * *                    *
*                   *        * *        *                  *
*                 *                       *                *
*                                                          *
*         VERSION 2.5.2                 2016-12-10         *
*                                                          *
*    The MadGraph5_aMC@NLO Development Team - Find us at   *
*    https://server06.fynu.ucl.ac.be/projects/madgraph     *
*                            and                           *
*            http://amcatnlo.web.cern.ch/amcatnlo/         *
*                                                          *
*               Type 'help' for in-line help.              *
*           Type 'tutorial' to learn how MG5 works         *
*    Type 'tutorial aMCatNLO' to learn how aMC@NLO works   *
*    Type 'tutorial MadLoop' to learn how MadLoop works    *
*                                                          *
************************************************************
load MG5 configuration from input/mg5_configuration.txt 
None does not seem to correspond to a valid fastjet-config executable (v3+). We will use fjcore instead.
 Please set the 'fastjet'variable to the full (absolute) /PATH/TO/fastjet-config (including fastjet-config).
 MG5_aMC> set fastjet /PATH/TO/fastjet-config

set lhapdf to /cvmfs/cms.cern.ch/slc6_amd64_gcc481/external/lhapdf/6.1.6-ddibom/share/LHAPDF/../../bin/lhapdf-config
set ninja to /afs/cern.ch/work/s/syu/2HDM_gridpack/v25x/genproductions/bin/MadGraph5_aMCatNLO/interactive/interactive_gridpack/work/MG5_aMC_v2_5_2/HEPTools/lib
No valid eps viewer found. Please set in ./input/mg5_configuration.txt
No valid web browser found. Please set in ./input/mg5_configuration.txt
set automatic_html_opening False --no_save
compute_widths 25 35 36 37 55 --precision_channel=0.01 --body_decay=4.0025 --path=/afs/cern.ch/work/s/syu/2HDM_gridpack/v25x/genproductions/bin/MadGraph5_aMCatNLO/interactive/interactive_gridpack/work/MG5_aMC_v2_5_2/2HDMPZ2II_MH3_400_MH4_150_MH2_400_MHC_400/Cards/param_card.dat --output=/afs/cern.ch/work/s/syu/2HDM_gridpack/v25x/genproductions/bin/MadGraph5_aMCatNLO/interactive/interactive_gridpack/work/MG5_aMC_v2_5_2/2HDMPZ2II_MH3_400_MH4_150_MH2_400_MHC_400/Cards/param_card.dat
[1;34mPlease note that the automatic computation of the width is
    only valid in narrow-width approximation and at tree-level.[0m
INFO: Get two body decay from FeynRules formula 
Results written to /afs/cern.ch/work/s/syu/2HDM_gridpack/v25x/genproductions/bin/MadGraph5_aMCatNLO/interactive/interactive_gridpack/work/MG5_aMC_v2_5_2/2HDMPZ2II_MH3_400_MH4_150_MH2_400_MHC_400/Cards/param_card.dat
INFO: get decay diagram for h1 
Vertexlist of this model has not been searched.Automatically run the model.find_vertexlist()
Found 6 stable particles
INFO:     current estimated error: 0.0870307487902 go to 4-body decay: 
100 / 240: 5s
200 / 240: 9s
INFO: get decay diagram for h2 
INFO: get decay diagram for h3 
INFO: get decay diagram for h+ 
INFO: get decay diagram for h4 
Pass to numerical integration for computing the widths:
INFO: More info in temporary files:
    /afs/cern.ch/work/s/syu/2HDM_gridpack/v25x/genproductions/bin/MadGraph5_aMCatNLO/interactive/interactive_gridpack/work/MG5_aMC_v2_5_2/tmp4xEZsv/temp_decay/index.html 
Results written to /afs/cern.ch/work/s/syu/2HDM_gridpack/v25x/genproductions/bin/MadGraph5_aMCatNLO/interactive/interactive_gridpack/work/MG5_aMC_v2_5_2/2HDMPZ2II_MH3_400_MH4_150_MH2_400_MHC_400/Cards/param_card.dat
INFO: Update the dependent parameter of the param_card.dat 
Generating 20000 events with run name run_01
survey  run_01 
INFO: compile directory 
[1;34mNot able to open file /afs/cern.ch/work/s/syu/2HDM_gridpack/v25x/genproductions/bin/MadGraph5_aMCatNLO/interactive/interactive_gridpack/work/MG5_aMC_v2_5_2/2HDMPZ2II_MH3_400_MH4_150_MH2_400_MHC_400/crossx.html since no program configured.Please set one in ./input/mg5_configuration.txt[0m
run_card missed argument ptlund. Takes default: -1.0
run_card missed argument pdgs_for_merging_cut. Takes default: [21, 1, 2, 3, 4, 5, 6]
run_card missed argument bias_parameters. Takes default: {}
initMadLoop -r -f
run_card missed argument ptlund. Takes default: -1.0
run_card missed argument pdgs_for_merging_cut. Takes default: [21, 1, 2, 3, 4, 5, 6]
run_card missed argument bias_parameters. Takes default: {}
Initializing MadLoop loop-induced matrix elements (this can take some time)...
MadLoop initialization finished.
compile Source Directory
Using random number seed offset = 21
INFO: Running Survey 
Creating Jobs
Working on SubProcesses
INFO:     P0_gg_xdxdxh1  
INFO:  Idle: 28,  Running: 16,  Completed: 0 [ current time: 19h32 ] 
INFO:  Idle: 26,  Running: 16,  Completed: 2 [  33.1s  ] 
INFO:  Idle: 25,  Running: 16,  Completed: 4 [  36.7s  ] 
INFO:  Idle: 24,  Running: 16,  Completed: 5 [  40.4s  ] 
INFO:  Idle: 23,  Running: 16,  Completed: 6 [  47.9s  ] 
INFO:  Idle: 19,  Running: 16,  Completed: 10 [  51.7s  ] 
INFO:  Idle: 16,  Running: 16,  Completed: 14 [  55.8s  ] 
INFO:  Idle: 16,  Running: 16,  Completed: 15 [  58.9s  ] 
INFO:  Idle: 16,  Running: 16,  Completed: 16 [  1m 7s  ] 
INFO:  Idle: 15,  Running: 16,  Completed: 17 [  1m 15s  ] 
INFO:  Idle: 13,  Running: 16,  Completed: 20 [  1m 27s  ] 
INFO:  Idle: 10,  Running: 16,  Completed: 23 [  1m 41s  ] 
INFO:  Idle: 7,  Running: 16,  Completed: 26 [  1m 48s  ] 
INFO:  Idle: 5,  Running: 16,  Completed: 30 [  1m 51s  ] 
INFO:  Idle: 4,  Running: 16,  Completed: 31 [  1m 55s  ] 
INFO:  Idle: 4,  Running: 16,  Completed: 32 [  2m 8s  ] 
INFO: P0_gg_xdxdxh1/G1.7 is at 0.00325 +- 0.000276 pb. Now submitting iteration #2. 
INFO: P0_gg_xdxdxh1/G1.4 is at 4.44e-06 +- 3.28e-07 pb. Now submitting iteration #2. 
INFO: P0_gg_xdxdxh1/G2.5 is at 1.01e-08 +- 1.04e-09 pb. Now submitting iteration #2. 
INFO: P0_gg_xdxdxh1/G1.5 is at 0.00317 +- 0.000212 pb. Now submitting iteration #2. 
INFO:  Idle: 4,  Running: 16,  Completed: 36 [  2m 15s  ] 
INFO: P0_gg_xdxdxh1/G1.8 is at 2.7e-05 +- 1.01e-05 pb. Now submitting iteration #2. 
INFO:  Idle: 9,  Running: 16,  Completed: 40 [  2m 18s  ] 
INFO:  Idle: 15,  Running: 16,  Completed: 42 [  2m 22s  ] 
INFO: P0_gg_xdxdxh1/G2.8 is at 2.07e-07 +- 3.54e-08 pb. Now submitting iteration #2. 
INFO: P0_gg_xdxdxh1/G2.7 is at 2.37e-06 +- 1.89e-07 pb. Now submitting iteration #2. 
INFO:  Idle: 14,  Running: 16,  Completed: 47 [  2m 27s  ] 
INFO: P0_gg_xdxdxh1/G4.5 is at 0.000156 +- 1.36e-05 pb. Now submitting iteration #2. 
INFO: P0_gg_xdxdxh1/G3 is at 0.93 +- 0.0214 pb. Now submitting iteration #2. 
INFO:  Idle: 22,  Running: 16,  Completed: 52 [  2m 33s  ] 
INFO:  Idle: 22,  Running: 16,  Completed: 53 [  2m 36s  ] 
INFO:  Idle: 21,  Running: 16,  Completed: 54 [  3m 15s  ] 
INFO:  Idle: 18,  Running: 16,  Completed: 57 [  3m 29s  ] 
INFO:  Idle: 13,  Running: 16,  Completed: 64 [  3m 34s  ] 
INFO:  Idle: 11,  Running: 16,  Completed: 67 [  3m 37s  ] 
INFO: P0_gg_xdxdxh1/G4.7 is at 0.149 +- 0.0129 pb. Now submitting iteration #2. 
INFO:  Idle: 9,  Running: 16,  Completed: 70 [  4m 0s  ] 
INFO:  Idle: 11,  Running: 16,  Completed: 72 [  4m 9s  ] 
INFO:  Idle: 9,  Running: 16,  Completed: 74 [  4m 23s  ] 
INFO:  Idle: 9,  Running: 16,  Completed: 75 [  4m 26s  ] 
INFO: P0_gg_xdxdxh1/G4.8 is at 0.00322 +- 0.000948 pb. Now submitting iteration #2. 
INFO:  Idle: 11,  Running: 16,  Completed: 77 [  4m 29s  ] 
INFO:  Idle: 9,  Running: 16,  Completed: 79 [  4m 36s  ] 
INFO:  Idle: 7,  Running: 16,  Completed: 81 [  4m 39s  ] 
INFO: P0_gg_xdxdxh1/G1.7 is at 0.00321 +- 1.11e-05 pb. Now submitting iteration #3. 
INFO:  Idle: 5,  Running: 16,  Completed: 84 [  4m 43s  ] 
INFO: Survey finished for P0_gg_xdxdxh1/G2.5 at 9.838e-09 +- 5.06e-11 pb 
INFO: P0_gg_xdxdxh1/G1.5 is at 0.003135 +- 8.56e-06 pb. Now submitting iteration #3. 
INFO: P0_gg_xdxdxh1/G1.4 is at 4.69e-06 +- 1.12e-07 pb. Now submitting iteration #3. 
INFO:  Idle: 10,  Running: 16,  Completed: 88 [  4m 46s  ] 
INFO: P0_gg_xdxdxh1/G1.8 is at 9.7e-05 +- 3.05e-05 pb. Now submitting iteration #3. 
INFO:  Idle: 12,  Running: 16,  Completed: 91 [  5m 5s  ] 
INFO:  Idle: 14,  Running: 16,  Completed: 93 [  5m 9s  ] 
INFO: P0_gg_xdxdxh1/G2.7 is at 2.91e-06 +- 1.76e-07 pb. Now submitting iteration #3. 
INFO: Survey finished for P0_gg_xdxdxh1/G2.8 at 3.09e-07 +- 6e-08 pb 
INFO:  Idle: 15,  Running: 16,  Completed: 97 [  5m 21s  ] 
INFO:  Idle: 13,  Running: 16,  Completed: 99 [  5m 33s  ] 
INFO:  Idle: 12,  Running: 16,  Completed: 100 [  5m 37s  ] 
INFO:  Idle: 8,  Running: 16,  Completed: 105 [  5m 43s  ] 
INFO:  Idle: 8,  Running: 16,  Completed: 106 [  5m 51s  ] 
INFO: P0_gg_xdxdxh1/G4.5 is at 0.0001504 +- 1.5e-06 pb. Now submitting iteration #3. 
INFO:  Idle: 11,  Running: 16,  Completed: 107 [  6m 1s  ] 
INFO:  Idle: 9,  Running: 16,  Completed: 109 [  6m 54s  ] 
INFO: P0_gg_xdxdxh1/G3 is at 0.9362 +- 0.00243 pb. Now submitting iteration #3. 
INFO:  Idle: 10,  Running: 16,  Completed: 113 [  7m 4s  ] 
INFO:  Idle: 9,  Running: 16,  Completed: 114 [  7m 7s  ] 
INFO:  Idle: 8,  Running: 16,  Completed: 115 [  7m 20s  ] 
INFO: P0_gg_xdxdxh1/G4.7 is at 0.136 +- 0.00359 pb. Now submitting iteration #3. 
INFO:  Idle: 7,  Running: 16,  Completed: 116 [  7m 23s  ] 
INFO:  Idle: 9,  Running: 16,  Completed: 119 [  7m 28s  ] 
INFO: P0_gg_xdxdxh1/G4.8 is at 0.00424 +- 0.00023 pb. Now submitting iteration #3. 
INFO:  Idle: 9,  Running: 16,  Completed: 124 [  7m 34s  ] 
INFO: Survey finished for P0_gg_xdxdxh1/G1.7 at 0.003257 +- 1.48e-05 pb 
INFO:  Idle: 8,  Running: 16,  Completed: 125 [  7m 44s  ] 
INFO:  Idle: 7,  Running: 16,  Completed: 126 [  7m 50s  ] 
INFO:  Idle: 6,  Running: 16,  Completed: 128 [  8m 45s  ] 
INFO:  Idle: 4,  Running: 16,  Completed: 130 [  8m 53s  ] 
INFO:  Idle: 3,  Running: 16,  Completed: 132 [  8m 56s  ] 
INFO:  Idle: 2,  Running: 16,  Completed: 133 [  9m 15s  ] 
INFO:  Idle: 1,  Running: 16,  Completed: 134 [  9m 20s  ] 
INFO:  Idle: 0,  Running: 15,  Completed: 136 [  9m 25s  ] 
INFO: Survey finished for P0_gg_xdxdxh1/G1.5 at 0.003114 +- 7.05e-06 pb 
INFO: Survey finished for P0_gg_xdxdxh1/G1.4 at 4.679e-06 +- 2.57e-08 pb 
INFO:  Idle: 1,  Running: 13,  Completed: 138 [  9m 32s  ] 
INFO:  Idle: 1,  Running: 11,  Completed: 141 [  9m 36s  ] 
INFO:  Idle: 0,  Running: 11,  Completed: 142 [  9m 41s  ] 
INFO:  Idle: 0,  Running: 9,  Completed: 145 [  9m 44s  ] 
INFO: P0_gg_xdxdxh1/G1.8 is at 0.000112 +- 1.42e-05 pb. Now submitting iteration #4. 
INFO: Survey finished for P0_gg_xdxdxh1/G2.7 at 3.03e-06 +- 1.4e-07 pb 
INFO:  Idle: 1,  Running: 11,  Completed: 146 [  9m 51s  ] 
INFO: Survey finished for P0_gg_xdxdxh1/G3 at 0.9337 +- 0.00119 pb 
INFO: Survey finished for P0_gg_xdxdxh1/G4.5 at 0.0001495 +- 4.88e-07 pb 
INFO:  Idle: 0,  Running: 10,  Completed: 148 [  10m 10s  ] 
INFO:  Idle: 0,  Running: 9,  Completed: 149 [  10m 13s  ] 
INFO: Survey finished for P0_gg_xdxdxh1/G4.7 at 0.1349 +- 0.00117 pb 
INFO:  Idle: 0,  Running: 6,  Completed: 152 [  10m 19s  ] 
INFO: P0_gg_xdxdxh1/G4.8 is at 0.00504 +- 0.000197 pb. Now submitting iteration #4. 
INFO:  Idle: 2,  Running: 6,  Completed: 155 [  10m 30s  ] 
INFO:  Idle: 0,  Running: 7,  Completed: 156 [  12m 22s  ] 
INFO:  Idle: 0,  Running: 5,  Completed: 158 [  12m 39s  ] 
INFO:  Idle: 0,  Running: 4,  Completed: 160 [  12m 55s  ] 
INFO:  Idle: 0,  Running: 2,  Completed: 162 [  13m 3s  ] 
INFO: P0_gg_xdxdxh1/G1.8 is at 0.000115 +- 5.04e-06 pb. Now submitting iteration #5. 
INFO:  Idle: 1,  Running: 4,  Completed: 164 [  13m 31s  ] 
INFO: Survey finished for P0_gg_xdxdxh1/G4.8 at 0.00515 +- 0.000102 pb 
INFO:  Idle: 0,  Running: 4,  Completed: 165 [  14m 2s  ] 
INFO:  Idle: 0,  Running: 1,  Completed: 168 [  17m 18s  ] 
INFO: Survey finished for P0_gg_xdxdxh1/G1.8 at 0.000117 +- 1.88e-06 pb 
INFO:  Idle: 0,  Running: 0,  Completed: 170 [  17m 55s  ] 
INFO:  Idle: 0,  Running: 0,  Completed: 170 [  17m 55s  ] 
INFO: End survey 
refine 20000
Creating Jobs
INFO: Refine results to 20000 
INFO: Generating 20000.0 unweigthed events. 
INFO: Effective Luminosity 21289.9017372 pb^-1 
INFO: need to improve 2 channels 
Current estimate of cross-section: 1.08032438496 +- 0.00166836377388
INFO:  Idle: 1,  Running: 16,  Completed: 0 [ current time: 19h50 ] 
INFO:  Idle: 0,  Running: 16,  Completed: 1 [  44.6s  ] 
INFO:  Idle: 0,  Running: 15,  Completed: 2 [  50.3s  ] 
INFO:  Idle: 0,  Running: 13,  Completed: 4 [  1m 1s  ] 
INFO:  Idle: 0,  Running: 12,  Completed: 5 [  1m 8s  ] 
INFO:  Idle: 0,  Running: 11,  Completed: 6 [  1m 19s  ] 
INFO:  Idle: 0,  Running: 7,  Completed: 10 [  1m 24s  ] 
INFO:  Idle: 0,  Running: 5,  Completed: 12 [  1m 33s  ] 
INFO:  Idle: 1,  Running: 1,  Completed: 16 [  1m 36s  ] 
INFO: P0_gg_xdxdxh1/G4.7 is at 857/2834 (30%) event. Resubmit 4 job at iteration 1. 
INFO:  Idle: 0,  Running: 5,  Completed: 17 [  2m 2s  ] 
INFO:  Idle: 1,  Running: 4,  Completed: 18 [  2m 7s  ] 
INFO: P0_gg_xdxdxh1/G3 is at 5693/19793 (29%) event. Resubmit 11 job at iteration 1. 
INFO:  Idle: 1,  Running: 14,  Completed: 19 [  2m 29s  ] 
INFO:  Idle: 0,  Running: 13,  Completed: 21 [  2m 41s  ] 
INFO:  Idle: 1,  Running: 11,  Completed: 23 [  2m 46s  ] 
INFO: P0_gg_xdxdxh1/G4.7 is at 1752/2850 (62%) event. Resubmit 5 job at iteration 2. 
INFO:  Idle: 0,  Running: 16,  Completed: 24 [  3m 18s  ] 
INFO:  Idle: 0,  Running: 15,  Completed: 25 [  3m 38s  ] 
INFO:  Idle: 0,  Running: 4,  Completed: 37 [  4m 21s  ] 
INFO:  Idle: 1,  Running: 1,  Completed: 40 [  4m 33s  ] 
INFO: P0_gg_xdxdxh1/G3 is at 10569/19798 (53%) event. Resubmit 21 job at iteration 2. 
INFO:  Idle: 6,  Running: 16,  Completed: 41 [  4m 46s  ] 
INFO: found enough event for P0_gg_xdxdxh1/G4.7 
INFO:  Idle: 5,  Running: 16,  Completed: 42 [  5m 13s  ] 
INFO:  Idle: 4,  Running: 16,  Completed: 43 [  5m 54s  ] 
INFO:  Idle: 3,  Running: 16,  Completed: 44 [  5m 59s  ] 
INFO:  Idle: 2,  Running: 16,  Completed: 45 [  6m 6s  ] 
INFO:  Idle: 0,  Running: 15,  Completed: 48 [  6m 12s  ] 
INFO:  Idle: 0,  Running: 3,  Completed: 60 [  6m 47s  ] 
INFO:  Idle: 0,  Running: 2,  Completed: 61 [  6m 54s  ] 
INFO:  Idle: 0,  Running: 1,  Completed: 62 [  7m 4s  ] 
INFO:  Idle: 1,  Running: 0,  Completed: 63 [  7m 7s  ] 
INFO: found enough event for P0_gg_xdxdxh1/G3 
INFO:  Idle: 0,  Running: 0,  Completed: 64 [  9m 29s  ] 
INFO:  Idle: 0,  Running: 0,  Completed: 64 [  9m 29s  ] 
INFO: Combining runs 
INFO: finish refine 
refine 20000
Creating Jobs
INFO: Refine results to 20000 
INFO: Generating 20000.0 unweigthed events. 
INFO: Effective Luminosity 21336.5119673 pb^-1 
INFO: need to improve 0 channels 
Current estimate of cross-section: 1.07796438496 +- 0.00168258633716
INFO:  Idle: 0,  Running: 0,  Completed: 0 [ current time: 20h00 ] 
INFO: Combining runs 
INFO: finish refine 
INFO: Combining Events 
 
 
 
  === Results Summary for run: run_01 tag: tag_1 ===

     Cumulative sequential time for this run: 2h03m42s
     Cross-section :   1.078 +- 0.001683 pb
     Nb of events :  20000
 
store_events
INFO: Storing parton level results 
INFO: End Parton 
reweight -from_cards
decay_events -from_cards
INFO: storing files of previous run 
INFO: Done 
quit
INFO:  
 
INFO:  
 
quit
 

 


Job finished at Fri Jul 21 20:03:22 CEST 2017 on node 
 under linux version Scientific Linux CERN SLC release 6.9 (Carbon)

CERN statistics: This process used approximately : 5:40:01 KSI2K hours (20401 KSI2K seconds)
                 This process corresponds to     : 22:06:06 HS06  hours (79566 HS06  seconds)
