@(#)CERN job starter $Date: 2010/06/23 14:22:16 $
Working directory is </pool/lsf/syu/60545598> on <p05496706u23195.cern.ch>

Starting job on  Fri Jul 21 18:42:38 CEST 2017
Running on  Linux p05496706u23195.cern.ch 2.6.32-696.el6.x86_64 #1 SMP Tue Mar 21 15:27:12 CET 2017 x86_64 x86_64 x86_64 GNU/Linux
System release  Scientific Linux CERN SLC release 6.9 (Carbon)
name: interactive
carddir: 
queue: local
scram_arch: slc6_amd64_gcc481
cmssw_version: CMSSW_7_1_28
# On branch mg25x
# Changed but not updated:
#   (use "git add <file>..." to update what will be committed)
#   (use "git checkout -- <file>..." to discard changes in working directory)
#
#	modified:   gridpack_generation.sh
#
# Untracked files:
#   (use "git add <file>..." to include in what will be committed)
#
#	2HDMPZ2II_MH3_1000_MH4_100_MH2_1000_MHC_1000_proc_card.dat
#	2HDMPZ2II_MH3_1000_MH4_150_MH2_1000_MHC_1000_proc_card.dat
#	2HDMPZ2II_MH3_1000_MH4_200_MH2_1000_MHC_1000_proc_card.dat
#	2HDMPZ2II_MH3_1000_MH4_250_MH2_1000_MHC_1000_proc_card.dat
#	2HDMPZ2II_MH3_1000_MH4_300_MH2_1000_MHC_1000_proc_card.dat
#	2HDMPZ2II_MH3_1000_MH4_350_MH2_1000_MHC_1000_proc_card.dat
#	2HDMPZ2II_MH3_1000_MH4_400_MH2_1000_MHC_1000_proc_card.dat
#	2HDMPZ2II_MH3_1000_MH4_450_MH2_1000_MHC_1000_proc_card.dat
#	2HDMPZ2II_MH3_1000_MH4_500_MH2_1000_MHC_1000_proc_card.dat
#	2HDMPZ2II_MH3_100_MH4_100_MH2_100_MHC_100_proc_card.dat
#	2HDMPZ2II_MH3_1100_MH4_100_MH2_1100_MHC_1100_proc_card.dat
#	2HDMPZ2II_MH3_1100_MH4_150_MH2_1100_MHC_1100_proc_card.dat
#	2HDMPZ2II_MH3_1100_MH4_200_MH2_1100_MHC_1100_proc_card.dat
#	2HDMPZ2II_MH3_1100_MH4_250_MH2_1100_MHC_1100_proc_card.dat
#	2HDMPZ2II_MH3_1100_MH4_300_MH2_1100_MHC_1100_proc_card.dat
#	2HDMPZ2II_MH3_1100_MH4_350_MH2_1100_MHC_1100_proc_card.dat
#	2HDMPZ2II_MH3_1100_MH4_400_MH2_1100_MHC_1100_proc_card.dat
#	2HDMPZ2II_MH3_1100_MH4_450_MH2_1100_MHC_1100_proc_card.dat
#	2HDMPZ2II_MH3_1100_MH4_500_MH2_1100_MHC_1100_proc_card.dat
#	2HDMPZ2II_MH3_1200_MH4_100_MH2_1200_MHC_1200_proc_card.dat
#	2HDMPZ2II_MH3_1200_MH4_150_MH2_1200_MHC_1200_proc_card.dat
#	2HDMPZ2II_MH3_1200_MH4_200_MH2_1200_MHC_1200_proc_card.dat
#	2HDMPZ2II_MH3_1200_MH4_250_MH2_1200_MHC_1200_proc_card.dat
#	2HDMPZ2II_MH3_1200_MH4_300_MH2_1200_MHC_1200_proc_card.dat
#	2HDMPZ2II_MH3_1200_MH4_350_MH2_1200_MHC_1200_proc_card.dat
#	2HDMPZ2II_MH3_1200_MH4_400_MH2_1200_MHC_1200_proc_card.dat
#	2HDMPZ2II_MH3_1200_MH4_450_MH2_1200_MHC_1200_proc_card.dat
#	2HDMPZ2II_MH3_1200_MH4_500_MH2_1200_MHC_1200_proc_card.dat
#	2HDMPZ2II_MH3_1300_MH4_100_MH2_1300_MHC_1300_proc_card.dat
#	2HDMPZ2II_MH3_1300_MH4_150_MH2_1300_MHC_1300_proc_card.dat
#	2HDMPZ2II_MH3_1300_MH4_200_MH2_1300_MHC_1300_proc_card.dat
#	2HDMPZ2II_MH3_1300_MH4_250_MH2_1300_MHC_1300_proc_card.dat
#	2HDMPZ2II_MH3_1300_MH4_300_MH2_1300_MHC_1300_proc_card.dat
#	2HDMPZ2II_MH3_1300_MH4_350_MH2_1300_MHC_1300_proc_card.dat
#	2HDMPZ2II_MH3_1300_MH4_400_MH2_1300_MHC_1300_proc_card.dat
#	2HDMPZ2II_MH3_1300_MH4_450_MH2_1300_MHC_1300_proc_card.dat
#	2HDMPZ2II_MH3_1300_MH4_500_MH2_1300_MHC_1300_proc_card.dat
#	2HDMPZ2II_MH3_1400_MH4_100_MH2_1400_MHC_1400_proc_card.dat
#	2HDMPZ2II_MH3_1400_MH4_150_MH2_1400_MHC_1400_proc_card.dat
#	2HDMPZ2II_MH3_1400_MH4_200_MH2_1400_MHC_1400_proc_card.dat
#	2HDMPZ2II_MH3_1400_MH4_250_MH2_1400_MHC_1400_proc_card.dat
#	2HDMPZ2II_MH3_1400_MH4_300_MH2_1400_MHC_1400_proc_card.dat
#	2HDMPZ2II_MH3_1400_MH4_350_MH2_1400_MHC_1400_proc_card.dat
#	2HDMPZ2II_MH3_1400_MH4_400_MH2_1400_MHC_1400_proc_card.dat
#	2HDMPZ2II_MH3_1400_MH4_450_MH2_1400_MHC_1400_proc_card.dat
#	2HDMPZ2II_MH3_1400_MH4_500_MH2_1400_MHC_1400_proc_card.dat
#	2HDMPZ2II_MH3_1500_MH4_100_MH2_1500_MHC_1500_proc_card.dat
#	2HDMPZ2II_MH3_1500_MH4_150_MH2_1500_MHC_1500_proc_card.dat
#	2HDMPZ2II_MH3_1500_MH4_200_MH2_1500_MHC_1500_proc_card.dat
#	2HDMPZ2II_MH3_1500_MH4_250_MH2_1500_MHC_1500_proc_card.dat
#	2HDMPZ2II_MH3_1500_MH4_300_MH2_1500_MHC_1500_proc_card.dat
#	2HDMPZ2II_MH3_1500_MH4_350_MH2_1500_MHC_1500_proc_card.dat
#	2HDMPZ2II_MH3_1500_MH4_400_MH2_1500_MHC_1500_proc_card.dat
#	2HDMPZ2II_MH3_1500_MH4_450_MH2_1500_MHC_1500_proc_card.dat
#	2HDMPZ2II_MH3_1500_MH4_500_MH2_1500_MHC_1500_proc_card.dat
#	2HDMPZ2II_MH3_1600_MH4_100_MH2_1600_MHC_1600_proc_card.dat
#	2HDMPZ2II_MH3_1600_MH4_150_MH2_1600_MHC_1600_proc_card.dat
#	2HDMPZ2II_MH3_1600_MH4_200_MH2_1600_MHC_1600_proc_card.dat
#	2HDMPZ2II_MH3_1600_MH4_250_MH2_1600_MHC_1600_proc_card.dat
#	2HDMPZ2II_MH3_1600_MH4_300_MH2_1600_MHC_1600_proc_card.dat
#	2HDMPZ2II_MH3_1600_MH4_350_MH2_1600_MHC_1600_proc_card.dat
#	2HDMPZ2II_MH3_1600_MH4_400_MH2_1600_MHC_1600_proc_card.dat
#	2HDMPZ2II_MH3_1600_MH4_450_MH2_1600_MHC_1600_proc_card.dat
#	2HDMPZ2II_MH3_1600_MH4_500_MH2_1600_MHC_1600_proc_card.dat
#	2HDMPZ2II_MH3_200_MH4_100_MH2_200_MHC_200_proc_card.dat
#	2HDMPZ2II_MH3_200_MH4_150_MH2_200_MHC_200_proc_card.dat
#	2HDMPZ2II_MH3_200_MH4_200_MH2_200_MHC_200_proc_card.dat
#	2HDMPZ2II_MH3_300_MH4_100_MH2_300_MHC_300_proc_card.dat
#	2HDMPZ2II_MH3_300_MH4_150_MH2_300_MHC_300_proc_card.dat
#	2HDMPZ2II_MH3_300_MH4_200_MH2_300_MHC_300_proc_card.dat
#	2HDMPZ2II_MH3_300_MH4_250_MH2_300_MHC_300_proc_card.dat
#	2HDMPZ2II_MH3_300_MH4_300_MH2_300_MHC_300_proc_card.dat
#	2HDMPZ2II_MH3_400_MH4_100_MH2_400_MHC_400_proc_card.dat
#	2HDMPZ2II_MH3_400_MH4_150_MH2_400_MHC_400_proc_card.dat
#	2HDMPZ2II_MH3_400_MH4_200_MH2_400_MHC_400_proc_card.dat
#	2HDMPZ2II_MH3_400_MH4_250_MH2_400_MHC_400_proc_card.dat
#	2HDMPZ2II_MH3_400_MH4_300_MH2_400_MHC_400_proc_card.dat
#	2HDMPZ2II_MH3_400_MH4_350_MH2_400_MHC_400_proc_card.dat
#	2HDMPZ2II_MH3_400_MH4_400_MH2_400_MHC_400_proc_card.dat
#	2HDMPZ2II_MH3_500_MH4_100_MH2_500_MHC_500_proc_card.dat
#	2HDMPZ2II_MH3_500_MH4_150_MH2_500_MHC_500_proc_card.dat
#	2HDMPZ2II_MH3_500_MH4_200_MH2_500_MHC_500_proc_card.dat
#	2HDMPZ2II_MH3_500_MH4_250_MH2_500_MHC_500_proc_card.dat
#	2HDMPZ2II_MH3_500_MH4_300_MH2_500_MHC_500_proc_card.dat
#	2HDMPZ2II_MH3_500_MH4_350_MH2_500_MHC_500_proc_card.dat
#	2HDMPZ2II_MH3_500_MH4_400_MH2_500_MHC_500_proc_card.dat
#	2HDMPZ2II_MH3_500_MH4_450_MH2_500_MHC_500_proc_card.dat
#	2HDMPZ2II_MH3_500_MH4_500_MH2_500_MHC_500_proc_card.dat
#	2HDMPZ2II_MH3_600_MH4_100_MH2_600_MHC_600_proc_card.dat
#	2HDMPZ2II_MH3_600_MH4_150_MH2_600_MHC_600_proc_card.dat
#	2HDMPZ2II_MH3_600_MH4_200_MH2_600_MHC_600_proc_card.dat
#	2HDMPZ2II_MH3_600_MH4_250_MH2_600_MHC_600_proc_card.dat
#	2HDMPZ2II_MH3_600_MH4_300_MH2_600_MHC_600_proc_card.dat
#	2HDMPZ2II_MH3_600_MH4_350_MH2_600_MHC_600_proc_card.dat
#	2HDMPZ2II_MH3_600_MH4_400_MH2_600_MHC_600_proc_card.dat
#	2HDMPZ2II_MH3_600_MH4_450_MH2_600_MHC_600_proc_card.dat
#	2HDMPZ2II_MH3_600_MH4_500_MH2_600_MHC_600_proc_card.dat
#	2HDMPZ2II_MH3_700_MH4_100_MH2_700_MHC_700_proc_card.dat
#	2HDMPZ2II_MH3_700_MH4_150_MH2_700_MHC_700_proc_card.dat
#	2HDMPZ2II_MH3_700_MH4_200_MH2_700_MHC_700_proc_card.dat
#	2HDMPZ2II_MH3_700_MH4_250_MH2_700_MHC_700_proc_card.dat
#	2HDMPZ2II_MH3_700_MH4_300_MH2_700_MHC_700_proc_card.dat
#	2HDMPZ2II_MH3_700_MH4_350_MH2_700_MHC_700_proc_card.dat
#	2HDMPZ2II_MH3_700_MH4_400_MH2_700_MHC_700_proc_card.dat
#	2HDMPZ2II_MH3_700_MH4_450_MH2_700_MHC_700_proc_card.dat
#	2HDMPZ2II_MH3_700_MH4_500_MH2_700_MHC_700_proc_card.dat
#	2HDMPZ2II_MH3_800_MH4_100_MH2_800_MHC_800_proc_card.dat
#	2HDMPZ2II_MH3_800_MH4_150_MH2_800_MHC_800_proc_card.dat
#	2HDMPZ2II_MH3_800_MH4_200_MH2_800_MHC_800_proc_card.dat
#	2HDMPZ2II_MH3_800_MH4_250_MH2_800_MHC_800_proc_card.dat
#	2HDMPZ2II_MH3_800_MH4_300_MH2_800_MHC_800_proc_card.dat
#	2HDMPZ2II_MH3_800_MH4_350_MH2_800_MHC_800_proc_card.dat
#	2HDMPZ2II_MH3_800_MH4_400_MH2_800_MHC_800_proc_card.dat
#	2HDMPZ2II_MH3_800_MH4_450_MH2_800_MHC_800_proc_card.dat
#	2HDMPZ2II_MH3_800_MH4_500_MH2_800_MHC_800_proc_card.dat
#	2HDMPZ2II_MH3_900_MH4_100_MH2_900_MHC_900_proc_card.dat
#	2HDMPZ2II_MH3_900_MH4_150_MH2_900_MHC_900_proc_card.dat
#	2HDMPZ2II_MH3_900_MH4_200_MH2_900_MHC_900_proc_card.dat
#	2HDMPZ2II_MH3_900_MH4_250_MH2_900_MHC_900_proc_card.dat
#	2HDMPZ2II_MH3_900_MH4_300_MH2_900_MHC_900_proc_card.dat
#	2HDMPZ2II_MH3_900_MH4_350_MH2_900_MHC_900_proc_card.dat
#	2HDMPZ2II_MH3_900_MH4_400_MH2_900_MHC_900_proc_card.dat
#	2HDMPZ2II_MH3_900_MH4_450_MH2_900_MHC_900_proc_card.dat
#	2HDMPZ2II_MH3_900_MH4_500_MH2_900_MHC_900_proc_card.dat
#	2HDMPZ2II_proc_card.dat
#	2HDMPZ2II_proc_card.dat~
#	ATLAS_mass
#	LSFJOB_60545393/
#	LSFJOB_60545527/
#	cards/testATLAS/
#	interactive/
#	launch_2HDMPZ2II.sh
#	launch_2HDMPZ2II.sh~
#	runLaunch.sh
#	runLaunch.sh~
#	testATLAS.log
#	testATLAS/
no changes added to commit (use "git add" and/or "git commit -a")
Current git revision is:
0bbec92b3038971e3e0a64618fcf83a7833dbb80
diff --git a/bin/MadGraph5_aMCatNLO/gridpack_generation.sh b/bin/MadGraph5_aMCatNLO/gridpack_generation.sh
index 728419e..a2b5a94 100755
--- a/bin/MadGraph5_aMCatNLO/gridpack_generation.sh
+++ b/bin/MadGraph5_aMCatNLO/gridpack_generation.sh
@@ -112,7 +112,7 @@ CARDSDIR=${PRODHOME}/${carddir}
 MGBASEDIR=mgbasedir
 
 MG_EXT=".tar.gz"
-MG=MG5_aMC_v2.5.5$MG_EXT
+MG=MG5_aMC_v2.5.2$MG_EXT
 MGSOURCE=https://cms-project-generators.web.cern.ch/cms-project-generators/$MG
 
 #syscalc is a helper tool for madgraph to add scale and pdf variation weights for LO processes
/afs/cern.ch/work/s/syu/2HDM_gridpack/v25x/genproductions/bin/MadGraph5_aMCatNLO
Reusing existing directory assuming generated code already exists
WARNING: If you changed the process card you need to clean the folder and run from scratch
************************************************************
*                                                          *
*                     W E L C O M E to                     *
*              M A D G R A P H 5 _ a M C @ N L O           *
*                                                          *
*                                                          *
*                 *                       *                *
*                   *        * *        *                  *
*                     * * * * 5 * * * *                    *
*                   *        * *        *                  *
*                 *                       *                *
*                                                          *
*         VERSION 2.5.2                 2016-12-10         *
*                                                          *
*    The MadGraph5_aMC@NLO Development Team - Find us at   *
*    https://server06.fynu.ucl.ac.be/projects/madgraph     *
*                            and                           *
*            http://amcatnlo.web.cern.ch/amcatnlo/         *
*                                                          *
*               Type 'help' for in-line help.              *
*           Type 'tutorial' to learn how MG5 works         *
*    Type 'tutorial aMCatNLO' to learn how aMC@NLO works   *
*    Type 'tutorial MadLoop' to learn how MadLoop works    *
*                                                          *
************************************************************
load MG5 configuration from input/mg5_configuration.txt 
None does not seem to correspond to a valid fastjet-config executable (v3+). We will use fjcore instead.
 Please set the 'fastjet'variable to the full (absolute) /PATH/TO/fastjet-config (including fastjet-config).
 MG5_aMC> set fastjet /PATH/TO/fastjet-config

set lhapdf to /cvmfs/cms.cern.ch/slc6_amd64_gcc481/external/lhapdf/6.1.6-ddibom/share/LHAPDF/../../bin/lhapdf-config
set ninja to /afs/cern.ch/work/s/syu/2HDM_gridpack/v25x/genproductions/bin/MadGraph5_aMCatNLO/interactive/interactive_gridpack/work/MG5_aMC_v2_5_2/HEPTools/lib
No valid eps viewer found. Please set in ./input/mg5_configuration.txt
No valid web browser found. Please set in ./input/mg5_configuration.txt
import /afs/cern.ch/work/s/syu/2HDM_gridpack/v25x/genproductions/bin/MadGraph5_aMCatNLO/2HDMPZ2II_MH3_1300_MH4_250_MH2_1300_MHC_1300_proc_card.dat
The import format was not given, so we guess it as command
import model Pseudoscalar_2HDM
INFO: Change particles name to pass to MG5 convention 
Defined multiparticle p = g u c d s u~ c~ d~ s~
Defined multiparticle j = g u c d s u~ c~ d~ s~
Defined multiparticle l+ = e+ mu+
Defined multiparticle l- = e- mu-
Defined multiparticle vl = ve vm vt
Defined multiparticle vl~ = ve~ vm~ vt~
Defined multiparticle all = g ghg ghg~ u c d s u~ c~ d~ s~ a gha gha~ ve vm vt e- mu- ve~ vm~ vt~ e+ mu+ t b t~ b~ z w+ ghz ghwp ghwm h+ h1 h2 h3 h4 w- ghz~ ghwp~ ghwm~ h- ta- xd ta+ xd~
generate g g > xd xd~ h1 / z [QCD]
[1;60m------------------------------------------------------------------------[0m
[1;60m No Born diagrams found. Now switching to the loop-induced mode.        [0m
[1;60m Please cite ref. 'arXiv:1507.00020' when using results from this mode. [0m
[1;60m------------------------------------------------------------------------[0m
1 processes with 80 diagrams generated in 6.435 s
Total: 1 processes with 80 diagrams
output 2HDMPZ2II_MH3_1300_MH4_250_MH2_1300_MHC_1300 -nojpeg
INFO: initialize a new directory: 2HDMPZ2II_MH3_1300_MH4_250_MH2_1300_MHC_1300 
INFO: remove old information in 2HDMPZ2II_MH3_1300_MH4_250_MH2_1300_MHC_1300 
INFO: Organizing processes into subprocess groups 
INFO: Generating Helas calls for process: g g > xd xd~ h1 WEIGHTED<=12 [ noborn = QCD ] / z 
INFO: Processing color information for loop process: g g > xd xd~ h1 [ noborn = QCD ] / z 
INFO: Creating color matrix  loop process: g g > xd xd~ h1 WEIGHTED<=12 [ noborn = QCD ] / z 
INFO: Creating files in directory /afs/cern.ch/work/s/syu/2HDM_gridpack/v25x/genproductions/bin/MadGraph5_aMCatNLO/interactive/interactive_gridpack/work/MG5_aMC_v2_5_2/2HDMPZ2II_MH3_1300_MH4_250_MH2_1300_MHC_1300/SubProcesses/PV0_0_1_gg_xdxdxh1_no_z 
ALOHA: aloha creates FFV1 set of routines with options: L1
ALOHA: aloha creates FFS5 set of routines with options: L2
INFO: Computing diagram color coefficients 
INFO: Drawing loop Feynman diagrams for Process: g g > xd xd~ h1 WEIGHTED<=12 [ noborn = QCD ] / z 
INFO: Creating files in directory P0_gg_xdxdxh1 
INFO: Generating Feynman diagrams for Process: g g > xd xd~ h1 WEIGHTED<=12 [ noborn = QCD ] / z 
INFO: Finding symmetric diagrams for subprocess group gg_xdxdxh1 
History written to /afs/cern.ch/work/s/syu/2HDM_gridpack/v25x/genproductions/bin/MadGraph5_aMCatNLO/interactive/interactive_gridpack/work/MG5_aMC_v2_5_2/2HDMPZ2II_MH3_1300_MH4_250_MH2_1300_MHC_1300/Cards/proc_card_mg5.dat
Generated helas calls for 1 subprocesses (80 diagrams) in 1.691 s
ALOHA: aloha creates FFS1 routines
ALOHA: aloha creates FFS3 set of routines with options: L2
ALOHA: aloha creates SSS1 routines
ALOHA: aloha creates FFS3_5 set of routines with options: L2
save configuration file to /afs/cern.ch/work/s/syu/2HDM_gridpack/v25x/genproductions/bin/MadGraph5_aMCatNLO/interactive/interactive_gridpack/work/MG5_aMC_v2_5_2/2HDMPZ2II_MH3_1300_MH4_250_MH2_1300_MHC_1300/Cards/me5_configuration.txt
INFO: Use Fortran compiler gfortran 
INFO: Use c++ compiler g++ 
INFO: Generate web pages 
Output to directory /afs/cern.ch/work/s/syu/2HDM_gridpack/v25x/genproductions/bin/MadGraph5_aMCatNLO/interactive/interactive_gridpack/work/MG5_aMC_v2_5_2/2HDMPZ2II_MH3_1300_MH4_250_MH2_1300_MHC_1300 done.
Type "launch" to generate events from this process, or see
/afs/cern.ch/work/s/syu/2HDM_gridpack/v25x/genproductions/bin/MadGraph5_aMCatNLO/interactive/interactive_gridpack/work/MG5_aMC_v2_5_2/2HDMPZ2II_MH3_1300_MH4_250_MH2_1300_MHC_1300/README
Run "open index.html" to see more information about this process.
launch 2HDMPZ2II_MH3_1300_MH4_250_MH2_1300_MHC_1300
************************************************************
*                                                          *
*                      W E L C O M E to                    *
*             M A D G R A P H 5 _ a M C @ N L O            *
*                      M A D E V E N T                     *
*                                                          *
*                 *                       *                *
*                   *        * *        *                  *
*                     * * * * 5 * * * *                    *
*                   *        * *        *                  *
*                 *                       *                *
*                                                          *
*         VERSION 2.5.2                 2016-12-10         *
*                                                          *
*    The MadGraph5_aMC@NLO Development Team - Find us at   *
*    https://server06.fynu.ucl.ac.be/projects/madgraph     *
*                                                          *
*               Type 'help' for in-line help.              *
*                                                          *
************************************************************
INFO: load configuration from /afs/cern.ch/work/s/syu/2HDM_gridpack/v25x/genproductions/bin/MadGraph5_aMCatNLO/interactive/interactive_gridpack/work/MG5_aMC_v2_5_2/2HDMPZ2II_MH3_1300_MH4_250_MH2_1300_MHC_1300/Cards/me5_configuration.txt  
INFO: load configuration from /afs/cern.ch/work/s/syu/2HDM_gridpack/v25x/genproductions/bin/MadGraph5_aMCatNLO/interactive/interactive_gridpack/work/MG5_aMC_v2_5_2/input/mg5_configuration.txt  
INFO: load configuration from /afs/cern.ch/work/s/syu/2HDM_gridpack/v25x/genproductions/bin/MadGraph5_aMCatNLO/interactive/interactive_gridpack/work/MG5_aMC_v2_5_2/2HDMPZ2II_MH3_1300_MH4_250_MH2_1300_MHC_1300/Cards/me5_configuration.txt  
No valid eps viewer found. Please set in ./input/mg5_configuration.txt
No valid web browser found. Please set in ./input/mg5_configuration.txt
generate_events run_01
The following switches determine which programs are run:
/--------------------------------------------------------------------------------------------------\
|  [31m1[0m. Choose the shower/hadronization program:                           shower = [31mNot installed[0m    |
|  [31m2[0m. Choose the detector simulation program:                          detector = [31mNot installed[0m    |
|  [31m3[0m. Run an analysis package on the events generated:                 analysis = [33mNo analysis tool interfaced to MG5aMC.[0m|
|  [31m4[0m. Decay particles with the MadSpin module:                          madspin = [31mOFF[0m              |
|  [31m5[0m. Add weights to events for different model hypothesis:            reweight = [31mOFF[0m              |
\--------------------------------------------------------------------------------------------------/
  Either type the switch number (1 to 5) to change its setting,
  Set any switch explicitly (e.g. type 'madspin=ON' at the prompt)
  Type 'help' for the list of all valid option
  Type '0', 'auto', 'done' or just press enter when you are done.
 [[4m0[0m, auto, done, madspin=ON, madspin=OFF, madspin, reweight=ON, reweight=OFF, reweight, parton, ... ]
[1;34mThe answer to the previous question is not set in your input file[0m
[1;34mUse 0 value[0m
set sinp 0.35
[1;60mINFO: modify param_card information BLOCK higgs with id (5,) set to 0.35 [0m
set tanbeta 1
[1;60mINFO: modify param_card information BLOCK frblock with id (2,) set to 1.0 [0m
set laP1 3.0
[1;60mINFO: modify param_card information BLOCK higgs with id (2,) set to 3.0 [0m
set laP2 3.0
[1;60mINFO: modify param_card information BLOCK higgs with id (3,) set to 3.0 [0m
set lam3 3.0
[1;60mINFO: modify param_card information BLOCK higgs with id (1,) set to 3.0 [0m
set sinbma 1.0
[1;60mINFO: modify param_card information BLOCK frblock with id (3,) set to 1.0 [0m
set gPXd 1.0
[1;60mINFO: modify param_card information BLOCK dminputs with id (1,) set to 1.0 [0m
set Mxd 1.0
[1;60mINFO: modify param_card information BLOCK mass with id (52,) set to 1.0 [0m
set mhc 1300
[1;60mINFO: modify param_card information BLOCK mass with id (37,) set to 1300.0 [0m
set mh2 1300
[1;60mINFO: modify param_card information BLOCK mass with id (35,) set to 1300.0 [0m
set mh3 1300
[1;60mINFO: modify param_card information BLOCK mass with id (36,) set to 1300.0 [0m
set mh4 250
[1;60mINFO: modify param_card information BLOCK mass with id (55,) set to 250.0 [0m
set Wh1 auto
[1;60mINFO: modify param_card information BLOCK decay with id (25,) set to Auto [0m
set Wh2 auto
[1;60mINFO: modify param_card information BLOCK decay with id (35,) set to Auto [0m
set Wh3 auto
[1;60mINFO: modify param_card information BLOCK decay with id (36,) set to Auto [0m
set Whc auto
[1;60mINFO: modify param_card information BLOCK decay with id (37,) set to Auto [0m
set Wh4 auto
[1;60mINFO: modify param_card information BLOCK decay with id (55,) set to Auto [0m
Do you want to edit a card (press enter to bypass editing)?
/------------------------------------------------------------\
|  [31m1[0m. param         : [32mparam_card.dat[0m                         |
|  [31m2[0m. run           : [32mrun_card.dat[0m                           |
|  [31m3[0m. MadLoopParams : [32mMadLoopParams.dat[0m                      |
\------------------------------------------------------------/
 you can also
   - enter the path to a valid card or banner.
   - use the 'set' command to modify a parameter directly.
     The set option works only for param_card and run_card.
     Type 'help set' for more information on this command.
   - call an external program (ASperGE/MadWidth/...).
     Type 'help' for the list of available command
 [[4m0[0m, done, 1, param, 2, run, 3, MadLoopParams, enter path]
[1;60mThe answer to the previous question is not set in your input file[0m
[1;60mUse 0 value[0m
INFO: Change particles name to pass to MG5 convention 
************************************************************
*                                                          *
*                     W E L C O M E to                     *
*              M A D G R A P H 5 _ a M C @ N L O           *
*                                                          *
*                                                          *
*                 *                       *                *
*                   *        * *        *                  *
*                     * * * * 5 * * * *                    *
*                   *        * *        *                  *
*                 *                       *                *
*                                                          *
*         VERSION 2.5.2                 2016-12-10         *
*                                                          *
*    The MadGraph5_aMC@NLO Development Team - Find us at   *
*    https://server06.fynu.ucl.ac.be/projects/madgraph     *
*                            and                           *
*            http://amcatnlo.web.cern.ch/amcatnlo/         *
*                                                          *
*               Type 'help' for in-line help.              *
*           Type 'tutorial' to learn how MG5 works         *
*    Type 'tutorial aMCatNLO' to learn how aMC@NLO works   *
*    Type 'tutorial MadLoop' to learn how MadLoop works    *
*                                                          *
************************************************************
load MG5 configuration from input/mg5_configuration.txt 
None does not seem to correspond to a valid fastjet-config executable (v3+). We will use fjcore instead.
 Please set the 'fastjet'variable to the full (absolute) /PATH/TO/fastjet-config (including fastjet-config).
 MG5_aMC> set fastjet /PATH/TO/fastjet-config

set lhapdf to /cvmfs/cms.cern.ch/slc6_amd64_gcc481/external/lhapdf/6.1.6-ddibom/share/LHAPDF/../../bin/lhapdf-config
set ninja to /afs/cern.ch/work/s/syu/2HDM_gridpack/v25x/genproductions/bin/MadGraph5_aMCatNLO/interactive/interactive_gridpack/work/MG5_aMC_v2_5_2/HEPTools/lib
No valid eps viewer found. Please set in ./input/mg5_configuration.txt
No valid web browser found. Please set in ./input/mg5_configuration.txt
set automatic_html_opening False --no_save
compute_widths 25 35 36 37 55 --precision_channel=0.01 --body_decay=4.0025 --path=/afs/cern.ch/work/s/syu/2HDM_gridpack/v25x/genproductions/bin/MadGraph5_aMCatNLO/interactive/interactive_gridpack/work/MG5_aMC_v2_5_2/2HDMPZ2II_MH3_1300_MH4_250_MH2_1300_MHC_1300/Cards/param_card.dat --output=/afs/cern.ch/work/s/syu/2HDM_gridpack/v25x/genproductions/bin/MadGraph5_aMCatNLO/interactive/interactive_gridpack/work/MG5_aMC_v2_5_2/2HDMPZ2II_MH3_1300_MH4_250_MH2_1300_MHC_1300/Cards/param_card.dat
[1;34mPlease note that the automatic computation of the width is
    only valid in narrow-width approximation and at tree-level.[0m
INFO: Get two body decay from FeynRules formula 
Results written to /afs/cern.ch/work/s/syu/2HDM_gridpack/v25x/genproductions/bin/MadGraph5_aMCatNLO/interactive/interactive_gridpack/work/MG5_aMC_v2_5_2/2HDMPZ2II_MH3_1300_MH4_250_MH2_1300_MHC_1300/Cards/param_card.dat
INFO: get decay diagram for h1 
Vertexlist of this model has not been searched.Automatically run the model.find_vertexlist()
Found 6 stable particles
INFO:     current estimated error: 0.00795009200193 go to 4-body decay: 
100 / 240: 5s
200 / 240: 8s
INFO: get decay diagram for h2 
INFO:     current estimated error: 0.00985665919283 go to 4-body decay: 
100 / 118: 7s
INFO:     stop to 4.0 body-decay. approximate error: 0.126820369347 
INFO: get decay diagram for h3 
INFO:     current estimated error: 32.5530472634 go to 4-body decay: 
INFO:     stop to 4.0 body-decay. approximate error: 109.647186343 
INFO: get decay diagram for h+ 
INFO:     current estimated error: 5.46412195756 go to 4-body decay: 
INFO:     stop to 4.0 body-decay. approximate error: 0.155076374462 
INFO: get decay diagram for h4 
Pass to numerical integration for computing the widths:
INFO: More info in temporary files:
    /afs/cern.ch/work/s/syu/2HDM_gridpack/v25x/genproductions/bin/MadGraph5_aMCatNLO/interactive/interactive_gridpack/work/MG5_aMC_v2_5_2/tmpcb9iJS/temp_decay/index.html 
Results written to /afs/cern.ch/work/s/syu/2HDM_gridpack/v25x/genproductions/bin/MadGraph5_aMCatNLO/interactive/interactive_gridpack/work/MG5_aMC_v2_5_2/2HDMPZ2II_MH3_1300_MH4_250_MH2_1300_MHC_1300/Cards/param_card.dat
INFO: Update the dependent parameter of the param_card.dat 
Generating 20000 events with run name run_01
survey  run_01 
INFO: compile directory 
[1;34mNot able to open file /afs/cern.ch/work/s/syu/2HDM_gridpack/v25x/genproductions/bin/MadGraph5_aMCatNLO/interactive/interactive_gridpack/work/MG5_aMC_v2_5_2/2HDMPZ2II_MH3_1300_MH4_250_MH2_1300_MHC_1300/crossx.html since no program configured.Please set one in ./input/mg5_configuration.txt[0m
run_card missed argument ptlund. Takes default: -1.0
run_card missed argument pdgs_for_merging_cut. Takes default: [21, 1, 2, 3, 4, 5, 6]
run_card missed argument bias_parameters. Takes default: {}
initMadLoop -r -f
run_card missed argument ptlund. Takes default: -1.0
run_card missed argument pdgs_for_merging_cut. Takes default: [21, 1, 2, 3, 4, 5, 6]
run_card missed argument bias_parameters. Takes default: {}
Initializing MadLoop loop-induced matrix elements (this can take some time)...
MadLoop initialization finished.
compile Source Directory
Using random number seed offset = 21
INFO: Running Survey 
Creating Jobs
Working on SubProcesses
INFO:     P0_gg_xdxdxh1  
INFO:  Idle: 23,  Running: 32,  Completed: 0 [ current time: 20h18 ] 
INFO:  Idle: 22,  Running: 32,  Completed: 1 [  35.4s  ] 
INFO:  Idle: 19,  Running: 32,  Completed: 4 [  38.6s  ] 
INFO:  Idle: 13,  Running: 32,  Completed: 10 [  42.9s  ] 
INFO:  Idle: 5,  Running: 32,  Completed: 20 [  46.4s  ] 
INFO:  Idle: 0,  Running: 32,  Completed: 26 [  49.5s  ] 
INFO: P0_gg_xdxdxh1/G1.7 is at 1.26e-08 +- 1.71e-09 pb. Now submitting iteration #2. 
INFO:  Idle: 3,  Running: 31,  Completed: 29 [  52.6s  ] 
INFO:  Idle: 2,  Running: 32,  Completed: 30 [  57.3s  ] 
INFO: P0_gg_xdxdxh1/G2.5 is at 1.01e-06 +- 7.58e-08 pb. Now submitting iteration #2. 
INFO:  Idle: 6,  Running: 32,  Completed: 32 [  1m 0s  ] 
INFO: P0_gg_xdxdxh1/G1.5 is at 6.21e-08 +- 8.95e-09 pb. Now submitting iteration #2. 
INFO: P0_gg_xdxdxh1/G1.4 is at 1.02e-06 +- 4.55e-08 pb. Now submitting iteration #2. 
INFO:  Idle: 14,  Running: 32,  Completed: 34 [  1m 4s  ] 
INFO:  Idle: 13,  Running: 32,  Completed: 36 [  1m 10s  ] 
INFO: P0_gg_xdxdxh1/G2.7 is at 3.93e-08 +- 2.88e-09 pb. Now submitting iteration #2. 
INFO:  Idle: 11,  Running: 32,  Completed: 39 [  1m 16s  ] 
INFO:  Idle: 11,  Running: 32,  Completed: 44 [  1m 22s  ] 
INFO:  Idle: 5,  Running: 32,  Completed: 51 [  1m 27s  ] 
INFO: P0_gg_xdxdxh1/G1.8 is at 1.79e-09 +- 1.12e-09 pb. Now submitting iteration #2. 
INFO: P0_gg_xdxdxh1/G2.8 is at 1.64e-07 +- 7.96e-08 pb. Now submitting iteration #2. 
INFO:  Idle: 8,  Running: 32,  Completed: 59 [  1m 30s  ] 
INFO: P0_gg_xdxdxh1/G3 is at 0.00722 +- 0.000559 pb. Now submitting iteration #2. 
INFO: P0_gg_xdxdxh1/G4.5 is at 3.76e-05 +- 2.87e-06 pb. Now submitting iteration #2. 
INFO:  Idle: 12,  Running: 32,  Completed: 60 [  1m 35s  ] 
INFO:  Idle: 15,  Running: 32,  Completed: 62 [  1m 39s  ] 
INFO:  Idle: 13,  Running: 32,  Completed: 65 [  1m 44s  ] 
INFO:  Idle: 10,  Running: 32,  Completed: 69 [  1m 49s  ] 
INFO:  Idle: 9,  Running: 32,  Completed: 70 [  1m 57s  ] 
INFO:  Idle: 5,  Running: 32,  Completed: 75 [  2m 3s  ] 
INFO: P0_gg_xdxdxh1/G4.7 is at 0.000203 +- 2.09e-05 pb. Now submitting iteration #2. 
INFO:  Idle: 1,  Running: 32,  Completed: 79 [  2m 8s  ] 
INFO:  Idle: 1,  Running: 32,  Completed: 84 [  2m 11s  ] 
INFO:  Idle: 0,  Running: 31,  Completed: 88 [  2m 15s  ] 
INFO: P0_gg_xdxdxh1/G1.7 is at 1.38e-08 +- 2.66e-10 pb. Now submitting iteration #3. 
INFO:  Idle: 0,  Running: 29,  Completed: 91 [  2m 21s  ] 
INFO:  Idle: 1,  Running: 32,  Completed: 92 [  2m 29s  ] 
INFO: P0_gg_xdxdxh1/G2.5 is at 1.09e-06 +- 2.17e-08 pb. Now submitting iteration #3. 
INFO:  Idle: 0,  Running: 30,  Completed: 95 [  2m 33s  ] 
INFO: P0_gg_xdxdxh1/G1.5 is at 7.24e-08 +- 2.16e-08 pb. Now submitting iteration #3. 
INFO: P0_gg_xdxdxh1/G1.4 is at 1.09e-06 +- 2.84e-08 pb. Now submitting iteration #3. 
INFO:  Idle: 1,  Running: 32,  Completed: 104 [  2m 37s  ] 
INFO: P0_gg_xdxdxh1/G2.7 is at 4.07e-08 +- 3.45e-09 pb. Now submitting iteration #3. 
INFO: P0_gg_xdxdxh1/G4.8 is at 1.62e-05 +- 1.31e-05 pb. Now submitting iteration #2. 
INFO: Survey finished for P0_gg_xdxdxh1/G1.8 at 2.79e-09 +- 5.41e-10 pb 
INFO:  Idle: 10,  Running: 32,  Completed: 111 [  2m 42s  ] 
INFO:  Idle: 9,  Running: 32,  Completed: 113 [  2m 45s  ] 
INFO:  Idle: 4,  Running: 32,  Completed: 118 [  2m 50s  ] 
INFO: P0_gg_xdxdxh1/G2.8 is at 2.98e-07 +- 5.01e-08 pb. Now submitting iteration #3. 
INFO:  Idle: 6,  Running: 32,  Completed: 121 [  2m 53s  ] 
INFO: P0_gg_xdxdxh1/G4.5 is at 3.889e-05 +- 3.33e-07 pb. Now submitting iteration #3. 
INFO:  Idle: 10,  Running: 32,  Completed: 124 [  3m 2s  ] 
INFO:  Idle: 9,  Running: 32,  Completed: 125 [  3m 26s  ] 
INFO:  Idle: 8,  Running: 32,  Completed: 126 [  3m 30s  ] 
INFO:  Idle: 7,  Running: 32,  Completed: 127 [  3m 34s  ] 
INFO:  Idle: 6,  Running: 32,  Completed: 128 [  3m 38s  ] 
INFO: P0_gg_xdxdxh1/G4.7 is at 0.000195 +- 2.19e-06 pb. Now submitting iteration #3. 
INFO: P0_gg_xdxdxh1/G3 is at 0.007287 +- 2.91e-05 pb. Now submitting iteration #3. 
INFO:  Idle: 14,  Running: 32,  Completed: 131 [  3m 42s  ] 
INFO:  Idle: 13,  Running: 32,  Completed: 132 [  3m 53s  ] 
INFO:  Idle: 11,  Running: 32,  Completed: 134 [  3m 58s  ] 
INFO:  Idle: 6,  Running: 32,  Completed: 139 [  4m 3s  ] 
INFO:  Idle: 2,  Running: 32,  Completed: 143 [  4m 6s  ] 
INFO: P0_gg_xdxdxh1/G4.8 is at 1.91e-05 +- 1.37e-06 pb. Now submitting iteration #3. 
INFO:  Idle: 1,  Running: 32,  Completed: 150 [  4m 11s  ] 
INFO: Survey finished for P0_gg_xdxdxh1/G1.7 at 1.353e-08 +- 1.26e-10 pb 
INFO:  Idle: 0,  Running: 29,  Completed: 156 [  4m 14s  ] 
INFO: P0_gg_xdxdxh1/G1.5 is at 8.9e-08 +- 1.8e-08 pb. Now submitting iteration #4. 
INFO:  Idle: 1,  Running: 31,  Completed: 159 [  4m 18s  ] 
INFO: Survey finished for P0_gg_xdxdxh1/G1.4 at 1.086e-06 +- 9.79e-09 pb 
INFO: Survey finished for P0_gg_xdxdxh1/G2.5 at 1.13e-06 +- 1.29e-08 pb 
INFO:  Idle: 0,  Running: 30,  Completed: 162 [  4m 21s  ] 
INFO: Survey finished for P0_gg_xdxdxh1/G2.7 at 4.27e-08 +- 1.31e-09 pb 
INFO:  Idle: 0,  Running: 27,  Completed: 165 [  4m 43s  ] 
INFO:  Idle: 0,  Running: 26,  Completed: 166 [  4m 48s  ] 
INFO:  Idle: 1,  Running: 25,  Completed: 167 [  4m 56s  ] 
INFO: P0_gg_xdxdxh1/G2.8 is at 2.89e-07 +- 9.35e-09 pb. Now submitting iteration #4. 
INFO:  Idle: 0,  Running: 29,  Completed: 169 [  5m 0s  ] 
INFO:  Idle: 0,  Running: 28,  Completed: 170 [  5m 4s  ] 
INFO:  Idle: 0,  Running: 26,  Completed: 172 [  5m 18s  ] 
INFO:  Idle: 0,  Running: 23,  Completed: 175 [  5m 24s  ] 
INFO:  Idle: 0,  Running: 16,  Completed: 183 [  5m 28s  ] 
INFO: Survey finished for P0_gg_xdxdxh1/G4.5 at 3.899e-05 +- 1.03e-07 pb 
INFO:  Idle: 1,  Running: 13,  Completed: 187 [  5m 31s  ] 
INFO: P0_gg_xdxdxh1/G4.8 is at 1.41e-05 +- 9.21e-07 pb. Now submitting iteration #4. 
INFO: Survey finished for P0_gg_xdxdxh1/G4.7 at 0.0001968 +- 7.14e-07 pb 
INFO:  Idle: 1,  Running: 16,  Completed: 190 [  5m 37s  ] 
INFO: P0_gg_xdxdxh1/G3 is at 0.00771 +- 0.000187 pb. Now submitting iteration #4. 
INFO:  Idle: 2,  Running: 18,  Completed: 192 [  5m 42s  ] 
INFO:  Idle: 0,  Running: 19,  Completed: 193 [  6m 21s  ] 
INFO:  Idle: 0,  Running: 18,  Completed: 194 [  6m 52s  ] 
INFO:  Idle: 0,  Running: 17,  Completed: 195 [  6m 57s  ] 
INFO:  Idle: 0,  Running: 16,  Completed: 196 [  7m 9s  ] 
INFO:  Idle: 1,  Running: 13,  Completed: 199 [  7m 15s  ] 
INFO: P0_gg_xdxdxh1/G1.5 is at 1.23e-07 +- 4.91e-08 pb. Now submitting iteration #5. 
INFO:  Idle: 0,  Running: 17,  Completed: 201 [  7m 34s  ] 
INFO:  Idle: 0,  Running: 16,  Completed: 202 [  7m 39s  ] 
INFO:  Idle: 0,  Running: 14,  Completed: 204 [  7m 50s  ] 
INFO: Survey finished for P0_gg_xdxdxh1/G2.8 at 2.92e-07 +- 3.31e-09 pb 
INFO:  Idle: 0,  Running: 12,  Completed: 207 [  7m 55s  ] 
INFO:  Idle: 0,  Running: 10,  Completed: 209 [  7m 59s  ] 
INFO:  Idle: 1,  Running: 9,  Completed: 210 [  8m 2s  ] 
INFO: Survey finished for P0_gg_xdxdxh1/G4.8 at 1.42e-05 +- 2.31e-07 pb 
INFO:  Idle: 0,  Running: 8,  Completed: 212 [  8m 5s  ] 
INFO:  Idle: 0,  Running: 6,  Completed: 214 [  8m 13s  ] 
INFO: Survey finished for P0_gg_xdxdxh1/G3 at 0.007673 +- 7.29e-05 pb 
INFO:  Idle: 0,  Running: 5,  Completed: 216 [  8m 18s  ] 
INFO:  Idle: 0,  Running: 4,  Completed: 217 [  10m 30s  ] 
INFO:  Idle: 0,  Running: 3,  Completed: 218 [  10m 34s  ] 
INFO:  Idle: 0,  Running: 1,  Completed: 221 [  10m 41s  ] 
INFO: Survey finished for P0_gg_xdxdxh1/G1.5 at 3.31e-07 +- 5.36e-08 pb 
INFO:  Idle: 0,  Running: 0,  Completed: 222 [  10m 43s  ] 
INFO: End survey 
refine 20000
Creating Jobs
INFO: Refine results to 20000 
INFO: Generating 20000.0 unweigthed events. 
INFO: Effective Luminosity 2901832.26174 pb^-1 
INFO: need to improve 1 channels 
Current estimate of cross-section: 0.007926026705 +- 7.28779577694e-05
INFO:  Idle: 0,  Running: 32,  Completed: 0 [ current time: 20h29 ] 
INFO:  Idle: 0,  Running: 31,  Completed: 1 [  1m 21s  ] 
INFO:  Idle: 0,  Running: 30,  Completed: 2 [  1m 33s  ] 
INFO:  Idle: 0,  Running: 29,  Completed: 3 [  1m 38s  ] 
INFO:  Idle: 0,  Running: 27,  Completed: 5 [  1m 56s  ] 
INFO:  Idle: 0,  Running: 26,  Completed: 6 [  2m 0s  ] 
INFO:  Idle: 0,  Running: 24,  Completed: 8 [  2m 6s  ] 
INFO:  Idle: 0,  Running: 21,  Completed: 11 [  2m 13s  ] 
INFO:  Idle: 0,  Running: 19,  Completed: 13 [  2m 17s  ] 
INFO:  Idle: 0,  Running: 16,  Completed: 16 [  2m 21s  ] 
INFO:  Idle: 0,  Running: 12,  Completed: 20 [  2m 24s  ] 
INFO:  Idle: 0,  Running: 10,  Completed: 22 [  2m 28s  ] 
INFO:  Idle: 0,  Running: 3,  Completed: 29 [  2m 32s  ] 
INFO: P0_gg_xdxdxh1/G3 is at 13530/22036 (61%) event. Resubmit 7 job at iteration 1. 
INFO:  Idle: 0,  Running: 7,  Completed: 33 [  2m 50s  ] 
INFO:  Idle: 0,  Running: 6,  Completed: 34 [  3m 59s  ] 
INFO:  Idle: 0,  Running: 4,  Completed: 36 [  4m 2s  ] 
INFO:  Idle: 1,  Running: 0,  Completed: 40 [  4m 8s  ] 
INFO: P0_gg_xdxdxh1/G3 is at 15596/22073 (71%) event. Resubmit 17 job at iteration 2. 
INFO:  Idle: 0,  Running: 17,  Completed: 41 [  4m 13s  ] 
INFO:  Idle: 0,  Running: 16,  Completed: 42 [  5m 31s  ] 
INFO:  Idle: 0,  Running: 14,  Completed: 44 [  5m 39s  ] 
INFO:  Idle: 0,  Running: 10,  Completed: 48 [  5m 43s  ] 
INFO:  Idle: 0,  Running: 6,  Completed: 52 [  5m 51s  ] 
INFO:  Idle: 1,  Running: 0,  Completed: 58 [  5m 55s  ] 
INFO: found enough event for P0_gg_xdxdxh1/G3 
INFO:  Idle: 0,  Running: 0,  Completed: 59 [  6m 4s  ] 
INFO:  Idle: 0,  Running: 0,  Completed: 59 [  6m 4s  ] 
INFO: Combining runs 
INFO: finish refine 
refine 20000
Creating Jobs
INFO: Refine results to 20000 
INFO: Generating 20000.0 unweigthed events. 
INFO: Effective Luminosity 2928657.87941 pb^-1 
INFO: need to improve 0 channels 
Current estimate of cross-section: 0.007853426705 +- 1.78311827325e-05
INFO:  Idle: 0,  Running: 0,  Completed: 0 [ current time: 20h35 ] 
INFO: Combining runs 
INFO: finish refine 
INFO: Combining Events 
 
 
 
  === Results Summary for run: run_01 tag: tag_1 ===

     Cumulative sequential time for this run: 3h05m16s
     Cross-section :   0.007853 +- 1.783e-05 pb
     Nb of events :  20000
 
store_events
INFO: Storing parton level results 
INFO: End Parton 
reweight -from_cards
decay_events -from_cards
INFO: storing files of previous run 
INFO: Done 
quit
INFO:  
 
INFO:  
 
quit
 

 


Job finished at Fri Jul 21 20:36:17 CEST 2017 on node 
 under linux version Scientific Linux CERN SLC release 6.9 (Carbon)

CERN statistics: This process used approximately : 10:10:16 KSI2K hours (36616 KSI2K seconds)
                 This process corresponds to     : 39:40:03 HS06  hours (142803 HS06  seconds)
