@(#)CERN job starter $Date: 2010/06/23 14:22:16 $
Working directory is </pool/lsf/syu/60545587> on <b695c06f6b.cern.ch>

Starting job on  Fri Jul 21 18:42:13 CEST 2017
Running on  Linux b695c06f6b.cern.ch 2.6.32-642.11.1.el6.x86_64 #1 SMP Wed Nov 16 09:40:09 CET 2016 x86_64 x86_64 x86_64 GNU/Linux
System release  Scientific Linux CERN SLC release 6.9 (Carbon)
name: interactive
carddir: 
queue: local
scram_arch: slc6_amd64_gcc481
cmssw_version: CMSSW_7_1_28
# On branch mg25x
# Changed but not updated:
#   (use "git add <file>..." to update what will be committed)
#   (use "git checkout -- <file>..." to discard changes in working directory)
#
#	modified:   gridpack_generation.sh
#
# Untracked files:
#   (use "git add <file>..." to include in what will be committed)
#
#	2HDMPZ2II_MH3_1000_MH4_100_MH2_1000_MHC_1000_proc_card.dat
#	2HDMPZ2II_MH3_1000_MH4_150_MH2_1000_MHC_1000_proc_card.dat
#	2HDMPZ2II_MH3_1000_MH4_200_MH2_1000_MHC_1000_proc_card.dat
#	2HDMPZ2II_MH3_1000_MH4_250_MH2_1000_MHC_1000_proc_card.dat
#	2HDMPZ2II_MH3_1000_MH4_300_MH2_1000_MHC_1000_proc_card.dat
#	2HDMPZ2II_MH3_1000_MH4_350_MH2_1000_MHC_1000_proc_card.dat
#	2HDMPZ2II_MH3_1000_MH4_400_MH2_1000_MHC_1000_proc_card.dat
#	2HDMPZ2II_MH3_1000_MH4_450_MH2_1000_MHC_1000_proc_card.dat
#	2HDMPZ2II_MH3_1000_MH4_500_MH2_1000_MHC_1000_proc_card.dat
#	2HDMPZ2II_MH3_100_MH4_100_MH2_100_MHC_100_proc_card.dat
#	2HDMPZ2II_MH3_1100_MH4_100_MH2_1100_MHC_1100_proc_card.dat
#	2HDMPZ2II_MH3_1100_MH4_150_MH2_1100_MHC_1100_proc_card.dat
#	2HDMPZ2II_MH3_1100_MH4_200_MH2_1100_MHC_1100_proc_card.dat
#	2HDMPZ2II_MH3_1100_MH4_250_MH2_1100_MHC_1100_proc_card.dat
#	2HDMPZ2II_MH3_1100_MH4_300_MH2_1100_MHC_1100_proc_card.dat
#	2HDMPZ2II_MH3_1100_MH4_350_MH2_1100_MHC_1100_proc_card.dat
#	2HDMPZ2II_MH3_1100_MH4_400_MH2_1100_MHC_1100_proc_card.dat
#	2HDMPZ2II_MH3_1100_MH4_450_MH2_1100_MHC_1100_proc_card.dat
#	2HDMPZ2II_MH3_1100_MH4_500_MH2_1100_MHC_1100_proc_card.dat
#	2HDMPZ2II_MH3_1200_MH4_100_MH2_1200_MHC_1200_proc_card.dat
#	2HDMPZ2II_MH3_1200_MH4_150_MH2_1200_MHC_1200_proc_card.dat
#	2HDMPZ2II_MH3_1200_MH4_200_MH2_1200_MHC_1200_proc_card.dat
#	2HDMPZ2II_MH3_1200_MH4_250_MH2_1200_MHC_1200_proc_card.dat
#	2HDMPZ2II_MH3_1200_MH4_300_MH2_1200_MHC_1200_proc_card.dat
#	2HDMPZ2II_MH3_1200_MH4_350_MH2_1200_MHC_1200_proc_card.dat
#	2HDMPZ2II_MH3_1200_MH4_400_MH2_1200_MHC_1200_proc_card.dat
#	2HDMPZ2II_MH3_1200_MH4_450_MH2_1200_MHC_1200_proc_card.dat
#	2HDMPZ2II_MH3_1200_MH4_500_MH2_1200_MHC_1200_proc_card.dat
#	2HDMPZ2II_MH3_1300_MH4_100_MH2_1300_MHC_1300_proc_card.dat
#	2HDMPZ2II_MH3_1300_MH4_150_MH2_1300_MHC_1300_proc_card.dat
#	2HDMPZ2II_MH3_1300_MH4_200_MH2_1300_MHC_1300_proc_card.dat
#	2HDMPZ2II_MH3_1300_MH4_250_MH2_1300_MHC_1300_proc_card.dat
#	2HDMPZ2II_MH3_1300_MH4_300_MH2_1300_MHC_1300_proc_card.dat
#	2HDMPZ2II_MH3_1300_MH4_350_MH2_1300_MHC_1300_proc_card.dat
#	2HDMPZ2II_MH3_1300_MH4_400_MH2_1300_MHC_1300_proc_card.dat
#	2HDMPZ2II_MH3_1300_MH4_450_MH2_1300_MHC_1300_proc_card.dat
#	2HDMPZ2II_MH3_1300_MH4_500_MH2_1300_MHC_1300_proc_card.dat
#	2HDMPZ2II_MH3_1400_MH4_100_MH2_1400_MHC_1400_proc_card.dat
#	2HDMPZ2II_MH3_1400_MH4_150_MH2_1400_MHC_1400_proc_card.dat
#	2HDMPZ2II_MH3_1400_MH4_200_MH2_1400_MHC_1400_proc_card.dat
#	2HDMPZ2II_MH3_1400_MH4_250_MH2_1400_MHC_1400_proc_card.dat
#	2HDMPZ2II_MH3_1400_MH4_300_MH2_1400_MHC_1400_proc_card.dat
#	2HDMPZ2II_MH3_1400_MH4_350_MH2_1400_MHC_1400_proc_card.dat
#	2HDMPZ2II_MH3_1400_MH4_400_MH2_1400_MHC_1400_proc_card.dat
#	2HDMPZ2II_MH3_1400_MH4_450_MH2_1400_MHC_1400_proc_card.dat
#	2HDMPZ2II_MH3_1400_MH4_500_MH2_1400_MHC_1400_proc_card.dat
#	2HDMPZ2II_MH3_1500_MH4_100_MH2_1500_MHC_1500_proc_card.dat
#	2HDMPZ2II_MH3_1500_MH4_150_MH2_1500_MHC_1500_proc_card.dat
#	2HDMPZ2II_MH3_1500_MH4_200_MH2_1500_MHC_1500_proc_card.dat
#	2HDMPZ2II_MH3_1500_MH4_250_MH2_1500_MHC_1500_proc_card.dat
#	2HDMPZ2II_MH3_1500_MH4_300_MH2_1500_MHC_1500_proc_card.dat
#	2HDMPZ2II_MH3_1500_MH4_350_MH2_1500_MHC_1500_proc_card.dat
#	2HDMPZ2II_MH3_1500_MH4_400_MH2_1500_MHC_1500_proc_card.dat
#	2HDMPZ2II_MH3_1500_MH4_450_MH2_1500_MHC_1500_proc_card.dat
#	2HDMPZ2II_MH3_1500_MH4_500_MH2_1500_MHC_1500_proc_card.dat
#	2HDMPZ2II_MH3_1600_MH4_100_MH2_1600_MHC_1600_proc_card.dat
#	2HDMPZ2II_MH3_1600_MH4_150_MH2_1600_MHC_1600_proc_card.dat
#	2HDMPZ2II_MH3_1600_MH4_200_MH2_1600_MHC_1600_proc_card.dat
#	2HDMPZ2II_MH3_1600_MH4_250_MH2_1600_MHC_1600_proc_card.dat
#	2HDMPZ2II_MH3_1600_MH4_300_MH2_1600_MHC_1600_proc_card.dat
#	2HDMPZ2II_MH3_1600_MH4_350_MH2_1600_MHC_1600_proc_card.dat
#	2HDMPZ2II_MH3_1600_MH4_400_MH2_1600_MHC_1600_proc_card.dat
#	2HDMPZ2II_MH3_1600_MH4_450_MH2_1600_MHC_1600_proc_card.dat
#	2HDMPZ2II_MH3_1600_MH4_500_MH2_1600_MHC_1600_proc_card.dat
#	2HDMPZ2II_MH3_200_MH4_100_MH2_200_MHC_200_proc_card.dat
#	2HDMPZ2II_MH3_200_MH4_150_MH2_200_MHC_200_proc_card.dat
#	2HDMPZ2II_MH3_200_MH4_200_MH2_200_MHC_200_proc_card.dat
#	2HDMPZ2II_MH3_300_MH4_100_MH2_300_MHC_300_proc_card.dat
#	2HDMPZ2II_MH3_300_MH4_150_MH2_300_MHC_300_proc_card.dat
#	2HDMPZ2II_MH3_300_MH4_200_MH2_300_MHC_300_proc_card.dat
#	2HDMPZ2II_MH3_300_MH4_250_MH2_300_MHC_300_proc_card.dat
#	2HDMPZ2II_MH3_300_MH4_300_MH2_300_MHC_300_proc_card.dat
#	2HDMPZ2II_MH3_400_MH4_100_MH2_400_MHC_400_proc_card.dat
#	2HDMPZ2II_MH3_400_MH4_150_MH2_400_MHC_400_proc_card.dat
#	2HDMPZ2II_MH3_400_MH4_200_MH2_400_MHC_400_proc_card.dat
#	2HDMPZ2II_MH3_400_MH4_250_MH2_400_MHC_400_proc_card.dat
#	2HDMPZ2II_MH3_400_MH4_300_MH2_400_MHC_400_proc_card.dat
#	2HDMPZ2II_MH3_400_MH4_350_MH2_400_MHC_400_proc_card.dat
#	2HDMPZ2II_MH3_400_MH4_400_MH2_400_MHC_400_proc_card.dat
#	2HDMPZ2II_MH3_500_MH4_100_MH2_500_MHC_500_proc_card.dat
#	2HDMPZ2II_MH3_500_MH4_150_MH2_500_MHC_500_proc_card.dat
#	2HDMPZ2II_MH3_500_MH4_200_MH2_500_MHC_500_proc_card.dat
#	2HDMPZ2II_MH3_500_MH4_250_MH2_500_MHC_500_proc_card.dat
#	2HDMPZ2II_MH3_500_MH4_300_MH2_500_MHC_500_proc_card.dat
#	2HDMPZ2II_MH3_500_MH4_350_MH2_500_MHC_500_proc_card.dat
#	2HDMPZ2II_MH3_500_MH4_400_MH2_500_MHC_500_proc_card.dat
#	2HDMPZ2II_MH3_500_MH4_450_MH2_500_MHC_500_proc_card.dat
#	2HDMPZ2II_MH3_500_MH4_500_MH2_500_MHC_500_proc_card.dat
#	2HDMPZ2II_MH3_600_MH4_100_MH2_600_MHC_600_proc_card.dat
#	2HDMPZ2II_MH3_600_MH4_150_MH2_600_MHC_600_proc_card.dat
#	2HDMPZ2II_MH3_600_MH4_200_MH2_600_MHC_600_proc_card.dat
#	2HDMPZ2II_MH3_600_MH4_250_MH2_600_MHC_600_proc_card.dat
#	2HDMPZ2II_MH3_600_MH4_300_MH2_600_MHC_600_proc_card.dat
#	2HDMPZ2II_MH3_600_MH4_350_MH2_600_MHC_600_proc_card.dat
#	2HDMPZ2II_MH3_600_MH4_400_MH2_600_MHC_600_proc_card.dat
#	2HDMPZ2II_MH3_600_MH4_450_MH2_600_MHC_600_proc_card.dat
#	2HDMPZ2II_MH3_600_MH4_500_MH2_600_MHC_600_proc_card.dat
#	2HDMPZ2II_MH3_700_MH4_100_MH2_700_MHC_700_proc_card.dat
#	2HDMPZ2II_MH3_700_MH4_150_MH2_700_MHC_700_proc_card.dat
#	2HDMPZ2II_MH3_700_MH4_200_MH2_700_MHC_700_proc_card.dat
#	2HDMPZ2II_MH3_700_MH4_250_MH2_700_MHC_700_proc_card.dat
#	2HDMPZ2II_MH3_700_MH4_300_MH2_700_MHC_700_proc_card.dat
#	2HDMPZ2II_MH3_700_MH4_350_MH2_700_MHC_700_proc_card.dat
#	2HDMPZ2II_MH3_700_MH4_400_MH2_700_MHC_700_proc_card.dat
#	2HDMPZ2II_MH3_700_MH4_450_MH2_700_MHC_700_proc_card.dat
#	2HDMPZ2II_MH3_700_MH4_500_MH2_700_MHC_700_proc_card.dat
#	2HDMPZ2II_MH3_800_MH4_100_MH2_800_MHC_800_proc_card.dat
#	2HDMPZ2II_MH3_800_MH4_150_MH2_800_MHC_800_proc_card.dat
#	2HDMPZ2II_MH3_800_MH4_200_MH2_800_MHC_800_proc_card.dat
#	2HDMPZ2II_MH3_800_MH4_250_MH2_800_MHC_800_proc_card.dat
#	2HDMPZ2II_MH3_800_MH4_300_MH2_800_MHC_800_proc_card.dat
#	2HDMPZ2II_MH3_800_MH4_350_MH2_800_MHC_800_proc_card.dat
#	2HDMPZ2II_MH3_800_MH4_400_MH2_800_MHC_800_proc_card.dat
#	2HDMPZ2II_MH3_800_MH4_450_MH2_800_MHC_800_proc_card.dat
#	2HDMPZ2II_MH3_800_MH4_500_MH2_800_MHC_800_proc_card.dat
#	2HDMPZ2II_MH3_900_MH4_100_MH2_900_MHC_900_proc_card.dat
#	2HDMPZ2II_MH3_900_MH4_150_MH2_900_MHC_900_proc_card.dat
#	2HDMPZ2II_MH3_900_MH4_200_MH2_900_MHC_900_proc_card.dat
#	2HDMPZ2II_MH3_900_MH4_250_MH2_900_MHC_900_proc_card.dat
#	2HDMPZ2II_MH3_900_MH4_300_MH2_900_MHC_900_proc_card.dat
#	2HDMPZ2II_MH3_900_MH4_350_MH2_900_MHC_900_proc_card.dat
#	2HDMPZ2II_MH3_900_MH4_400_MH2_900_MHC_900_proc_card.dat
#	2HDMPZ2II_MH3_900_MH4_450_MH2_900_MHC_900_proc_card.dat
#	2HDMPZ2II_MH3_900_MH4_500_MH2_900_MHC_900_proc_card.dat
#	2HDMPZ2II_proc_card.dat
#	2HDMPZ2II_proc_card.dat~
#	ATLAS_mass
#	LSFJOB_60545393/
#	cards/testATLAS/
#	interactive/
#	launch_2HDMPZ2II.sh
#	launch_2HDMPZ2II.sh~
#	runLaunch.sh
#	runLaunch.sh~
#	testATLAS.log
#	testATLAS/
no changes added to commit (use "git add" and/or "git commit -a")
Current git revision is:
0bbec92b3038971e3e0a64618fcf83a7833dbb80
diff --git a/bin/MadGraph5_aMCatNLO/gridpack_generation.sh b/bin/MadGraph5_aMCatNLO/gridpack_generation.sh
index 728419e..a2b5a94 100755
--- a/bin/MadGraph5_aMCatNLO/gridpack_generation.sh
+++ b/bin/MadGraph5_aMCatNLO/gridpack_generation.sh
@@ -112,7 +112,7 @@ CARDSDIR=${PRODHOME}/${carddir}
 MGBASEDIR=mgbasedir
 
 MG_EXT=".tar.gz"
-MG=MG5_aMC_v2.5.5$MG_EXT
+MG=MG5_aMC_v2.5.2$MG_EXT
 MGSOURCE=https://cms-project-generators.web.cern.ch/cms-project-generators/$MG
 
 #syscalc is a helper tool for madgraph to add scale and pdf variation weights for LO processes
/afs/cern.ch/work/s/syu/2HDM_gridpack/v25x/genproductions/bin/MadGraph5_aMCatNLO
Reusing existing directory assuming generated code already exists
WARNING: If you changed the process card you need to clean the folder and run from scratch
************************************************************
*                                                          *
*                     W E L C O M E to                     *
*              M A D G R A P H 5 _ a M C @ N L O           *
*                                                          *
*                                                          *
*                 *                       *                *
*                   *        * *        *                  *
*                     * * * * 5 * * * *                    *
*                   *        * *        *                  *
*                 *                       *                *
*                                                          *
*         VERSION 2.5.2                 2016-12-10         *
*                                                          *
*    The MadGraph5_aMC@NLO Development Team - Find us at   *
*    https://server06.fynu.ucl.ac.be/projects/madgraph     *
*                            and                           *
*            http://amcatnlo.web.cern.ch/amcatnlo/         *
*                                                          *
*               Type 'help' for in-line help.              *
*           Type 'tutorial' to learn how MG5 works         *
*    Type 'tutorial aMCatNLO' to learn how aMC@NLO works   *
*    Type 'tutorial MadLoop' to learn how MadLoop works    *
*                                                          *
************************************************************
load MG5 configuration from input/mg5_configuration.txt 
None does not seem to correspond to a valid fastjet-config executable (v3+). We will use fjcore instead.
 Please set the 'fastjet'variable to the full (absolute) /PATH/TO/fastjet-config (including fastjet-config).
 MG5_aMC> set fastjet /PATH/TO/fastjet-config

set lhapdf to /cvmfs/cms.cern.ch/slc6_amd64_gcc481/external/lhapdf/6.1.6-ddibom/share/LHAPDF/../../bin/lhapdf-config
set ninja to /afs/cern.ch/work/s/syu/2HDM_gridpack/v25x/genproductions/bin/MadGraph5_aMCatNLO/interactive/interactive_gridpack/work/MG5_aMC_v2_5_2/HEPTools/lib
No valid eps viewer found. Please set in ./input/mg5_configuration.txt
No valid web browser found. Please set in ./input/mg5_configuration.txt
import /afs/cern.ch/work/s/syu/2HDM_gridpack/v25x/genproductions/bin/MadGraph5_aMCatNLO/2HDMPZ2II_MH3_1300_MH4_200_MH2_1300_MHC_1300_proc_card.dat
The import format was not given, so we guess it as command
import model Pseudoscalar_2HDM
INFO: Change particles name to pass to MG5 convention 
Defined multiparticle p = g u c d s u~ c~ d~ s~
Defined multiparticle j = g u c d s u~ c~ d~ s~
Defined multiparticle l+ = e+ mu+
Defined multiparticle l- = e- mu-
Defined multiparticle vl = ve vm vt
Defined multiparticle vl~ = ve~ vm~ vt~
Defined multiparticle all = g ghg ghg~ u c d s u~ c~ d~ s~ a gha gha~ ve vm vt e- mu- ve~ vm~ vt~ e+ mu+ t b t~ b~ z w+ ghz ghwp ghwm h+ h1 h2 h3 h4 w- ghz~ ghwp~ ghwm~ h- ta- xd ta+ xd~
generate g g > xd xd~ h1 / z [QCD]
[1;60m------------------------------------------------------------------------[0m
[1;60m No Born diagrams found. Now switching to the loop-induced mode.        [0m
[1;60m Please cite ref. 'arXiv:1507.00020' when using results from this mode. [0m
[1;60m------------------------------------------------------------------------[0m
1 processes with 80 diagrams generated in 3.187 s
Total: 1 processes with 80 diagrams
output 2HDMPZ2II_MH3_1300_MH4_200_MH2_1300_MHC_1300 -nojpeg
INFO: initialize a new directory: 2HDMPZ2II_MH3_1300_MH4_200_MH2_1300_MHC_1300 
INFO: remove old information in 2HDMPZ2II_MH3_1300_MH4_200_MH2_1300_MHC_1300 
INFO: Organizing processes into subprocess groups 
INFO: Generating Helas calls for process: g g > xd xd~ h1 WEIGHTED<=12 [ noborn = QCD ] / z 
INFO: Processing color information for loop process: g g > xd xd~ h1 [ noborn = QCD ] / z 
INFO: Creating color matrix  loop process: g g > xd xd~ h1 WEIGHTED<=12 [ noborn = QCD ] / z 
INFO: Creating files in directory /afs/cern.ch/work/s/syu/2HDM_gridpack/v25x/genproductions/bin/MadGraph5_aMCatNLO/interactive/interactive_gridpack/work/MG5_aMC_v2_5_2/2HDMPZ2II_MH3_1300_MH4_200_MH2_1300_MHC_1300/SubProcesses/PV0_0_1_gg_xdxdxh1_no_z 
ALOHA: aloha creates FFV1 set of routines with options: L1
INFO: Computing diagram color coefficients 
INFO: Drawing loop Feynman diagrams for Process: g g > xd xd~ h1 WEIGHTED<=12 [ noborn = QCD ] / z 
INFO: Creating files in directory P0_gg_xdxdxh1 
INFO: Generating Feynman diagrams for Process: g g > xd xd~ h1 WEIGHTED<=12 [ noborn = QCD ] / z 
INFO: Finding symmetric diagrams for subprocess group gg_xdxdxh1 
History written to /afs/cern.ch/work/s/syu/2HDM_gridpack/v25x/genproductions/bin/MadGraph5_aMCatNLO/interactive/interactive_gridpack/work/MG5_aMC_v2_5_2/2HDMPZ2II_MH3_1300_MH4_200_MH2_1300_MHC_1300/Cards/proc_card_mg5.dat
Generated helas calls for 1 subprocesses (80 diagrams) in 0.705 s
ALOHA: aloha creates FFS1 routines
ALOHA: aloha creates FFS3 set of routines with options: L2
ALOHA: aloha creates SSS1 routines
ALOHA: aloha creates FFS3_5 set of routines with options: L2
save configuration file to /afs/cern.ch/work/s/syu/2HDM_gridpack/v25x/genproductions/bin/MadGraph5_aMCatNLO/interactive/interactive_gridpack/work/MG5_aMC_v2_5_2/2HDMPZ2II_MH3_1300_MH4_200_MH2_1300_MHC_1300/Cards/me5_configuration.txt
INFO: Use Fortran compiler gfortran 
INFO: Use c++ compiler g++ 
INFO: Generate web pages 
Output to directory /afs/cern.ch/work/s/syu/2HDM_gridpack/v25x/genproductions/bin/MadGraph5_aMCatNLO/interactive/interactive_gridpack/work/MG5_aMC_v2_5_2/2HDMPZ2II_MH3_1300_MH4_200_MH2_1300_MHC_1300 done.
Type "launch" to generate events from this process, or see
/afs/cern.ch/work/s/syu/2HDM_gridpack/v25x/genproductions/bin/MadGraph5_aMCatNLO/interactive/interactive_gridpack/work/MG5_aMC_v2_5_2/2HDMPZ2II_MH3_1300_MH4_200_MH2_1300_MHC_1300/README
Run "open index.html" to see more information about this process.
launch 2HDMPZ2II_MH3_1300_MH4_200_MH2_1300_MHC_1300
************************************************************
*                                                          *
*                      W E L C O M E to                    *
*             M A D G R A P H 5 _ a M C @ N L O            *
*                      M A D E V E N T                     *
*                                                          *
*                 *                       *                *
*                   *        * *        *                  *
*                     * * * * 5 * * * *                    *
*                   *        * *        *                  *
*                 *                       *                *
*                                                          *
*         VERSION 2.5.2                 2016-12-10         *
*                                                          *
*    The MadGraph5_aMC@NLO Development Team - Find us at   *
*    https://server06.fynu.ucl.ac.be/projects/madgraph     *
*                                                          *
*               Type 'help' for in-line help.              *
*                                                          *
************************************************************
INFO: load configuration from /afs/cern.ch/work/s/syu/2HDM_gridpack/v25x/genproductions/bin/MadGraph5_aMCatNLO/interactive/interactive_gridpack/work/MG5_aMC_v2_5_2/2HDMPZ2II_MH3_1300_MH4_200_MH2_1300_MHC_1300/Cards/me5_configuration.txt  
INFO: load configuration from /afs/cern.ch/work/s/syu/2HDM_gridpack/v25x/genproductions/bin/MadGraph5_aMCatNLO/interactive/interactive_gridpack/work/MG5_aMC_v2_5_2/input/mg5_configuration.txt  
INFO: load configuration from /afs/cern.ch/work/s/syu/2HDM_gridpack/v25x/genproductions/bin/MadGraph5_aMCatNLO/interactive/interactive_gridpack/work/MG5_aMC_v2_5_2/2HDMPZ2II_MH3_1300_MH4_200_MH2_1300_MHC_1300/Cards/me5_configuration.txt  
No valid eps viewer found. Please set in ./input/mg5_configuration.txt
No valid web browser found. Please set in ./input/mg5_configuration.txt
generate_events run_01
The following switches determine which programs are run:
/--------------------------------------------------------------------------------------------------\
|  [31m1[0m. Choose the shower/hadronization program:                           shower = [31mNot installed[0m    |
|  [31m2[0m. Choose the detector simulation program:                          detector = [31mNot installed[0m    |
|  [31m3[0m. Run an analysis package on the events generated:                 analysis = [33mNo analysis tool interfaced to MG5aMC.[0m|
|  [31m4[0m. Decay particles with the MadSpin module:                          madspin = [31mOFF[0m              |
|  [31m5[0m. Add weights to events for different model hypothesis:            reweight = [31mOFF[0m              |
\--------------------------------------------------------------------------------------------------/
  Either type the switch number (1 to 5) to change its setting,
  Set any switch explicitly (e.g. type 'madspin=ON' at the prompt)
  Type 'help' for the list of all valid option
  Type '0', 'auto', 'done' or just press enter when you are done.
 [[4m0[0m, auto, done, madspin=ON, madspin=OFF, madspin, reweight=ON, reweight=OFF, reweight, parton, ... ]
[1;34mThe answer to the previous question is not set in your input file[0m
[1;34mUse 0 value[0m
set sinp 0.35
[1;60mINFO: modify param_card information BLOCK higgs with id (5,) set to 0.35 [0m
set tanbeta 1
[1;60mINFO: modify param_card information BLOCK frblock with id (2,) set to 1.0 [0m
set laP1 3.0
[1;60mINFO: modify param_card information BLOCK higgs with id (2,) set to 3.0 [0m
set laP2 3.0
[1;60mINFO: modify param_card information BLOCK higgs with id (3,) set to 3.0 [0m
set lam3 3.0
[1;60mINFO: modify param_card information BLOCK higgs with id (1,) set to 3.0 [0m
set sinbma 1.0
[1;60mINFO: modify param_card information BLOCK frblock with id (3,) set to 1.0 [0m
set gPXd 1.0
[1;60mINFO: modify param_card information BLOCK dminputs with id (1,) set to 1.0 [0m
set Mxd 1.0
[1;60mINFO: modify param_card information BLOCK mass with id (52,) set to 1.0 [0m
set mhc 1300
[1;60mINFO: modify param_card information BLOCK mass with id (37,) set to 1300.0 [0m
set mh2 1300
[1;60mINFO: modify param_card information BLOCK mass with id (35,) set to 1300.0 [0m
set mh3 1300
[1;60mINFO: modify param_card information BLOCK mass with id (36,) set to 1300.0 [0m
set mh4 200
[1;60mINFO: modify param_card information BLOCK mass with id (55,) set to 200.0 [0m
set Wh1 auto
[1;60mINFO: modify param_card information BLOCK decay with id (25,) set to Auto [0m
set Wh2 auto
[1;60mINFO: modify param_card information BLOCK decay with id (35,) set to Auto [0m
set Wh3 auto
[1;60mINFO: modify param_card information BLOCK decay with id (36,) set to Auto [0m
set Whc auto
[1;60mINFO: modify param_card information BLOCK decay with id (37,) set to Auto [0m
set Wh4 auto
[1;60mINFO: modify param_card information BLOCK decay with id (55,) set to Auto [0m
Do you want to edit a card (press enter to bypass editing)?
/------------------------------------------------------------\
|  [31m1[0m. param         : [32mparam_card.dat[0m                         |
|  [31m2[0m. run           : [32mrun_card.dat[0m                           |
|  [31m3[0m. MadLoopParams : [32mMadLoopParams.dat[0m                      |
\------------------------------------------------------------/
 you can also
   - enter the path to a valid card or banner.
   - use the 'set' command to modify a parameter directly.
     The set option works only for param_card and run_card.
     Type 'help set' for more information on this command.
   - call an external program (ASperGE/MadWidth/...).
     Type 'help' for the list of available command
 [[4m0[0m, done, 1, param, 2, run, 3, MadLoopParams, enter path]
[1;60mThe answer to the previous question is not set in your input file[0m
[1;60mUse 0 value[0m
INFO: Change particles name to pass to MG5 convention 
************************************************************
*                                                          *
*                     W E L C O M E to                     *
*              M A D G R A P H 5 _ a M C @ N L O           *
*                                                          *
*                                                          *
*                 *                       *                *
*                   *        * *        *                  *
*                     * * * * 5 * * * *                    *
*                   *        * *        *                  *
*                 *                       *                *
*                                                          *
*         VERSION 2.5.2                 2016-12-10         *
*                                                          *
*    The MadGraph5_aMC@NLO Development Team - Find us at   *
*    https://server06.fynu.ucl.ac.be/projects/madgraph     *
*                            and                           *
*            http://amcatnlo.web.cern.ch/amcatnlo/         *
*                                                          *
*               Type 'help' for in-line help.              *
*           Type 'tutorial' to learn how MG5 works         *
*    Type 'tutorial aMCatNLO' to learn how aMC@NLO works   *
*    Type 'tutorial MadLoop' to learn how MadLoop works    *
*                                                          *
************************************************************
load MG5 configuration from input/mg5_configuration.txt 
None does not seem to correspond to a valid fastjet-config executable (v3+). We will use fjcore instead.
 Please set the 'fastjet'variable to the full (absolute) /PATH/TO/fastjet-config (including fastjet-config).
 MG5_aMC> set fastjet /PATH/TO/fastjet-config

set lhapdf to /cvmfs/cms.cern.ch/slc6_amd64_gcc481/external/lhapdf/6.1.6-ddibom/share/LHAPDF/../../bin/lhapdf-config
set ninja to /afs/cern.ch/work/s/syu/2HDM_gridpack/v25x/genproductions/bin/MadGraph5_aMCatNLO/interactive/interactive_gridpack/work/MG5_aMC_v2_5_2/HEPTools/lib
No valid eps viewer found. Please set in ./input/mg5_configuration.txt
No valid web browser found. Please set in ./input/mg5_configuration.txt
set automatic_html_opening False --no_save
compute_widths 25 35 36 37 55 --precision_channel=0.01 --body_decay=4.0025 --path=/afs/cern.ch/work/s/syu/2HDM_gridpack/v25x/genproductions/bin/MadGraph5_aMCatNLO/interactive/interactive_gridpack/work/MG5_aMC_v2_5_2/2HDMPZ2II_MH3_1300_MH4_200_MH2_1300_MHC_1300/Cards/param_card.dat --output=/afs/cern.ch/work/s/syu/2HDM_gridpack/v25x/genproductions/bin/MadGraph5_aMCatNLO/interactive/interactive_gridpack/work/MG5_aMC_v2_5_2/2HDMPZ2II_MH3_1300_MH4_200_MH2_1300_MHC_1300/Cards/param_card.dat
[1;34mPlease note that the automatic computation of the width is
    only valid in narrow-width approximation and at tree-level.[0m
INFO: Get two body decay from FeynRules formula 
Results written to /afs/cern.ch/work/s/syu/2HDM_gridpack/v25x/genproductions/bin/MadGraph5_aMCatNLO/interactive/interactive_gridpack/work/MG5_aMC_v2_5_2/2HDMPZ2II_MH3_1300_MH4_200_MH2_1300_MHC_1300/Cards/param_card.dat
INFO: get decay diagram for h1 
Vertexlist of this model has not been searched.Automatically run the model.find_vertexlist()
Found 6 stable particles
INFO:     current estimated error: 0.0293864144885 go to 4-body decay: 
100 / 240: 2s
200 / 240: 4s
INFO: get decay diagram for h2 
INFO:     current estimated error: 0.00803280759407 go to 4-body decay: 
100 / 118: 2s
INFO:     stop to 4.0 body-decay. approximate error: 0.101969326519 
INFO: get decay diagram for h3 
INFO:     current estimated error: 40.2192244692 go to 4-body decay: 
INFO:     stop to 4.0 body-decay. approximate error: 116.721627666 
INFO: get decay diagram for h+ 
INFO:     current estimated error: 6.84276744573 go to 4-body decay: 
INFO:     stop to 4.0 body-decay. approximate error: 0.191643277905 
INFO: get decay diagram for h4 
Pass to numerical integration for computing the widths:
INFO: More info in temporary files:
    /afs/cern.ch/work/s/syu/2HDM_gridpack/v25x/genproductions/bin/MadGraph5_aMCatNLO/interactive/interactive_gridpack/work/MG5_aMC_v2_5_2/tmpeHnZ9f/temp_decay/index.html 
Results written to /afs/cern.ch/work/s/syu/2HDM_gridpack/v25x/genproductions/bin/MadGraph5_aMCatNLO/interactive/interactive_gridpack/work/MG5_aMC_v2_5_2/2HDMPZ2II_MH3_1300_MH4_200_MH2_1300_MHC_1300/Cards/param_card.dat
INFO: Update the dependent parameter of the param_card.dat 
Generating 20000 events with run name run_01
survey  run_01 
INFO: compile directory 
[1;34mNot able to open file /afs/cern.ch/work/s/syu/2HDM_gridpack/v25x/genproductions/bin/MadGraph5_aMCatNLO/interactive/interactive_gridpack/work/MG5_aMC_v2_5_2/2HDMPZ2II_MH3_1300_MH4_200_MH2_1300_MHC_1300/crossx.html since no program configured.Please set one in ./input/mg5_configuration.txt[0m
run_card missed argument ptlund. Takes default: -1.0
run_card missed argument pdgs_for_merging_cut. Takes default: [21, 1, 2, 3, 4, 5, 6]
run_card missed argument bias_parameters. Takes default: {}
initMadLoop -r -f
run_card missed argument ptlund. Takes default: -1.0
run_card missed argument pdgs_for_merging_cut. Takes default: [21, 1, 2, 3, 4, 5, 6]
run_card missed argument bias_parameters. Takes default: {}
Initializing MadLoop loop-induced matrix elements (this can take some time)...
MadLoop initialization finished.
compile Source Directory
Using random number seed offset = 21
INFO: Running Survey 
Creating Jobs
Working on SubProcesses
INFO:     P0_gg_xdxdxh1  
INFO:  Idle: 28,  Running: 16,  Completed: 0 [ current time: 20h09 ] 
INFO:  Idle: 27,  Running: 16,  Completed: 1 [  36.8s  ] 
INFO:  Idle: 25,  Running: 16,  Completed: 3 [  43.1s  ] 
INFO:  Idle: 24,  Running: 16,  Completed: 4 [  46.8s  ] 
INFO:  Idle: 16,  Running: 16,  Completed: 15 [  51s  ] 
INFO:  Idle: 16,  Running: 16,  Completed: 16 [  1m 3s  ] 
INFO:  Idle: 15,  Running: 16,  Completed: 17 [  1m 21s  ] 
INFO:  Idle: 14,  Running: 16,  Completed: 18 [  1m 27s  ] 
INFO:  Idle: 5,  Running: 16,  Completed: 28 [  1m 38s  ] 
INFO:  Idle: 4,  Running: 16,  Completed: 30 [  1m 44s  ] 
INFO:  Idle: 4,  Running: 16,  Completed: 31 [  1m 49s  ] 
INFO:  Idle: 4,  Running: 16,  Completed: 32 [  1m 56s  ] 
INFO: P0_gg_xdxdxh1/G1.4 is at 9.92e-07 +- 4.34e-08 pb. Now submitting iteration #2. 
INFO:  Idle: 6,  Running: 16,  Completed: 34 [  2m 17s  ] 
INFO:  Idle: 4,  Running: 16,  Completed: 36 [  2m 25s  ] 
INFO: P0_gg_xdxdxh1/G1.7 is at 1.17e-08 +- 1.54e-09 pb. Now submitting iteration #2. 
INFO:  Idle: 0,  Running: 15,  Completed: 43 [  2m 33s  ] 
INFO: P0_gg_xdxdxh1/G1.5 is at 6.18e-08 +- 8.47e-09 pb. Now submitting iteration #2. 
INFO: P0_gg_xdxdxh1/G2.5 is at 3.17e-07 +- 2.25e-08 pb. Now submitting iteration #2. 
INFO: P0_gg_xdxdxh1/G1.8 is at 2.72e-09 +- 1.71e-09 pb. Now submitting iteration #2. 
INFO: P0_gg_xdxdxh1/G3 is at 0.00874 +- 0.00166 pb. Now submitting iteration #2. 
INFO: P0_gg_xdxdxh1/G2.7 is at 3.88e-08 +- 2.83e-09 pb. Now submitting iteration #2. 
INFO:  Idle: 13,  Running: 16,  Completed: 49 [  2m 36s  ] 
INFO: P0_gg_xdxdxh1/G2.8 is at 1.91e-07 +- 6.34e-08 pb. Now submitting iteration #2. 
INFO: P0_gg_xdxdxh1/G4.5 is at 2.89e-05 +- 1.87e-06 pb. Now submitting iteration #2. 
INFO: P0_gg_xdxdxh1/G4.7 is at 0.000652 +- 7.75e-05 pb. Now submitting iteration #2. 
INFO:  Idle: 22,  Running: 16,  Completed: 53 [  2m 40s  ] 
INFO:  Idle: 24,  Running: 16,  Completed: 55 [  3m 18s  ] 
INFO:  Idle: 19,  Running: 16,  Completed: 60 [  3m 30s  ] 
INFO:  Idle: 14,  Running: 16,  Completed: 67 [  3m 33s  ] 
INFO: P0_gg_xdxdxh1/G4.8 is at 2.99e-05 +- 1.04e-05 pb. Now submitting iteration #2. 
INFO:  Idle: 16,  Running: 16,  Completed: 71 [  3m 37s  ] 
INFO:  Idle: 15,  Running: 16,  Completed: 72 [  4m 8s  ] 
INFO:  Idle: 13,  Running: 16,  Completed: 74 [  4m 27s  ] 
INFO:  Idle: 10,  Running: 16,  Completed: 77 [  4m 31s  ] 
INFO: P0_gg_xdxdxh1/G1.5 is at 6.59e-08 +- 1.23e-09 pb. Now submitting iteration #3. 
INFO: P0_gg_xdxdxh1/G1.7 is at 1.205e-08 +- 7.59e-11 pb. Now submitting iteration #3. 
INFO: P0_gg_xdxdxh1/G1.4 is at 1.05e-06 +- 2.3e-08 pb. Now submitting iteration #3. 
INFO: P0_gg_xdxdxh1/G2.5 is at 3.103e-07 +- 1.64e-09 pb. Now submitting iteration #3. 
INFO:  Idle: 13,  Running: 16,  Completed: 90 [  4m 34s  ] 
INFO:  Idle: 15,  Running: 16,  Completed: 92 [  4m 39s  ] 
INFO: Survey finished for P0_gg_xdxdxh1/G1.8 at 2.91e-09 +- 6.67e-11 pb 
INFO: P0_gg_xdxdxh1/G2.8 is at 1.934e-07 +- 8.45e-10 pb. Now submitting iteration #3. 
INFO: P0_gg_xdxdxh1/G2.7 is at 4.05e-08 +- 7.37e-10 pb. Now submitting iteration #3. 
INFO: P0_gg_xdxdxh1/G3 is at 0.00932 +- 0.000419 pb. Now submitting iteration #3. 
INFO:  Idle: 20,  Running: 16,  Completed: 99 [  5m 14s  ] 
INFO:  Idle: 19,  Running: 16,  Completed: 100 [  5m 17s  ] 
INFO:  Idle: 19,  Running: 16,  Completed: 101 [  5m 21s  ] 
INFO:  Idle: 18,  Running: 16,  Completed: 102 [  5m 26s  ] 
INFO:  Idle: 13,  Running: 16,  Completed: 109 [  6m 9s  ] 
INFO:  Idle: 10,  Running: 16,  Completed: 112 [  6m 18s  ] 
INFO:  Idle: 10,  Running: 16,  Completed: 113 [  6m 24s  ] 
INFO:  Idle: 9,  Running: 16,  Completed: 114 [  6m 53s  ] 
INFO:  Idle: 7,  Running: 16,  Completed: 116 [  6m 57s  ] 
INFO:  Idle: 5,  Running: 16,  Completed: 118 [  7m 0s  ] 
INFO:  Idle: 3,  Running: 16,  Completed: 122 [  7m 10s  ] 
INFO: P0_gg_xdxdxh1/G4.5 is at 2.923e-05 +- 1.06e-07 pb. Now submitting iteration #3. 
INFO: P0_gg_xdxdxh1/G4.8 is at 2.38e-05 +- 1.96e-06 pb. Now submitting iteration #3. 
INFO:  Idle: 9,  Running: 16,  Completed: 125 [  7m 18s  ] 
INFO: P0_gg_xdxdxh1/G4.7 is at 0.000586 +- 1.5e-05 pb. Now submitting iteration #3. 
INFO:  Idle: 12,  Running: 16,  Completed: 126 [  7m 25s  ] 
INFO: Survey finished for P0_gg_xdxdxh1/G1.5 at 6.73e-08 +- 3.14e-09 pb 
INFO: Survey finished for P0_gg_xdxdxh1/G1.7 at 1.205e-08 +- 2.14e-11 pb 
INFO: Survey finished for P0_gg_xdxdxh1/G1.4 at 1.051e-06 +- 7.57e-09 pb 
INFO:  Idle: 9,  Running: 16,  Completed: 129 [  7m 32s  ] 
INFO: Survey finished for P0_gg_xdxdxh1/G2.5 at 3.157e-07 +- 1.82e-09 pb 
INFO:  Idle: 8,  Running: 16,  Completed: 130 [  7m 36s  ] 
INFO:  Idle: 6,  Running: 16,  Completed: 132 [  7m 41s  ] 
INFO:  Idle: 4,  Running: 16,  Completed: 135 [  7m 57s  ] 
INFO:  Idle: 2,  Running: 16,  Completed: 137 [  8m 17s  ] 
INFO:  Idle: 2,  Running: 16,  Completed: 138 [  8m 21s  ] 
INFO:  Idle: 1,  Running: 16,  Completed: 139 [  8m 29s  ] 
INFO: P0_gg_xdxdxh1/G2.8 is at 2.08e-07 +- 8.14e-08 pb. Now submitting iteration #4. 
INFO:  Idle: 4,  Running: 16,  Completed: 140 [  8m 32s  ] 
INFO: Survey finished for P0_gg_xdxdxh1/G3 at 0.009121 +- 6.31e-05 pb 
INFO:  Idle: 1,  Running: 16,  Completed: 143 [  8m 37s  ] 
INFO:  Idle: 1,  Running: 16,  Completed: 144 [  8m 41s  ] 
INFO:  Idle: 0,  Running: 16,  Completed: 145 [  9m 3s  ] 
INFO: Survey finished for P0_gg_xdxdxh1/G2.7 at 4.11e-08 +- 7.83e-10 pb 
INFO:  Idle: 0,  Running: 14,  Completed: 147 [  9m 6s  ] 
INFO:  Idle: 0,  Running: 13,  Completed: 148 [  9m 11s  ] 
INFO:  Idle: 0,  Running: 10,  Completed: 151 [  9m 18s  ] 
INFO:  Idle: 1,  Running: 9,  Completed: 153 [  9m 23s  ] 
INFO: Survey finished for P0_gg_xdxdxh1/G4.5 at 2.931e-05 +- 3.91e-08 pb 
INFO:  Idle: 0,  Running: 9,  Completed: 154 [  9m 26s  ] 
INFO: P0_gg_xdxdxh1/G4.8 is at 2.23e-05 +- 5.6e-07 pb. Now submitting iteration #4. 
INFO:  Idle: 0,  Running: 11,  Completed: 156 [  9m 30s  ] 
INFO:  Idle: 0,  Running: 9,  Completed: 158 [  9m 39s  ] 
INFO:  Idle: 1,  Running: 8,  Completed: 159 [  9m 51s  ] 
INFO: Survey finished for P0_gg_xdxdxh1/G4.7 at 0.000599 +- 5.55e-06 pb 
INFO:  Idle: 0,  Running: 8,  Completed: 160 [  9m 57s  ] 
INFO:  Idle: 0,  Running: 7,  Completed: 161 [  10m 56s  ] 
INFO:  Idle: 0,  Running: 6,  Completed: 162 [  11m 0s  ] 
INFO:  Idle: 0,  Running: 5,  Completed: 163 [  11m 6s  ] 
INFO: P0_gg_xdxdxh1/G2.8 is at 2.74e-07 +- 4.52e-08 pb. Now submitting iteration #5. 
INFO:  Idle: 0,  Running: 8,  Completed: 165 [  11m 13s  ] 
INFO:  Idle: 0,  Running: 7,  Completed: 166 [  11m 31s  ] 
INFO:  Idle: 1,  Running: 4,  Completed: 169 [  11m 34s  ] 
INFO: P0_gg_xdxdxh1/G4.8 is at 2.36e-05 +- 7.73e-07 pb. Now submitting iteration #5. 
INFO:  Idle: 0,  Running: 8,  Completed: 170 [  11m 41s  ] 
INFO:  Idle: 0,  Running: 7,  Completed: 171 [  15m 30s  ] 
INFO:  Idle: 0,  Running: 5,  Completed: 173 [  15m 35s  ] 
INFO:  Idle: 1,  Running: 4,  Completed: 174 [  15m 39s  ] 
INFO: Survey finished for P0_gg_xdxdxh1/G2.8 at 3.28e-07 +- 5.45e-08 pb 
INFO:  Idle: 0,  Running: 4,  Completed: 175 [  15m 46s  ] 
INFO:  Idle: 0,  Running: 3,  Completed: 176 [  15m 50s  ] 
INFO:  Idle: 1,  Running: 0,  Completed: 179 [  15m 54s  ] 
INFO: Survey finished for P0_gg_xdxdxh1/G4.8 at 2.41e-05 +- 4.14e-07 pb 
INFO:  Idle: 0,  Running: 0,  Completed: 180 [  15m 57s  ] 
INFO:  Idle: 0,  Running: 0,  Completed: 180 [  15m 57s  ] 
INFO: End survey 
refine 20000
Creating Jobs
INFO: Refine results to 20000 
INFO: Generating 20000.0 unweigthed events. 
INFO: Effective Luminosity 2352783.06745 pb^-1 
INFO: need to improve 2 channels 
[1;34mWARNING: Channel G3/P0_gg_xdxdxh1 has a very low efficiency of unweighting. Might not be possible to reach target [0m
Current estimate of cross-section: 0.0097756568883 +- 6.33208082536e-05
INFO:  Idle: 1,  Running: 16,  Completed: 0 [ current time: 20h25 ] 
INFO:  Idle: 1,  Running: 16,  Completed: 1 [  1m 19s  ] 
INFO:  Idle: 0,  Running: 16,  Completed: 2 [  30m 7s  ] 
INFO: P0_gg_xdxdxh1/G4.7 is at 642/1375 (47%) event. Resubmit 1 job at iteration 1. 
INFO:  Idle: 0,  Running: 15,  Completed: 4 [  30m 16s  ] 
INFO:  Idle: 0,  Running: 14,  Completed: 5 [  30m 47s  ] 
INFO:  Idle: 0,  Running: 11,  Completed: 8 [  31m 5s  ] 
INFO:  Idle: 0,  Running: 10,  Completed: 9 [  31m 21s  ] 
INFO: P0_gg_xdxdxh1/G4.7 is at 1283/1419 (90%) event. Resubmit 1 job at iteration 2. 
INFO:  Idle: 0,  Running: 9,  Completed: 11 [  31m 25s  ] 
INFO:  Idle: 0,  Running: 2,  Completed: 19 [  31m 42s  ] 
INFO:  Idle: 1,  Running: 1,  Completed: 20 [  31m 57s  ] 
INFO: found enough event for P0_gg_xdxdxh1/G4.7 
INFO:  Idle: 1,  Running: 0,  Completed: 22 [  32m 26s  ] 
INFO: P0_gg_xdxdxh1/G3 is at 3913/21324 (18%) event. Resubmit 24 job at iteration 1. 
INFO:  Idle: 8,  Running: 16,  Completed: 23 [  32m 29s  ] 
INFO:  Idle: 7,  Running: 16,  Completed: 24 [  1h 3m  ] 
INFO:  Idle: 6,  Running: 16,  Completed: 25 [  1h 3m  ] 
INFO:  Idle: 5,  Running: 16,  Completed: 26 [  1h 3m  ] 
INFO:  Idle: 3,  Running: 16,  Completed: 28 [  1h 3m  ] 
INFO:  Idle: 0,  Running: 16,  Completed: 31 [  1h 3m  ] 
INFO:  Idle: 0,  Running: 15,  Completed: 32 [  1h 4m  ] 
INFO:  Idle: 0,  Running: 14,  Completed: 33 [  1h 4m  ] 
INFO:  Idle: 0,  Running: 12,  Completed: 35 [  1h 4m  ] 
INFO:  Idle: 0,  Running: 10,  Completed: 37 [  1h 4m  ] 
INFO:  Idle: 0,  Running: 8,  Completed: 39 [  1h 4m  ] 
INFO:  Idle: 0,  Running: 3,  Completed: 44 [  1h 24m  ] 
INFO:  Idle: 0,  Running: 1,  Completed: 47 [  1h 26m  ] 
INFO: P0_gg_xdxdxh1/G3 is at 9737/21313 (46%) event. Resubmit 48 job at iteration 2. 
INFO:  Idle: 32,  Running: 16,  Completed: 48 [  1h 27m  ] 
INFO:  Idle: 25,  Running: 16,  Completed: 55 [  1h 56m  ] 
INFO:  Idle: 16,  Running: 16,  Completed: 64 [  1h 58m  ] 
INFO:  Idle: 15,  Running: 16,  Completed: 65 [  2h 24m  ] 
INFO:  Idle: 4,  Running: 16,  Completed: 76 [  2h 27m  ] 
INFO:  Idle: 0,  Running: 16,  Completed: 80 [  2h 29m  ] 
INFO:  Idle: 0,  Running: 14,  Completed: 82 [  2h 51m  ] 
INFO:  Idle: 1,  Running: 0,  Completed: 96 [  2h 54m  ] 
INFO: found enough event for P0_gg_xdxdxh1/G3 
INFO:  Idle: 0,  Running: 0,  Completed: 97 [  2h 56m  ] 
INFO:  Idle: 0,  Running: 0,  Completed: 97 [  2h 56m  ] 
INFO: Combining runs 
INFO: finish refine 
refine 20000
Creating Jobs
INFO: Refine results to 20000 
INFO: Generating 20000.0 unweigthed events. 
INFO: Effective Luminosity 2369568.911 pb^-1 
INFO: need to improve 0 channels 
Current estimate of cross-section: 0.0097064068883 +- 1.33628433749e-05
INFO:  Idle: 0,  Running: 0,  Completed: 0 [ current time: 23h22 ] 
INFO: Combining runs 
INFO: finish refine 
INFO: Combining Events 
 
 
 
  === Results Summary for run: run_01 tag: tag_1 ===

     Cumulative sequential time for this run: 1 day,7h54m26s
     Cross-section :   0.009706 +- 1.336e-05 pb
     Nb of events :  20000
 
store_events
INFO: Storing parton level results 
INFO: End Parton 
reweight -from_cards
decay_events -from_cards
INFO: storing files of previous run 
INFO: Done 
quit
INFO:  
 
INFO:  
 
quit
 

 


Job finished at Fri Jul 21 23:23:10 CEST 2017 on node 
 under linux version Scientific Linux CERN SLC release 6.9 (Carbon)

CERN statistics: This process used approximately : 84:15:33 KSI2K hours (303333 KSI2K seconds)
                 This process corresponds to     : 328:36:39 HS06  hours (1182999 HS06  seconds)
