@(#)CERN job starter $Date: 2010/06/23 14:22:16 $
Working directory is </pool/lsf/syu/60545156> on <b6dee36077.cern.ch>

Starting job on  Fri Jul 21 18:40:07 CEST 2017
Running on  Linux b6dee36077.cern.ch 2.6.32-642.11.1.el6.x86_64 #1 SMP Wed Nov 16 09:40:09 CET 2016 x86_64 x86_64 x86_64 GNU/Linux
System release  Scientific Linux CERN SLC release 6.9 (Carbon)
name: interactive
carddir: 
queue: local
scram_arch: slc6_amd64_gcc481
cmssw_version: CMSSW_7_1_28
# On branch mg25x
# Changed but not updated:
#   (use "git add <file>..." to update what will be committed)
#   (use "git checkout -- <file>..." to discard changes in working directory)
#
#	modified:   gridpack_generation.sh
#
# Untracked files:
#   (use "git add <file>..." to include in what will be committed)
#
#	2HDMPZ2II_MH3_1000_MH4_100_MH2_1000_MHC_1000_proc_card.dat
#	2HDMPZ2II_MH3_1000_MH4_150_MH2_1000_MHC_1000_proc_card.dat
#	2HDMPZ2II_MH3_1000_MH4_200_MH2_1000_MHC_1000_proc_card.dat
#	2HDMPZ2II_MH3_1000_MH4_250_MH2_1000_MHC_1000_proc_card.dat
#	2HDMPZ2II_MH3_1000_MH4_300_MH2_1000_MHC_1000_proc_card.dat
#	2HDMPZ2II_MH3_1000_MH4_350_MH2_1000_MHC_1000_proc_card.dat
#	2HDMPZ2II_MH3_1000_MH4_400_MH2_1000_MHC_1000_proc_card.dat
#	2HDMPZ2II_MH3_1000_MH4_450_MH2_1000_MHC_1000_proc_card.dat
#	2HDMPZ2II_MH3_1000_MH4_500_MH2_1000_MHC_1000_proc_card.dat
#	2HDMPZ2II_MH3_100_MH4_100_MH2_100_MHC_100_proc_card.dat
#	2HDMPZ2II_MH3_1100_MH4_100_MH2_1100_MHC_1100_proc_card.dat
#	2HDMPZ2II_MH3_1100_MH4_150_MH2_1100_MHC_1100_proc_card.dat
#	2HDMPZ2II_MH3_1100_MH4_200_MH2_1100_MHC_1100_proc_card.dat
#	2HDMPZ2II_MH3_1100_MH4_250_MH2_1100_MHC_1100_proc_card.dat
#	2HDMPZ2II_MH3_1100_MH4_300_MH2_1100_MHC_1100_proc_card.dat
#	2HDMPZ2II_MH3_1100_MH4_350_MH2_1100_MHC_1100_proc_card.dat
#	2HDMPZ2II_MH3_1100_MH4_400_MH2_1100_MHC_1100_proc_card.dat
#	2HDMPZ2II_MH3_1100_MH4_450_MH2_1100_MHC_1100_proc_card.dat
#	2HDMPZ2II_MH3_1100_MH4_500_MH2_1100_MHC_1100_proc_card.dat
#	2HDMPZ2II_MH3_1200_MH4_100_MH2_1200_MHC_1200_proc_card.dat
#	2HDMPZ2II_MH3_1200_MH4_150_MH2_1200_MHC_1200_proc_card.dat
#	2HDMPZ2II_MH3_1200_MH4_200_MH2_1200_MHC_1200_proc_card.dat
#	2HDMPZ2II_MH3_1200_MH4_250_MH2_1200_MHC_1200_proc_card.dat
#	2HDMPZ2II_MH3_1200_MH4_300_MH2_1200_MHC_1200_proc_card.dat
#	2HDMPZ2II_MH3_1200_MH4_350_MH2_1200_MHC_1200_proc_card.dat
#	2HDMPZ2II_MH3_1200_MH4_400_MH2_1200_MHC_1200_proc_card.dat
#	2HDMPZ2II_MH3_1200_MH4_450_MH2_1200_MHC_1200_proc_card.dat
#	2HDMPZ2II_MH3_1200_MH4_500_MH2_1200_MHC_1200_proc_card.dat
#	2HDMPZ2II_MH3_1300_MH4_100_MH2_1300_MHC_1300_proc_card.dat
#	2HDMPZ2II_MH3_1300_MH4_150_MH2_1300_MHC_1300_proc_card.dat
#	2HDMPZ2II_MH3_1300_MH4_200_MH2_1300_MHC_1300_proc_card.dat
#	2HDMPZ2II_MH3_1300_MH4_250_MH2_1300_MHC_1300_proc_card.dat
#	2HDMPZ2II_MH3_1300_MH4_300_MH2_1300_MHC_1300_proc_card.dat
#	2HDMPZ2II_MH3_1300_MH4_350_MH2_1300_MHC_1300_proc_card.dat
#	2HDMPZ2II_MH3_1300_MH4_400_MH2_1300_MHC_1300_proc_card.dat
#	2HDMPZ2II_MH3_1300_MH4_450_MH2_1300_MHC_1300_proc_card.dat
#	2HDMPZ2II_MH3_1300_MH4_500_MH2_1300_MHC_1300_proc_card.dat
#	2HDMPZ2II_MH3_1400_MH4_100_MH2_1400_MHC_1400_proc_card.dat
#	2HDMPZ2II_MH3_1400_MH4_150_MH2_1400_MHC_1400_proc_card.dat
#	2HDMPZ2II_MH3_1400_MH4_200_MH2_1400_MHC_1400_proc_card.dat
#	2HDMPZ2II_MH3_1400_MH4_250_MH2_1400_MHC_1400_proc_card.dat
#	2HDMPZ2II_MH3_1400_MH4_300_MH2_1400_MHC_1400_proc_card.dat
#	2HDMPZ2II_MH3_1400_MH4_350_MH2_1400_MHC_1400_proc_card.dat
#	2HDMPZ2II_MH3_1400_MH4_400_MH2_1400_MHC_1400_proc_card.dat
#	2HDMPZ2II_MH3_1400_MH4_450_MH2_1400_MHC_1400_proc_card.dat
#	2HDMPZ2II_MH3_1400_MH4_500_MH2_1400_MHC_1400_proc_card.dat
#	2HDMPZ2II_MH3_1500_MH4_100_MH2_1500_MHC_1500_proc_card.dat
#	2HDMPZ2II_MH3_1500_MH4_150_MH2_1500_MHC_1500_proc_card.dat
#	2HDMPZ2II_MH3_1500_MH4_200_MH2_1500_MHC_1500_proc_card.dat
#	2HDMPZ2II_MH3_1500_MH4_250_MH2_1500_MHC_1500_proc_card.dat
#	2HDMPZ2II_MH3_1500_MH4_300_MH2_1500_MHC_1500_proc_card.dat
#	2HDMPZ2II_MH3_1500_MH4_350_MH2_1500_MHC_1500_proc_card.dat
#	2HDMPZ2II_MH3_1500_MH4_400_MH2_1500_MHC_1500_proc_card.dat
#	2HDMPZ2II_MH3_1500_MH4_450_MH2_1500_MHC_1500_proc_card.dat
#	2HDMPZ2II_MH3_1500_MH4_500_MH2_1500_MHC_1500_proc_card.dat
#	2HDMPZ2II_MH3_1600_MH4_100_MH2_1600_MHC_1600_proc_card.dat
#	2HDMPZ2II_MH3_1600_MH4_150_MH2_1600_MHC_1600_proc_card.dat
#	2HDMPZ2II_MH3_1600_MH4_200_MH2_1600_MHC_1600_proc_card.dat
#	2HDMPZ2II_MH3_1600_MH4_250_MH2_1600_MHC_1600_proc_card.dat
#	2HDMPZ2II_MH3_1600_MH4_300_MH2_1600_MHC_1600_proc_card.dat
#	2HDMPZ2II_MH3_1600_MH4_350_MH2_1600_MHC_1600_proc_card.dat
#	2HDMPZ2II_MH3_1600_MH4_400_MH2_1600_MHC_1600_proc_card.dat
#	2HDMPZ2II_MH3_1600_MH4_450_MH2_1600_MHC_1600_proc_card.dat
#	2HDMPZ2II_MH3_1600_MH4_500_MH2_1600_MHC_1600_proc_card.dat
#	2HDMPZ2II_MH3_200_MH4_100_MH2_200_MHC_200_proc_card.dat
#	2HDMPZ2II_MH3_200_MH4_150_MH2_200_MHC_200_proc_card.dat
#	2HDMPZ2II_MH3_200_MH4_200_MH2_200_MHC_200_proc_card.dat
#	2HDMPZ2II_MH3_300_MH4_100_MH2_300_MHC_300_proc_card.dat
#	2HDMPZ2II_MH3_300_MH4_150_MH2_300_MHC_300_proc_card.dat
#	2HDMPZ2II_MH3_300_MH4_200_MH2_300_MHC_300_proc_card.dat
#	2HDMPZ2II_MH3_300_MH4_250_MH2_300_MHC_300_proc_card.dat
#	2HDMPZ2II_MH3_300_MH4_300_MH2_300_MHC_300_proc_card.dat
#	2HDMPZ2II_MH3_400_MH4_100_MH2_400_MHC_400_proc_card.dat
#	2HDMPZ2II_MH3_400_MH4_150_MH2_400_MHC_400_proc_card.dat
#	2HDMPZ2II_MH3_400_MH4_200_MH2_400_MHC_400_proc_card.dat
#	2HDMPZ2II_MH3_400_MH4_250_MH2_400_MHC_400_proc_card.dat
#	2HDMPZ2II_MH3_400_MH4_300_MH2_400_MHC_400_proc_card.dat
#	2HDMPZ2II_MH3_400_MH4_350_MH2_400_MHC_400_proc_card.dat
#	2HDMPZ2II_MH3_400_MH4_400_MH2_400_MHC_400_proc_card.dat
#	2HDMPZ2II_MH3_500_MH4_100_MH2_500_MHC_500_proc_card.dat
#	2HDMPZ2II_MH3_500_MH4_150_MH2_500_MHC_500_proc_card.dat
#	2HDMPZ2II_MH3_500_MH4_200_MH2_500_MHC_500_proc_card.dat
#	2HDMPZ2II_MH3_500_MH4_250_MH2_500_MHC_500_proc_card.dat
#	2HDMPZ2II_MH3_500_MH4_300_MH2_500_MHC_500_proc_card.dat
#	2HDMPZ2II_MH3_500_MH4_350_MH2_500_MHC_500_proc_card.dat
#	2HDMPZ2II_MH3_500_MH4_400_MH2_500_MHC_500_proc_card.dat
#	2HDMPZ2II_MH3_500_MH4_450_MH2_500_MHC_500_proc_card.dat
#	2HDMPZ2II_MH3_500_MH4_500_MH2_500_MHC_500_proc_card.dat
#	2HDMPZ2II_MH3_600_MH4_100_MH2_600_MHC_600_proc_card.dat
#	2HDMPZ2II_MH3_600_MH4_150_MH2_600_MHC_600_proc_card.dat
#	2HDMPZ2II_MH3_600_MH4_200_MH2_600_MHC_600_proc_card.dat
#	2HDMPZ2II_MH3_600_MH4_250_MH2_600_MHC_600_proc_card.dat
#	2HDMPZ2II_MH3_600_MH4_300_MH2_600_MHC_600_proc_card.dat
#	2HDMPZ2II_MH3_600_MH4_350_MH2_600_MHC_600_proc_card.dat
#	2HDMPZ2II_MH3_600_MH4_400_MH2_600_MHC_600_proc_card.dat
#	2HDMPZ2II_MH3_600_MH4_450_MH2_600_MHC_600_proc_card.dat
#	2HDMPZ2II_MH3_600_MH4_500_MH2_600_MHC_600_proc_card.dat
#	2HDMPZ2II_MH3_700_MH4_100_MH2_700_MHC_700_proc_card.dat
#	2HDMPZ2II_MH3_700_MH4_150_MH2_700_MHC_700_proc_card.dat
#	2HDMPZ2II_MH3_700_MH4_200_MH2_700_MHC_700_proc_card.dat
#	2HDMPZ2II_MH3_700_MH4_250_MH2_700_MHC_700_proc_card.dat
#	2HDMPZ2II_MH3_700_MH4_300_MH2_700_MHC_700_proc_card.dat
#	2HDMPZ2II_MH3_700_MH4_350_MH2_700_MHC_700_proc_card.dat
#	2HDMPZ2II_MH3_700_MH4_400_MH2_700_MHC_700_proc_card.dat
#	2HDMPZ2II_MH3_700_MH4_450_MH2_700_MHC_700_proc_card.dat
#	2HDMPZ2II_MH3_700_MH4_500_MH2_700_MHC_700_proc_card.dat
#	2HDMPZ2II_MH3_800_MH4_100_MH2_800_MHC_800_proc_card.dat
#	2HDMPZ2II_MH3_800_MH4_150_MH2_800_MHC_800_proc_card.dat
#	2HDMPZ2II_MH3_800_MH4_200_MH2_800_MHC_800_proc_card.dat
#	2HDMPZ2II_MH3_800_MH4_250_MH2_800_MHC_800_proc_card.dat
#	2HDMPZ2II_MH3_800_MH4_300_MH2_800_MHC_800_proc_card.dat
#	2HDMPZ2II_MH3_800_MH4_350_MH2_800_MHC_800_proc_card.dat
#	2HDMPZ2II_MH3_800_MH4_400_MH2_800_MHC_800_proc_card.dat
#	2HDMPZ2II_MH3_800_MH4_450_MH2_800_MHC_800_proc_card.dat
#	2HDMPZ2II_MH3_800_MH4_500_MH2_800_MHC_800_proc_card.dat
#	2HDMPZ2II_MH3_900_MH4_100_MH2_900_MHC_900_proc_card.dat
#	2HDMPZ2II_MH3_900_MH4_150_MH2_900_MHC_900_proc_card.dat
#	2HDMPZ2II_MH3_900_MH4_200_MH2_900_MHC_900_proc_card.dat
#	2HDMPZ2II_MH3_900_MH4_250_MH2_900_MHC_900_proc_card.dat
#	2HDMPZ2II_MH3_900_MH4_300_MH2_900_MHC_900_proc_card.dat
#	2HDMPZ2II_MH3_900_MH4_350_MH2_900_MHC_900_proc_card.dat
#	2HDMPZ2II_MH3_900_MH4_400_MH2_900_MHC_900_proc_card.dat
#	2HDMPZ2II_MH3_900_MH4_450_MH2_900_MHC_900_proc_card.dat
#	2HDMPZ2II_MH3_900_MH4_500_MH2_900_MHC_900_proc_card.dat
#	2HDMPZ2II_proc_card.dat
#	2HDMPZ2II_proc_card.dat~
#	ATLAS_mass
#	cards/testATLAS/
#	interactive/
#	launch_2HDMPZ2II.sh
#	launch_2HDMPZ2II.sh~
#	runLaunch.sh
#	runLaunch.sh~
#	testATLAS.log
#	testATLAS/
no changes added to commit (use "git add" and/or "git commit -a")
Current git revision is:
0bbec92b3038971e3e0a64618fcf83a7833dbb80
diff --git a/bin/MadGraph5_aMCatNLO/gridpack_generation.sh b/bin/MadGraph5_aMCatNLO/gridpack_generation.sh
index 728419e..a2b5a94 100755
--- a/bin/MadGraph5_aMCatNLO/gridpack_generation.sh
+++ b/bin/MadGraph5_aMCatNLO/gridpack_generation.sh
@@ -112,7 +112,7 @@ CARDSDIR=${PRODHOME}/${carddir}
 MGBASEDIR=mgbasedir
 
 MG_EXT=".tar.gz"
-MG=MG5_aMC_v2.5.5$MG_EXT
+MG=MG5_aMC_v2.5.2$MG_EXT
 MGSOURCE=https://cms-project-generators.web.cern.ch/cms-project-generators/$MG
 
 #syscalc is a helper tool for madgraph to add scale and pdf variation weights for LO processes
/afs/cern.ch/work/s/syu/2HDM_gridpack/v25x/genproductions/bin/MadGraph5_aMCatNLO
Reusing existing directory assuming generated code already exists
WARNING: If you changed the process card you need to clean the folder and run from scratch
************************************************************
*                                                          *
*                     W E L C O M E to                     *
*              M A D G R A P H 5 _ a M C @ N L O           *
*                                                          *
*                                                          *
*                 *                       *                *
*                   *        * *        *                  *
*                     * * * * 5 * * * *                    *
*                   *        * *        *                  *
*                 *                       *                *
*                                                          *
*         VERSION 2.5.2                 2016-12-10         *
*                                                          *
*    The MadGraph5_aMC@NLO Development Team - Find us at   *
*    https://server06.fynu.ucl.ac.be/projects/madgraph     *
*                            and                           *
*            http://amcatnlo.web.cern.ch/amcatnlo/         *
*                                                          *
*               Type 'help' for in-line help.              *
*           Type 'tutorial' to learn how MG5 works         *
*    Type 'tutorial aMCatNLO' to learn how aMC@NLO works   *
*    Type 'tutorial MadLoop' to learn how MadLoop works    *
*                                                          *
************************************************************
load MG5 configuration from input/mg5_configuration.txt 
None does not seem to correspond to a valid fastjet-config executable (v3+). We will use fjcore instead.
 Please set the 'fastjet'variable to the full (absolute) /PATH/TO/fastjet-config (including fastjet-config).
 MG5_aMC> set fastjet /PATH/TO/fastjet-config

set lhapdf to /cvmfs/cms.cern.ch/slc6_amd64_gcc481/external/lhapdf/6.1.6-ddibom/share/LHAPDF/../../bin/lhapdf-config
set ninja to /afs/cern.ch/work/s/syu/2HDM_gridpack/v25x/genproductions/bin/MadGraph5_aMCatNLO/interactive/interactive_gridpack/work/MG5_aMC_v2_5_2/HEPTools/lib
No valid eps viewer found. Please set in ./input/mg5_configuration.txt
No valid web browser found. Please set in ./input/mg5_configuration.txt
import /afs/cern.ch/work/s/syu/2HDM_gridpack/v25x/genproductions/bin/MadGraph5_aMCatNLO/2HDMPZ2II_MH3_400_MH4_300_MH2_400_MHC_400_proc_card.dat
The import format was not given, so we guess it as command
import model Pseudoscalar_2HDM
INFO: Change particles name to pass to MG5 convention 
Defined multiparticle p = g u c d s u~ c~ d~ s~
Defined multiparticle j = g u c d s u~ c~ d~ s~
Defined multiparticle l+ = e+ mu+
Defined multiparticle l- = e- mu-
Defined multiparticle vl = ve vm vt
Defined multiparticle vl~ = ve~ vm~ vt~
Defined multiparticle all = g ghg ghg~ u c d s u~ c~ d~ s~ a gha gha~ ve vm vt e- mu- ve~ vm~ vt~ e+ mu+ t b t~ b~ z w+ ghz ghwp ghwm h+ h1 h2 h3 h4 w- ghz~ ghwp~ ghwm~ h- ta- xd ta+ xd~
generate g g > xd xd~ h1 / z [QCD]
[1;60m------------------------------------------------------------------------[0m
[1;60m No Born diagrams found. Now switching to the loop-induced mode.        [0m
[1;60m Please cite ref. 'arXiv:1507.00020' when using results from this mode. [0m
[1;60m------------------------------------------------------------------------[0m
1 processes with 80 diagrams generated in 10.354 s
Total: 1 processes with 80 diagrams
output 2HDMPZ2II_MH3_400_MH4_300_MH2_400_MHC_400 -nojpeg
INFO: initialize a new directory: 2HDMPZ2II_MH3_400_MH4_300_MH2_400_MHC_400 
INFO: remove old information in 2HDMPZ2II_MH3_400_MH4_300_MH2_400_MHC_400 
INFO: Organizing processes into subprocess groups 
INFO: Generating Helas calls for process: g g > xd xd~ h1 WEIGHTED<=12 [ noborn = QCD ] / z 
INFO: Processing color information for loop process: g g > xd xd~ h1 [ noborn = QCD ] / z 
INFO: Creating color matrix  loop process: g g > xd xd~ h1 WEIGHTED<=12 [ noborn = QCD ] / z 
INFO: Creating files in directory /afs/cern.ch/work/s/syu/2HDM_gridpack/v25x/genproductions/bin/MadGraph5_aMCatNLO/interactive/interactive_gridpack/work/MG5_aMC_v2_5_2/2HDMPZ2II_MH3_400_MH4_300_MH2_400_MHC_400/SubProcesses/PV0_0_1_gg_xdxdxh1_no_z 
ALOHA: aloha creates FFV1 set of routines with options: L1
INFO: Computing diagram color coefficients 
INFO: Drawing loop Feynman diagrams for Process: g g > xd xd~ h1 WEIGHTED<=12 [ noborn = QCD ] / z 
INFO: Creating files in directory P0_gg_xdxdxh1 
INFO: Generating Feynman diagrams for Process: g g > xd xd~ h1 WEIGHTED<=12 [ noborn = QCD ] / z 
INFO: Finding symmetric diagrams for subprocess group gg_xdxdxh1 
History written to /afs/cern.ch/work/s/syu/2HDM_gridpack/v25x/genproductions/bin/MadGraph5_aMCatNLO/interactive/interactive_gridpack/work/MG5_aMC_v2_5_2/2HDMPZ2II_MH3_400_MH4_300_MH2_400_MHC_400/Cards/proc_card_mg5.dat
Generated helas calls for 1 subprocesses (80 diagrams) in 2.385 s
ALOHA: aloha creates FFS1 routines
ALOHA: aloha creates FFS3 set of routines with options: L2
ALOHA: aloha creates SSS1 routines
save configuration file to /afs/cern.ch/work/s/syu/2HDM_gridpack/v25x/genproductions/bin/MadGraph5_aMCatNLO/interactive/interactive_gridpack/work/MG5_aMC_v2_5_2/2HDMPZ2II_MH3_400_MH4_300_MH2_400_MHC_400/Cards/me5_configuration.txt
INFO: Use Fortran compiler gfortran 
INFO: Use c++ compiler g++ 
INFO: Generate web pages 
Output to directory /afs/cern.ch/work/s/syu/2HDM_gridpack/v25x/genproductions/bin/MadGraph5_aMCatNLO/interactive/interactive_gridpack/work/MG5_aMC_v2_5_2/2HDMPZ2II_MH3_400_MH4_300_MH2_400_MHC_400 done.
Type "launch" to generate events from this process, or see
/afs/cern.ch/work/s/syu/2HDM_gridpack/v25x/genproductions/bin/MadGraph5_aMCatNLO/interactive/interactive_gridpack/work/MG5_aMC_v2_5_2/2HDMPZ2II_MH3_400_MH4_300_MH2_400_MHC_400/README
Run "open index.html" to see more information about this process.
launch 2HDMPZ2II_MH3_400_MH4_300_MH2_400_MHC_400
************************************************************
*                                                          *
*                      W E L C O M E to                    *
*             M A D G R A P H 5 _ a M C @ N L O            *
*                      M A D E V E N T                     *
*                                                          *
*                 *                       *                *
*                   *        * *        *                  *
*                     * * * * 5 * * * *                    *
*                   *        * *        *                  *
*                 *                       *                *
*                                                          *
*         VERSION 2.5.2                 2016-12-10         *
*                                                          *
*    The MadGraph5_aMC@NLO Development Team - Find us at   *
*    https://server06.fynu.ucl.ac.be/projects/madgraph     *
*                                                          *
*               Type 'help' for in-line help.              *
*                                                          *
************************************************************
INFO: load configuration from /afs/cern.ch/work/s/syu/2HDM_gridpack/v25x/genproductions/bin/MadGraph5_aMCatNLO/interactive/interactive_gridpack/work/MG5_aMC_v2_5_2/2HDMPZ2II_MH3_400_MH4_300_MH2_400_MHC_400/Cards/me5_configuration.txt  
INFO: load configuration from /afs/cern.ch/work/s/syu/2HDM_gridpack/v25x/genproductions/bin/MadGraph5_aMCatNLO/interactive/interactive_gridpack/work/MG5_aMC_v2_5_2/input/mg5_configuration.txt  
INFO: load configuration from /afs/cern.ch/work/s/syu/2HDM_gridpack/v25x/genproductions/bin/MadGraph5_aMCatNLO/interactive/interactive_gridpack/work/MG5_aMC_v2_5_2/2HDMPZ2II_MH3_400_MH4_300_MH2_400_MHC_400/Cards/me5_configuration.txt  
No valid eps viewer found. Please set in ./input/mg5_configuration.txt
No valid web browser found. Please set in ./input/mg5_configuration.txt
generate_events run_01
The following switches determine which programs are run:
/--------------------------------------------------------------------------------------------------\
|  [31m1[0m. Choose the shower/hadronization program:                           shower = [31mNot installed[0m    |
|  [31m2[0m. Choose the detector simulation program:                          detector = [31mNot installed[0m    |
|  [31m3[0m. Run an analysis package on the events generated:                 analysis = [33mNo analysis tool interfaced to MG5aMC.[0m|
|  [31m4[0m. Decay particles with the MadSpin module:                          madspin = [31mOFF[0m              |
|  [31m5[0m. Add weights to events for different model hypothesis:            reweight = [31mOFF[0m              |
\--------------------------------------------------------------------------------------------------/
  Either type the switch number (1 to 5) to change its setting,
  Set any switch explicitly (e.g. type 'madspin=ON' at the prompt)
  Type 'help' for the list of all valid option
  Type '0', 'auto', 'done' or just press enter when you are done.
 [[4m0[0m, auto, done, madspin=ON, madspin=OFF, madspin, reweight=ON, reweight=OFF, reweight, parton, ... ]
[1;34mThe answer to the previous question is not set in your input file[0m
[1;34mUse 0 value[0m
set sinp 0.35
[1;60mINFO: modify param_card information BLOCK higgs with id (5,) set to 0.35 [0m
set tanbeta 1
[1;60mINFO: modify param_card information BLOCK frblock with id (2,) set to 1.0 [0m
set laP1 3.0
[1;60mINFO: modify param_card information BLOCK higgs with id (2,) set to 3.0 [0m
set laP2 3.0
[1;60mINFO: modify param_card information BLOCK higgs with id (3,) set to 3.0 [0m
set lam3 3.0
[1;60mINFO: modify param_card information BLOCK higgs with id (1,) set to 3.0 [0m
set sinbma 1.0
[1;60mINFO: modify param_card information BLOCK frblock with id (3,) set to 1.0 [0m
set gPXd 1.0
[1;60mINFO: modify param_card information BLOCK dminputs with id (1,) set to 1.0 [0m
set Mxd 1.0
[1;60mINFO: modify param_card information BLOCK mass with id (52,) set to 1.0 [0m
set mhc 400
[1;60mINFO: modify param_card information BLOCK mass with id (37,) set to 400.0 [0m
set mh2 400
[1;60mINFO: modify param_card information BLOCK mass with id (35,) set to 400.0 [0m
set mh3 400
[1;60mINFO: modify param_card information BLOCK mass with id (36,) set to 400.0 [0m
set mh4 300
[1;60mINFO: modify param_card information BLOCK mass with id (55,) set to 300.0 [0m
set Wh1 auto
[1;60mINFO: modify param_card information BLOCK decay with id (25,) set to Auto [0m
set Wh2 auto
[1;60mINFO: modify param_card information BLOCK decay with id (35,) set to Auto [0m
set Wh3 auto
[1;60mINFO: modify param_card information BLOCK decay with id (36,) set to Auto [0m
set Whc auto
[1;60mINFO: modify param_card information BLOCK decay with id (37,) set to Auto [0m
set Wh4 auto
[1;60mINFO: modify param_card information BLOCK decay with id (55,) set to Auto [0m
Do you want to edit a card (press enter to bypass editing)?
/------------------------------------------------------------\
|  [31m1[0m. param         : [32mparam_card.dat[0m                         |
|  [31m2[0m. run           : [32mrun_card.dat[0m                           |
|  [31m3[0m. MadLoopParams : [32mMadLoopParams.dat[0m                      |
\------------------------------------------------------------/
 you can also
   - enter the path to a valid card or banner.
   - use the 'set' command to modify a parameter directly.
     The set option works only for param_card and run_card.
     Type 'help set' for more information on this command.
   - call an external program (ASperGE/MadWidth/...).
     Type 'help' for the list of available command
 [[4m0[0m, done, 1, param, 2, run, 3, MadLoopParams, enter path]
[1;60mThe answer to the previous question is not set in your input file[0m
[1;60mUse 0 value[0m
INFO: Change particles name to pass to MG5 convention 
************************************************************
*                                                          *
*                     W E L C O M E to                     *
*              M A D G R A P H 5 _ a M C @ N L O           *
*                                                          *
*                                                          *
*                 *                       *                *
*                   *        * *        *                  *
*                     * * * * 5 * * * *                    *
*                   *        * *        *                  *
*                 *                       *                *
*                                                          *
*         VERSION 2.5.2                 2016-12-10         *
*                                                          *
*    The MadGraph5_aMC@NLO Development Team - Find us at   *
*    https://server06.fynu.ucl.ac.be/projects/madgraph     *
*                            and                           *
*            http://amcatnlo.web.cern.ch/amcatnlo/         *
*                                                          *
*               Type 'help' for in-line help.              *
*           Type 'tutorial' to learn how MG5 works         *
*    Type 'tutorial aMCatNLO' to learn how aMC@NLO works   *
*    Type 'tutorial MadLoop' to learn how MadLoop works    *
*                                                          *
************************************************************
load MG5 configuration from input/mg5_configuration.txt 
None does not seem to correspond to a valid fastjet-config executable (v3+). We will use fjcore instead.
 Please set the 'fastjet'variable to the full (absolute) /PATH/TO/fastjet-config (including fastjet-config).
 MG5_aMC> set fastjet /PATH/TO/fastjet-config

set lhapdf to /cvmfs/cms.cern.ch/slc6_amd64_gcc481/external/lhapdf/6.1.6-ddibom/share/LHAPDF/../../bin/lhapdf-config
set ninja to /afs/cern.ch/work/s/syu/2HDM_gridpack/v25x/genproductions/bin/MadGraph5_aMCatNLO/interactive/interactive_gridpack/work/MG5_aMC_v2_5_2/HEPTools/lib
No valid eps viewer found. Please set in ./input/mg5_configuration.txt
No valid web browser found. Please set in ./input/mg5_configuration.txt
set automatic_html_opening False --no_save
compute_widths 25 35 36 37 55 --precision_channel=0.01 --body_decay=4.0025 --path=/afs/cern.ch/work/s/syu/2HDM_gridpack/v25x/genproductions/bin/MadGraph5_aMCatNLO/interactive/interactive_gridpack/work/MG5_aMC_v2_5_2/2HDMPZ2II_MH3_400_MH4_300_MH2_400_MHC_400/Cards/param_card.dat --output=/afs/cern.ch/work/s/syu/2HDM_gridpack/v25x/genproductions/bin/MadGraph5_aMCatNLO/interactive/interactive_gridpack/work/MG5_aMC_v2_5_2/2HDMPZ2II_MH3_400_MH4_300_MH2_400_MHC_400/Cards/param_card.dat
[1;34mPlease note that the automatic computation of the width is
    only valid in narrow-width approximation and at tree-level.[0m
INFO: Get two body decay from FeynRules formula 
Results written to /afs/cern.ch/work/s/syu/2HDM_gridpack/v25x/genproductions/bin/MadGraph5_aMCatNLO/interactive/interactive_gridpack/work/MG5_aMC_v2_5_2/2HDMPZ2II_MH3_400_MH4_300_MH2_400_MHC_400/Cards/param_card.dat
INFO: get decay diagram for h1 
Vertexlist of this model has not been searched.Automatically run the model.find_vertexlist()
Found 6 stable particles
INFO: get decay diagram for h2 
INFO: get decay diagram for h3 
INFO: get decay diagram for h+ 
INFO: get decay diagram for h4 
Pass to numerical integration for computing the widths:
INFO: More info in temporary files:
    /afs/cern.ch/work/s/syu/2HDM_gridpack/v25x/genproductions/bin/MadGraph5_aMCatNLO/interactive/interactive_gridpack/work/MG5_aMC_v2_5_2/tmpZLD_RE/temp_decay/index.html 
Results written to /afs/cern.ch/work/s/syu/2HDM_gridpack/v25x/genproductions/bin/MadGraph5_aMCatNLO/interactive/interactive_gridpack/work/MG5_aMC_v2_5_2/2HDMPZ2II_MH3_400_MH4_300_MH2_400_MHC_400/Cards/param_card.dat
INFO: Update the dependent parameter of the param_card.dat 
Generating 20000 events with run name run_01
survey  run_01 
INFO: compile directory 
[1;34mNot able to open file /afs/cern.ch/work/s/syu/2HDM_gridpack/v25x/genproductions/bin/MadGraph5_aMCatNLO/interactive/interactive_gridpack/work/MG5_aMC_v2_5_2/2HDMPZ2II_MH3_400_MH4_300_MH2_400_MHC_400/crossx.html since no program configured.Please set one in ./input/mg5_configuration.txt[0m
run_card missed argument ptlund. Takes default: -1.0
run_card missed argument pdgs_for_merging_cut. Takes default: [21, 1, 2, 3, 4, 5, 6]
run_card missed argument bias_parameters. Takes default: {}
initMadLoop -r -f
run_card missed argument ptlund. Takes default: -1.0
run_card missed argument pdgs_for_merging_cut. Takes default: [21, 1, 2, 3, 4, 5, 6]
run_card missed argument bias_parameters. Takes default: {}
Initializing MadLoop loop-induced matrix elements (this can take some time)...
MadLoop initialization finished.
compile Source Directory
Using random number seed offset = 21
INFO: Running Survey 
Creating Jobs
Working on SubProcesses
INFO:     P0_gg_xdxdxh1  
INFO:  Idle: 28,  Running: 24,  Completed: 0 [ current time: 18h46 ] 
INFO:  Idle: 27,  Running: 24,  Completed: 1 [  57.1s  ] 
INFO:  Idle: 23,  Running: 24,  Completed: 5 [  1m 2s  ] 
INFO:  Idle: 16,  Running: 24,  Completed: 14 [  1m 5s  ] 
INFO:  Idle: 13,  Running: 24,  Completed: 19 [  1m 8s  ] 
INFO:  Idle: 11,  Running: 24,  Completed: 21 [  1m 11s  ] 
INFO:  Idle: 10,  Running: 24,  Completed: 23 [  1m 18s  ] 
INFO:  Idle: 9,  Running: 24,  Completed: 25 [  2m 2s  ] 
INFO:  Idle: 7,  Running: 24,  Completed: 27 [  2m 5s  ] 
INFO: P0_gg_xdxdxh1/G2.7 is at 1.44e-06 +- 1.21e-07 pb. Now submitting iteration #2. 
INFO: P0_gg_xdxdxh1/G1.7 is at 0.00375 +- 0.000298 pb. Now submitting iteration #2. 
INFO: P0_gg_xdxdxh1/G2.5 is at 1.78e-06 +- 1.63e-07 pb. Now submitting iteration #2. 
INFO:  Idle: 4,  Running: 24,  Completed: 35 [  2m 8s  ] 
INFO: P0_gg_xdxdxh1/G1.5 is at 0.0195 +- 0.00168 pb. Now submitting iteration #2. 
INFO: P0_gg_xdxdxh1/G1.8 is at 1.38e-05 +- 4.03e-06 pb. Now submitting iteration #2. 
INFO: P0_gg_xdxdxh1/G2.8 is at 6.5e-07 +- 5.58e-07 pb. Now submitting iteration #2. 
INFO: P0_gg_xdxdxh1/G3.4 is at 0.00372 +- 0.000113 pb. Now submitting iteration #2. 
INFO:  Idle: 21,  Running: 24,  Completed: 44 [  2m 13s  ] 
INFO: P0_gg_xdxdxh1/G3.7 is at 0.000121 +- 1.4e-05 pb. Now submitting iteration #2. 
INFO:  Idle: 21,  Running: 24,  Completed: 49 [  2m 17s  ] 
INFO:  Idle: 18,  Running: 24,  Completed: 52 [  2m 23s  ] 
INFO:  Idle: 17,  Running: 24,  Completed: 53 [  2m 26s  ] 
INFO:  Idle: 17,  Running: 24,  Completed: 54 [  2m 43s  ] 
INFO:  Idle: 16,  Running: 24,  Completed: 55 [  2m 48s  ] 
INFO:  Idle: 16,  Running: 24,  Completed: 56 [  3m 3s  ] 
INFO:  Idle: 15,  Running: 24,  Completed: 57 [  3m 15s  ] 
INFO: P0_gg_xdxdxh1/G3.5 is at 0.00355 +- 0.000435 pb. Now submitting iteration #2. 
INFO:  Idle: 17,  Running: 24,  Completed: 59 [  3m 32s  ] 
INFO:  Idle: 15,  Running: 24,  Completed: 61 [  3m 35s  ] 
INFO: P0_gg_xdxdxh1/G4.5 is at 0.00739 +- 0.00063 pb. Now submitting iteration #2. 
INFO:  Idle: 12,  Running: 24,  Completed: 70 [  3m 41s  ] 
INFO: P0_gg_xdxdxh1/G4.7 is at 0.00242 +- 0.000237 pb. Now submitting iteration #2. 
INFO: P0_gg_xdxdxh1/G3.8 is at 8.93e-06 +- 3.18e-06 pb. Now submitting iteration #2. 
INFO:  Idle: 14,  Running: 24,  Completed: 77 [  3m 49s  ] 
INFO: P0_gg_xdxdxh1/G1.7 is at 0.003732 +- 5.93e-06 pb. Now submitting iteration #3. 
INFO: P0_gg_xdxdxh1/G2.7 is at 1.56e-06 +- 3.37e-07 pb. Now submitting iteration #3. 
INFO:  Idle: 18,  Running: 24,  Completed: 81 [  3m 52s  ] 
INFO:  Idle: 16,  Running: 24,  Completed: 84 [  4m 12s  ] 
INFO: P0_gg_xdxdxh1/G2.5 is at 1.86e-06 +- 1.78e-08 pb. Now submitting iteration #3. 
INFO:  Idle: 19,  Running: 24,  Completed: 86 [  4m 22s  ] 
INFO:  Idle: 18,  Running: 24,  Completed: 87 [  4m 44s  ] 
INFO:  Idle: 18,  Running: 24,  Completed: 88 [  4m 48s  ] 
INFO:  Idle: 17,  Running: 24,  Completed: 89 [  4m 58s  ] 
INFO:  Idle: 14,  Running: 24,  Completed: 92 [  5m 2s  ] 
INFO:  Idle: 10,  Running: 24,  Completed: 97 [  5m 5s  ] 
INFO: P0_gg_xdxdxh1/G1.5 is at 0.0178 +- 0.000384 pb. Now submitting iteration #3. 
INFO:  Idle: 12,  Running: 24,  Completed: 101 [  5m 9s  ] 
INFO:  Idle: 10,  Running: 24,  Completed: 103 [  5m 15s  ] 
INFO: P0_gg_xdxdxh1/G1.8 is at 4.7e-05 +- 7.29e-05 pb. Now submitting iteration #3. 
INFO:  Idle: 11,  Running: 24,  Completed: 106 [  5m 19s  ] 
INFO: P0_gg_xdxdxh1/G4.8 is at 0.00274 +- 0.00221 pb. Now submitting iteration #2. 
INFO: P0_gg_xdxdxh1/G2.8 is at 5.9e-07 +- 1.43e-08 pb. Now submitting iteration #3. 
INFO: P0_gg_xdxdxh1/G3.4 is at 0.00362 +- 4.47e-05 pb. Now submitting iteration #3. 
INFO:  Idle: 16,  Running: 24,  Completed: 110 [  5m 22s  ] 
INFO: P0_gg_xdxdxh1/G3.7 is at 0.000142 +- 6.12e-06 pb. Now submitting iteration #3. 
INFO:  Idle: 22,  Running: 24,  Completed: 113 [  5m 26s  ] 
INFO:  Idle: 21,  Running: 24,  Completed: 114 [  5m 34s  ] 
INFO:  Idle: 19,  Running: 24,  Completed: 116 [  5m 53s  ] 
INFO:  Idle: 19,  Running: 24,  Completed: 117 [  6m 12s  ] 
INFO:  Idle: 18,  Running: 24,  Completed: 118 [  6m 18s  ] 
INFO: P0_gg_xdxdxh1/G3.5 is at 0.00421 +- 0.000132 pb. Now submitting iteration #3. 
INFO:  Idle: 19,  Running: 24,  Completed: 121 [  6m 26s  ] 
INFO:  Idle: 18,  Running: 24,  Completed: 123 [  7m 47s  ] 
INFO:  Idle: 13,  Running: 24,  Completed: 128 [  7m 50s  ] 
INFO:  Idle: 9,  Running: 24,  Completed: 133 [  7m 57s  ] 
INFO:  Idle: 8,  Running: 24,  Completed: 135 [  8m 5s  ] 
INFO: P0_gg_xdxdxh1/G4.5 is at 0.00827 +- 0.000236 pb. Now submitting iteration #3. 
INFO: P0_gg_xdxdxh1/G4.7 is at 0.00228 +- 4.47e-05 pb. Now submitting iteration #3. 
INFO: P0_gg_xdxdxh1/G3.8 is at 1.61e-05 +- 5.44e-06 pb. Now submitting iteration #3. 
INFO:  Idle: 14,  Running: 24,  Completed: 142 [  8m 9s  ] 
INFO: P0_gg_xdxdxh1/G4.8 is at 0.00231 +- 0.000121 pb. Now submitting iteration #3. 
INFO: Survey finished for P0_gg_xdxdxh1/G1.7 at 0.003806 +- 2.25e-05 pb 
INFO:  Idle: 15,  Running: 24,  Completed: 146 [  8m 12s  ] 
INFO:  Idle: 15,  Running: 24,  Completed: 147 [  8m 20s  ] 
INFO:  Idle: 14,  Running: 24,  Completed: 148 [  8m 25s  ] 
INFO:  Idle: 13,  Running: 24,  Completed: 149 [  8m 33s  ] 
INFO:  Idle: 12,  Running: 24,  Completed: 150 [  8m 44s  ] 
INFO:  Idle: 12,  Running: 24,  Completed: 151 [  9m 2s  ] 
INFO:  Idle: 11,  Running: 24,  Completed: 152 [  10m 27s  ] 
INFO: P0_gg_xdxdxh1/G2.7 is at 1.81e-06 +- 2.64e-07 pb. Now submitting iteration #4. 
INFO:  Idle: 12,  Running: 24,  Completed: 155 [  10m 31s  ] 
INFO:  Idle: 10,  Running: 24,  Completed: 157 [  10m 36s  ] 
INFO:  Idle: 9,  Running: 24,  Completed: 158 [  10m 40s  ] 
INFO:  Idle: 8,  Running: 24,  Completed: 160 [  10m 43s  ] 
INFO: Survey finished for P0_gg_xdxdxh1/G2.5 at 1.914e-06 +- 1.68e-08 pb 
INFO:  Idle: 6,  Running: 24,  Completed: 162 [  10m 46s  ] 
INFO: Survey finished for P0_gg_xdxdxh1/G1.5 at 0.0179 +- 0.000107 pb 
INFO: P0_gg_xdxdxh1/G1.8 is at 0.00011 +- 2.96e-05 pb. Now submitting iteration #4. 
INFO:  Idle: 6,  Running: 24,  Completed: 167 [  10m 49s  ] 
INFO: P0_gg_xdxdxh1/G2.8 is at 5.3e-07 +- 1.89e-08 pb. Now submitting iteration #4. 
INFO:  Idle: 7,  Running: 24,  Completed: 171 [  10m 53s  ] 
INFO:  Idle: 6,  Running: 24,  Completed: 173 [  10m 56s  ] 
INFO: Survey finished for P0_gg_xdxdxh1/G3.7 at 0.000146 +- 1.91e-06 pb 
INFO: Survey finished for P0_gg_xdxdxh1/G3.4 at 0.003658 +- 2.06e-05 pb 
INFO:  Idle: 3,  Running: 24,  Completed: 177 [  11m 0s  ] 
INFO:  Idle: 1,  Running: 24,  Completed: 179 [  11m 8s  ] 
INFO: Survey finished for P0_gg_xdxdxh1/G3.5 at 0.004117 +- 4.09e-05 pb 
INFO: Survey finished for P0_gg_xdxdxh1/G4.5 at 0.008395 +- 7.64e-05 pb 
INFO:  Idle: 0,  Running: 23,  Completed: 181 [  11m 13s  ] 
INFO:  Idle: 0,  Running: 22,  Completed: 182 [  11m 17s  ] 
INFO:  Idle: 0,  Running: 21,  Completed: 183 [  11m 29s  ] 
INFO:  Idle: 1,  Running: 20,  Completed: 184 [  11m 56s  ] 
INFO: P0_gg_xdxdxh1/G4.7 is at 0.00229 +- 6.65e-05 pb. Now submitting iteration #4. 
INFO:  Idle: 0,  Running: 23,  Completed: 186 [  13m 3s  ] 
INFO:  Idle: 0,  Running: 22,  Completed: 187 [  13m 13s  ] 
INFO:  Idle: 0,  Running: 19,  Completed: 190 [  13m 16s  ] 
INFO:  Idle: 1,  Running: 18,  Completed: 191 [  13m 19s  ] 
INFO: P0_gg_xdxdxh1/G3.8 is at 1.97e-05 +- 1.65e-06 pb. Now submitting iteration #4. 
INFO:  Idle: 1,  Running: 20,  Completed: 194 [  13m 27s  ] 
INFO: P0_gg_xdxdxh1/G4.8 is at 0.00293 +- 0.000109 pb. Now submitting iteration #4. 
INFO:  Idle: 0,  Running: 23,  Completed: 196 [  15m 57s  ] 
INFO:  Idle: 0,  Running: 21,  Completed: 198 [  16m 1s  ] 
INFO:  Idle: 0,  Running: 19,  Completed: 200 [  16m 5s  ] 
INFO:  Idle: 0,  Running: 17,  Completed: 202 [  16m 9s  ] 
INFO: P0_gg_xdxdxh1/G2.7 is at 1.99e-06 +- 6.8e-08 pb. Now submitting iteration #5. 
INFO:  Idle: 0,  Running: 15,  Completed: 205 [  16m 13s  ] 
INFO: P0_gg_xdxdxh1/G1.8 is at 0.000144 +- 1.3e-05 pb. Now submitting iteration #5. 
INFO:  Idle: 0,  Running: 21,  Completed: 209 [  16m 17s  ] 
INFO: Survey finished for P0_gg_xdxdxh1/G2.8 at 5.331e-07 +- 5.27e-09 pb 
INFO:  Idle: 0,  Running: 19,  Completed: 211 [  17m 6s  ] 
INFO:  Idle: 0,  Running: 17,  Completed: 213 [  17m 12s  ] 
INFO: Survey finished for P0_gg_xdxdxh1/G4.7 at 0.00224 +- 3.97e-05 pb 
INFO:  Idle: 0,  Running: 16,  Completed: 215 [  17m 17s  ] 
INFO:  Idle: 0,  Running: 15,  Completed: 216 [  18m 2s  ] 
INFO:  Idle: 0,  Running: 13,  Completed: 218 [  18m 11s  ] 
INFO:  Idle: 0,  Running: 11,  Completed: 220 [  18m 15s  ] 
INFO:  Idle: 1,  Running: 10,  Completed: 221 [  18m 21s  ] 
INFO: P0_gg_xdxdxh1/G4.8 is at 0.00324 +- 0.000156 pb. Now submitting iteration #5. 
INFO: P0_gg_xdxdxh1/G3.8 is at 2.05e-05 +- 5.07e-07 pb. Now submitting iteration #5. 
INFO:  Idle: 1,  Running: 11,  Completed: 230 [  24m 45s  ] 
INFO: Survey finished for P0_gg_xdxdxh1/G1.8 at 0.000148 +- 3.41e-06 pb 
INFO:  Idle: 1,  Running: 8,  Completed: 234 [  25m 4s  ] 
INFO: Survey finished for P0_gg_xdxdxh1/G2.7 at 1.97e-06 +- 3.95e-08 pb 
INFO:  Idle: 0,  Running: 8,  Completed: 235 [  25m 26s  ] 
INFO:  Idle: 1,  Running: 1,  Completed: 243 [  26m 14s  ] 
INFO: Survey finished for P0_gg_xdxdxh1/G3.8 at 2.094e-05 +- 1.99e-07 pb 
INFO: Survey finished for P0_gg_xdxdxh1/G4.8 at 0.00318 +- 3.96e-05 pb 
INFO:  Idle: 0,  Running: 0,  Completed: 245 [  26m 41s  ] 
INFO:  Idle: 0,  Running: 0,  Completed: 245 [  26m 41s  ] 
INFO: End survey 
refine 20000
Creating Jobs
INFO: Refine results to 20000 
INFO: Generating 20000.0 unweigthed events. 
INFO: Effective Luminosity 527381.550834 pb^-1 
INFO: need to improve 6 channels 
Current estimate of cross-section: 0.04361168866 +- 0.000152094508164
INFO:  Idle: 3,  Running: 24,  Completed: 0 [ current time: 19h13 ] 
INFO:  Idle: 3,  Running: 24,  Completed: 1 [  2m 44s  ] 
INFO:  Idle: 3,  Running: 24,  Completed: 2 [  3m 10s  ] 
INFO:  Idle: 2,  Running: 24,  Completed: 3 [  4m 42s  ] 
INFO: P0_gg_xdxdxh1/G1.7 is at 867/2051 (42%) event. Resubmit 1 job at iteration 1. 
INFO:  Idle: 0,  Running: 24,  Completed: 6 [  4m 47s  ] 
INFO: P0_gg_xdxdxh1/G3.5 is at 1241/2197 (57%) event. Resubmit 1 job at iteration 1. 
INFO:  Idle: 0,  Running: 18,  Completed: 13 [  4m 52s  ] 
INFO:  Idle: 0,  Running: 13,  Completed: 18 [  4m 55s  ] 
INFO:  Idle: 1,  Running: 9,  Completed: 22 [  5m 0s  ] 
INFO: P0_gg_xdxdxh1/G4.5 is at 1768/4476 (40%) event. Resubmit 2 job at iteration 1. 
INFO: found enough event for P0_gg_xdxdxh1/G4.7 
INFO:  Idle: 1,  Running: 7,  Completed: 28 [  5m 3s  ] 
INFO: P0_gg_xdxdxh1/G1.5 is at 3200/9517 (34%) event. Resubmit 2 job at iteration 1. 
INFO:  Idle: 0,  Running: 9,  Completed: 29 [  5m 7s  ] 
INFO:  Idle: 0,  Running: 8,  Completed: 30 [  6m 30s  ] 
INFO:  Idle: 1,  Running: 7,  Completed: 31 [  6m 38s  ] 
INFO: P0_gg_xdxdxh1/G1.7 is at 1672/2033 (82%) event. Resubmit 1 job at iteration 2. 
INFO:  Idle: 0,  Running: 7,  Completed: 33 [  6m 52s  ] 
INFO:  Idle: 1,  Running: 6,  Completed: 34 [  6m 56s  ] 
INFO: found enough event for P0_gg_xdxdxh1/G3.5 
INFO:  Idle: 1,  Running: 5,  Completed: 36 [  7m 38s  ] 
INFO: P0_gg_xdxdxh1/G4.8 is at 857/1704 (50%) event. Resubmit 6 job at iteration 1. 
INFO:  Idle: 0,  Running: 9,  Completed: 39 [  8m 0s  ] 
INFO: P0_gg_xdxdxh1/G4.5 is at 3526/4449 (79%) event. Resubmit 2 job at iteration 2. 
INFO: P0_gg_xdxdxh1/G1.5 is at 6388/9531 (67%) event. Resubmit 2 job at iteration 2. 
INFO:  Idle: 0,  Running: 10,  Completed: 42 [  8m 5s  ] 
INFO:  Idle: 1,  Running: 10,  Completed: 44 [  8m 19s  ] 
INFO: found enough event for P0_gg_xdxdxh1/G1.7 
INFO:  Idle: 0,  Running: 10,  Completed: 45 [  8m 23s  ] 
INFO:  Idle: 0,  Running: 7,  Completed: 48 [  10m 45s  ] 
INFO: P0_gg_xdxdxh1/G4.8 is at 993/1704 (58%) event. Resubmit 15 job at iteration 2. 
INFO:  Idle: 0,  Running: 19,  Completed: 52 [  10m 49s  ] 
INFO:  Idle: 0,  Running: 18,  Completed: 53 [  11m 10s  ] 
INFO:  Idle: 1,  Running: 16,  Completed: 55 [  11m 20s  ] 
INFO: found enough event for P0_gg_xdxdxh1/G4.5 
INFO:  Idle: 0,  Running: 16,  Completed: 57 [  11m 27s  ] 
INFO: found enough event for P0_gg_xdxdxh1/G1.5 
INFO:  Idle: 0,  Running: 13,  Completed: 60 [  14m 29s  ] 
INFO:  Idle: 0,  Running: 9,  Completed: 64 [  14m 38s  ] 
INFO:  Idle: 0,  Running: 2,  Completed: 71 [  14m 41s  ] 
INFO:  Idle: 1,  Running: 0,  Completed: 73 [  14m 46s  ] 
INFO: found enough event for P0_gg_xdxdxh1/G4.8 
INFO:  Idle: 0,  Running: 0,  Completed: 74 [  15m 10s  ] 
INFO:  Idle: 0,  Running: 0,  Completed: 74 [  15m 10s  ] 
INFO: Combining runs 
INFO: finish refine 
refine 20000
Creating Jobs
INFO: Refine results to 20000 
INFO: Generating 20000.0 unweigthed events. 
INFO: Effective Luminosity 524472.470847 pb^-1 
INFO: need to improve 0 channels 
Current estimate of cross-section: 0.04385358866 +- 8.74640995247e-05
INFO:  Idle: 0,  Running: 0,  Completed: 0 [ current time: 19h28 ] 
INFO: Combining runs 
INFO: finish refine 
INFO: Combining Events 
 
 
 
  === Results Summary for run: run_01 tag: tag_1 ===

     Cumulative sequential time for this run: 8h05m20s
     Cross-section :   0.04385 +- 8.746e-05 pb
     Nb of events :  20000
 
store_events
INFO: Storing parton level results 
INFO: End Parton 
reweight -from_cards
decay_events -from_cards
INFO: storing files of previous run 
INFO: Done 
quit
INFO:  
 
INFO:  
 
more information in /afs/cern.ch/work/s/syu/2HDM_gridpack/v25x/genproductions/bin/MadGraph5_aMCatNLO/interactive/interactive_gridpack/work/MG5_aMC_v2_5_2/2HDMPZ2II_MH3_400_MH4_300_MH2_400_MHC_400/index.html
quit
 

 


Job finished at Fri Jul 21 19:29:54 CEST 2017 on node 
 under linux version Scientific Linux CERN SLC release 6.9 (Carbon)

CERN statistics: This process used approximately : 12:20:12 KSI2K hours (44412 KSI2K seconds)
                 This process corresponds to     : 48:06:48 HS06  hours (173208 HS06  seconds)
