@(#)CERN job starter $Date: 2010/06/23 14:22:16 $
Working directory is </pool/lsf/syu/60545001> on <b6929bc4ed.cern.ch>

Starting job on  Fri Jul 21 18:39:52 CEST 2017
Running on  Linux b6929bc4ed.cern.ch 2.6.32-696.3.2.el6.x86_64 #1 SMP Tue Jun 20 09:58:05 CEST 2017 x86_64 x86_64 x86_64 GNU/Linux
System release  Scientific Linux CERN SLC release 6.9 (Carbon)
name: interactive
carddir: 
queue: local
scram_arch: slc6_amd64_gcc481
cmssw_version: CMSSW_7_1_28
# On branch mg25x
# Changed but not updated:
#   (use "git add <file>..." to update what will be committed)
#   (use "git checkout -- <file>..." to discard changes in working directory)
#
#	modified:   gridpack_generation.sh
#
# Untracked files:
#   (use "git add <file>..." to include in what will be committed)
#
#	2HDMPZ2II_MH3_1000_MH4_100_MH2_1000_MHC_1000_proc_card.dat
#	2HDMPZ2II_MH3_1000_MH4_150_MH2_1000_MHC_1000_proc_card.dat
#	2HDMPZ2II_MH3_1000_MH4_200_MH2_1000_MHC_1000_proc_card.dat
#	2HDMPZ2II_MH3_1000_MH4_250_MH2_1000_MHC_1000_proc_card.dat
#	2HDMPZ2II_MH3_1000_MH4_300_MH2_1000_MHC_1000_proc_card.dat
#	2HDMPZ2II_MH3_1000_MH4_350_MH2_1000_MHC_1000_proc_card.dat
#	2HDMPZ2II_MH3_1000_MH4_400_MH2_1000_MHC_1000_proc_card.dat
#	2HDMPZ2II_MH3_1000_MH4_450_MH2_1000_MHC_1000_proc_card.dat
#	2HDMPZ2II_MH3_1000_MH4_500_MH2_1000_MHC_1000_proc_card.dat
#	2HDMPZ2II_MH3_100_MH4_100_MH2_100_MHC_100_proc_card.dat
#	2HDMPZ2II_MH3_1100_MH4_100_MH2_1100_MHC_1100_proc_card.dat
#	2HDMPZ2II_MH3_1100_MH4_150_MH2_1100_MHC_1100_proc_card.dat
#	2HDMPZ2II_MH3_1100_MH4_200_MH2_1100_MHC_1100_proc_card.dat
#	2HDMPZ2II_MH3_1100_MH4_250_MH2_1100_MHC_1100_proc_card.dat
#	2HDMPZ2II_MH3_1100_MH4_300_MH2_1100_MHC_1100_proc_card.dat
#	2HDMPZ2II_MH3_1100_MH4_350_MH2_1100_MHC_1100_proc_card.dat
#	2HDMPZ2II_MH3_1100_MH4_400_MH2_1100_MHC_1100_proc_card.dat
#	2HDMPZ2II_MH3_1100_MH4_450_MH2_1100_MHC_1100_proc_card.dat
#	2HDMPZ2II_MH3_1100_MH4_500_MH2_1100_MHC_1100_proc_card.dat
#	2HDMPZ2II_MH3_1200_MH4_100_MH2_1200_MHC_1200_proc_card.dat
#	2HDMPZ2II_MH3_1200_MH4_150_MH2_1200_MHC_1200_proc_card.dat
#	2HDMPZ2II_MH3_1200_MH4_200_MH2_1200_MHC_1200_proc_card.dat
#	2HDMPZ2II_MH3_1200_MH4_250_MH2_1200_MHC_1200_proc_card.dat
#	2HDMPZ2II_MH3_1200_MH4_300_MH2_1200_MHC_1200_proc_card.dat
#	2HDMPZ2II_MH3_1200_MH4_350_MH2_1200_MHC_1200_proc_card.dat
#	2HDMPZ2II_MH3_1200_MH4_400_MH2_1200_MHC_1200_proc_card.dat
#	2HDMPZ2II_MH3_1200_MH4_450_MH2_1200_MHC_1200_proc_card.dat
#	2HDMPZ2II_MH3_1200_MH4_500_MH2_1200_MHC_1200_proc_card.dat
#	2HDMPZ2II_MH3_1300_MH4_100_MH2_1300_MHC_1300_proc_card.dat
#	2HDMPZ2II_MH3_1300_MH4_150_MH2_1300_MHC_1300_proc_card.dat
#	2HDMPZ2II_MH3_1300_MH4_200_MH2_1300_MHC_1300_proc_card.dat
#	2HDMPZ2II_MH3_1300_MH4_250_MH2_1300_MHC_1300_proc_card.dat
#	2HDMPZ2II_MH3_1300_MH4_300_MH2_1300_MHC_1300_proc_card.dat
#	2HDMPZ2II_MH3_1300_MH4_350_MH2_1300_MHC_1300_proc_card.dat
#	2HDMPZ2II_MH3_1300_MH4_400_MH2_1300_MHC_1300_proc_card.dat
#	2HDMPZ2II_MH3_1300_MH4_450_MH2_1300_MHC_1300_proc_card.dat
#	2HDMPZ2II_MH3_1300_MH4_500_MH2_1300_MHC_1300_proc_card.dat
#	2HDMPZ2II_MH3_1400_MH4_100_MH2_1400_MHC_1400_proc_card.dat
#	2HDMPZ2II_MH3_1400_MH4_150_MH2_1400_MHC_1400_proc_card.dat
#	2HDMPZ2II_MH3_1400_MH4_200_MH2_1400_MHC_1400_proc_card.dat
#	2HDMPZ2II_MH3_1400_MH4_250_MH2_1400_MHC_1400_proc_card.dat
#	2HDMPZ2II_MH3_1400_MH4_300_MH2_1400_MHC_1400_proc_card.dat
#	2HDMPZ2II_MH3_1400_MH4_350_MH2_1400_MHC_1400_proc_card.dat
#	2HDMPZ2II_MH3_1400_MH4_400_MH2_1400_MHC_1400_proc_card.dat
#	2HDMPZ2II_MH3_1400_MH4_450_MH2_1400_MHC_1400_proc_card.dat
#	2HDMPZ2II_MH3_1400_MH4_500_MH2_1400_MHC_1400_proc_card.dat
#	2HDMPZ2II_MH3_1500_MH4_100_MH2_1500_MHC_1500_proc_card.dat
#	2HDMPZ2II_MH3_1500_MH4_150_MH2_1500_MHC_1500_proc_card.dat
#	2HDMPZ2II_MH3_1500_MH4_200_MH2_1500_MHC_1500_proc_card.dat
#	2HDMPZ2II_MH3_1500_MH4_250_MH2_1500_MHC_1500_proc_card.dat
#	2HDMPZ2II_MH3_1500_MH4_300_MH2_1500_MHC_1500_proc_card.dat
#	2HDMPZ2II_MH3_1500_MH4_350_MH2_1500_MHC_1500_proc_card.dat
#	2HDMPZ2II_MH3_1500_MH4_400_MH2_1500_MHC_1500_proc_card.dat
#	2HDMPZ2II_MH3_1500_MH4_450_MH2_1500_MHC_1500_proc_card.dat
#	2HDMPZ2II_MH3_1500_MH4_500_MH2_1500_MHC_1500_proc_card.dat
#	2HDMPZ2II_MH3_1600_MH4_100_MH2_1600_MHC_1600_proc_card.dat
#	2HDMPZ2II_MH3_1600_MH4_150_MH2_1600_MHC_1600_proc_card.dat
#	2HDMPZ2II_MH3_1600_MH4_200_MH2_1600_MHC_1600_proc_card.dat
#	2HDMPZ2II_MH3_1600_MH4_250_MH2_1600_MHC_1600_proc_card.dat
#	2HDMPZ2II_MH3_1600_MH4_300_MH2_1600_MHC_1600_proc_card.dat
#	2HDMPZ2II_MH3_1600_MH4_350_MH2_1600_MHC_1600_proc_card.dat
#	2HDMPZ2II_MH3_1600_MH4_400_MH2_1600_MHC_1600_proc_card.dat
#	2HDMPZ2II_MH3_1600_MH4_450_MH2_1600_MHC_1600_proc_card.dat
#	2HDMPZ2II_MH3_1600_MH4_500_MH2_1600_MHC_1600_proc_card.dat
#	2HDMPZ2II_MH3_200_MH4_100_MH2_200_MHC_200_proc_card.dat
#	2HDMPZ2II_MH3_200_MH4_150_MH2_200_MHC_200_proc_card.dat
#	2HDMPZ2II_MH3_200_MH4_200_MH2_200_MHC_200_proc_card.dat
#	2HDMPZ2II_MH3_300_MH4_100_MH2_300_MHC_300_proc_card.dat
#	2HDMPZ2II_MH3_300_MH4_150_MH2_300_MHC_300_proc_card.dat
#	2HDMPZ2II_MH3_300_MH4_200_MH2_300_MHC_300_proc_card.dat
#	2HDMPZ2II_MH3_300_MH4_250_MH2_300_MHC_300_proc_card.dat
#	2HDMPZ2II_MH3_300_MH4_300_MH2_300_MHC_300_proc_card.dat
#	2HDMPZ2II_MH3_400_MH4_100_MH2_400_MHC_400_proc_card.dat
#	2HDMPZ2II_MH3_400_MH4_150_MH2_400_MHC_400_proc_card.dat
#	2HDMPZ2II_MH3_400_MH4_200_MH2_400_MHC_400_proc_card.dat
#	2HDMPZ2II_MH3_400_MH4_250_MH2_400_MHC_400_proc_card.dat
#	2HDMPZ2II_MH3_400_MH4_300_MH2_400_MHC_400_proc_card.dat
#	2HDMPZ2II_MH3_400_MH4_350_MH2_400_MHC_400_proc_card.dat
#	2HDMPZ2II_MH3_400_MH4_400_MH2_400_MHC_400_proc_card.dat
#	2HDMPZ2II_MH3_500_MH4_100_MH2_500_MHC_500_proc_card.dat
#	2HDMPZ2II_MH3_500_MH4_150_MH2_500_MHC_500_proc_card.dat
#	2HDMPZ2II_MH3_500_MH4_200_MH2_500_MHC_500_proc_card.dat
#	2HDMPZ2II_MH3_500_MH4_250_MH2_500_MHC_500_proc_card.dat
#	2HDMPZ2II_MH3_500_MH4_300_MH2_500_MHC_500_proc_card.dat
#	2HDMPZ2II_MH3_500_MH4_350_MH2_500_MHC_500_proc_card.dat
#	2HDMPZ2II_MH3_500_MH4_400_MH2_500_MHC_500_proc_card.dat
#	2HDMPZ2II_MH3_500_MH4_450_MH2_500_MHC_500_proc_card.dat
#	2HDMPZ2II_MH3_500_MH4_500_MH2_500_MHC_500_proc_card.dat
#	2HDMPZ2II_MH3_600_MH4_100_MH2_600_MHC_600_proc_card.dat
#	2HDMPZ2II_MH3_600_MH4_150_MH2_600_MHC_600_proc_card.dat
#	2HDMPZ2II_MH3_600_MH4_200_MH2_600_MHC_600_proc_card.dat
#	2HDMPZ2II_MH3_600_MH4_250_MH2_600_MHC_600_proc_card.dat
#	2HDMPZ2II_MH3_600_MH4_300_MH2_600_MHC_600_proc_card.dat
#	2HDMPZ2II_MH3_600_MH4_350_MH2_600_MHC_600_proc_card.dat
#	2HDMPZ2II_MH3_600_MH4_400_MH2_600_MHC_600_proc_card.dat
#	2HDMPZ2II_MH3_600_MH4_450_MH2_600_MHC_600_proc_card.dat
#	2HDMPZ2II_MH3_600_MH4_500_MH2_600_MHC_600_proc_card.dat
#	2HDMPZ2II_MH3_700_MH4_100_MH2_700_MHC_700_proc_card.dat
#	2HDMPZ2II_MH3_700_MH4_150_MH2_700_MHC_700_proc_card.dat
#	2HDMPZ2II_MH3_700_MH4_200_MH2_700_MHC_700_proc_card.dat
#	2HDMPZ2II_MH3_700_MH4_250_MH2_700_MHC_700_proc_card.dat
#	2HDMPZ2II_MH3_700_MH4_300_MH2_700_MHC_700_proc_card.dat
#	2HDMPZ2II_MH3_700_MH4_350_MH2_700_MHC_700_proc_card.dat
#	2HDMPZ2II_MH3_700_MH4_400_MH2_700_MHC_700_proc_card.dat
#	2HDMPZ2II_MH3_700_MH4_450_MH2_700_MHC_700_proc_card.dat
#	2HDMPZ2II_MH3_700_MH4_500_MH2_700_MHC_700_proc_card.dat
#	2HDMPZ2II_MH3_800_MH4_100_MH2_800_MHC_800_proc_card.dat
#	2HDMPZ2II_MH3_800_MH4_150_MH2_800_MHC_800_proc_card.dat
#	2HDMPZ2II_MH3_800_MH4_200_MH2_800_MHC_800_proc_card.dat
#	2HDMPZ2II_MH3_800_MH4_250_MH2_800_MHC_800_proc_card.dat
#	2HDMPZ2II_MH3_800_MH4_300_MH2_800_MHC_800_proc_card.dat
#	2HDMPZ2II_MH3_800_MH4_350_MH2_800_MHC_800_proc_card.dat
#	2HDMPZ2II_MH3_800_MH4_400_MH2_800_MHC_800_proc_card.dat
#	2HDMPZ2II_MH3_800_MH4_450_MH2_800_MHC_800_proc_card.dat
#	2HDMPZ2II_MH3_800_MH4_500_MH2_800_MHC_800_proc_card.dat
#	2HDMPZ2II_MH3_900_MH4_100_MH2_900_MHC_900_proc_card.dat
#	2HDMPZ2II_MH3_900_MH4_150_MH2_900_MHC_900_proc_card.dat
#	2HDMPZ2II_MH3_900_MH4_200_MH2_900_MHC_900_proc_card.dat
#	2HDMPZ2II_MH3_900_MH4_250_MH2_900_MHC_900_proc_card.dat
#	2HDMPZ2II_MH3_900_MH4_300_MH2_900_MHC_900_proc_card.dat
#	2HDMPZ2II_MH3_900_MH4_350_MH2_900_MHC_900_proc_card.dat
#	2HDMPZ2II_MH3_900_MH4_400_MH2_900_MHC_900_proc_card.dat
#	2HDMPZ2II_MH3_900_MH4_450_MH2_900_MHC_900_proc_card.dat
#	2HDMPZ2II_MH3_900_MH4_500_MH2_900_MHC_900_proc_card.dat
#	2HDMPZ2II_proc_card.dat
#	2HDMPZ2II_proc_card.dat~
#	ATLAS_mass
#	LSFJOB_60545393/
#	cards/testATLAS/
#	interactive/
#	launch_2HDMPZ2II.sh
#	launch_2HDMPZ2II.sh~
#	runLaunch.sh
#	runLaunch.sh~
#	testATLAS.log
#	testATLAS/
no changes added to commit (use "git add" and/or "git commit -a")
Current git revision is:
0bbec92b3038971e3e0a64618fcf83a7833dbb80
diff --git a/bin/MadGraph5_aMCatNLO/gridpack_generation.sh b/bin/MadGraph5_aMCatNLO/gridpack_generation.sh
index 728419e..a2b5a94 100755
--- a/bin/MadGraph5_aMCatNLO/gridpack_generation.sh
+++ b/bin/MadGraph5_aMCatNLO/gridpack_generation.sh
@@ -112,7 +112,7 @@ CARDSDIR=${PRODHOME}/${carddir}
 MGBASEDIR=mgbasedir
 
 MG_EXT=".tar.gz"
-MG=MG5_aMC_v2.5.5$MG_EXT
+MG=MG5_aMC_v2.5.2$MG_EXT
 MGSOURCE=https://cms-project-generators.web.cern.ch/cms-project-generators/$MG
 
 #syscalc is a helper tool for madgraph to add scale and pdf variation weights for LO processes
/afs/cern.ch/work/s/syu/2HDM_gridpack/v25x/genproductions/bin/MadGraph5_aMCatNLO
Reusing existing directory assuming generated code already exists
WARNING: If you changed the process card you need to clean the folder and run from scratch
************************************************************
*                                                          *
*                     W E L C O M E to                     *
*              M A D G R A P H 5 _ a M C @ N L O           *
*                                                          *
*                                                          *
*                 *                       *                *
*                   *        * *        *                  *
*                     * * * * 5 * * * *                    *
*                   *        * *        *                  *
*                 *                       *                *
*                                                          *
*         VERSION 2.5.2                 2016-12-10         *
*                                                          *
*    The MadGraph5_aMC@NLO Development Team - Find us at   *
*    https://server06.fynu.ucl.ac.be/projects/madgraph     *
*                            and                           *
*            http://amcatnlo.web.cern.ch/amcatnlo/         *
*                                                          *
*               Type 'help' for in-line help.              *
*           Type 'tutorial' to learn how MG5 works         *
*    Type 'tutorial aMCatNLO' to learn how aMC@NLO works   *
*    Type 'tutorial MadLoop' to learn how MadLoop works    *
*                                                          *
************************************************************
load MG5 configuration from input/mg5_configuration.txt 
None does not seem to correspond to a valid fastjet-config executable (v3+). We will use fjcore instead.
 Please set the 'fastjet'variable to the full (absolute) /PATH/TO/fastjet-config (including fastjet-config).
 MG5_aMC> set fastjet /PATH/TO/fastjet-config

set lhapdf to /cvmfs/cms.cern.ch/slc6_amd64_gcc481/external/lhapdf/6.1.6-ddibom/share/LHAPDF/../../bin/lhapdf-config
set ninja to /afs/cern.ch/work/s/syu/2HDM_gridpack/v25x/genproductions/bin/MadGraph5_aMCatNLO/interactive/interactive_gridpack/work/MG5_aMC_v2_5_2/HEPTools/lib
No valid eps viewer found. Please set in ./input/mg5_configuration.txt
No valid web browser found. Please set in ./input/mg5_configuration.txt
import /afs/cern.ch/work/s/syu/2HDM_gridpack/v25x/genproductions/bin/MadGraph5_aMCatNLO/2HDMPZ2II_MH3_200_MH4_100_MH2_200_MHC_200_proc_card.dat
The import format was not given, so we guess it as command
import model Pseudoscalar_2HDM
INFO: Change particles name to pass to MG5 convention 
Defined multiparticle p = g u c d s u~ c~ d~ s~
Defined multiparticle j = g u c d s u~ c~ d~ s~
Defined multiparticle l+ = e+ mu+
Defined multiparticle l- = e- mu-
Defined multiparticle vl = ve vm vt
Defined multiparticle vl~ = ve~ vm~ vt~
Defined multiparticle all = g ghg ghg~ u c d s u~ c~ d~ s~ a gha gha~ ve vm vt e- mu- ve~ vm~ vt~ e+ mu+ t b t~ b~ z w+ ghz ghwp ghwm h+ h1 h2 h3 h4 w- ghz~ ghwp~ ghwm~ h- ta- xd ta+ xd~
generate g g > xd xd~ h1 / z [QCD]
[1;60m------------------------------------------------------------------------[0m
[1;60m No Born diagrams found. Now switching to the loop-induced mode.        [0m
[1;60m Please cite ref. 'arXiv:1507.00020' when using results from this mode. [0m
[1;60m------------------------------------------------------------------------[0m
1 processes with 80 diagrams generated in 7.198 s
Total: 1 processes with 80 diagrams
output 2HDMPZ2II_MH3_200_MH4_100_MH2_200_MHC_200 -nojpeg
INFO: initialize a new directory: 2HDMPZ2II_MH3_200_MH4_100_MH2_200_MHC_200 
INFO: remove old information in 2HDMPZ2II_MH3_200_MH4_100_MH2_200_MHC_200 
INFO: Organizing processes into subprocess groups 
INFO: Generating Helas calls for process: g g > xd xd~ h1 WEIGHTED<=12 [ noborn = QCD ] / z 
INFO: Processing color information for loop process: g g > xd xd~ h1 [ noborn = QCD ] / z 
INFO: Creating color matrix  loop process: g g > xd xd~ h1 WEIGHTED<=12 [ noborn = QCD ] / z 
INFO: Creating files in directory /afs/cern.ch/work/s/syu/2HDM_gridpack/v25x/genproductions/bin/MadGraph5_aMCatNLO/interactive/interactive_gridpack/work/MG5_aMC_v2_5_2/2HDMPZ2II_MH3_200_MH4_100_MH2_200_MHC_200/SubProcesses/PV0_0_1_gg_xdxdxh1_no_z 
ALOHA: aloha creates FFV1 set of routines with options: L1
INFO: Computing diagram color coefficients 
INFO: Drawing loop Feynman diagrams for Process: g g > xd xd~ h1 WEIGHTED<=12 [ noborn = QCD ] / z 
INFO: Creating files in directory P0_gg_xdxdxh1 
INFO: Generating Feynman diagrams for Process: g g > xd xd~ h1 WEIGHTED<=12 [ noborn = QCD ] / z 
INFO: Finding symmetric diagrams for subprocess group gg_xdxdxh1 
History written to /afs/cern.ch/work/s/syu/2HDM_gridpack/v25x/genproductions/bin/MadGraph5_aMCatNLO/interactive/interactive_gridpack/work/MG5_aMC_v2_5_2/2HDMPZ2II_MH3_200_MH4_100_MH2_200_MHC_200/Cards/proc_card_mg5.dat
Generated helas calls for 1 subprocesses (80 diagrams) in 1.256 s
ALOHA: aloha creates FFS1 routines
ALOHA: aloha creates FFS3 set of routines with options: L2
ALOHA: aloha creates SSS1 routines
save configuration file to /afs/cern.ch/work/s/syu/2HDM_gridpack/v25x/genproductions/bin/MadGraph5_aMCatNLO/interactive/interactive_gridpack/work/MG5_aMC_v2_5_2/2HDMPZ2II_MH3_200_MH4_100_MH2_200_MHC_200/Cards/me5_configuration.txt
INFO: Use Fortran compiler gfortran 
INFO: Use c++ compiler g++ 
INFO: Generate web pages 
Output to directory /afs/cern.ch/work/s/syu/2HDM_gridpack/v25x/genproductions/bin/MadGraph5_aMCatNLO/interactive/interactive_gridpack/work/MG5_aMC_v2_5_2/2HDMPZ2II_MH3_200_MH4_100_MH2_200_MHC_200 done.
Type "launch" to generate events from this process, or see
/afs/cern.ch/work/s/syu/2HDM_gridpack/v25x/genproductions/bin/MadGraph5_aMCatNLO/interactive/interactive_gridpack/work/MG5_aMC_v2_5_2/2HDMPZ2II_MH3_200_MH4_100_MH2_200_MHC_200/README
Run "open index.html" to see more information about this process.
launch 2HDMPZ2II_MH3_200_MH4_100_MH2_200_MHC_200
************************************************************
*                                                          *
*                      W E L C O M E to                    *
*             M A D G R A P H 5 _ a M C @ N L O            *
*                      M A D E V E N T                     *
*                                                          *
*                 *                       *                *
*                   *        * *        *                  *
*                     * * * * 5 * * * *                    *
*                   *        * *        *                  *
*                 *                       *                *
*                                                          *
*         VERSION 2.5.2                 2016-12-10         *
*                                                          *
*    The MadGraph5_aMC@NLO Development Team - Find us at   *
*    https://server06.fynu.ucl.ac.be/projects/madgraph     *
*                                                          *
*               Type 'help' for in-line help.              *
*                                                          *
************************************************************
INFO: load configuration from /afs/cern.ch/work/s/syu/2HDM_gridpack/v25x/genproductions/bin/MadGraph5_aMCatNLO/interactive/interactive_gridpack/work/MG5_aMC_v2_5_2/2HDMPZ2II_MH3_200_MH4_100_MH2_200_MHC_200/Cards/me5_configuration.txt  
INFO: load configuration from /afs/cern.ch/work/s/syu/2HDM_gridpack/v25x/genproductions/bin/MadGraph5_aMCatNLO/interactive/interactive_gridpack/work/MG5_aMC_v2_5_2/input/mg5_configuration.txt  
INFO: load configuration from /afs/cern.ch/work/s/syu/2HDM_gridpack/v25x/genproductions/bin/MadGraph5_aMCatNLO/interactive/interactive_gridpack/work/MG5_aMC_v2_5_2/2HDMPZ2II_MH3_200_MH4_100_MH2_200_MHC_200/Cards/me5_configuration.txt  
No valid eps viewer found. Please set in ./input/mg5_configuration.txt
No valid web browser found. Please set in ./input/mg5_configuration.txt
generate_events run_01
The following switches determine which programs are run:
/--------------------------------------------------------------------------------------------------\
|  [31m1[0m. Choose the shower/hadronization program:                           shower = [31mNot installed[0m    |
|  [31m2[0m. Choose the detector simulation program:                          detector = [31mNot installed[0m    |
|  [31m3[0m. Run an analysis package on the events generated:                 analysis = [33mNo analysis tool interfaced to MG5aMC.[0m|
|  [31m4[0m. Decay particles with the MadSpin module:                          madspin = [31mOFF[0m              |
|  [31m5[0m. Add weights to events for different model hypothesis:            reweight = [31mOFF[0m              |
\--------------------------------------------------------------------------------------------------/
  Either type the switch number (1 to 5) to change its setting,
  Set any switch explicitly (e.g. type 'madspin=ON' at the prompt)
  Type 'help' for the list of all valid option
  Type '0', 'auto', 'done' or just press enter when you are done.
 [[4m0[0m, auto, done, madspin=ON, madspin=OFF, madspin, reweight=ON, reweight=OFF, reweight, parton, ... ]
[1;34mThe answer to the previous question is not set in your input file[0m
[1;34mUse 0 value[0m
set sinp 0.35
[1;60mINFO: modify param_card information BLOCK higgs with id (5,) set to 0.35 [0m
set tanbeta 1
[1;60mINFO: modify param_card information BLOCK frblock with id (2,) set to 1.0 [0m
set laP1 3.0
[1;60mINFO: modify param_card information BLOCK higgs with id (2,) set to 3.0 [0m
set laP2 3.0
[1;60mINFO: modify param_card information BLOCK higgs with id (3,) set to 3.0 [0m
set lam3 3.0
[1;60mINFO: modify param_card information BLOCK higgs with id (1,) set to 3.0 [0m
set sinbma 1.0
[1;60mINFO: modify param_card information BLOCK frblock with id (3,) set to 1.0 [0m
set gPXd 1.0
[1;60mINFO: modify param_card information BLOCK dminputs with id (1,) set to 1.0 [0m
set Mxd 1.0
[1;60mINFO: modify param_card information BLOCK mass with id (52,) set to 1.0 [0m
set mhc 200
[1;60mINFO: modify param_card information BLOCK mass with id (37,) set to 200.0 [0m
set mh2 200
[1;60mINFO: modify param_card information BLOCK mass with id (35,) set to 200.0 [0m
set mh3 200
[1;60mINFO: modify param_card information BLOCK mass with id (36,) set to 200.0 [0m
set mh4 100
[1;60mINFO: modify param_card information BLOCK mass with id (55,) set to 100.0 [0m
set Wh1 auto
[1;60mINFO: modify param_card information BLOCK decay with id (25,) set to Auto [0m
set Wh2 auto
[1;60mINFO: modify param_card information BLOCK decay with id (35,) set to Auto [0m
set Wh3 auto
[1;60mINFO: modify param_card information BLOCK decay with id (36,) set to Auto [0m
set Whc auto
[1;60mINFO: modify param_card information BLOCK decay with id (37,) set to Auto [0m
set Wh4 auto
[1;60mINFO: modify param_card information BLOCK decay with id (55,) set to Auto [0m
Do you want to edit a card (press enter to bypass editing)?
/------------------------------------------------------------\
|  [31m1[0m. param         : [32mparam_card.dat[0m                         |
|  [31m2[0m. run           : [32mrun_card.dat[0m                           |
|  [31m3[0m. MadLoopParams : [32mMadLoopParams.dat[0m                      |
\------------------------------------------------------------/
 you can also
   - enter the path to a valid card or banner.
   - use the 'set' command to modify a parameter directly.
     The set option works only for param_card and run_card.
     Type 'help set' for more information on this command.
   - call an external program (ASperGE/MadWidth/...).
     Type 'help' for the list of available command
 [[4m0[0m, done, 1, param, 2, run, 3, MadLoopParams, enter path]
[1;60mThe answer to the previous question is not set in your input file[0m
[1;60mUse 0 value[0m
INFO: Change particles name to pass to MG5 convention 
************************************************************
*                                                          *
*                     W E L C O M E to                     *
*              M A D G R A P H 5 _ a M C @ N L O           *
*                                                          *
*                                                          *
*                 *                       *                *
*                   *        * *        *                  *
*                     * * * * 5 * * * *                    *
*                   *        * *        *                  *
*                 *                       *                *
*                                                          *
*         VERSION 2.5.2                 2016-12-10         *
*                                                          *
*    The MadGraph5_aMC@NLO Development Team - Find us at   *
*    https://server06.fynu.ucl.ac.be/projects/madgraph     *
*                            and                           *
*            http://amcatnlo.web.cern.ch/amcatnlo/         *
*                                                          *
*               Type 'help' for in-line help.              *
*           Type 'tutorial' to learn how MG5 works         *
*    Type 'tutorial aMCatNLO' to learn how aMC@NLO works   *
*    Type 'tutorial MadLoop' to learn how MadLoop works    *
*                                                          *
************************************************************
load MG5 configuration from input/mg5_configuration.txt 
None does not seem to correspond to a valid fastjet-config executable (v3+). We will use fjcore instead.
 Please set the 'fastjet'variable to the full (absolute) /PATH/TO/fastjet-config (including fastjet-config).
 MG5_aMC> set fastjet /PATH/TO/fastjet-config

set lhapdf to /cvmfs/cms.cern.ch/slc6_amd64_gcc481/external/lhapdf/6.1.6-ddibom/share/LHAPDF/../../bin/lhapdf-config
set ninja to /afs/cern.ch/work/s/syu/2HDM_gridpack/v25x/genproductions/bin/MadGraph5_aMCatNLO/interactive/interactive_gridpack/work/MG5_aMC_v2_5_2/HEPTools/lib
No valid eps viewer found. Please set in ./input/mg5_configuration.txt
No valid web browser found. Please set in ./input/mg5_configuration.txt
set automatic_html_opening False --no_save
compute_widths 25 35 36 37 55 --precision_channel=0.01 --body_decay=4.0025 --path=/afs/cern.ch/work/s/syu/2HDM_gridpack/v25x/genproductions/bin/MadGraph5_aMCatNLO/interactive/interactive_gridpack/work/MG5_aMC_v2_5_2/2HDMPZ2II_MH3_200_MH4_100_MH2_200_MHC_200/Cards/param_card.dat --output=/afs/cern.ch/work/s/syu/2HDM_gridpack/v25x/genproductions/bin/MadGraph5_aMCatNLO/interactive/interactive_gridpack/work/MG5_aMC_v2_5_2/2HDMPZ2II_MH3_200_MH4_100_MH2_200_MHC_200/Cards/param_card.dat
[1;34mPlease note that the automatic computation of the width is
    only valid in narrow-width approximation and at tree-level.[0m
INFO: Get two body decay from FeynRules formula 
Results written to /afs/cern.ch/work/s/syu/2HDM_gridpack/v25x/genproductions/bin/MadGraph5_aMCatNLO/interactive/interactive_gridpack/work/MG5_aMC_v2_5_2/2HDMPZ2II_MH3_200_MH4_100_MH2_200_MHC_200/Cards/param_card.dat
INFO: get decay diagram for h1 
Vertexlist of this model has not been searched.Automatically run the model.find_vertexlist()
Found 6 stable particles
INFO: get decay diagram for h2 
INFO:     current estimated error: 0.0061843344954 go to 4-body decay: 
100 / 181: 3s
INFO: get decay diagram for h3 
INFO: get decay diagram for h+ 
INFO: get decay diagram for h4 
Pass to numerical integration for computing the widths:
INFO: More info in temporary files:
    /afs/cern.ch/work/s/syu/2HDM_gridpack/v25x/genproductions/bin/MadGraph5_aMCatNLO/interactive/interactive_gridpack/work/MG5_aMC_v2_5_2/tmpypxfWV/temp_decay/index.html 
Results written to /afs/cern.ch/work/s/syu/2HDM_gridpack/v25x/genproductions/bin/MadGraph5_aMCatNLO/interactive/interactive_gridpack/work/MG5_aMC_v2_5_2/2HDMPZ2II_MH3_200_MH4_100_MH2_200_MHC_200/Cards/param_card.dat
INFO: Update the dependent parameter of the param_card.dat 
Generating 20000 events with run name run_01
survey  run_01 
INFO: compile directory 
[1;34mNot able to open file /afs/cern.ch/work/s/syu/2HDM_gridpack/v25x/genproductions/bin/MadGraph5_aMCatNLO/interactive/interactive_gridpack/work/MG5_aMC_v2_5_2/2HDMPZ2II_MH3_200_MH4_100_MH2_200_MHC_200/crossx.html since no program configured.Please set one in ./input/mg5_configuration.txt[0m
run_card missed argument ptlund. Takes default: -1.0
run_card missed argument pdgs_for_merging_cut. Takes default: [21, 1, 2, 3, 4, 5, 6]
run_card missed argument bias_parameters. Takes default: {}
initMadLoop -r -f
run_card missed argument ptlund. Takes default: -1.0
run_card missed argument pdgs_for_merging_cut. Takes default: [21, 1, 2, 3, 4, 5, 6]
run_card missed argument bias_parameters. Takes default: {}
Initializing MadLoop loop-induced matrix elements (this can take some time)...
MadLoop initialization finished.
compile Source Directory
Using random number seed offset = 21
INFO: Running Survey 
Creating Jobs
Working on SubProcesses
INFO:     P0_gg_xdxdxh1  
INFO:  Idle: 24,  Running: 16,  Completed: 0 [ current time: 19h24 ] 
INFO:  Idle: 23,  Running: 16,  Completed: 1 [  27.7s  ] 
INFO:  Idle: 22,  Running: 16,  Completed: 2 [  33.4s  ] 
INFO:  Idle: 21,  Running: 16,  Completed: 3 [  36.9s  ] 
INFO:  Idle: 18,  Running: 16,  Completed: 6 [  40.8s  ] 
INFO:  Idle: 17,  Running: 16,  Completed: 7 [  47.6s  ] 
INFO:  Idle: 14,  Running: 16,  Completed: 12 [  53.6s  ] 
INFO:  Idle: 12,  Running: 16,  Completed: 15 [  57.9s  ] 
INFO:  Idle: 12,  Running: 16,  Completed: 16 [  1m 1s  ] 
INFO:  Idle: 11,  Running: 16,  Completed: 17 [  1m 6s  ] 
INFO:  Idle: 10,  Running: 16,  Completed: 18 [  1m 24s  ] 
INFO:  Idle: 8,  Running: 16,  Completed: 20 [  1m 27s  ] 
INFO:  Idle: 6,  Running: 16,  Completed: 22 [  1m 33s  ] 
INFO:  Idle: 3,  Running: 16,  Completed: 27 [  1m 36s  ] 
INFO: P0_gg_xdxdxh1/G1.7 is at 0.257 +- 0.0209 pb. Now submitting iteration #2. 
INFO: P0_gg_xdxdxh1/G1.5 is at 0.0307 +- 0.00204 pb. Now submitting iteration #2. 
INFO: P0_gg_xdxdxh1/G2.7 is at 3.8e-05 +- 3.41e-06 pb. Now submitting iteration #2. 
INFO:  Idle: 7,  Running: 16,  Completed: 32 [  1m 40s  ] 
INFO: P0_gg_xdxdxh1/G1.8 is at 0.0112 +- 0.00606 pb. Now submitting iteration #2. 
INFO:  Idle: 13,  Running: 16,  Completed: 34 [  1m 44s  ] 
INFO: P0_gg_xdxdxh1/G3.5 is at 0.0131 +- 0.000988 pb. Now submitting iteration #2. 
INFO: P0_gg_xdxdxh1/G2.8 is at 4e-07 +- 1.97e-07 pb. Now submitting iteration #2. 
INFO: P0_gg_xdxdxh1/G3.7 is at 0.00278 +- 0.000198 pb. Now submitting iteration #2. 
INFO:  Idle: 22,  Running: 16,  Completed: 37 [  1m 47s  ] 
INFO:  Idle: 21,  Running: 16,  Completed: 38 [  1m 53s  ] 
INFO:  Idle: 20,  Running: 16,  Completed: 39 [  2m 6s  ] 
INFO:  Idle: 18,  Running: 16,  Completed: 41 [  2m 12s  ] 
INFO:  Idle: 17,  Running: 16,  Completed: 43 [  2m 19s  ] 
INFO:  Idle: 16,  Running: 16,  Completed: 45 [  2m 24s  ] 
INFO:  Idle: 15,  Running: 16,  Completed: 46 [  2m 30s  ] 
INFO:  Idle: 12,  Running: 16,  Completed: 49 [  2m 35s  ] 
INFO:  Idle: 11,  Running: 16,  Completed: 50 [  2m 38s  ] 
INFO:  Idle: 10,  Running: 16,  Completed: 51 [  2m 46s  ] 
INFO:  Idle: 9,  Running: 16,  Completed: 53 [  2m 51s  ] 
INFO:  Idle: 7,  Running: 16,  Completed: 55 [  2m 59s  ] 
INFO:  Idle: 6,  Running: 16,  Completed: 56 [  3m 4s  ] 
INFO:  Idle: 6,  Running: 16,  Completed: 57 [  3m 7s  ] 
INFO:  Idle: 5,  Running: 16,  Completed: 59 [  3m 15s  ] 
INFO:  Idle: 3,  Running: 16,  Completed: 61 [  3m 19s  ] 
INFO: P0_gg_xdxdxh1/G4.7 is at 0.0736 +- 0.00582 pb. Now submitting iteration #2. 
INFO: P0_gg_xdxdxh1/G3.8 is at 0.000847 +- 0.000546 pb. Now submitting iteration #2. 
INFO:  Idle: 9,  Running: 16,  Completed: 63 [  3m 22s  ] 
INFO: P0_gg_xdxdxh1/G1.7 is at 0.2608 +- 0.00102 pb. Now submitting iteration #3. 
INFO: P0_gg_xdxdxh1/G1.5 is at 0.0325 +- 0.00044 pb. Now submitting iteration #3. 
INFO:  Idle: 10,  Running: 16,  Completed: 67 [  3m 28s  ] 
INFO: P0_gg_xdxdxh1/G2.7 is at 3.98e-05 +- 4.65e-07 pb. Now submitting iteration #3. 
INFO:  Idle: 15,  Running: 16,  Completed: 71 [  3m 34s  ] 
INFO:  Idle: 14,  Running: 16,  Completed: 73 [  3m 38s  ] 
INFO:  Idle: 12,  Running: 16,  Completed: 76 [  3m 43s  ] 
INFO:  Idle: 11,  Running: 16,  Completed: 77 [  3m 46s  ] 
INFO: P0_gg_xdxdxh1/G4.8 is at 0.00437 +- 0.00191 pb. Now submitting iteration #2. 
INFO:  Idle: 14,  Running: 16,  Completed: 78 [  3m 52s  ] 
INFO: P0_gg_xdxdxh1/G1.8 is at 0.0133 +- 0.000877 pb. Now submitting iteration #3. 
INFO:  Idle: 15,  Running: 16,  Completed: 81 [  3m 59s  ] 
INFO:  Idle: 15,  Running: 16,  Completed: 82 [  4m 4s  ] 
INFO:  Idle: 14,  Running: 16,  Completed: 83 [  4m 8s  ] 
INFO:  Idle: 12,  Running: 16,  Completed: 85 [  4m 19s  ] 
INFO:  Idle: 11,  Running: 16,  Completed: 87 [  4m 23s  ] 
INFO: P0_gg_xdxdxh1/G3.5 is at 0.01327 +- 4.81e-05 pb. Now submitting iteration #3. 
INFO: P0_gg_xdxdxh1/G3.7 is at 0.002734 +- 1.63e-05 pb. Now submitting iteration #3. 
INFO:  Idle: 15,  Running: 16,  Completed: 92 [  4m 30s  ] 
INFO:  Idle: 13,  Running: 16,  Completed: 94 [  5m 11s  ] 
INFO:  Idle: 12,  Running: 16,  Completed: 95 [  5m 17s  ] 
INFO:  Idle: 10,  Running: 16,  Completed: 98 [  5m 25s  ] 
INFO: P0_gg_xdxdxh1/G2.8 is at 2.07e-06 +- 1.29e-06 pb. Now submitting iteration #3. 
INFO: P0_gg_xdxdxh1/G4.7 is at 0.0667 +- 0.00193 pb. Now submitting iteration #3. 
INFO:  Idle: 14,  Running: 16,  Completed: 103 [  5m 33s  ] 
INFO:  Idle: 13,  Running: 16,  Completed: 104 [  5m 38s  ] 
INFO:  Idle: 12,  Running: 16,  Completed: 106 [  5m 43s  ] 
INFO:  Idle: 11,  Running: 16,  Completed: 107 [  5m 53s  ] 
INFO: P0_gg_xdxdxh1/G3.8 is at 0.000548 +- 4.29e-05 pb. Now submitting iteration #3. 
INFO:  Idle: 12,  Running: 16,  Completed: 111 [  5m 58s  ] 
INFO: P0_gg_xdxdxh1/G4.8 is at 0.00497 +- 0.000175 pb. Now submitting iteration #3. 
INFO:  Idle: 15,  Running: 16,  Completed: 112 [  6m 7s  ] 
INFO:  Idle: 14,  Running: 16,  Completed: 113 [  6m 47s  ] 
INFO: Survey finished for P0_gg_xdxdxh1/G1.7 at 0.2606 +- 0.000305 pb 
INFO:  Idle: 11,  Running: 16,  Completed: 116 [  6m 55s  ] 
INFO:  Idle: 10,  Running: 16,  Completed: 117 [  6m 58s  ] 
INFO:  Idle: 10,  Running: 16,  Completed: 118 [  7m 4s  ] 
INFO: Survey finished for P0_gg_xdxdxh1/G1.5 at 0.03176 +- 0.000268 pb 
INFO:  Idle: 7,  Running: 16,  Completed: 122 [  7m 7s  ] 
INFO: Survey finished for P0_gg_xdxdxh1/G2.7 at 4.067e-05 +- 3.89e-07 pb 
INFO:  Idle: 6,  Running: 16,  Completed: 123 [  7m 10s  ] 
INFO:  Idle: 4,  Running: 16,  Completed: 125 [  7m 17s  ] 
INFO:  Idle: 3,  Running: 16,  Completed: 126 [  7m 22s  ] 
INFO:  Idle: 2,  Running: 16,  Completed: 128 [  7m 27s  ] 
INFO: P0_gg_xdxdxh1/G1.8 is at 0.0187 +- 0.00119 pb. Now submitting iteration #4. 
INFO:  Idle: 5,  Running: 16,  Completed: 129 [  7m 32s  ] 
INFO:  Idle: 4,  Running: 16,  Completed: 130 [  7m 36s  ] 
INFO: Survey finished for P0_gg_xdxdxh1/G3.5 at 0.01339 +- 3.93e-05 pb 
INFO:  Idle: 3,  Running: 16,  Completed: 131 [  7m 42s  ] 
INFO:  Idle: 2,  Running: 16,  Completed: 132 [  7m 48s  ] 
INFO:  Idle: 2,  Running: 16,  Completed: 133 [  7m 53s  ] 
INFO: Survey finished for P0_gg_xdxdxh1/G3.7 at 0.002782 +- 1.56e-05 pb 
INFO:  Idle: 1,  Running: 16,  Completed: 134 [  7m 57s  ] 
INFO:  Idle: 0,  Running: 16,  Completed: 135 [  8m 33s  ] 
INFO: Survey finished for P0_gg_xdxdxh1/G2.8 at 2.58e-06 +- 1.62e-07 pb 
INFO:  Idle: 0,  Running: 13,  Completed: 138 [  8m 37s  ] 
INFO:  Idle: 0,  Running: 12,  Completed: 139 [  8m 46s  ] 
INFO:  Idle: 1,  Running: 10,  Completed: 141 [  8m 52s  ] 
INFO:  Idle: 0,  Running: 10,  Completed: 142 [  8m 55s  ] 
INFO:  Idle: 0,  Running: 7,  Completed: 146 [  8m 58s  ] 
INFO:  Idle: 1,  Running: 6,  Completed: 147 [  9m 3s  ] 
INFO: Survey finished for P0_gg_xdxdxh1/G4.7 at 0.06788 +- 0.000664 pb 
INFO: Survey finished for P0_gg_xdxdxh1/G3.8 at 0.000551 +- 1.04e-05 pb 
INFO:  Idle: 0,  Running: 6,  Completed: 148 [  9m 16s  ] 
INFO: P0_gg_xdxdxh1/G4.8 is at 0.00562 +- 0.00012 pb. Now submitting iteration #4. 
INFO:  Idle: 0,  Running: 7,  Completed: 151 [  10m 13s  ] 
INFO:  Idle: 0,  Running: 6,  Completed: 152 [  10m 23s  ] 
INFO: Survey finished for P0_gg_xdxdxh1/G1.8 at 0.0186 +- 0.000317 pb 
INFO:  Idle: 0,  Running: 4,  Completed: 155 [  10m 39s  ] 
INFO:  Idle: 0,  Running: 3,  Completed: 156 [  11m 24s  ] 
INFO:  Idle: 1,  Running: 0,  Completed: 159 [  11m 28s  ] 
INFO: Survey finished for P0_gg_xdxdxh1/G4.8 at 0.005563 +- 3.91e-05 pb 
INFO:  Idle: 0,  Running: 0,  Completed: 160 [  12m 0s  ] 
INFO:  Idle: 0,  Running: 0,  Completed: 160 [  12m 0s  ] 
INFO: End survey 
refine 20000
Creating Jobs
INFO: Refine results to 20000 
INFO: Generating 20000.0 unweigthed events. 
INFO: Effective Luminosity 57335.9764065 pb^-1 
INFO: need to improve 3 channels 
Current estimate of cross-section: 0.4011442979 +- 0.000842203856942
INFO:  Idle: 2,  Running: 16,  Completed: 0 [ current time: 19h36 ] 
INFO:  Idle: 2,  Running: 16,  Completed: 1 [  1m 50s  ] 
INFO:  Idle: 0,  Running: 16,  Completed: 3 [  2m 19s  ] 
INFO:  Idle: 0,  Running: 14,  Completed: 5 [  2m 23s  ] 
INFO:  Idle: 0,  Running: 13,  Completed: 6 [  2m 30s  ] 
INFO: P0_gg_xdxdxh1/G4.7 is at 1171/3904 (30%) event. Resubmit 1 job at iteration 1. 
INFO:  Idle: 0,  Running: 11,  Completed: 8 [  2m 35s  ] 
INFO:  Idle: 0,  Running: 9,  Completed: 11 [  2m 38s  ] 
INFO:  Idle: 0,  Running: 8,  Completed: 12 [  2m 46s  ] 
INFO:  Idle: 0,  Running: 5,  Completed: 16 [  2m 51s  ] 
INFO: P0_gg_xdxdxh1/G1.7 is at 6637/15041 (44%) event. Resubmit 3 job at iteration 1. 
INFO:  Idle: 0,  Running: 6,  Completed: 18 [  3m 0s  ] 
INFO:  Idle: 1,  Running: 4,  Completed: 20 [  3m 58s  ] 
INFO:  Idle: 1,  Running: 4,  Completed: 21 [  4m 3s  ] 
INFO: P0_gg_xdxdxh1/G4.7 is at 2274/3878 (59%) event. Resubmit 2 job at iteration 2. 
INFO:  Idle: 0,  Running: 6,  Completed: 22 [  4m 9s  ] 
INFO:  Idle: 0,  Running: 5,  Completed: 23 [  4m 18s  ] 
INFO:  Idle: 1,  Running: 3,  Completed: 25 [  4m 29s  ] 
INFO: P0_gg_xdxdxh1/G1.8 is at 356/1118 (32%) event. Resubmit 9 job at iteration 1. 
INFO:  Idle: 0,  Running: 12,  Completed: 26 [  4m 55s  ] 
INFO: P0_gg_xdxdxh1/G1.7 is at 10500/14981 (70%) event. Resubmit 4 job at iteration 2. 
INFO:  Idle: 1,  Running: 14,  Completed: 27 [  5m 3s  ] 
INFO:  Idle: 0,  Running: 14,  Completed: 28 [  5m 24s  ] 
INFO:  Idle: 1,  Running: 13,  Completed: 29 [  5m 28s  ] 
INFO: found enough event for P0_gg_xdxdxh1/G4.7 
INFO:  Idle: 0,  Running: 13,  Completed: 30 [  5m 48s  ] 
INFO:  Idle: 0,  Running: 12,  Completed: 31 [  6m 52s  ] 
INFO:  Idle: 0,  Running: 9,  Completed: 34 [  6m 56s  ] 
INFO:  Idle: 0,  Running: 8,  Completed: 35 [  7m 4s  ] 
INFO:  Idle: 0,  Running: 7,  Completed: 36 [  7m 10s  ] 
INFO:  Idle: 0,  Running: 4,  Completed: 39 [  7m 14s  ] 
INFO:  Idle: 0,  Running: 3,  Completed: 41 [  7m 17s  ] 
INFO:  Idle: 1,  Running: 1,  Completed: 43 [  7m 26s  ] 
INFO: found enough event for P0_gg_xdxdxh1/G1.7 
INFO:  Idle: 0,  Running: 1,  Completed: 44 [  7m 51s  ] 
INFO: P0_gg_xdxdxh1/G1.8 is at 599/1105 (54%) event. Resubmit 18 job at iteration 2. 
INFO:  Idle: 2,  Running: 16,  Completed: 45 [  8m 0s  ] 
INFO:  Idle: 0,  Running: 16,  Completed: 47 [  10m 22s  ] 
INFO:  Idle: 0,  Running: 15,  Completed: 48 [  10m 29s  ] 
INFO:  Idle: 0,  Running: 14,  Completed: 49 [  10m 39s  ] 
INFO:  Idle: 0,  Running: 11,  Completed: 52 [  10m 55s  ] 
INFO:  Idle: 0,  Running: 9,  Completed: 54 [  10m 59s  ] 
INFO:  Idle: 0,  Running: 7,  Completed: 56 [  11m 8s  ] 
INFO:  Idle: 0,  Running: 2,  Completed: 61 [  11m 12s  ] 
INFO:  Idle: 1,  Running: 0,  Completed: 63 [  12m 2s  ] 
INFO: P0_gg_xdxdxh1/G1.8 is at 707/1106 ('64%') event. Resubmit 22 job at iteration 3. 
INFO:  Idle: 6,  Running: 16,  Completed: 64 [  12m 39s  ] 
INFO:  Idle: 0,  Running: 14,  Completed: 72 [  15m 47s  ] 
INFO:  Idle: 0,  Running: 12,  Completed: 74 [  15m 52s  ] 
INFO:  Idle: 0,  Running: 9,  Completed: 77 [  15m 56s  ] 
INFO:  Idle: 0,  Running: 6,  Completed: 80 [  16m 6s  ] 
INFO:  Idle: 0,  Running: 3,  Completed: 83 [  17m 44s  ] 
INFO: found enough event for P0_gg_xdxdxh1/G1.8 
INFO:  Idle: 0,  Running: 0,  Completed: 87 [  18m 52s  ] 
INFO:  Idle: 0,  Running: 0,  Completed: 87 [  18m 52s  ] 
INFO: Combining runs 
INFO: finish refine 
refine 20000
Creating Jobs
INFO: Refine results to 20000 
INFO: Generating 20000.0 unweigthed events. 
INFO: Effective Luminosity 57063.563897 pb^-1 
INFO: need to improve 0 channels 
Current estimate of cross-section: 0.4030592979 +- 0.00100615495012
INFO:  Idle: 0,  Running: 0,  Completed: 0 [ current time: 19h55 ] 
INFO: Combining runs 
INFO: finish refine 
INFO: Combining Events 
 
 
 
  === Results Summary for run: run_01 tag: tag_1 ===

     Cumulative sequential time for this run: 3h08m53s
     Cross-section :   0.4031 +- 0.001006 pb
     Nb of events :  20000
 
store_events
INFO: Storing parton level results 
INFO: End Parton 
reweight -from_cards
decay_events -from_cards
INFO: storing files of previous run 
INFO: Done 
quit
INFO:  
 
INFO:  
 
quit
 

 


Job finished at Fri Jul 21 19:57:06 CEST 2017 on node 
 under linux version Scientific Linux CERN SLC release 6.9 (Carbon)

CERN statistics: This process used approximately : 8:23:45 KSI2K hours (30225 KSI2K seconds)
                 This process corresponds to     : 32:44:38 HS06  hours (117878 HS06  seconds)
