@(#)CERN job starter $Date: 2010/06/23 14:22:16 $
Working directory is </pool/lsf/syu/60545087> on <b627f52df3.cern.ch>

Starting job on  Fri Jul 21 18:40:02 CEST 2017
Running on  Linux b627f52df3.cern.ch 2.6.32-642.11.1.el6.x86_64 #1 SMP Wed Nov 16 09:40:09 CET 2016 x86_64 x86_64 x86_64 GNU/Linux
System release  Scientific Linux CERN SLC release 6.9 (Carbon)
name: interactive
carddir: 
queue: local
scram_arch: slc6_amd64_gcc481
cmssw_version: CMSSW_7_1_28
# On branch mg25x
# Changed but not updated:
#   (use "git add <file>..." to update what will be committed)
#   (use "git checkout -- <file>..." to discard changes in working directory)
#
#	modified:   gridpack_generation.sh
#
# Untracked files:
#   (use "git add <file>..." to include in what will be committed)
#
#	2HDMPZ2II_MH3_1000_MH4_100_MH2_1000_MHC_1000_proc_card.dat
#	2HDMPZ2II_MH3_1000_MH4_150_MH2_1000_MHC_1000_proc_card.dat
#	2HDMPZ2II_MH3_1000_MH4_200_MH2_1000_MHC_1000_proc_card.dat
#	2HDMPZ2II_MH3_1000_MH4_250_MH2_1000_MHC_1000_proc_card.dat
#	2HDMPZ2II_MH3_1000_MH4_300_MH2_1000_MHC_1000_proc_card.dat
#	2HDMPZ2II_MH3_1000_MH4_350_MH2_1000_MHC_1000_proc_card.dat
#	2HDMPZ2II_MH3_1000_MH4_400_MH2_1000_MHC_1000_proc_card.dat
#	2HDMPZ2II_MH3_1000_MH4_450_MH2_1000_MHC_1000_proc_card.dat
#	2HDMPZ2II_MH3_1000_MH4_500_MH2_1000_MHC_1000_proc_card.dat
#	2HDMPZ2II_MH3_100_MH4_100_MH2_100_MHC_100_proc_card.dat
#	2HDMPZ2II_MH3_1100_MH4_100_MH2_1100_MHC_1100_proc_card.dat
#	2HDMPZ2II_MH3_1100_MH4_150_MH2_1100_MHC_1100_proc_card.dat
#	2HDMPZ2II_MH3_1100_MH4_200_MH2_1100_MHC_1100_proc_card.dat
#	2HDMPZ2II_MH3_1100_MH4_250_MH2_1100_MHC_1100_proc_card.dat
#	2HDMPZ2II_MH3_1100_MH4_300_MH2_1100_MHC_1100_proc_card.dat
#	2HDMPZ2II_MH3_1100_MH4_350_MH2_1100_MHC_1100_proc_card.dat
#	2HDMPZ2II_MH3_1100_MH4_400_MH2_1100_MHC_1100_proc_card.dat
#	2HDMPZ2II_MH3_1100_MH4_450_MH2_1100_MHC_1100_proc_card.dat
#	2HDMPZ2II_MH3_1100_MH4_500_MH2_1100_MHC_1100_proc_card.dat
#	2HDMPZ2II_MH3_1200_MH4_100_MH2_1200_MHC_1200_proc_card.dat
#	2HDMPZ2II_MH3_1200_MH4_150_MH2_1200_MHC_1200_proc_card.dat
#	2HDMPZ2II_MH3_1200_MH4_200_MH2_1200_MHC_1200_proc_card.dat
#	2HDMPZ2II_MH3_1200_MH4_250_MH2_1200_MHC_1200_proc_card.dat
#	2HDMPZ2II_MH3_1200_MH4_300_MH2_1200_MHC_1200_proc_card.dat
#	2HDMPZ2II_MH3_1200_MH4_350_MH2_1200_MHC_1200_proc_card.dat
#	2HDMPZ2II_MH3_1200_MH4_400_MH2_1200_MHC_1200_proc_card.dat
#	2HDMPZ2II_MH3_1200_MH4_450_MH2_1200_MHC_1200_proc_card.dat
#	2HDMPZ2II_MH3_1200_MH4_500_MH2_1200_MHC_1200_proc_card.dat
#	2HDMPZ2II_MH3_1300_MH4_100_MH2_1300_MHC_1300_proc_card.dat
#	2HDMPZ2II_MH3_1300_MH4_150_MH2_1300_MHC_1300_proc_card.dat
#	2HDMPZ2II_MH3_1300_MH4_200_MH2_1300_MHC_1300_proc_card.dat
#	2HDMPZ2II_MH3_1300_MH4_250_MH2_1300_MHC_1300_proc_card.dat
#	2HDMPZ2II_MH3_1300_MH4_300_MH2_1300_MHC_1300_proc_card.dat
#	2HDMPZ2II_MH3_1300_MH4_350_MH2_1300_MHC_1300_proc_card.dat
#	2HDMPZ2II_MH3_1300_MH4_400_MH2_1300_MHC_1300_proc_card.dat
#	2HDMPZ2II_MH3_1300_MH4_450_MH2_1300_MHC_1300_proc_card.dat
#	2HDMPZ2II_MH3_1300_MH4_500_MH2_1300_MHC_1300_proc_card.dat
#	2HDMPZ2II_MH3_1400_MH4_100_MH2_1400_MHC_1400_proc_card.dat
#	2HDMPZ2II_MH3_1400_MH4_150_MH2_1400_MHC_1400_proc_card.dat
#	2HDMPZ2II_MH3_1400_MH4_200_MH2_1400_MHC_1400_proc_card.dat
#	2HDMPZ2II_MH3_1400_MH4_250_MH2_1400_MHC_1400_proc_card.dat
#	2HDMPZ2II_MH3_1400_MH4_300_MH2_1400_MHC_1400_proc_card.dat
#	2HDMPZ2II_MH3_1400_MH4_350_MH2_1400_MHC_1400_proc_card.dat
#	2HDMPZ2II_MH3_1400_MH4_400_MH2_1400_MHC_1400_proc_card.dat
#	2HDMPZ2II_MH3_1400_MH4_450_MH2_1400_MHC_1400_proc_card.dat
#	2HDMPZ2II_MH3_1400_MH4_500_MH2_1400_MHC_1400_proc_card.dat
#	2HDMPZ2II_MH3_1500_MH4_100_MH2_1500_MHC_1500_proc_card.dat
#	2HDMPZ2II_MH3_1500_MH4_150_MH2_1500_MHC_1500_proc_card.dat
#	2HDMPZ2II_MH3_1500_MH4_200_MH2_1500_MHC_1500_proc_card.dat
#	2HDMPZ2II_MH3_1500_MH4_250_MH2_1500_MHC_1500_proc_card.dat
#	2HDMPZ2II_MH3_1500_MH4_300_MH2_1500_MHC_1500_proc_card.dat
#	2HDMPZ2II_MH3_1500_MH4_350_MH2_1500_MHC_1500_proc_card.dat
#	2HDMPZ2II_MH3_1500_MH4_400_MH2_1500_MHC_1500_proc_card.dat
#	2HDMPZ2II_MH3_1500_MH4_450_MH2_1500_MHC_1500_proc_card.dat
#	2HDMPZ2II_MH3_1500_MH4_500_MH2_1500_MHC_1500_proc_card.dat
#	2HDMPZ2II_MH3_1600_MH4_100_MH2_1600_MHC_1600_proc_card.dat
#	2HDMPZ2II_MH3_1600_MH4_150_MH2_1600_MHC_1600_proc_card.dat
#	2HDMPZ2II_MH3_1600_MH4_200_MH2_1600_MHC_1600_proc_card.dat
#	2HDMPZ2II_MH3_1600_MH4_250_MH2_1600_MHC_1600_proc_card.dat
#	2HDMPZ2II_MH3_1600_MH4_300_MH2_1600_MHC_1600_proc_card.dat
#	2HDMPZ2II_MH3_1600_MH4_350_MH2_1600_MHC_1600_proc_card.dat
#	2HDMPZ2II_MH3_1600_MH4_400_MH2_1600_MHC_1600_proc_card.dat
#	2HDMPZ2II_MH3_1600_MH4_450_MH2_1600_MHC_1600_proc_card.dat
#	2HDMPZ2II_MH3_1600_MH4_500_MH2_1600_MHC_1600_proc_card.dat
#	2HDMPZ2II_MH3_200_MH4_100_MH2_200_MHC_200_proc_card.dat
#	2HDMPZ2II_MH3_200_MH4_150_MH2_200_MHC_200_proc_card.dat
#	2HDMPZ2II_MH3_200_MH4_200_MH2_200_MHC_200_proc_card.dat
#	2HDMPZ2II_MH3_300_MH4_100_MH2_300_MHC_300_proc_card.dat
#	2HDMPZ2II_MH3_300_MH4_150_MH2_300_MHC_300_proc_card.dat
#	2HDMPZ2II_MH3_300_MH4_200_MH2_300_MHC_300_proc_card.dat
#	2HDMPZ2II_MH3_300_MH4_250_MH2_300_MHC_300_proc_card.dat
#	2HDMPZ2II_MH3_300_MH4_300_MH2_300_MHC_300_proc_card.dat
#	2HDMPZ2II_MH3_400_MH4_100_MH2_400_MHC_400_proc_card.dat
#	2HDMPZ2II_MH3_400_MH4_150_MH2_400_MHC_400_proc_card.dat
#	2HDMPZ2II_MH3_400_MH4_200_MH2_400_MHC_400_proc_card.dat
#	2HDMPZ2II_MH3_400_MH4_250_MH2_400_MHC_400_proc_card.dat
#	2HDMPZ2II_MH3_400_MH4_300_MH2_400_MHC_400_proc_card.dat
#	2HDMPZ2II_MH3_400_MH4_350_MH2_400_MHC_400_proc_card.dat
#	2HDMPZ2II_MH3_400_MH4_400_MH2_400_MHC_400_proc_card.dat
#	2HDMPZ2II_MH3_500_MH4_100_MH2_500_MHC_500_proc_card.dat
#	2HDMPZ2II_MH3_500_MH4_150_MH2_500_MHC_500_proc_card.dat
#	2HDMPZ2II_MH3_500_MH4_200_MH2_500_MHC_500_proc_card.dat
#	2HDMPZ2II_MH3_500_MH4_250_MH2_500_MHC_500_proc_card.dat
#	2HDMPZ2II_MH3_500_MH4_300_MH2_500_MHC_500_proc_card.dat
#	2HDMPZ2II_MH3_500_MH4_350_MH2_500_MHC_500_proc_card.dat
#	2HDMPZ2II_MH3_500_MH4_400_MH2_500_MHC_500_proc_card.dat
#	2HDMPZ2II_MH3_500_MH4_450_MH2_500_MHC_500_proc_card.dat
#	2HDMPZ2II_MH3_500_MH4_500_MH2_500_MHC_500_proc_card.dat
#	2HDMPZ2II_MH3_600_MH4_100_MH2_600_MHC_600_proc_card.dat
#	2HDMPZ2II_MH3_600_MH4_150_MH2_600_MHC_600_proc_card.dat
#	2HDMPZ2II_MH3_600_MH4_200_MH2_600_MHC_600_proc_card.dat
#	2HDMPZ2II_MH3_600_MH4_250_MH2_600_MHC_600_proc_card.dat
#	2HDMPZ2II_MH3_600_MH4_300_MH2_600_MHC_600_proc_card.dat
#	2HDMPZ2II_MH3_600_MH4_350_MH2_600_MHC_600_proc_card.dat
#	2HDMPZ2II_MH3_600_MH4_400_MH2_600_MHC_600_proc_card.dat
#	2HDMPZ2II_MH3_600_MH4_450_MH2_600_MHC_600_proc_card.dat
#	2HDMPZ2II_MH3_600_MH4_500_MH2_600_MHC_600_proc_card.dat
#	2HDMPZ2II_MH3_700_MH4_100_MH2_700_MHC_700_proc_card.dat
#	2HDMPZ2II_MH3_700_MH4_150_MH2_700_MHC_700_proc_card.dat
#	2HDMPZ2II_MH3_700_MH4_200_MH2_700_MHC_700_proc_card.dat
#	2HDMPZ2II_MH3_700_MH4_250_MH2_700_MHC_700_proc_card.dat
#	2HDMPZ2II_MH3_700_MH4_300_MH2_700_MHC_700_proc_card.dat
#	2HDMPZ2II_MH3_700_MH4_350_MH2_700_MHC_700_proc_card.dat
#	2HDMPZ2II_MH3_700_MH4_400_MH2_700_MHC_700_proc_card.dat
#	2HDMPZ2II_MH3_700_MH4_450_MH2_700_MHC_700_proc_card.dat
#	2HDMPZ2II_MH3_700_MH4_500_MH2_700_MHC_700_proc_card.dat
#	2HDMPZ2II_MH3_800_MH4_100_MH2_800_MHC_800_proc_card.dat
#	2HDMPZ2II_MH3_800_MH4_150_MH2_800_MHC_800_proc_card.dat
#	2HDMPZ2II_MH3_800_MH4_200_MH2_800_MHC_800_proc_card.dat
#	2HDMPZ2II_MH3_800_MH4_250_MH2_800_MHC_800_proc_card.dat
#	2HDMPZ2II_MH3_800_MH4_300_MH2_800_MHC_800_proc_card.dat
#	2HDMPZ2II_MH3_800_MH4_350_MH2_800_MHC_800_proc_card.dat
#	2HDMPZ2II_MH3_800_MH4_400_MH2_800_MHC_800_proc_card.dat
#	2HDMPZ2II_MH3_800_MH4_450_MH2_800_MHC_800_proc_card.dat
#	2HDMPZ2II_MH3_800_MH4_500_MH2_800_MHC_800_proc_card.dat
#	2HDMPZ2II_MH3_900_MH4_100_MH2_900_MHC_900_proc_card.dat
#	2HDMPZ2II_MH3_900_MH4_150_MH2_900_MHC_900_proc_card.dat
#	2HDMPZ2II_MH3_900_MH4_200_MH2_900_MHC_900_proc_card.dat
#	2HDMPZ2II_MH3_900_MH4_250_MH2_900_MHC_900_proc_card.dat
#	2HDMPZ2II_MH3_900_MH4_300_MH2_900_MHC_900_proc_card.dat
#	2HDMPZ2II_MH3_900_MH4_350_MH2_900_MHC_900_proc_card.dat
#	2HDMPZ2II_MH3_900_MH4_400_MH2_900_MHC_900_proc_card.dat
#	2HDMPZ2II_MH3_900_MH4_450_MH2_900_MHC_900_proc_card.dat
#	2HDMPZ2II_MH3_900_MH4_500_MH2_900_MHC_900_proc_card.dat
#	2HDMPZ2II_proc_card.dat
#	2HDMPZ2II_proc_card.dat~
#	ATLAS_mass
#	LSFJOB_60545393/
#	cards/testATLAS/
#	interactive/
#	launch_2HDMPZ2II.sh
#	launch_2HDMPZ2II.sh~
#	runLaunch.sh
#	runLaunch.sh~
#	testATLAS.log
#	testATLAS/
no changes added to commit (use "git add" and/or "git commit -a")
Current git revision is:
0bbec92b3038971e3e0a64618fcf83a7833dbb80
diff --git a/bin/MadGraph5_aMCatNLO/gridpack_generation.sh b/bin/MadGraph5_aMCatNLO/gridpack_generation.sh
index 728419e..a2b5a94 100755
--- a/bin/MadGraph5_aMCatNLO/gridpack_generation.sh
+++ b/bin/MadGraph5_aMCatNLO/gridpack_generation.sh
@@ -112,7 +112,7 @@ CARDSDIR=${PRODHOME}/${carddir}
 MGBASEDIR=mgbasedir
 
 MG_EXT=".tar.gz"
-MG=MG5_aMC_v2.5.5$MG_EXT
+MG=MG5_aMC_v2.5.2$MG_EXT
 MGSOURCE=https://cms-project-generators.web.cern.ch/cms-project-generators/$MG
 
 #syscalc is a helper tool for madgraph to add scale and pdf variation weights for LO processes
/afs/cern.ch/work/s/syu/2HDM_gridpack/v25x/genproductions/bin/MadGraph5_aMCatNLO
Reusing existing directory assuming generated code already exists
WARNING: If you changed the process card you need to clean the folder and run from scratch
************************************************************
*                                                          *
*                     W E L C O M E to                     *
*              M A D G R A P H 5 _ a M C @ N L O           *
*                                                          *
*                                                          *
*                 *                       *                *
*                   *        * *        *                  *
*                     * * * * 5 * * * *                    *
*                   *        * *        *                  *
*                 *                       *                *
*                                                          *
*         VERSION 2.5.2                 2016-12-10         *
*                                                          *
*    The MadGraph5_aMC@NLO Development Team - Find us at   *
*    https://server06.fynu.ucl.ac.be/projects/madgraph     *
*                            and                           *
*            http://amcatnlo.web.cern.ch/amcatnlo/         *
*                                                          *
*               Type 'help' for in-line help.              *
*           Type 'tutorial' to learn how MG5 works         *
*    Type 'tutorial aMCatNLO' to learn how aMC@NLO works   *
*    Type 'tutorial MadLoop' to learn how MadLoop works    *
*                                                          *
************************************************************
load MG5 configuration from input/mg5_configuration.txt 
None does not seem to correspond to a valid fastjet-config executable (v3+). We will use fjcore instead.
 Please set the 'fastjet'variable to the full (absolute) /PATH/TO/fastjet-config (including fastjet-config).
 MG5_aMC> set fastjet /PATH/TO/fastjet-config

set lhapdf to /cvmfs/cms.cern.ch/slc6_amd64_gcc481/external/lhapdf/6.1.6-ddibom/share/LHAPDF/../../bin/lhapdf-config
set ninja to /afs/cern.ch/work/s/syu/2HDM_gridpack/v25x/genproductions/bin/MadGraph5_aMCatNLO/interactive/interactive_gridpack/work/MG5_aMC_v2_5_2/HEPTools/lib
No valid eps viewer found. Please set in ./input/mg5_configuration.txt
No valid web browser found. Please set in ./input/mg5_configuration.txt
import /afs/cern.ch/work/s/syu/2HDM_gridpack/v25x/genproductions/bin/MadGraph5_aMCatNLO/2HDMPZ2II_MH3_1500_MH4_450_MH2_1500_MHC_1500_proc_card.dat
The import format was not given, so we guess it as command
import model Pseudoscalar_2HDM
INFO: Change particles name to pass to MG5 convention 
Defined multiparticle p = g u c d s u~ c~ d~ s~
Defined multiparticle j = g u c d s u~ c~ d~ s~
Defined multiparticle l+ = e+ mu+
Defined multiparticle l- = e- mu-
Defined multiparticle vl = ve vm vt
Defined multiparticle vl~ = ve~ vm~ vt~
Defined multiparticle all = g ghg ghg~ u c d s u~ c~ d~ s~ a gha gha~ ve vm vt e- mu- ve~ vm~ vt~ e+ mu+ t b t~ b~ z w+ ghz ghwp ghwm h+ h1 h2 h3 h4 w- ghz~ ghwp~ ghwm~ h- ta- xd ta+ xd~
generate g g > xd xd~ h1 / z [QCD]
[1;60m------------------------------------------------------------------------[0m
[1;60m No Born diagrams found. Now switching to the loop-induced mode.        [0m
[1;60m Please cite ref. 'arXiv:1507.00020' when using results from this mode. [0m
[1;60m------------------------------------------------------------------------[0m
1 processes with 80 diagrams generated in 10.757 s
Total: 1 processes with 80 diagrams
output 2HDMPZ2II_MH3_1500_MH4_450_MH2_1500_MHC_1500 -nojpeg
INFO: initialize a new directory: 2HDMPZ2II_MH3_1500_MH4_450_MH2_1500_MHC_1500 
INFO: remove old information in 2HDMPZ2II_MH3_1500_MH4_450_MH2_1500_MHC_1500 
INFO: Organizing processes into subprocess groups 
INFO: Generating Helas calls for process: g g > xd xd~ h1 WEIGHTED<=12 [ noborn = QCD ] / z 
INFO: Processing color information for loop process: g g > xd xd~ h1 [ noborn = QCD ] / z 
INFO: Creating color matrix  loop process: g g > xd xd~ h1 WEIGHTED<=12 [ noborn = QCD ] / z 
INFO: Creating files in directory /afs/cern.ch/work/s/syu/2HDM_gridpack/v25x/genproductions/bin/MadGraph5_aMCatNLO/interactive/interactive_gridpack/work/MG5_aMC_v2_5_2/2HDMPZ2II_MH3_1500_MH4_450_MH2_1500_MHC_1500/SubProcesses/PV0_0_1_gg_xdxdxh1_no_z 
ALOHA: aloha creates FFV1 set of routines with options: L1
ALOHA: aloha creates FFS5 set of routines with options: L2
INFO: Computing diagram color coefficients 
INFO: Drawing loop Feynman diagrams for Process: g g > xd xd~ h1 WEIGHTED<=12 [ noborn = QCD ] / z 
INFO: Creating files in directory P0_gg_xdxdxh1 
INFO: Generating Feynman diagrams for Process: g g > xd xd~ h1 WEIGHTED<=12 [ noborn = QCD ] / z 
INFO: Finding symmetric diagrams for subprocess group gg_xdxdxh1 
History written to /afs/cern.ch/work/s/syu/2HDM_gridpack/v25x/genproductions/bin/MadGraph5_aMCatNLO/interactive/interactive_gridpack/work/MG5_aMC_v2_5_2/2HDMPZ2II_MH3_1500_MH4_450_MH2_1500_MHC_1500/Cards/proc_card_mg5.dat
Generated helas calls for 1 subprocesses (80 diagrams) in 2.738 s
ALOHA: aloha creates FFS1 routines
ALOHA: aloha creates FFS3 set of routines with options: L2
ALOHA: aloha creates SSS1 routines
save configuration file to /afs/cern.ch/work/s/syu/2HDM_gridpack/v25x/genproductions/bin/MadGraph5_aMCatNLO/interactive/interactive_gridpack/work/MG5_aMC_v2_5_2/2HDMPZ2II_MH3_1500_MH4_450_MH2_1500_MHC_1500/Cards/me5_configuration.txt
INFO: Use Fortran compiler gfortran 
INFO: Use c++ compiler g++ 
INFO: Generate web pages 
Output to directory /afs/cern.ch/work/s/syu/2HDM_gridpack/v25x/genproductions/bin/MadGraph5_aMCatNLO/interactive/interactive_gridpack/work/MG5_aMC_v2_5_2/2HDMPZ2II_MH3_1500_MH4_450_MH2_1500_MHC_1500 done.
Type "launch" to generate events from this process, or see
/afs/cern.ch/work/s/syu/2HDM_gridpack/v25x/genproductions/bin/MadGraph5_aMCatNLO/interactive/interactive_gridpack/work/MG5_aMC_v2_5_2/2HDMPZ2II_MH3_1500_MH4_450_MH2_1500_MHC_1500/README
Run "open index.html" to see more information about this process.
launch 2HDMPZ2II_MH3_1500_MH4_450_MH2_1500_MHC_1500
************************************************************
*                                                          *
*                      W E L C O M E to                    *
*             M A D G R A P H 5 _ a M C @ N L O            *
*                      M A D E V E N T                     *
*                                                          *
*                 *                       *                *
*                   *        * *        *                  *
*                     * * * * 5 * * * *                    *
*                   *        * *        *                  *
*                 *                       *                *
*                                                          *
*         VERSION 2.5.2                 2016-12-10         *
*                                                          *
*    The MadGraph5_aMC@NLO Development Team - Find us at   *
*    https://server06.fynu.ucl.ac.be/projects/madgraph     *
*                                                          *
*               Type 'help' for in-line help.              *
*                                                          *
************************************************************
INFO: load configuration from /afs/cern.ch/work/s/syu/2HDM_gridpack/v25x/genproductions/bin/MadGraph5_aMCatNLO/interactive/interactive_gridpack/work/MG5_aMC_v2_5_2/2HDMPZ2II_MH3_1500_MH4_450_MH2_1500_MHC_1500/Cards/me5_configuration.txt  
INFO: load configuration from /afs/cern.ch/work/s/syu/2HDM_gridpack/v25x/genproductions/bin/MadGraph5_aMCatNLO/interactive/interactive_gridpack/work/MG5_aMC_v2_5_2/input/mg5_configuration.txt  
INFO: load configuration from /afs/cern.ch/work/s/syu/2HDM_gridpack/v25x/genproductions/bin/MadGraph5_aMCatNLO/interactive/interactive_gridpack/work/MG5_aMC_v2_5_2/2HDMPZ2II_MH3_1500_MH4_450_MH2_1500_MHC_1500/Cards/me5_configuration.txt  
No valid eps viewer found. Please set in ./input/mg5_configuration.txt
No valid web browser found. Please set in ./input/mg5_configuration.txt
generate_events run_01
The following switches determine which programs are run:
/--------------------------------------------------------------------------------------------------\
|  [31m1[0m. Choose the shower/hadronization program:                           shower = [31mNot installed[0m    |
|  [31m2[0m. Choose the detector simulation program:                          detector = [31mNot installed[0m    |
|  [31m3[0m. Run an analysis package on the events generated:                 analysis = [33mNo analysis tool interfaced to MG5aMC.[0m|
|  [31m4[0m. Decay particles with the MadSpin module:                          madspin = [31mOFF[0m              |
|  [31m5[0m. Add weights to events for different model hypothesis:            reweight = [31mOFF[0m              |
\--------------------------------------------------------------------------------------------------/
  Either type the switch number (1 to 5) to change its setting,
  Set any switch explicitly (e.g. type 'madspin=ON' at the prompt)
  Type 'help' for the list of all valid option
  Type '0', 'auto', 'done' or just press enter when you are done.
 [[4m0[0m, auto, done, madspin=ON, madspin=OFF, madspin, reweight=ON, reweight=OFF, reweight, parton, ... ]
[1;34mThe answer to the previous question is not set in your input file[0m
[1;34mUse 0 value[0m
set sinp 0.35
[1;60mINFO: modify param_card information BLOCK higgs with id (5,) set to 0.35 [0m
set tanbeta 1
[1;60mINFO: modify param_card information BLOCK frblock with id (2,) set to 1.0 [0m
set laP1 3.0
[1;60mINFO: modify param_card information BLOCK higgs with id (2,) set to 3.0 [0m
set laP2 3.0
[1;60mINFO: modify param_card information BLOCK higgs with id (3,) set to 3.0 [0m
set lam3 3.0
[1;60mINFO: modify param_card information BLOCK higgs with id (1,) set to 3.0 [0m
set sinbma 1.0
[1;60mINFO: modify param_card information BLOCK frblock with id (3,) set to 1.0 [0m
set gPXd 1.0
[1;60mINFO: modify param_card information BLOCK dminputs with id (1,) set to 1.0 [0m
set Mxd 1.0
[1;60mINFO: modify param_card information BLOCK mass with id (52,) set to 1.0 [0m
set mhc 1500
[1;60mINFO: modify param_card information BLOCK mass with id (37,) set to 1500.0 [0m
set mh2 1500
[1;60mINFO: modify param_card information BLOCK mass with id (35,) set to 1500.0 [0m
set mh3 1500
[1;60mINFO: modify param_card information BLOCK mass with id (36,) set to 1500.0 [0m
set mh4 450
[1;60mINFO: modify param_card information BLOCK mass with id (55,) set to 450.0 [0m
set Wh1 auto
[1;60mINFO: modify param_card information BLOCK decay with id (25,) set to Auto [0m
set Wh2 auto
[1;60mINFO: modify param_card information BLOCK decay with id (35,) set to Auto [0m
set Wh3 auto
[1;60mINFO: modify param_card information BLOCK decay with id (36,) set to Auto [0m
set Whc auto
[1;60mINFO: modify param_card information BLOCK decay with id (37,) set to Auto [0m
set Wh4 auto
[1;60mINFO: modify param_card information BLOCK decay with id (55,) set to Auto [0m
Do you want to edit a card (press enter to bypass editing)?
/------------------------------------------------------------\
|  [31m1[0m. param         : [32mparam_card.dat[0m                         |
|  [31m2[0m. run           : [32mrun_card.dat[0m                           |
|  [31m3[0m. MadLoopParams : [32mMadLoopParams.dat[0m                      |
\------------------------------------------------------------/
 you can also
   - enter the path to a valid card or banner.
   - use the 'set' command to modify a parameter directly.
     The set option works only for param_card and run_card.
     Type 'help set' for more information on this command.
   - call an external program (ASperGE/MadWidth/...).
     Type 'help' for the list of available command
 [[4m0[0m, done, 1, param, 2, run, 3, MadLoopParams, enter path]
[1;60mThe answer to the previous question is not set in your input file[0m
[1;60mUse 0 value[0m
INFO: Change particles name to pass to MG5 convention 
************************************************************
*                                                          *
*                     W E L C O M E to                     *
*              M A D G R A P H 5 _ a M C @ N L O           *
*                                                          *
*                                                          *
*                 *                       *                *
*                   *        * *        *                  *
*                     * * * * 5 * * * *                    *
*                   *        * *        *                  *
*                 *                       *                *
*                                                          *
*         VERSION 2.5.2                 2016-12-10         *
*                                                          *
*    The MadGraph5_aMC@NLO Development Team - Find us at   *
*    https://server06.fynu.ucl.ac.be/projects/madgraph     *
*                            and                           *
*            http://amcatnlo.web.cern.ch/amcatnlo/         *
*                                                          *
*               Type 'help' for in-line help.              *
*           Type 'tutorial' to learn how MG5 works         *
*    Type 'tutorial aMCatNLO' to learn how aMC@NLO works   *
*    Type 'tutorial MadLoop' to learn how MadLoop works    *
*                                                          *
************************************************************
load MG5 configuration from input/mg5_configuration.txt 
None does not seem to correspond to a valid fastjet-config executable (v3+). We will use fjcore instead.
 Please set the 'fastjet'variable to the full (absolute) /PATH/TO/fastjet-config (including fastjet-config).
 MG5_aMC> set fastjet /PATH/TO/fastjet-config

set lhapdf to /cvmfs/cms.cern.ch/slc6_amd64_gcc481/external/lhapdf/6.1.6-ddibom/share/LHAPDF/../../bin/lhapdf-config
set ninja to /afs/cern.ch/work/s/syu/2HDM_gridpack/v25x/genproductions/bin/MadGraph5_aMCatNLO/interactive/interactive_gridpack/work/MG5_aMC_v2_5_2/HEPTools/lib
No valid eps viewer found. Please set in ./input/mg5_configuration.txt
No valid web browser found. Please set in ./input/mg5_configuration.txt
set automatic_html_opening False --no_save
compute_widths 25 35 36 37 55 --precision_channel=0.01 --body_decay=4.0025 --path=/afs/cern.ch/work/s/syu/2HDM_gridpack/v25x/genproductions/bin/MadGraph5_aMCatNLO/interactive/interactive_gridpack/work/MG5_aMC_v2_5_2/2HDMPZ2II_MH3_1500_MH4_450_MH2_1500_MHC_1500/Cards/param_card.dat --output=/afs/cern.ch/work/s/syu/2HDM_gridpack/v25x/genproductions/bin/MadGraph5_aMCatNLO/interactive/interactive_gridpack/work/MG5_aMC_v2_5_2/2HDMPZ2II_MH3_1500_MH4_450_MH2_1500_MHC_1500/Cards/param_card.dat
[1;34mPlease note that the automatic computation of the width is
    only valid in narrow-width approximation and at tree-level.[0m
INFO: Get two body decay from FeynRules formula 
Results written to /afs/cern.ch/work/s/syu/2HDM_gridpack/v25x/genproductions/bin/MadGraph5_aMCatNLO/interactive/interactive_gridpack/work/MG5_aMC_v2_5_2/2HDMPZ2II_MH3_1500_MH4_450_MH2_1500_MHC_1500/Cards/param_card.dat
INFO: get decay diagram for h1 
Vertexlist of this model has not been searched.Automatically run the model.find_vertexlist()
Found 6 stable particles
INFO: get decay diagram for h2 
INFO:     current estimated error: 0.016642839477 go to 4-body decay: 
100 / 118: 7s
INFO:     stop to 4.0 body-decay. approximate error: 0.294657919902 
INFO: get decay diagram for h3 
INFO:     current estimated error: 96.1165213053 go to 4-body decay: 
INFO:     stop to 4.0 body-decay. approximate error: 422.801768 
INFO: get decay diagram for h+ 
INFO:     current estimated error: 12.9624136012 go to 4-body decay: 
INFO:     stop to 4.0 body-decay. approximate error: 0.557284957565 
INFO: get decay diagram for h4 
INFO:     current estimated error: 0.0128183424292 go to 4-body decay: 
100 / 171: 8s
INFO:     stop to 4.0 body-decay. approximate error: 0.00491343898023 
Pass to numerical integration for computing the widths:
INFO: More info in temporary files:
    /afs/cern.ch/work/s/syu/2HDM_gridpack/v25x/genproductions/bin/MadGraph5_aMCatNLO/interactive/interactive_gridpack/work/MG5_aMC_v2_5_2/tmpaaC9vP/temp_decay/index.html 
Results written to /afs/cern.ch/work/s/syu/2HDM_gridpack/v25x/genproductions/bin/MadGraph5_aMCatNLO/interactive/interactive_gridpack/work/MG5_aMC_v2_5_2/2HDMPZ2II_MH3_1500_MH4_450_MH2_1500_MHC_1500/Cards/param_card.dat
INFO: Update the dependent parameter of the param_card.dat 
Generating 20000 events with run name run_01
survey  run_01 
INFO: compile directory 
[1;34mNot able to open file /afs/cern.ch/work/s/syu/2HDM_gridpack/v25x/genproductions/bin/MadGraph5_aMCatNLO/interactive/interactive_gridpack/work/MG5_aMC_v2_5_2/2HDMPZ2II_MH3_1500_MH4_450_MH2_1500_MHC_1500/crossx.html since no program configured.Please set one in ./input/mg5_configuration.txt[0m
run_card missed argument ptlund. Takes default: -1.0
run_card missed argument pdgs_for_merging_cut. Takes default: [21, 1, 2, 3, 4, 5, 6]
run_card missed argument bias_parameters. Takes default: {}
initMadLoop -r -f
run_card missed argument ptlund. Takes default: -1.0
run_card missed argument pdgs_for_merging_cut. Takes default: [21, 1, 2, 3, 4, 5, 6]
run_card missed argument bias_parameters. Takes default: {}
Initializing MadLoop loop-induced matrix elements (this can take some time)...
MadLoop initialization finished.
compile Source Directory
Using random number seed offset = 21
INFO: Running Survey 
Creating Jobs
Working on SubProcesses
INFO:     P0_gg_xdxdxh1  
INFO:  Idle: 32,  Running: 16,  Completed: 0 [ current time: 20h19 ] 
INFO:  Idle: 31,  Running: 16,  Completed: 1 [  51.9s  ] 
INFO:  Idle: 30,  Running: 16,  Completed: 2 [  59.4s  ] 
INFO:  Idle: 27,  Running: 16,  Completed: 5 [  1m 8s  ] 
INFO:  Idle: 23,  Running: 16,  Completed: 10 [  1m 13s  ] 
INFO:  Idle: 22,  Running: 16,  Completed: 12 [  1m 19s  ] 
INFO:  Idle: 21,  Running: 16,  Completed: 14 [  1m 24s  ] 
INFO:  Idle: 20,  Running: 16,  Completed: 15 [  1m 32s  ] 
INFO:  Idle: 20,  Running: 16,  Completed: 16 [  1m 41s  ] 
INFO:  Idle: 19,  Running: 16,  Completed: 17 [  1m 55s  ] 
INFO:  Idle: 18,  Running: 16,  Completed: 18 [  2m 12s  ] 
INFO:  Idle: 16,  Running: 16,  Completed: 20 [  2m 17s  ] 
INFO:  Idle: 16,  Running: 16,  Completed: 21 [  2m 21s  ] 
INFO:  Idle: 15,  Running: 16,  Completed: 22 [  2m 24s  ] 
INFO:  Idle: 13,  Running: 16,  Completed: 24 [  2m 30s  ] 
INFO:  Idle: 11,  Running: 16,  Completed: 26 [  2m 35s  ] 
INFO:  Idle: 10,  Running: 16,  Completed: 27 [  2m 42s  ] 
INFO:  Idle: 8,  Running: 16,  Completed: 30 [  2m 48s  ] 
INFO:  Idle: 8,  Running: 16,  Completed: 31 [  2m 53s  ] 
INFO:  Idle: 7,  Running: 16,  Completed: 32 [  3m 5s  ] 
INFO:  Idle: 6,  Running: 16,  Completed: 33 [  3m 24s  ] 
INFO: P0_gg_xdxdxh1/G1.4 is at 3.17e-07 +- 1.25e-08 pb. Now submitting iteration #2. 
INFO:  Idle: 3,  Running: 16,  Completed: 36 [  3m 32s  ] 
INFO: P0_gg_xdxdxh1/G1.7 is at 2.28e-09 +- 2.86e-10 pb. Now submitting iteration #2. 
INFO: P0_gg_xdxdxh1/G1.5 is at 1.31e-08 +- 1.57e-09 pb. Now submitting iteration #2. 
INFO:  Idle: 9,  Running: 16,  Completed: 43 [  3m 35s  ] 
INFO: P0_gg_xdxdxh1/G2.7 is at 2.6e-08 +- 1.81e-09 pb. Now submitting iteration #2. 
INFO: P0_gg_xdxdxh1/G1.8 is at 7.55e-10 +- 3.37e-10 pb. Now submitting iteration #2. 
INFO: P0_gg_xdxdxh1/G2.5 is at 5.77e-06 +- 4.66e-07 pb. Now submitting iteration #2. 
INFO: P0_gg_xdxdxh1/G3 is at 0.00207 +- 7.74e-05 pb. Now submitting iteration #2. 
INFO: P0_gg_xdxdxh1/G4.4 is at 7.19e-06 +- 2.33e-07 pb. Now submitting iteration #2. 
INFO:  Idle: 24,  Running: 16,  Completed: 48 [  3m 40s  ] 
INFO:  Idle: 23,  Running: 16,  Completed: 50 [  4m 1s  ] 
INFO:  Idle: 22,  Running: 16,  Completed: 52 [  4m 12s  ] 
INFO:  Idle: 20,  Running: 16,  Completed: 54 [  4m 33s  ] 
INFO:  Idle: 19,  Running: 16,  Completed: 55 [  4m 37s  ] 
INFO:  Idle: 17,  Running: 16,  Completed: 57 [  4m 57s  ] 
INFO:  Idle: 16,  Running: 16,  Completed: 59 [  5m 0s  ] 
INFO:  Idle: 14,  Running: 16,  Completed: 61 [  5m 3s  ] 
INFO:  Idle: 13,  Running: 16,  Completed: 63 [  5m 7s  ] 
INFO:  Idle: 12,  Running: 16,  Completed: 64 [  5m 17s  ] 
INFO:  Idle: 11,  Running: 16,  Completed: 66 [  5m 26s  ] 
INFO:  Idle: 11,  Running: 16,  Completed: 67 [  5m 34s  ] 
INFO:  Idle: 10,  Running: 16,  Completed: 68 [  5m 51s  ] 
INFO:  Idle: 8,  Running: 16,  Completed: 70 [  5m 56s  ] 
INFO:  Idle: 6,  Running: 16,  Completed: 72 [  6m 9s  ] 
INFO:  Idle: 6,  Running: 16,  Completed: 73 [  6m 12s  ] 
INFO: P0_gg_xdxdxh1/G4.5 is at 0.000571 +- 5.29e-05 pb. Now submitting iteration #2. 
INFO:  Idle: 9,  Running: 16,  Completed: 74 [  6m 15s  ] 
INFO: P0_gg_xdxdxh1/G4.7 is at 9.54e-05 +- 7.29e-06 pb. Now submitting iteration #2. 
INFO: P0_gg_xdxdxh1/G1.4 is at 3.44e-07 +- 1.23e-08 pb. Now submitting iteration #3. 
INFO:  Idle: 15,  Running: 16,  Completed: 76 [  6m 20s  ] 
INFO: P0_gg_xdxdxh1/G1.5 is at 1.39e-08 +- 2.38e-09 pb. Now submitting iteration #3. 
INFO: Survey finished for P0_gg_xdxdxh1/G1.7 at 2.43e-09 +- 6.06e-11 pb 
INFO: P0_gg_xdxdxh1/G2.8 is at 5.8e-08 +- 2.27e-08 pb. Now submitting iteration #2. 
INFO:  Idle: 18,  Running: 16,  Completed: 81 [  6m 23s  ] 
INFO: Survey finished for P0_gg_xdxdxh1/G1.8 at 1.21e-09 +- 1.4e-10 pb 
INFO:  Idle: 15,  Running: 16,  Completed: 85 [  6m 28s  ] 
INFO:  Idle: 15,  Running: 16,  Completed: 86 [  6m 39s  ] 
INFO:  Idle: 13,  Running: 16,  Completed: 88 [  6m 46s  ] 
INFO:  Idle: 12,  Running: 16,  Completed: 89 [  6m 52s  ] 
INFO:  Idle: 11,  Running: 16,  Completed: 91 [  7m 12s  ] 
INFO:  Idle: 10,  Running: 16,  Completed: 92 [  7m 17s  ] 
INFO:  Idle: 9,  Running: 16,  Completed: 93 [  7m 22s  ] 
INFO:  Idle: 8,  Running: 16,  Completed: 95 [  7m 41s  ] 
INFO:  Idle: 6,  Running: 16,  Completed: 97 [  7m 44s  ] 
INFO:  Idle: 4,  Running: 16,  Completed: 100 [  7m 50s  ] 
INFO: P0_gg_xdxdxh1/G2.7 is at 2.68e-08 +- 2.14e-09 pb. Now submitting iteration #3. 
INFO: P0_gg_xdxdxh1/G2.5 is at 7.13e-06 +- 3.16e-07 pb. Now submitting iteration #3. 
INFO: P0_gg_xdxdxh1/G3 is at 0.002097 +- 1.03e-05 pb. Now submitting iteration #3. 
INFO:  Idle: 12,  Running: 16,  Completed: 105 [  7m 53s  ] 
INFO: P0_gg_xdxdxh1/G4.4 is at 7.213e-06 +- 1.4e-08 pb. Now submitting iteration #3. 
INFO: P0_gg_xdxdxh1/G4.8 is at 2.21e-06 +- 1.09e-06 pb. Now submitting iteration #2. 
INFO: P0_gg_xdxdxh1/G4.5 is at 0.0005818 +- 2.3e-06 pb. Now submitting iteration #3. 
INFO:  Idle: 21,  Running: 16,  Completed: 109 [  7m 59s  ] 
INFO:  Idle: 20,  Running: 16,  Completed: 110 [  8m 56s  ] 
INFO:  Idle: 19,  Running: 16,  Completed: 111 [  9m 1s  ] 
INFO:  Idle: 18,  Running: 16,  Completed: 112 [  9m 5s  ] 
INFO:  Idle: 17,  Running: 16,  Completed: 113 [  9m 21s  ] 
INFO:  Idle: 15,  Running: 16,  Completed: 116 [  9m 27s  ] 
INFO:  Idle: 14,  Running: 16,  Completed: 118 [  9m 50s  ] 
INFO:  Idle: 13,  Running: 16,  Completed: 119 [  9m 53s  ] 
INFO:  Idle: 12,  Running: 16,  Completed: 120 [  9m 56s  ] 
INFO:  Idle: 12,  Running: 16,  Completed: 121 [  10m 23s  ] 
INFO:  Idle: 10,  Running: 16,  Completed: 123 [  10m 27s  ] 
INFO:  Idle: 9,  Running: 16,  Completed: 124 [  10m 38s  ] 
INFO:  Idle: 9,  Running: 16,  Completed: 125 [  10m 43s  ] 
INFO:  Idle: 8,  Running: 16,  Completed: 126 [  11m 15s  ] 
INFO:  Idle: 7,  Running: 16,  Completed: 127 [  11m 23s  ] 
INFO:  Idle: 6,  Running: 16,  Completed: 128 [  11m 34s  ] 
INFO:  Idle: 5,  Running: 16,  Completed: 129 [  11m 51s  ] 
INFO:  Idle: 4,  Running: 16,  Completed: 130 [  11m 56s  ] 
INFO: P0_gg_xdxdxh1/G4.7 is at 8.9e-05 +- 1.91e-06 pb. Now submitting iteration #3. 
INFO: P0_gg_xdxdxh1/G2.8 is at 9.76e-08 +- 5.3e-08 pb. Now submitting iteration #3. 
INFO:  Idle: 4,  Running: 16,  Completed: 135 [  11m 59s  ] 
INFO: Survey finished for P0_gg_xdxdxh1/G1.4 at 3.43e-07 +- 3.83e-09 pb 
INFO: Survey finished for P0_gg_xdxdxh1/G1.5 at 1.81e-08 +- 1.67e-08 pb 
INFO: Survey finished for P0_gg_xdxdxh1/G2.7 at 2.75e-08 +- 1.53e-09 pb 
INFO: Survey finished for P0_gg_xdxdxh1/G2.5 at 7.21e-06 +- 8.95e-08 pb 
INFO:  Idle: 3,  Running: 16,  Completed: 140 [  12m 2s  ] 
INFO:  Idle: 1,  Running: 16,  Completed: 144 [  12m 12s  ] 
INFO: Survey finished for P0_gg_xdxdxh1/G3 at 0.002125 +- 1.19e-05 pb 
INFO:  Idle: 0,  Running: 16,  Completed: 145 [  12m 17s  ] 
INFO: P0_gg_xdxdxh1/G4.8 is at 2.158e-06 +- 1.83e-08 pb. Now submitting iteration #3. 
INFO:  Idle: 2,  Running: 16,  Completed: 147 [  12m 24s  ] 
INFO:  Idle: 1,  Running: 16,  Completed: 148 [  12m 29s  ] 
INFO:  Idle: 1,  Running: 16,  Completed: 149 [  13m 2s  ] 
INFO:  Idle: 0,  Running: 16,  Completed: 150 [  13m 57s  ] 
INFO: Survey finished for P0_gg_xdxdxh1/G4.4 at 7.285e-06 +- 2.82e-08 pb 
INFO:  Idle: 0,  Running: 13,  Completed: 153 [  14m 0s  ] 
INFO:  Idle: 0,  Running: 12,  Completed: 154 [  14m 7s  ] 
INFO:  Idle: 0,  Running: 11,  Completed: 155 [  14m 18s  ] 
INFO:  Idle: 0,  Running: 10,  Completed: 156 [  14m 23s  ] 
INFO: Survey finished for P0_gg_xdxdxh1/G4.5 at 0.0005792 +- 1.05e-06 pb 
INFO: Survey finished for P0_gg_xdxdxh1/G4.7 at 8.768e-05 +- 7.03e-07 pb 
INFO:  Idle: 0,  Running: 7,  Completed: 161 [  14m 28s  ] 
INFO:  Idle: 0,  Running: 5,  Completed: 163 [  14m 32s  ] 
INFO: P0_gg_xdxdxh1/G2.8 is at 1.05e-07 +- 9.2e-09 pb. Now submitting iteration #4. 
INFO:  Idle: 1,  Running: 6,  Completed: 166 [  14m 36s  ] 
INFO:  Idle: 0,  Running: 6,  Completed: 167 [  14m 48s  ] 
INFO:  Idle: 1,  Running: 4,  Completed: 169 [  15m 4s  ] 
INFO: P0_gg_xdxdxh1/G4.8 is at 3.63e-06 +- 1.6e-06 pb. Now submitting iteration #4. 
INFO:  Idle: 0,  Running: 6,  Completed: 172 [  17m 39s  ] 
INFO:  Idle: 0,  Running: 5,  Completed: 173 [  17m 54s  ] 
INFO:  Idle: 0,  Running: 4,  Completed: 174 [  18m 14s  ] 
INFO:  Idle: 1,  Running: 3,  Completed: 175 [  18m 18s  ] 
INFO: P0_gg_xdxdxh1/G2.8 is at 1.03e-07 +- 2.27e-09 pb. Now submitting iteration #5. 
INFO:  Idle: 0,  Running: 6,  Completed: 177 [  18m 30s  ] 
INFO:  Idle: 0,  Running: 5,  Completed: 178 [  18m 46s  ] 
INFO:  Idle: 1,  Running: 4,  Completed: 179 [  18m 49s  ] 
INFO: P0_gg_xdxdxh1/G4.8 is at 6.22e-06 +- 6.09e-07 pb. Now submitting iteration #5. 
INFO:  Idle: 0,  Running: 7,  Completed: 181 [  25m 12s  ] 
INFO:  Idle: 0,  Running: 5,  Completed: 183 [  25m 32s  ] 
INFO:  Idle: 0,  Running: 2,  Completed: 188 [  25m 53s  ] 
INFO: Survey finished for P0_gg_xdxdxh1/G2.8 at 1.05e-07 +- 2.53e-09 pb 
INFO: Survey finished for P0_gg_xdxdxh1/G4.8 at 6.37e-06 +- 2.39e-07 pb 
INFO:  Idle: 0,  Running: 0,  Completed: 190 [  26m 16s  ] 
INFO:  Idle: 0,  Running: 0,  Completed: 190 [  26m 16s  ] 
INFO: End survey 
refine 20000
Creating Jobs
INFO: Refine results to 20000 
INFO: Generating 20000.0 unweigthed events. 
INFO: Effective Luminosity 8175873.89916 pb^-1 
INFO: need to improve 2 channels 
Current estimate of cross-section: 0.0028131549341 +- 1.19565189047e-05
INFO:  Idle: 1,  Running: 16,  Completed: 0 [ current time: 20h45 ] 
INFO:  Idle: 0,  Running: 16,  Completed: 1 [  52.3s  ] 
INFO:  Idle: 0,  Running: 14,  Completed: 3 [  56.3s  ] 
INFO:  Idle: 0,  Running: 13,  Completed: 4 [  59.4s  ] 
INFO:  Idle: 0,  Running: 12,  Completed: 5 [  1m 3s  ] 
INFO:  Idle: 0,  Running: 9,  Completed: 8 [  1m 7s  ] 
INFO:  Idle: 1,  Running: 5,  Completed: 12 [  1m 11s  ] 
INFO: P0_gg_xdxdxh1/G4.5 is at 1532/4700 (33%) event. Resubmit 3 job at iteration 1. 
INFO:  Idle: 1,  Running: 3,  Completed: 18 [  1m 36s  ] 
INFO: P0_gg_xdxdxh1/G3 is at 3090/17282 (18%) event. Resubmit 20 job at iteration 1. 
INFO:  Idle: 11,  Running: 12,  Completed: 19 [  1m 41s  ] 
INFO:  Idle: 6,  Running: 16,  Completed: 20 [  1m 56s  ] 
INFO:  Idle: 4,  Running: 16,  Completed: 23 [  2m 35s  ] 
INFO:  Idle: 3,  Running: 16,  Completed: 24 [  2m 39s  ] 
INFO:  Idle: 0,  Running: 16,  Completed: 27 [  2m 45s  ] 
INFO: P0_gg_xdxdxh1/G4.5 is at 2675/4692 (57%) event. Resubmit 6 job at iteration 2. 
INFO:  Idle: 4,  Running: 16,  Completed: 29 [  2m 49s  ] 
INFO:  Idle: 0,  Running: 15,  Completed: 34 [  2m 52s  ] 
INFO:  Idle: 0,  Running: 14,  Completed: 35 [  2m 55s  ] 
INFO:  Idle: 0,  Running: 11,  Completed: 38 [  3m 4s  ] 
INFO:  Idle: 0,  Running: 10,  Completed: 39 [  3m 10s  ] 
INFO:  Idle: 0,  Running: 9,  Completed: 40 [  3m 23s  ] 
INFO:  Idle: 0,  Running: 8,  Completed: 41 [  3m 33s  ] 
INFO:  Idle: 0,  Running: 6,  Completed: 43 [  3m 38s  ] 
INFO:  Idle: 0,  Running: 4,  Completed: 46 [  3m 44s  ] 
INFO:  Idle: 0,  Running: 2,  Completed: 48 [  3m 47s  ] 
INFO: P0_gg_xdxdxh1/G3 is at 7860/17224 (46%) event. Resubmit 40 job at iteration 2. 
INFO: found enough event for P0_gg_xdxdxh1/G4.5 
INFO:  Idle: 24,  Running: 16,  Completed: 51 [  3m 53s  ] 
INFO:  Idle: 23,  Running: 16,  Completed: 52 [  4m 40s  ] 
INFO:  Idle: 22,  Running: 16,  Completed: 53 [  4m 44s  ] 
INFO:  Idle: 21,  Running: 16,  Completed: 54 [  4m 49s  ] 
INFO:  Idle: 18,  Running: 16,  Completed: 57 [  4m 53s  ] 
INFO:  Idle: 17,  Running: 16,  Completed: 58 [  5m 0s  ] 
INFO:  Idle: 13,  Running: 16,  Completed: 62 [  5m 3s  ] 
INFO:  Idle: 7,  Running: 16,  Completed: 68 [  5m 41s  ] 
INFO:  Idle: 5,  Running: 16,  Completed: 70 [  5m 48s  ] 
INFO:  Idle: 4,  Running: 16,  Completed: 71 [  5m 55s  ] 
INFO:  Idle: 3,  Running: 16,  Completed: 72 [  5m 58s  ] 
INFO:  Idle: 1,  Running: 16,  Completed: 74 [  6m 2s  ] 
INFO:  Idle: 0,  Running: 16,  Completed: 75 [  6m 5s  ] 
INFO:  Idle: 0,  Running: 14,  Completed: 77 [  6m 8s  ] 
INFO:  Idle: 0,  Running: 13,  Completed: 78 [  6m 13s  ] 
INFO:  Idle: 0,  Running: 10,  Completed: 81 [  6m 17s  ] 
INFO:  Idle: 0,  Running: 7,  Completed: 84 [  6m 37s  ] 
INFO:  Idle: 0,  Running: 6,  Completed: 85 [  6m 41s  ] 
INFO:  Idle: 0,  Running: 4,  Completed: 87 [  6m 46s  ] 
INFO:  Idle: 1,  Running: 0,  Completed: 91 [  6m 50s  ] 
INFO: found enough event for P0_gg_xdxdxh1/G3 
INFO:  Idle: 0,  Running: 0,  Completed: 92 [  7m 3s  ] 
INFO:  Idle: 0,  Running: 0,  Completed: 92 [  7m 3s  ] 
INFO: Combining runs 
INFO: finish refine 
refine 20000
Creating Jobs
INFO: Refine results to 20000 
INFO: Generating 20000.0 unweigthed events. 
INFO: Effective Luminosity 8251787.33487 pb^-1 
INFO: need to improve 0 channels 
Current estimate of cross-section: 0.0027872749341 +- 3.11478616347e-06
INFO:  Idle: 0,  Running: 0,  Completed: 0 [ current time: 20h52 ] 
INFO: Combining runs 
INFO: finish refine 
INFO: Combining Events 
 
 
 
  === Results Summary for run: run_01 tag: tag_1 ===

     Cumulative sequential time for this run: 3h59m36s
     Cross-section :   0.002787 +- 3.115e-06 pb
     Nb of events :  20000
 
store_events
INFO: Storing parton level results 
INFO: End Parton 
reweight -from_cards
decay_events -from_cards
INFO: storing files of previous run 
INFO: Done 
quit
INFO:  
 
INFO:  
 
quit
 

 


Job finished at Fri Jul 21 20:55:37 CEST 2017 on node 
 under linux version Scientific Linux CERN SLC release 6.9 (Carbon)

CERN statistics: This process used approximately : 7:56:00 KSI2K hours (28560 KSI2K seconds)
                 This process corresponds to     : 30:56:27 HS06  hours (111387 HS06  seconds)
