@(#)CERN job starter $Date: 2010/06/23 14:22:16 $
Working directory is </pool/lsf/syu/60545005> on <b6a5bd509f.cern.ch>

Starting job on  Fri Jul 21 18:39:52 CEST 2017
Running on  Linux b6a5bd509f.cern.ch 2.6.32-642.11.1.el6.x86_64 #1 SMP Wed Nov 16 09:40:09 CET 2016 x86_64 x86_64 x86_64 GNU/Linux
System release  Scientific Linux CERN SLC release 6.9 (Carbon)
name: interactive
carddir: 
queue: local
scram_arch: slc6_amd64_gcc481
cmssw_version: CMSSW_7_1_28
# On branch mg25x
# Changed but not updated:
#   (use "git add <file>..." to update what will be committed)
#   (use "git checkout -- <file>..." to discard changes in working directory)
#
#	modified:   gridpack_generation.sh
#
# Untracked files:
#   (use "git add <file>..." to include in what will be committed)
#
#	2HDMPZ2II_MH3_1000_MH4_100_MH2_1000_MHC_1000_proc_card.dat
#	2HDMPZ2II_MH3_1000_MH4_150_MH2_1000_MHC_1000_proc_card.dat
#	2HDMPZ2II_MH3_1000_MH4_200_MH2_1000_MHC_1000_proc_card.dat
#	2HDMPZ2II_MH3_1000_MH4_250_MH2_1000_MHC_1000_proc_card.dat
#	2HDMPZ2II_MH3_1000_MH4_300_MH2_1000_MHC_1000_proc_card.dat
#	2HDMPZ2II_MH3_1000_MH4_350_MH2_1000_MHC_1000_proc_card.dat
#	2HDMPZ2II_MH3_1000_MH4_400_MH2_1000_MHC_1000_proc_card.dat
#	2HDMPZ2II_MH3_1000_MH4_450_MH2_1000_MHC_1000_proc_card.dat
#	2HDMPZ2II_MH3_1000_MH4_500_MH2_1000_MHC_1000_proc_card.dat
#	2HDMPZ2II_MH3_100_MH4_100_MH2_100_MHC_100_proc_card.dat
#	2HDMPZ2II_MH3_1100_MH4_100_MH2_1100_MHC_1100_proc_card.dat
#	2HDMPZ2II_MH3_1100_MH4_150_MH2_1100_MHC_1100_proc_card.dat
#	2HDMPZ2II_MH3_1100_MH4_200_MH2_1100_MHC_1100_proc_card.dat
#	2HDMPZ2II_MH3_1100_MH4_250_MH2_1100_MHC_1100_proc_card.dat
#	2HDMPZ2II_MH3_1100_MH4_300_MH2_1100_MHC_1100_proc_card.dat
#	2HDMPZ2II_MH3_1100_MH4_350_MH2_1100_MHC_1100_proc_card.dat
#	2HDMPZ2II_MH3_1100_MH4_400_MH2_1100_MHC_1100_proc_card.dat
#	2HDMPZ2II_MH3_1100_MH4_450_MH2_1100_MHC_1100_proc_card.dat
#	2HDMPZ2II_MH3_1100_MH4_500_MH2_1100_MHC_1100_proc_card.dat
#	2HDMPZ2II_MH3_1200_MH4_100_MH2_1200_MHC_1200_proc_card.dat
#	2HDMPZ2II_MH3_1200_MH4_150_MH2_1200_MHC_1200_proc_card.dat
#	2HDMPZ2II_MH3_1200_MH4_200_MH2_1200_MHC_1200_proc_card.dat
#	2HDMPZ2II_MH3_1200_MH4_250_MH2_1200_MHC_1200_proc_card.dat
#	2HDMPZ2II_MH3_1200_MH4_300_MH2_1200_MHC_1200_proc_card.dat
#	2HDMPZ2II_MH3_1200_MH4_350_MH2_1200_MHC_1200_proc_card.dat
#	2HDMPZ2II_MH3_1200_MH4_400_MH2_1200_MHC_1200_proc_card.dat
#	2HDMPZ2II_MH3_1200_MH4_450_MH2_1200_MHC_1200_proc_card.dat
#	2HDMPZ2II_MH3_1200_MH4_500_MH2_1200_MHC_1200_proc_card.dat
#	2HDMPZ2II_MH3_1300_MH4_100_MH2_1300_MHC_1300_proc_card.dat
#	2HDMPZ2II_MH3_1300_MH4_150_MH2_1300_MHC_1300_proc_card.dat
#	2HDMPZ2II_MH3_1300_MH4_200_MH2_1300_MHC_1300_proc_card.dat
#	2HDMPZ2II_MH3_1300_MH4_250_MH2_1300_MHC_1300_proc_card.dat
#	2HDMPZ2II_MH3_1300_MH4_300_MH2_1300_MHC_1300_proc_card.dat
#	2HDMPZ2II_MH3_1300_MH4_350_MH2_1300_MHC_1300_proc_card.dat
#	2HDMPZ2II_MH3_1300_MH4_400_MH2_1300_MHC_1300_proc_card.dat
#	2HDMPZ2II_MH3_1300_MH4_450_MH2_1300_MHC_1300_proc_card.dat
#	2HDMPZ2II_MH3_1300_MH4_500_MH2_1300_MHC_1300_proc_card.dat
#	2HDMPZ2II_MH3_1400_MH4_100_MH2_1400_MHC_1400_proc_card.dat
#	2HDMPZ2II_MH3_1400_MH4_150_MH2_1400_MHC_1400_proc_card.dat
#	2HDMPZ2II_MH3_1400_MH4_200_MH2_1400_MHC_1400_proc_card.dat
#	2HDMPZ2II_MH3_1400_MH4_250_MH2_1400_MHC_1400_proc_card.dat
#	2HDMPZ2II_MH3_1400_MH4_300_MH2_1400_MHC_1400_proc_card.dat
#	2HDMPZ2II_MH3_1400_MH4_350_MH2_1400_MHC_1400_proc_card.dat
#	2HDMPZ2II_MH3_1400_MH4_400_MH2_1400_MHC_1400_proc_card.dat
#	2HDMPZ2II_MH3_1400_MH4_450_MH2_1400_MHC_1400_proc_card.dat
#	2HDMPZ2II_MH3_1400_MH4_500_MH2_1400_MHC_1400_proc_card.dat
#	2HDMPZ2II_MH3_1500_MH4_100_MH2_1500_MHC_1500_proc_card.dat
#	2HDMPZ2II_MH3_1500_MH4_150_MH2_1500_MHC_1500_proc_card.dat
#	2HDMPZ2II_MH3_1500_MH4_200_MH2_1500_MHC_1500_proc_card.dat
#	2HDMPZ2II_MH3_1500_MH4_250_MH2_1500_MHC_1500_proc_card.dat
#	2HDMPZ2II_MH3_1500_MH4_300_MH2_1500_MHC_1500_proc_card.dat
#	2HDMPZ2II_MH3_1500_MH4_350_MH2_1500_MHC_1500_proc_card.dat
#	2HDMPZ2II_MH3_1500_MH4_400_MH2_1500_MHC_1500_proc_card.dat
#	2HDMPZ2II_MH3_1500_MH4_450_MH2_1500_MHC_1500_proc_card.dat
#	2HDMPZ2II_MH3_1500_MH4_500_MH2_1500_MHC_1500_proc_card.dat
#	2HDMPZ2II_MH3_1600_MH4_100_MH2_1600_MHC_1600_proc_card.dat
#	2HDMPZ2II_MH3_1600_MH4_150_MH2_1600_MHC_1600_proc_card.dat
#	2HDMPZ2II_MH3_1600_MH4_200_MH2_1600_MHC_1600_proc_card.dat
#	2HDMPZ2II_MH3_1600_MH4_250_MH2_1600_MHC_1600_proc_card.dat
#	2HDMPZ2II_MH3_1600_MH4_300_MH2_1600_MHC_1600_proc_card.dat
#	2HDMPZ2II_MH3_1600_MH4_350_MH2_1600_MHC_1600_proc_card.dat
#	2HDMPZ2II_MH3_1600_MH4_400_MH2_1600_MHC_1600_proc_card.dat
#	2HDMPZ2II_MH3_1600_MH4_450_MH2_1600_MHC_1600_proc_card.dat
#	2HDMPZ2II_MH3_1600_MH4_500_MH2_1600_MHC_1600_proc_card.dat
#	2HDMPZ2II_MH3_200_MH4_100_MH2_200_MHC_200_proc_card.dat
#	2HDMPZ2II_MH3_200_MH4_150_MH2_200_MHC_200_proc_card.dat
#	2HDMPZ2II_MH3_200_MH4_200_MH2_200_MHC_200_proc_card.dat
#	2HDMPZ2II_MH3_300_MH4_100_MH2_300_MHC_300_proc_card.dat
#	2HDMPZ2II_MH3_300_MH4_150_MH2_300_MHC_300_proc_card.dat
#	2HDMPZ2II_MH3_300_MH4_200_MH2_300_MHC_300_proc_card.dat
#	2HDMPZ2II_MH3_300_MH4_250_MH2_300_MHC_300_proc_card.dat
#	2HDMPZ2II_MH3_300_MH4_300_MH2_300_MHC_300_proc_card.dat
#	2HDMPZ2II_MH3_400_MH4_100_MH2_400_MHC_400_proc_card.dat
#	2HDMPZ2II_MH3_400_MH4_150_MH2_400_MHC_400_proc_card.dat
#	2HDMPZ2II_MH3_400_MH4_200_MH2_400_MHC_400_proc_card.dat
#	2HDMPZ2II_MH3_400_MH4_250_MH2_400_MHC_400_proc_card.dat
#	2HDMPZ2II_MH3_400_MH4_300_MH2_400_MHC_400_proc_card.dat
#	2HDMPZ2II_MH3_400_MH4_350_MH2_400_MHC_400_proc_card.dat
#	2HDMPZ2II_MH3_400_MH4_400_MH2_400_MHC_400_proc_card.dat
#	2HDMPZ2II_MH3_500_MH4_100_MH2_500_MHC_500_proc_card.dat
#	2HDMPZ2II_MH3_500_MH4_150_MH2_500_MHC_500_proc_card.dat
#	2HDMPZ2II_MH3_500_MH4_200_MH2_500_MHC_500_proc_card.dat
#	2HDMPZ2II_MH3_500_MH4_250_MH2_500_MHC_500_proc_card.dat
#	2HDMPZ2II_MH3_500_MH4_300_MH2_500_MHC_500_proc_card.dat
#	2HDMPZ2II_MH3_500_MH4_350_MH2_500_MHC_500_proc_card.dat
#	2HDMPZ2II_MH3_500_MH4_400_MH2_500_MHC_500_proc_card.dat
#	2HDMPZ2II_MH3_500_MH4_450_MH2_500_MHC_500_proc_card.dat
#	2HDMPZ2II_MH3_500_MH4_500_MH2_500_MHC_500_proc_card.dat
#	2HDMPZ2II_MH3_600_MH4_100_MH2_600_MHC_600_proc_card.dat
#	2HDMPZ2II_MH3_600_MH4_150_MH2_600_MHC_600_proc_card.dat
#	2HDMPZ2II_MH3_600_MH4_200_MH2_600_MHC_600_proc_card.dat
#	2HDMPZ2II_MH3_600_MH4_250_MH2_600_MHC_600_proc_card.dat
#	2HDMPZ2II_MH3_600_MH4_300_MH2_600_MHC_600_proc_card.dat
#	2HDMPZ2II_MH3_600_MH4_350_MH2_600_MHC_600_proc_card.dat
#	2HDMPZ2II_MH3_600_MH4_400_MH2_600_MHC_600_proc_card.dat
#	2HDMPZ2II_MH3_600_MH4_450_MH2_600_MHC_600_proc_card.dat
#	2HDMPZ2II_MH3_600_MH4_500_MH2_600_MHC_600_proc_card.dat
#	2HDMPZ2II_MH3_700_MH4_100_MH2_700_MHC_700_proc_card.dat
#	2HDMPZ2II_MH3_700_MH4_150_MH2_700_MHC_700_proc_card.dat
#	2HDMPZ2II_MH3_700_MH4_200_MH2_700_MHC_700_proc_card.dat
#	2HDMPZ2II_MH3_700_MH4_250_MH2_700_MHC_700_proc_card.dat
#	2HDMPZ2II_MH3_700_MH4_300_MH2_700_MHC_700_proc_card.dat
#	2HDMPZ2II_MH3_700_MH4_350_MH2_700_MHC_700_proc_card.dat
#	2HDMPZ2II_MH3_700_MH4_400_MH2_700_MHC_700_proc_card.dat
#	2HDMPZ2II_MH3_700_MH4_450_MH2_700_MHC_700_proc_card.dat
#	2HDMPZ2II_MH3_700_MH4_500_MH2_700_MHC_700_proc_card.dat
#	2HDMPZ2II_MH3_800_MH4_100_MH2_800_MHC_800_proc_card.dat
#	2HDMPZ2II_MH3_800_MH4_150_MH2_800_MHC_800_proc_card.dat
#	2HDMPZ2II_MH3_800_MH4_200_MH2_800_MHC_800_proc_card.dat
#	2HDMPZ2II_MH3_800_MH4_250_MH2_800_MHC_800_proc_card.dat
#	2HDMPZ2II_MH3_800_MH4_300_MH2_800_MHC_800_proc_card.dat
#	2HDMPZ2II_MH3_800_MH4_350_MH2_800_MHC_800_proc_card.dat
#	2HDMPZ2II_MH3_800_MH4_400_MH2_800_MHC_800_proc_card.dat
#	2HDMPZ2II_MH3_800_MH4_450_MH2_800_MHC_800_proc_card.dat
#	2HDMPZ2II_MH3_800_MH4_500_MH2_800_MHC_800_proc_card.dat
#	2HDMPZ2II_MH3_900_MH4_100_MH2_900_MHC_900_proc_card.dat
#	2HDMPZ2II_MH3_900_MH4_150_MH2_900_MHC_900_proc_card.dat
#	2HDMPZ2II_MH3_900_MH4_200_MH2_900_MHC_900_proc_card.dat
#	2HDMPZ2II_MH3_900_MH4_250_MH2_900_MHC_900_proc_card.dat
#	2HDMPZ2II_MH3_900_MH4_300_MH2_900_MHC_900_proc_card.dat
#	2HDMPZ2II_MH3_900_MH4_350_MH2_900_MHC_900_proc_card.dat
#	2HDMPZ2II_MH3_900_MH4_400_MH2_900_MHC_900_proc_card.dat
#	2HDMPZ2II_MH3_900_MH4_450_MH2_900_MHC_900_proc_card.dat
#	2HDMPZ2II_MH3_900_MH4_500_MH2_900_MHC_900_proc_card.dat
#	2HDMPZ2II_proc_card.dat
#	2HDMPZ2II_proc_card.dat~
#	ATLAS_mass
#	LSFJOB_60545393/
#	cards/testATLAS/
#	interactive/
#	launch_2HDMPZ2II.sh
#	launch_2HDMPZ2II.sh~
#	runLaunch.sh
#	runLaunch.sh~
#	testATLAS.log
#	testATLAS/
no changes added to commit (use "git add" and/or "git commit -a")
Current git revision is:
0bbec92b3038971e3e0a64618fcf83a7833dbb80
diff --git a/bin/MadGraph5_aMCatNLO/gridpack_generation.sh b/bin/MadGraph5_aMCatNLO/gridpack_generation.sh
index 728419e..a2b5a94 100755
--- a/bin/MadGraph5_aMCatNLO/gridpack_generation.sh
+++ b/bin/MadGraph5_aMCatNLO/gridpack_generation.sh
@@ -112,7 +112,7 @@ CARDSDIR=${PRODHOME}/${carddir}
 MGBASEDIR=mgbasedir
 
 MG_EXT=".tar.gz"
-MG=MG5_aMC_v2.5.5$MG_EXT
+MG=MG5_aMC_v2.5.2$MG_EXT
 MGSOURCE=https://cms-project-generators.web.cern.ch/cms-project-generators/$MG
 
 #syscalc is a helper tool for madgraph to add scale and pdf variation weights for LO processes
/afs/cern.ch/work/s/syu/2HDM_gridpack/v25x/genproductions/bin/MadGraph5_aMCatNLO
Reusing existing directory assuming generated code already exists
WARNING: If you changed the process card you need to clean the folder and run from scratch
************************************************************
*                                                          *
*                     W E L C O M E to                     *
*              M A D G R A P H 5 _ a M C @ N L O           *
*                                                          *
*                                                          *
*                 *                       *                *
*                   *        * *        *                  *
*                     * * * * 5 * * * *                    *
*                   *        * *        *                  *
*                 *                       *                *
*                                                          *
*         VERSION 2.5.2                 2016-12-10         *
*                                                          *
*    The MadGraph5_aMC@NLO Development Team - Find us at   *
*    https://server06.fynu.ucl.ac.be/projects/madgraph     *
*                            and                           *
*            http://amcatnlo.web.cern.ch/amcatnlo/         *
*                                                          *
*               Type 'help' for in-line help.              *
*           Type 'tutorial' to learn how MG5 works         *
*    Type 'tutorial aMCatNLO' to learn how aMC@NLO works   *
*    Type 'tutorial MadLoop' to learn how MadLoop works    *
*                                                          *
************************************************************
load MG5 configuration from input/mg5_configuration.txt 
None does not seem to correspond to a valid fastjet-config executable (v3+). We will use fjcore instead.
 Please set the 'fastjet'variable to the full (absolute) /PATH/TO/fastjet-config (including fastjet-config).
 MG5_aMC> set fastjet /PATH/TO/fastjet-config

set lhapdf to /cvmfs/cms.cern.ch/slc6_amd64_gcc481/external/lhapdf/6.1.6-ddibom/share/LHAPDF/../../bin/lhapdf-config
set ninja to /afs/cern.ch/work/s/syu/2HDM_gridpack/v25x/genproductions/bin/MadGraph5_aMCatNLO/interactive/interactive_gridpack/work/MG5_aMC_v2_5_2/HEPTools/lib
No valid eps viewer found. Please set in ./input/mg5_configuration.txt
No valid web browser found. Please set in ./input/mg5_configuration.txt
import /afs/cern.ch/work/s/syu/2HDM_gridpack/v25x/genproductions/bin/MadGraph5_aMCatNLO/2HDMPZ2II_MH3_1200_MH4_400_MH2_1200_MHC_1200_proc_card.dat
The import format was not given, so we guess it as command
import model Pseudoscalar_2HDM
INFO: Change particles name to pass to MG5 convention 
Defined multiparticle p = g u c d s u~ c~ d~ s~
Defined multiparticle j = g u c d s u~ c~ d~ s~
Defined multiparticle l+ = e+ mu+
Defined multiparticle l- = e- mu-
Defined multiparticle vl = ve vm vt
Defined multiparticle vl~ = ve~ vm~ vt~
Defined multiparticle all = g ghg ghg~ u c d s u~ c~ d~ s~ a gha gha~ ve vm vt e- mu- ve~ vm~ vt~ e+ mu+ t b t~ b~ z w+ ghz ghwp ghwm h+ h1 h2 h3 h4 w- ghz~ ghwp~ ghwm~ h- ta- xd ta+ xd~
generate g g > xd xd~ h1 / z [QCD]
[1;60m------------------------------------------------------------------------[0m
[1;60m No Born diagrams found. Now switching to the loop-induced mode.        [0m
[1;60m Please cite ref. 'arXiv:1507.00020' when using results from this mode. [0m
[1;60m------------------------------------------------------------------------[0m
1 processes with 80 diagrams generated in 6.609 s
Total: 1 processes with 80 diagrams
output 2HDMPZ2II_MH3_1200_MH4_400_MH2_1200_MHC_1200 -nojpeg
INFO: initialize a new directory: 2HDMPZ2II_MH3_1200_MH4_400_MH2_1200_MHC_1200 
INFO: remove old information in 2HDMPZ2II_MH3_1200_MH4_400_MH2_1200_MHC_1200 
INFO: Organizing processes into subprocess groups 
INFO: Generating Helas calls for process: g g > xd xd~ h1 WEIGHTED<=12 [ noborn = QCD ] / z 
INFO: Processing color information for loop process: g g > xd xd~ h1 [ noborn = QCD ] / z 
INFO: Creating color matrix  loop process: g g > xd xd~ h1 WEIGHTED<=12 [ noborn = QCD ] / z 
INFO: Creating files in directory /afs/cern.ch/work/s/syu/2HDM_gridpack/v25x/genproductions/bin/MadGraph5_aMCatNLO/interactive/interactive_gridpack/work/MG5_aMC_v2_5_2/2HDMPZ2II_MH3_1200_MH4_400_MH2_1200_MHC_1200/SubProcesses/PV0_0_1_gg_xdxdxh1_no_z 
ALOHA: aloha creates FFV1 set of routines with options: L1
INFO: Computing diagram color coefficients 
INFO: Drawing loop Feynman diagrams for Process: g g > xd xd~ h1 WEIGHTED<=12 [ noborn = QCD ] / z 
INFO: Creating files in directory P0_gg_xdxdxh1 
INFO: Generating Feynman diagrams for Process: g g > xd xd~ h1 WEIGHTED<=12 [ noborn = QCD ] / z 
INFO: Finding symmetric diagrams for subprocess group gg_xdxdxh1 
History written to /afs/cern.ch/work/s/syu/2HDM_gridpack/v25x/genproductions/bin/MadGraph5_aMCatNLO/interactive/interactive_gridpack/work/MG5_aMC_v2_5_2/2HDMPZ2II_MH3_1200_MH4_400_MH2_1200_MHC_1200/Cards/proc_card_mg5.dat
Generated helas calls for 1 subprocesses (80 diagrams) in 1.334 s
ALOHA: aloha creates FFS1 routines
ALOHA: aloha creates FFS3 set of routines with options: L2
ALOHA: aloha creates SSS1 routines
ALOHA: aloha creates FFS3_5 set of routines with options: L2
save configuration file to /afs/cern.ch/work/s/syu/2HDM_gridpack/v25x/genproductions/bin/MadGraph5_aMCatNLO/interactive/interactive_gridpack/work/MG5_aMC_v2_5_2/2HDMPZ2II_MH3_1200_MH4_400_MH2_1200_MHC_1200/Cards/me5_configuration.txt
INFO: Use Fortran compiler gfortran 
INFO: Use c++ compiler g++ 
INFO: Generate web pages 
Output to directory /afs/cern.ch/work/s/syu/2HDM_gridpack/v25x/genproductions/bin/MadGraph5_aMCatNLO/interactive/interactive_gridpack/work/MG5_aMC_v2_5_2/2HDMPZ2II_MH3_1200_MH4_400_MH2_1200_MHC_1200 done.
Type "launch" to generate events from this process, or see
/afs/cern.ch/work/s/syu/2HDM_gridpack/v25x/genproductions/bin/MadGraph5_aMCatNLO/interactive/interactive_gridpack/work/MG5_aMC_v2_5_2/2HDMPZ2II_MH3_1200_MH4_400_MH2_1200_MHC_1200/README
Run "open index.html" to see more information about this process.
launch 2HDMPZ2II_MH3_1200_MH4_400_MH2_1200_MHC_1200
************************************************************
*                                                          *
*                      W E L C O M E to                    *
*             M A D G R A P H 5 _ a M C @ N L O            *
*                      M A D E V E N T                     *
*                                                          *
*                 *                       *                *
*                   *        * *        *                  *
*                     * * * * 5 * * * *                    *
*                   *        * *        *                  *
*                 *                       *                *
*                                                          *
*         VERSION 2.5.2                 2016-12-10         *
*                                                          *
*    The MadGraph5_aMC@NLO Development Team - Find us at   *
*    https://server06.fynu.ucl.ac.be/projects/madgraph     *
*                                                          *
*               Type 'help' for in-line help.              *
*                                                          *
************************************************************
INFO: load configuration from /afs/cern.ch/work/s/syu/2HDM_gridpack/v25x/genproductions/bin/MadGraph5_aMCatNLO/interactive/interactive_gridpack/work/MG5_aMC_v2_5_2/2HDMPZ2II_MH3_1200_MH4_400_MH2_1200_MHC_1200/Cards/me5_configuration.txt  
INFO: load configuration from /afs/cern.ch/work/s/syu/2HDM_gridpack/v25x/genproductions/bin/MadGraph5_aMCatNLO/interactive/interactive_gridpack/work/MG5_aMC_v2_5_2/input/mg5_configuration.txt  
INFO: load configuration from /afs/cern.ch/work/s/syu/2HDM_gridpack/v25x/genproductions/bin/MadGraph5_aMCatNLO/interactive/interactive_gridpack/work/MG5_aMC_v2_5_2/2HDMPZ2II_MH3_1200_MH4_400_MH2_1200_MHC_1200/Cards/me5_configuration.txt  
No valid eps viewer found. Please set in ./input/mg5_configuration.txt
No valid web browser found. Please set in ./input/mg5_configuration.txt
generate_events run_01
The following switches determine which programs are run:
/--------------------------------------------------------------------------------------------------\
|  [31m1[0m. Choose the shower/hadronization program:                           shower = [31mNot installed[0m    |
|  [31m2[0m. Choose the detector simulation program:                          detector = [31mNot installed[0m    |
|  [31m3[0m. Run an analysis package on the events generated:                 analysis = [33mNo analysis tool interfaced to MG5aMC.[0m|
|  [31m4[0m. Decay particles with the MadSpin module:                          madspin = [31mOFF[0m              |
|  [31m5[0m. Add weights to events for different model hypothesis:            reweight = [31mOFF[0m              |
\--------------------------------------------------------------------------------------------------/
  Either type the switch number (1 to 5) to change its setting,
  Set any switch explicitly (e.g. type 'madspin=ON' at the prompt)
  Type 'help' for the list of all valid option
  Type '0', 'auto', 'done' or just press enter when you are done.
 [[4m0[0m, auto, done, madspin=ON, madspin=OFF, madspin, reweight=ON, reweight=OFF, reweight, parton, ... ]
[1;34mThe answer to the previous question is not set in your input file[0m
[1;34mUse 0 value[0m
set sinp 0.35
[1;60mINFO: modify param_card information BLOCK higgs with id (5,) set to 0.35 [0m
set tanbeta 1
[1;60mINFO: modify param_card information BLOCK frblock with id (2,) set to 1.0 [0m
set laP1 3.0
[1;60mINFO: modify param_card information BLOCK higgs with id (2,) set to 3.0 [0m
set laP2 3.0
[1;60mINFO: modify param_card information BLOCK higgs with id (3,) set to 3.0 [0m
set lam3 3.0
[1;60mINFO: modify param_card information BLOCK higgs with id (1,) set to 3.0 [0m
set sinbma 1.0
[1;60mINFO: modify param_card information BLOCK frblock with id (3,) set to 1.0 [0m
set gPXd 1.0
[1;60mINFO: modify param_card information BLOCK dminputs with id (1,) set to 1.0 [0m
set Mxd 1.0
[1;60mINFO: modify param_card information BLOCK mass with id (52,) set to 1.0 [0m
set mhc 1200
[1;60mINFO: modify param_card information BLOCK mass with id (37,) set to 1200.0 [0m
set mh2 1200
[1;60mINFO: modify param_card information BLOCK mass with id (35,) set to 1200.0 [0m
set mh3 1200
[1;60mINFO: modify param_card information BLOCK mass with id (36,) set to 1200.0 [0m
set mh4 400
[1;60mINFO: modify param_card information BLOCK mass with id (55,) set to 400.0 [0m
set Wh1 auto
[1;60mINFO: modify param_card information BLOCK decay with id (25,) set to Auto [0m
set Wh2 auto
[1;60mINFO: modify param_card information BLOCK decay with id (35,) set to Auto [0m
set Wh3 auto
[1;60mINFO: modify param_card information BLOCK decay with id (36,) set to Auto [0m
set Whc auto
[1;60mINFO: modify param_card information BLOCK decay with id (37,) set to Auto [0m
set Wh4 auto
[1;60mINFO: modify param_card information BLOCK decay with id (55,) set to Auto [0m
Do you want to edit a card (press enter to bypass editing)?
/------------------------------------------------------------\
|  [31m1[0m. param         : [32mparam_card.dat[0m                         |
|  [31m2[0m. run           : [32mrun_card.dat[0m                           |
|  [31m3[0m. MadLoopParams : [32mMadLoopParams.dat[0m                      |
\------------------------------------------------------------/
 you can also
   - enter the path to a valid card or banner.
   - use the 'set' command to modify a parameter directly.
     The set option works only for param_card and run_card.
     Type 'help set' for more information on this command.
   - call an external program (ASperGE/MadWidth/...).
     Type 'help' for the list of available command
 [[4m0[0m, done, 1, param, 2, run, 3, MadLoopParams, enter path]
[1;60mThe answer to the previous question is not set in your input file[0m
[1;60mUse 0 value[0m
INFO: Change particles name to pass to MG5 convention 
************************************************************
*                                                          *
*                     W E L C O M E to                     *
*              M A D G R A P H 5 _ a M C @ N L O           *
*                                                          *
*                                                          *
*                 *                       *                *
*                   *        * *        *                  *
*                     * * * * 5 * * * *                    *
*                   *        * *        *                  *
*                 *                       *                *
*                                                          *
*         VERSION 2.5.2                 2016-12-10         *
*                                                          *
*    The MadGraph5_aMC@NLO Development Team - Find us at   *
*    https://server06.fynu.ucl.ac.be/projects/madgraph     *
*                            and                           *
*            http://amcatnlo.web.cern.ch/amcatnlo/         *
*                                                          *
*               Type 'help' for in-line help.              *
*           Type 'tutorial' to learn how MG5 works         *
*    Type 'tutorial aMCatNLO' to learn how aMC@NLO works   *
*    Type 'tutorial MadLoop' to learn how MadLoop works    *
*                                                          *
************************************************************
load MG5 configuration from input/mg5_configuration.txt 
None does not seem to correspond to a valid fastjet-config executable (v3+). We will use fjcore instead.
 Please set the 'fastjet'variable to the full (absolute) /PATH/TO/fastjet-config (including fastjet-config).
 MG5_aMC> set fastjet /PATH/TO/fastjet-config

set lhapdf to /cvmfs/cms.cern.ch/slc6_amd64_gcc481/external/lhapdf/6.1.6-ddibom/share/LHAPDF/../../bin/lhapdf-config
set ninja to /afs/cern.ch/work/s/syu/2HDM_gridpack/v25x/genproductions/bin/MadGraph5_aMCatNLO/interactive/interactive_gridpack/work/MG5_aMC_v2_5_2/HEPTools/lib
No valid eps viewer found. Please set in ./input/mg5_configuration.txt
No valid web browser found. Please set in ./input/mg5_configuration.txt
set automatic_html_opening False --no_save
compute_widths 25 35 36 37 55 --precision_channel=0.01 --body_decay=4.0025 --path=/afs/cern.ch/work/s/syu/2HDM_gridpack/v25x/genproductions/bin/MadGraph5_aMCatNLO/interactive/interactive_gridpack/work/MG5_aMC_v2_5_2/2HDMPZ2II_MH3_1200_MH4_400_MH2_1200_MHC_1200/Cards/param_card.dat --output=/afs/cern.ch/work/s/syu/2HDM_gridpack/v25x/genproductions/bin/MadGraph5_aMCatNLO/interactive/interactive_gridpack/work/MG5_aMC_v2_5_2/2HDMPZ2II_MH3_1200_MH4_400_MH2_1200_MHC_1200/Cards/param_card.dat
[1;34mPlease note that the automatic computation of the width is
    only valid in narrow-width approximation and at tree-level.[0m
INFO: Get two body decay from FeynRules formula 
Results written to /afs/cern.ch/work/s/syu/2HDM_gridpack/v25x/genproductions/bin/MadGraph5_aMCatNLO/interactive/interactive_gridpack/work/MG5_aMC_v2_5_2/2HDMPZ2II_MH3_1200_MH4_400_MH2_1200_MHC_1200/Cards/param_card.dat
INFO: get decay diagram for h1 
Vertexlist of this model has not been searched.Automatically run the model.find_vertexlist()
Found 6 stable particles
INFO: get decay diagram for h2 
INFO:     current estimated error: 0.029042230454 go to 4-body decay: 
100 / 118: 3s
INFO:     stop to 4.0 body-decay. approximate error: 0.329181013755 
INFO: get decay diagram for h3 
INFO:     current estimated error: 4.65192448615 go to 4-body decay: 
INFO:     stop to 4.0 body-decay. approximate error: 20.9746562244 
INFO: get decay diagram for h+ 
INFO:     current estimated error: 0.820578509352 go to 4-body decay: 
INFO:     stop to 4.0 body-decay. approximate error: 0.0236241894156 
INFO: get decay diagram for h4 
Pass to numerical integration for computing the widths:
INFO: More info in temporary files:
    /afs/cern.ch/work/s/syu/2HDM_gridpack/v25x/genproductions/bin/MadGraph5_aMCatNLO/interactive/interactive_gridpack/work/MG5_aMC_v2_5_2/tmpewYmoG/temp_decay/index.html 
Results written to /afs/cern.ch/work/s/syu/2HDM_gridpack/v25x/genproductions/bin/MadGraph5_aMCatNLO/interactive/interactive_gridpack/work/MG5_aMC_v2_5_2/2HDMPZ2II_MH3_1200_MH4_400_MH2_1200_MHC_1200/Cards/param_card.dat
INFO: Update the dependent parameter of the param_card.dat 
Generating 20000 events with run name run_01
survey  run_01 
INFO: compile directory 
[1;34mNot able to open file /afs/cern.ch/work/s/syu/2HDM_gridpack/v25x/genproductions/bin/MadGraph5_aMCatNLO/interactive/interactive_gridpack/work/MG5_aMC_v2_5_2/2HDMPZ2II_MH3_1200_MH4_400_MH2_1200_MHC_1200/crossx.html since no program configured.Please set one in ./input/mg5_configuration.txt[0m
run_card missed argument ptlund. Takes default: -1.0
run_card missed argument pdgs_for_merging_cut. Takes default: [21, 1, 2, 3, 4, 5, 6]
run_card missed argument bias_parameters. Takes default: {}
initMadLoop -r -f
run_card missed argument ptlund. Takes default: -1.0
run_card missed argument pdgs_for_merging_cut. Takes default: [21, 1, 2, 3, 4, 5, 6]
run_card missed argument bias_parameters. Takes default: {}
Initializing MadLoop loop-induced matrix elements (this can take some time)...
MadLoop initialization finished.
compile Source Directory
Using random number seed offset = 21
INFO: Running Survey 
Creating Jobs
Working on SubProcesses
INFO:     P0_gg_xdxdxh1  
INFO:  Idle: 32,  Running: 16,  Completed: 0 [ current time: 19h54 ] 
INFO:  Idle: 31,  Running: 16,  Completed: 1 [  32.6s  ] 
INFO:  Idle: 30,  Running: 16,  Completed: 2 [  44.4s  ] 
INFO:  Idle: 24,  Running: 16,  Completed: 8 [  48.3s  ] 
INFO:  Idle: 19,  Running: 16,  Completed: 17 [  1m 3s  ] 
INFO:  Idle: 17,  Running: 16,  Completed: 19 [  1m 37s  ] 
INFO:  Idle: 14,  Running: 16,  Completed: 22 [  1m 40s  ] 
INFO:  Idle: 11,  Running: 16,  Completed: 26 [  1m 46s  ] 
INFO:  Idle: 6,  Running: 16,  Completed: 33 [  2m 11s  ] 
INFO:  Idle: 5,  Running: 16,  Completed: 34 [  2m 17s  ] 
INFO: P0_gg_xdxdxh1/G1.8 is at 1.62e-08 +- 7.08e-09 pb. Now submitting iteration #2. 
INFO:  Idle: 8,  Running: 16,  Completed: 35 [  2m 23s  ] 
INFO:  Idle: 7,  Running: 16,  Completed: 37 [  2m 30s  ] 
INFO:  Idle: 6,  Running: 16,  Completed: 38 [  2m 37s  ] 
INFO:  Idle: 4,  Running: 16,  Completed: 40 [  2m 44s  ] 
INFO: P0_gg_xdxdxh1/G1.4 is at 2.35e-06 +- 1.25e-07 pb. Now submitting iteration #2. 
INFO:  Idle: 1,  Running: 15,  Completed: 45 [  2m 52s  ] 
INFO:  Idle: 1,  Running: 15,  Completed: 46 [  3m 5s  ] 
INFO:  Idle: 1,  Running: 14,  Completed: 48 [  3m 14s  ] 
INFO:  Idle: 2,  Running: 16,  Completed: 49 [  3m 26s  ] 
INFO:  Idle: 2,  Running: 16,  Completed: 50 [  3m 40s  ] 
INFO: P0_gg_xdxdxh1/G1.5 is at 3.93e-07 +- 5.06e-08 pb. Now submitting iteration #2. 
INFO: P0_gg_xdxdxh1/G2.5 is at 1.41e-05 +- 1.1e-06 pb. Now submitting iteration #2. 
INFO:  Idle: 5,  Running: 16,  Completed: 51 [  3m 45s  ] 
INFO: P0_gg_xdxdxh1/G1.7 is at 5.55e-08 +- 5.67e-09 pb. Now submitting iteration #2. 
INFO: P0_gg_xdxdxh1/G3 is at 0.00768 +- 0.000416 pb. Now submitting iteration #2. 
INFO: P0_gg_xdxdxh1/G2.7 is at 6.68e-08 +- 5.65e-09 pb. Now submitting iteration #2. 
INFO:  Idle: 6,  Running: 16,  Completed: 54 [  3m 48s  ] 
INFO: P0_gg_xdxdxh1/G4.4 is at 1.11e-06 +- 4.04e-08 pb. Now submitting iteration #2. 
INFO:  Idle: 5,  Running: 16,  Completed: 55 [  3m 53s  ] 
INFO:  Idle: 14,  Running: 16,  Completed: 59 [  3m 57s  ] 
INFO: P0_gg_xdxdxh1/G4.7 is at 8.64e-05 +- 7.7e-06 pb. Now submitting iteration #2. 
INFO: P0_gg_xdxdxh1/G2.8 is at 4.36e-07 +- 2.25e-07 pb. Now submitting iteration #2. 
INFO: P0_gg_xdxdxh1/G4.5 is at 0.000251 +- 2.16e-05 pb. Now submitting iteration #2. 
INFO:  Idle: 26,  Running: 16,  Completed: 63 [  4m 3s  ] 
INFO:  Idle: 25,  Running: 16,  Completed: 64 [  4m 25s  ] 
INFO: P0_gg_xdxdxh1/G4.8 is at 1.52e-05 +- 1.24e-05 pb. Now submitting iteration #2. 
INFO:  Idle: 28,  Running: 16,  Completed: 65 [  4m 30s  ] 
INFO:  Idle: 25,  Running: 16,  Completed: 68 [  4m 44s  ] 
INFO:  Idle: 23,  Running: 16,  Completed: 71 [  4m 51s  ] 
INFO:  Idle: 20,  Running: 16,  Completed: 75 [  4m 55s  ] 
INFO:  Idle: 16,  Running: 16,  Completed: 80 [  5m 13s  ] 
INFO: P0_gg_xdxdxh1/G1.8 is at 2.01e-08 +- 1.25e-09 pb. Now submitting iteration #3. 
INFO:  Idle: 17,  Running: 16,  Completed: 84 [  5m 25s  ] 
INFO:  Idle: 16,  Running: 16,  Completed: 86 [  5m 39s  ] 
INFO:  Idle: 14,  Running: 16,  Completed: 88 [  5m 46s  ] 
INFO:  Idle: 13,  Running: 16,  Completed: 89 [  5m 51s  ] 
INFO:  Idle: 11,  Running: 16,  Completed: 92 [  5m 55s  ] 
INFO:  Idle: 8,  Running: 16,  Completed: 96 [  6m 4s  ] 
INFO:  Idle: 7,  Running: 16,  Completed: 97 [  6m 15s  ] 
INFO:  Idle: 6,  Running: 16,  Completed: 99 [  6m 20s  ] 
INFO: P0_gg_xdxdxh1/G1.4 is at 2.51e-06 +- 6.08e-08 pb. Now submitting iteration #3. 
INFO:  Idle: 5,  Running: 16,  Completed: 101 [  6m 31s  ] 
INFO: P0_gg_xdxdxh1/G1.5 is at 3.871e-07 +- 1.17e-09 pb. Now submitting iteration #3. 
INFO:  Idle: 6,  Running: 16,  Completed: 104 [  6m 36s  ] 
INFO: P0_gg_xdxdxh1/G1.7 is at 7.43e-08 +- 5.98e-09 pb. Now submitting iteration #3. 
INFO:  Idle: 4,  Running: 16,  Completed: 106 [  6m 43s  ] 
INFO:  Idle: 4,  Running: 16,  Completed: 107 [  6m 46s  ] 
INFO:  Idle: 5,  Running: 16,  Completed: 110 [  6m 54s  ] 
INFO:  Idle: 5,  Running: 16,  Completed: 111 [  7m 4s  ] 
INFO: P0_gg_xdxdxh1/G2.5 is at 1.72e-05 +- 7.2e-07 pb. Now submitting iteration #3. 
INFO:  Idle: 8,  Running: 16,  Completed: 112 [  7m 9s  ] 
INFO: P0_gg_xdxdxh1/G3 is at 0.007749 +- 2.23e-05 pb. Now submitting iteration #3. 
INFO: P0_gg_xdxdxh1/G2.7 is at 6.61e-08 +- 8.66e-10 pb. Now submitting iteration #3. 
INFO:  Idle: 11,  Running: 16,  Completed: 113 [  7m 15s  ] 
INFO: P0_gg_xdxdxh1/G2.8 is at 3.44e-07 +- 4.01e-08 pb. Now submitting iteration #3. 
INFO:  Idle: 17,  Running: 16,  Completed: 115 [  7m 18s  ] 
INFO: P0_gg_xdxdxh1/G4.4 is at 1.127e-06 +- 1.03e-08 pb. Now submitting iteration #3. 
INFO: P0_gg_xdxdxh1/G4.7 is at 9.2e-05 +- 1.58e-06 pb. Now submitting iteration #3. 
INFO:  Idle: 19,  Running: 16,  Completed: 117 [  7m 21s  ] 
INFO:  Idle: 22,  Running: 16,  Completed: 118 [  7m 26s  ] 
INFO: P0_gg_xdxdxh1/G4.5 is at 0.0002482 +- 6.61e-07 pb. Now submitting iteration #3. 
INFO:  Idle: 27,  Running: 16,  Completed: 121 [  7m 29s  ] 
INFO:  Idle: 26,  Running: 16,  Completed: 123 [  7m 38s  ] 
INFO: P0_gg_xdxdxh1/G4.8 is at 3.6e-06 +- 2.9e-06 pb. Now submitting iteration #3. 
INFO:  Idle: 29,  Running: 16,  Completed: 124 [  7m 41s  ] 
INFO:  Idle: 28,  Running: 16,  Completed: 125 [  8m 6s  ] 
INFO:  Idle: 27,  Running: 16,  Completed: 126 [  8m 21s  ] 
INFO:  Idle: 26,  Running: 16,  Completed: 127 [  8m 25s  ] 
INFO:  Idle: 26,  Running: 16,  Completed: 128 [  8m 30s  ] 
INFO:  Idle: 25,  Running: 16,  Completed: 129 [  8m 45s  ] 
INFO:  Idle: 24,  Running: 16,  Completed: 130 [  8m 49s  ] 
INFO:  Idle: 23,  Running: 16,  Completed: 131 [  8m 55s  ] 
INFO:  Idle: 20,  Running: 16,  Completed: 135 [  9m 5s  ] 
INFO:  Idle: 18,  Running: 16,  Completed: 137 [  9m 16s  ] 
INFO:  Idle: 17,  Running: 16,  Completed: 138 [  9m 21s  ] 
INFO:  Idle: 16,  Running: 16,  Completed: 141 [  9m 40s  ] 
INFO:  Idle: 15,  Running: 16,  Completed: 142 [  10m 0s  ] 
INFO:  Idle: 13,  Running: 16,  Completed: 145 [  10m 8s  ] 
INFO:  Idle: 10,  Running: 16,  Completed: 148 [  10m 34s  ] 
INFO:  Idle: 9,  Running: 16,  Completed: 149 [  10m 38s  ] 
INFO: Survey finished for P0_gg_xdxdxh1/G1.8 at 2.71e-08 +- 4.16e-09 pb 
INFO:  Idle: 8,  Running: 16,  Completed: 151 [  10m 47s  ] 
INFO:  Idle: 4,  Running: 16,  Completed: 156 [  10m 56s  ] 
INFO: Survey finished for P0_gg_xdxdxh1/G1.4 at 2.46e-06 +- 2.71e-08 pb 
INFO: Survey finished for P0_gg_xdxdxh1/G1.5 at 3.895e-07 +- 8.06e-10 pb 
INFO:  Idle: 4,  Running: 16,  Completed: 157 [  11m 4s  ] 
INFO:  Idle: 2,  Running: 16,  Completed: 159 [  11m 8s  ] 
INFO:  Idle: 1,  Running: 16,  Completed: 160 [  11m 16s  ] 
INFO: Survey finished for P0_gg_xdxdxh1/G1.7 at 7.76e-08 +- 1.77e-09 pb 
INFO: Survey finished for P0_gg_xdxdxh1/G2.5 at 1.76e-05 +- 2.29e-07 pb 
INFO: Survey finished for P0_gg_xdxdxh1/G3 at 0.00798 +- 9.61e-05 pb 
INFO: P0_gg_xdxdxh1/G2.8 is at 3.04e-07 +- 9.74e-09 pb. Now submitting iteration #4. 
INFO: Survey finished for P0_gg_xdxdxh1/G2.7 at 5.72e-08 +- 1.35e-09 pb 
INFO:  Idle: 3,  Running: 16,  Completed: 162 [  11m 21s  ] 
INFO: Survey finished for P0_gg_xdxdxh1/G4.7 at 9.263e-05 +- 4.84e-07 pb 
INFO:  Idle: 0,  Running: 14,  Completed: 167 [  11m 26s  ] 
INFO:  Idle: 0,  Running: 12,  Completed: 169 [  11m 33s  ] 
INFO:  Idle: 1,  Running: 11,  Completed: 170 [  11m 38s  ] 
INFO: Survey finished for P0_gg_xdxdxh1/G4.4 at 1.143e-06 +- 6.96e-09 pb 
INFO:  Idle: 0,  Running: 11,  Completed: 171 [  11m 57s  ] 
INFO:  Idle: 0,  Running: 9,  Completed: 173 [  12m 2s  ] 
INFO:  Idle: 0,  Running: 7,  Completed: 175 [  12m 6s  ] 
INFO:  Idle: 0,  Running: 6,  Completed: 177 [  12m 12s  ] 
INFO:  Idle: 1,  Running: 5,  Completed: 178 [  12m 18s  ] 
INFO: Survey finished for P0_gg_xdxdxh1/G4.5 at 0.0002464 +- 5.81e-07 pb 
INFO: P0_gg_xdxdxh1/G4.8 is at 4.02e-06 +- 1.08e-06 pb. Now submitting iteration #4. 
INFO:  Idle: 0,  Running: 5,  Completed: 179 [  12m 22s  ] 
INFO:  Idle: 0,  Running: 7,  Completed: 181 [  13m 29s  ] 
INFO:  Idle: 0,  Running: 5,  Completed: 183 [  13m 32s  ] 
INFO:  Idle: 1,  Running: 4,  Completed: 184 [  13m 39s  ] 
INFO: P0_gg_xdxdxh1/G2.8 is at 3.28e-07 +- 1.74e-08 pb. Now submitting iteration #5. 
INFO:  Idle: 1,  Running: 7,  Completed: 185 [  14m 5s  ] 
INFO:  Idle: 0,  Running: 7,  Completed: 186 [  14m 21s  ] 
INFO:  Idle: 0,  Running: 6,  Completed: 187 [  14m 28s  ] 
INFO:  Idle: 1,  Running: 4,  Completed: 189 [  14m 31s  ] 
INFO: P0_gg_xdxdxh1/G4.8 is at 3.76e-06 +- 3.2e-07 pb. Now submitting iteration #5. 
INFO:  Idle: 0,  Running: 8,  Completed: 190 [  15m 3s  ] 
INFO:  Idle: 0,  Running: 7,  Completed: 191 [  18m 19s  ] 
INFO:  Idle: 1,  Running: 4,  Completed: 194 [  18m 25s  ] 
INFO: Survey finished for P0_gg_xdxdxh1/G2.8 at 3.78e-07 +- 2.09e-08 pb 
INFO:  Idle: 0,  Running: 4,  Completed: 195 [  18m 31s  ] 
INFO:  Idle: 0,  Running: 2,  Completed: 197 [  19m 18s  ] 
INFO: Survey finished for P0_gg_xdxdxh1/G4.8 at 3.8e-06 +- 1.08e-07 pb 
INFO:  Idle: 0,  Running: 0,  Completed: 200 [  19m 33s  ] 
INFO:  Idle: 0,  Running: 0,  Completed: 200 [  19m 33s  ] 
INFO: End survey 
refine 20000
Creating Jobs
INFO: Refine results to 20000 
INFO: Generating 20000.0 unweigthed events. 
INFO: Effective Luminosity 2756561.50333 pb^-1 
INFO: need to improve 1 channels 
Current estimate of cross-section: 0.008343728218 +- 9.61353110497e-05
INFO:  Idle: 0,  Running: 16,  Completed: 0 [ current time: 20h14 ] 
INFO:  Idle: 0,  Running: 15,  Completed: 1 [  1m 43s  ] 
INFO:  Idle: 0,  Running: 12,  Completed: 4 [  1m 48s  ] 
INFO:  Idle: 0,  Running: 5,  Completed: 11 [  1m 51s  ] 
INFO: P0_gg_xdxdxh1/G3 is at 7238/21861 (33%) event. Resubmit 11 job at iteration 1. 
INFO:  Idle: 0,  Running: 11,  Completed: 17 [  2m 20s  ] 
INFO:  Idle: 0,  Running: 8,  Completed: 20 [  3m 42s  ] 
INFO:  Idle: 0,  Running: 4,  Completed: 24 [  3m 45s  ] 
INFO: P0_gg_xdxdxh1/G3 is at 12218/21858 (56%) event. Resubmit 22 job at iteration 2. 
INFO:  Idle: 6,  Running: 16,  Completed: 29 [  4m 1s  ] 
INFO:  Idle: 4,  Running: 16,  Completed: 31 [  5m 21s  ] 
INFO:  Idle: 3,  Running: 16,  Completed: 32 [  5m 27s  ] 
INFO:  Idle: 2,  Running: 16,  Completed: 33 [  5m 34s  ] 
INFO:  Idle: 1,  Running: 16,  Completed: 34 [  5m 41s  ] 
INFO:  Idle: 0,  Running: 10,  Completed: 41 [  5m 46s  ] 
INFO:  Idle: 0,  Running: 3,  Completed: 48 [  6m 31s  ] 
INFO:  Idle: 0,  Running: 1,  Completed: 50 [  6m 38s  ] 
INFO:  Idle: 1,  Running: 0,  Completed: 51 [  6m 44s  ] 
INFO: found enough event for P0_gg_xdxdxh1/G3 
INFO:  Idle: 0,  Running: 0,  Completed: 52 [  7m 9s  ] 
INFO:  Idle: 0,  Running: 0,  Completed: 52 [  7m 9s  ] 
INFO: Combining runs 
INFO: finish refine 
refine 20000
Creating Jobs
INFO: Refine results to 20000 
INFO: Generating 20000.0 unweigthed events. 
INFO: Effective Luminosity 2766308.88232 pb^-1 
INFO: need to improve 0 channels 
Current estimate of cross-section: 0.008314328218 +- 1.61067742152e-05
INFO:  Idle: 0,  Running: 0,  Completed: 0 [ current time: 20h21 ] 
INFO: Combining runs 
INFO: finish refine 
INFO: Combining Events 
 
 
 
  === Results Summary for run: run_01 tag: tag_1 ===

     Cumulative sequential time for this run: 3h01m09s
     Cross-section :   0.008314 +- 1.611e-05 pb
     Nb of events :  20000
 
store_events
INFO: Storing parton level results 
INFO: End Parton 
reweight -from_cards
decay_events -from_cards
INFO: storing files of previous run 
INFO: Done 
quit
INFO:  
 
INFO:  
 
quit
 

 


Job finished at Fri Jul 21 20:22:43 CEST 2017 on node 
 under linux version Scientific Linux CERN SLC release 6.9 (Carbon)

CERN statistics: This process used approximately : 8:53:20 KSI2K hours (32000 KSI2K seconds)
                 This process corresponds to     : 34:40:02 HS06  hours (124802 HS06  seconds)
