@(#)CERN job starter $Date: 2010/06/23 14:22:16 $
Working directory is </pool/lsf/syu/60545440> on <p05496706p09556.cern.ch>

Starting job on  Fri Jul 21 18:41:57 CEST 2017
Running on  Linux p05496706p09556.cern.ch 2.6.32-642.11.1.el6.x86_64 #1 SMP Wed Nov 16 09:40:09 CET 2016 x86_64 x86_64 x86_64 GNU/Linux
System release  Scientific Linux CERN SLC release 6.9 (Carbon)
name: interactive
carddir: 
queue: local
scram_arch: slc6_amd64_gcc481
cmssw_version: CMSSW_7_1_28
# On branch mg25x
# Changed but not updated:
#   (use "git add <file>..." to update what will be committed)
#   (use "git checkout -- <file>..." to discard changes in working directory)
#
#	modified:   gridpack_generation.sh
#
# Untracked files:
#   (use "git add <file>..." to include in what will be committed)
#
#	2HDMPZ2II_MH3_1000_MH4_100_MH2_1000_MHC_1000_proc_card.dat
#	2HDMPZ2II_MH3_1000_MH4_150_MH2_1000_MHC_1000_proc_card.dat
#	2HDMPZ2II_MH3_1000_MH4_200_MH2_1000_MHC_1000_proc_card.dat
#	2HDMPZ2II_MH3_1000_MH4_250_MH2_1000_MHC_1000_proc_card.dat
#	2HDMPZ2II_MH3_1000_MH4_300_MH2_1000_MHC_1000_proc_card.dat
#	2HDMPZ2II_MH3_1000_MH4_350_MH2_1000_MHC_1000_proc_card.dat
#	2HDMPZ2II_MH3_1000_MH4_400_MH2_1000_MHC_1000_proc_card.dat
#	2HDMPZ2II_MH3_1000_MH4_450_MH2_1000_MHC_1000_proc_card.dat
#	2HDMPZ2II_MH3_1000_MH4_500_MH2_1000_MHC_1000_proc_card.dat
#	2HDMPZ2II_MH3_100_MH4_100_MH2_100_MHC_100_proc_card.dat
#	2HDMPZ2II_MH3_1100_MH4_100_MH2_1100_MHC_1100_proc_card.dat
#	2HDMPZ2II_MH3_1100_MH4_150_MH2_1100_MHC_1100_proc_card.dat
#	2HDMPZ2II_MH3_1100_MH4_200_MH2_1100_MHC_1100_proc_card.dat
#	2HDMPZ2II_MH3_1100_MH4_250_MH2_1100_MHC_1100_proc_card.dat
#	2HDMPZ2II_MH3_1100_MH4_300_MH2_1100_MHC_1100_proc_card.dat
#	2HDMPZ2II_MH3_1100_MH4_350_MH2_1100_MHC_1100_proc_card.dat
#	2HDMPZ2II_MH3_1100_MH4_400_MH2_1100_MHC_1100_proc_card.dat
#	2HDMPZ2II_MH3_1100_MH4_450_MH2_1100_MHC_1100_proc_card.dat
#	2HDMPZ2II_MH3_1100_MH4_500_MH2_1100_MHC_1100_proc_card.dat
#	2HDMPZ2II_MH3_1200_MH4_100_MH2_1200_MHC_1200_proc_card.dat
#	2HDMPZ2II_MH3_1200_MH4_150_MH2_1200_MHC_1200_proc_card.dat
#	2HDMPZ2II_MH3_1200_MH4_200_MH2_1200_MHC_1200_proc_card.dat
#	2HDMPZ2II_MH3_1200_MH4_250_MH2_1200_MHC_1200_proc_card.dat
#	2HDMPZ2II_MH3_1200_MH4_300_MH2_1200_MHC_1200_proc_card.dat
#	2HDMPZ2II_MH3_1200_MH4_350_MH2_1200_MHC_1200_proc_card.dat
#	2HDMPZ2II_MH3_1200_MH4_400_MH2_1200_MHC_1200_proc_card.dat
#	2HDMPZ2II_MH3_1200_MH4_450_MH2_1200_MHC_1200_proc_card.dat
#	2HDMPZ2II_MH3_1200_MH4_500_MH2_1200_MHC_1200_proc_card.dat
#	2HDMPZ2II_MH3_1300_MH4_100_MH2_1300_MHC_1300_proc_card.dat
#	2HDMPZ2II_MH3_1300_MH4_150_MH2_1300_MHC_1300_proc_card.dat
#	2HDMPZ2II_MH3_1300_MH4_200_MH2_1300_MHC_1300_proc_card.dat
#	2HDMPZ2II_MH3_1300_MH4_250_MH2_1300_MHC_1300_proc_card.dat
#	2HDMPZ2II_MH3_1300_MH4_300_MH2_1300_MHC_1300_proc_card.dat
#	2HDMPZ2II_MH3_1300_MH4_350_MH2_1300_MHC_1300_proc_card.dat
#	2HDMPZ2II_MH3_1300_MH4_400_MH2_1300_MHC_1300_proc_card.dat
#	2HDMPZ2II_MH3_1300_MH4_450_MH2_1300_MHC_1300_proc_card.dat
#	2HDMPZ2II_MH3_1300_MH4_500_MH2_1300_MHC_1300_proc_card.dat
#	2HDMPZ2II_MH3_1400_MH4_100_MH2_1400_MHC_1400_proc_card.dat
#	2HDMPZ2II_MH3_1400_MH4_150_MH2_1400_MHC_1400_proc_card.dat
#	2HDMPZ2II_MH3_1400_MH4_200_MH2_1400_MHC_1400_proc_card.dat
#	2HDMPZ2II_MH3_1400_MH4_250_MH2_1400_MHC_1400_proc_card.dat
#	2HDMPZ2II_MH3_1400_MH4_300_MH2_1400_MHC_1400_proc_card.dat
#	2HDMPZ2II_MH3_1400_MH4_350_MH2_1400_MHC_1400_proc_card.dat
#	2HDMPZ2II_MH3_1400_MH4_400_MH2_1400_MHC_1400_proc_card.dat
#	2HDMPZ2II_MH3_1400_MH4_450_MH2_1400_MHC_1400_proc_card.dat
#	2HDMPZ2II_MH3_1400_MH4_500_MH2_1400_MHC_1400_proc_card.dat
#	2HDMPZ2II_MH3_1500_MH4_100_MH2_1500_MHC_1500_proc_card.dat
#	2HDMPZ2II_MH3_1500_MH4_150_MH2_1500_MHC_1500_proc_card.dat
#	2HDMPZ2II_MH3_1500_MH4_200_MH2_1500_MHC_1500_proc_card.dat
#	2HDMPZ2II_MH3_1500_MH4_250_MH2_1500_MHC_1500_proc_card.dat
#	2HDMPZ2II_MH3_1500_MH4_300_MH2_1500_MHC_1500_proc_card.dat
#	2HDMPZ2II_MH3_1500_MH4_350_MH2_1500_MHC_1500_proc_card.dat
#	2HDMPZ2II_MH3_1500_MH4_400_MH2_1500_MHC_1500_proc_card.dat
#	2HDMPZ2II_MH3_1500_MH4_450_MH2_1500_MHC_1500_proc_card.dat
#	2HDMPZ2II_MH3_1500_MH4_500_MH2_1500_MHC_1500_proc_card.dat
#	2HDMPZ2II_MH3_1600_MH4_100_MH2_1600_MHC_1600_proc_card.dat
#	2HDMPZ2II_MH3_1600_MH4_150_MH2_1600_MHC_1600_proc_card.dat
#	2HDMPZ2II_MH3_1600_MH4_200_MH2_1600_MHC_1600_proc_card.dat
#	2HDMPZ2II_MH3_1600_MH4_250_MH2_1600_MHC_1600_proc_card.dat
#	2HDMPZ2II_MH3_1600_MH4_300_MH2_1600_MHC_1600_proc_card.dat
#	2HDMPZ2II_MH3_1600_MH4_350_MH2_1600_MHC_1600_proc_card.dat
#	2HDMPZ2II_MH3_1600_MH4_400_MH2_1600_MHC_1600_proc_card.dat
#	2HDMPZ2II_MH3_1600_MH4_450_MH2_1600_MHC_1600_proc_card.dat
#	2HDMPZ2II_MH3_1600_MH4_500_MH2_1600_MHC_1600_proc_card.dat
#	2HDMPZ2II_MH3_200_MH4_100_MH2_200_MHC_200_proc_card.dat
#	2HDMPZ2II_MH3_200_MH4_150_MH2_200_MHC_200_proc_card.dat
#	2HDMPZ2II_MH3_200_MH4_200_MH2_200_MHC_200_proc_card.dat
#	2HDMPZ2II_MH3_300_MH4_100_MH2_300_MHC_300_proc_card.dat
#	2HDMPZ2II_MH3_300_MH4_150_MH2_300_MHC_300_proc_card.dat
#	2HDMPZ2II_MH3_300_MH4_200_MH2_300_MHC_300_proc_card.dat
#	2HDMPZ2II_MH3_300_MH4_250_MH2_300_MHC_300_proc_card.dat
#	2HDMPZ2II_MH3_300_MH4_300_MH2_300_MHC_300_proc_card.dat
#	2HDMPZ2II_MH3_400_MH4_100_MH2_400_MHC_400_proc_card.dat
#	2HDMPZ2II_MH3_400_MH4_150_MH2_400_MHC_400_proc_card.dat
#	2HDMPZ2II_MH3_400_MH4_200_MH2_400_MHC_400_proc_card.dat
#	2HDMPZ2II_MH3_400_MH4_250_MH2_400_MHC_400_proc_card.dat
#	2HDMPZ2II_MH3_400_MH4_300_MH2_400_MHC_400_proc_card.dat
#	2HDMPZ2II_MH3_400_MH4_350_MH2_400_MHC_400_proc_card.dat
#	2HDMPZ2II_MH3_400_MH4_400_MH2_400_MHC_400_proc_card.dat
#	2HDMPZ2II_MH3_500_MH4_100_MH2_500_MHC_500_proc_card.dat
#	2HDMPZ2II_MH3_500_MH4_150_MH2_500_MHC_500_proc_card.dat
#	2HDMPZ2II_MH3_500_MH4_200_MH2_500_MHC_500_proc_card.dat
#	2HDMPZ2II_MH3_500_MH4_250_MH2_500_MHC_500_proc_card.dat
#	2HDMPZ2II_MH3_500_MH4_300_MH2_500_MHC_500_proc_card.dat
#	2HDMPZ2II_MH3_500_MH4_350_MH2_500_MHC_500_proc_card.dat
#	2HDMPZ2II_MH3_500_MH4_400_MH2_500_MHC_500_proc_card.dat
#	2HDMPZ2II_MH3_500_MH4_450_MH2_500_MHC_500_proc_card.dat
#	2HDMPZ2II_MH3_500_MH4_500_MH2_500_MHC_500_proc_card.dat
#	2HDMPZ2II_MH3_600_MH4_100_MH2_600_MHC_600_proc_card.dat
#	2HDMPZ2II_MH3_600_MH4_150_MH2_600_MHC_600_proc_card.dat
#	2HDMPZ2II_MH3_600_MH4_200_MH2_600_MHC_600_proc_card.dat
#	2HDMPZ2II_MH3_600_MH4_250_MH2_600_MHC_600_proc_card.dat
#	2HDMPZ2II_MH3_600_MH4_300_MH2_600_MHC_600_proc_card.dat
#	2HDMPZ2II_MH3_600_MH4_350_MH2_600_MHC_600_proc_card.dat
#	2HDMPZ2II_MH3_600_MH4_400_MH2_600_MHC_600_proc_card.dat
#	2HDMPZ2II_MH3_600_MH4_450_MH2_600_MHC_600_proc_card.dat
#	2HDMPZ2II_MH3_600_MH4_500_MH2_600_MHC_600_proc_card.dat
#	2HDMPZ2II_MH3_700_MH4_100_MH2_700_MHC_700_proc_card.dat
#	2HDMPZ2II_MH3_700_MH4_150_MH2_700_MHC_700_proc_card.dat
#	2HDMPZ2II_MH3_700_MH4_200_MH2_700_MHC_700_proc_card.dat
#	2HDMPZ2II_MH3_700_MH4_250_MH2_700_MHC_700_proc_card.dat
#	2HDMPZ2II_MH3_700_MH4_300_MH2_700_MHC_700_proc_card.dat
#	2HDMPZ2II_MH3_700_MH4_350_MH2_700_MHC_700_proc_card.dat
#	2HDMPZ2II_MH3_700_MH4_400_MH2_700_MHC_700_proc_card.dat
#	2HDMPZ2II_MH3_700_MH4_450_MH2_700_MHC_700_proc_card.dat
#	2HDMPZ2II_MH3_700_MH4_500_MH2_700_MHC_700_proc_card.dat
#	2HDMPZ2II_MH3_800_MH4_100_MH2_800_MHC_800_proc_card.dat
#	2HDMPZ2II_MH3_800_MH4_150_MH2_800_MHC_800_proc_card.dat
#	2HDMPZ2II_MH3_800_MH4_200_MH2_800_MHC_800_proc_card.dat
#	2HDMPZ2II_MH3_800_MH4_250_MH2_800_MHC_800_proc_card.dat
#	2HDMPZ2II_MH3_800_MH4_300_MH2_800_MHC_800_proc_card.dat
#	2HDMPZ2II_MH3_800_MH4_350_MH2_800_MHC_800_proc_card.dat
#	2HDMPZ2II_MH3_800_MH4_400_MH2_800_MHC_800_proc_card.dat
#	2HDMPZ2II_MH3_800_MH4_450_MH2_800_MHC_800_proc_card.dat
#	2HDMPZ2II_MH3_800_MH4_500_MH2_800_MHC_800_proc_card.dat
#	2HDMPZ2II_MH3_900_MH4_100_MH2_900_MHC_900_proc_card.dat
#	2HDMPZ2II_MH3_900_MH4_150_MH2_900_MHC_900_proc_card.dat
#	2HDMPZ2II_MH3_900_MH4_200_MH2_900_MHC_900_proc_card.dat
#	2HDMPZ2II_MH3_900_MH4_250_MH2_900_MHC_900_proc_card.dat
#	2HDMPZ2II_MH3_900_MH4_300_MH2_900_MHC_900_proc_card.dat
#	2HDMPZ2II_MH3_900_MH4_350_MH2_900_MHC_900_proc_card.dat
#	2HDMPZ2II_MH3_900_MH4_400_MH2_900_MHC_900_proc_card.dat
#	2HDMPZ2II_MH3_900_MH4_450_MH2_900_MHC_900_proc_card.dat
#	2HDMPZ2II_MH3_900_MH4_500_MH2_900_MHC_900_proc_card.dat
#	2HDMPZ2II_proc_card.dat
#	2HDMPZ2II_proc_card.dat~
#	ATLAS_mass
#	LSFJOB_60545393/
#	cards/testATLAS/
#	interactive/
#	launch_2HDMPZ2II.sh
#	launch_2HDMPZ2II.sh~
#	runLaunch.sh
#	runLaunch.sh~
#	testATLAS.log
#	testATLAS/
no changes added to commit (use "git add" and/or "git commit -a")
Current git revision is:
0bbec92b3038971e3e0a64618fcf83a7833dbb80
diff --git a/bin/MadGraph5_aMCatNLO/gridpack_generation.sh b/bin/MadGraph5_aMCatNLO/gridpack_generation.sh
index 728419e..a2b5a94 100755
--- a/bin/MadGraph5_aMCatNLO/gridpack_generation.sh
+++ b/bin/MadGraph5_aMCatNLO/gridpack_generation.sh
@@ -112,7 +112,7 @@ CARDSDIR=${PRODHOME}/${carddir}
 MGBASEDIR=mgbasedir
 
 MG_EXT=".tar.gz"
-MG=MG5_aMC_v2.5.5$MG_EXT
+MG=MG5_aMC_v2.5.2$MG_EXT
 MGSOURCE=https://cms-project-generators.web.cern.ch/cms-project-generators/$MG
 
 #syscalc is a helper tool for madgraph to add scale and pdf variation weights for LO processes
/afs/cern.ch/work/s/syu/2HDM_gridpack/v25x/genproductions/bin/MadGraph5_aMCatNLO
Reusing existing directory assuming generated code already exists
WARNING: If you changed the process card you need to clean the folder and run from scratch
************************************************************
*                                                          *
*                     W E L C O M E to                     *
*              M A D G R A P H 5 _ a M C @ N L O           *
*                                                          *
*                                                          *
*                 *                       *                *
*                   *        * *        *                  *
*                     * * * * 5 * * * *                    *
*                   *        * *        *                  *
*                 *                       *                *
*                                                          *
*         VERSION 2.5.2                 2016-12-10         *
*                                                          *
*    The MadGraph5_aMC@NLO Development Team - Find us at   *
*    https://server06.fynu.ucl.ac.be/projects/madgraph     *
*                            and                           *
*            http://amcatnlo.web.cern.ch/amcatnlo/         *
*                                                          *
*               Type 'help' for in-line help.              *
*           Type 'tutorial' to learn how MG5 works         *
*    Type 'tutorial aMCatNLO' to learn how aMC@NLO works   *
*    Type 'tutorial MadLoop' to learn how MadLoop works    *
*                                                          *
************************************************************
load MG5 configuration from input/mg5_configuration.txt 
None does not seem to correspond to a valid fastjet-config executable (v3+). We will use fjcore instead.
 Please set the 'fastjet'variable to the full (absolute) /PATH/TO/fastjet-config (including fastjet-config).
 MG5_aMC> set fastjet /PATH/TO/fastjet-config

set lhapdf to /cvmfs/cms.cern.ch/slc6_amd64_gcc481/external/lhapdf/6.1.6-ddibom/share/LHAPDF/../../bin/lhapdf-config
set ninja to /afs/cern.ch/work/s/syu/2HDM_gridpack/v25x/genproductions/bin/MadGraph5_aMCatNLO/interactive/interactive_gridpack/work/MG5_aMC_v2_5_2/HEPTools/lib
No valid eps viewer found. Please set in ./input/mg5_configuration.txt
No valid web browser found. Please set in ./input/mg5_configuration.txt
import /afs/cern.ch/work/s/syu/2HDM_gridpack/v25x/genproductions/bin/MadGraph5_aMCatNLO/2HDMPZ2II_MH3_1400_MH4_200_MH2_1400_MHC_1400_proc_card.dat
The import format was not given, so we guess it as command
import model Pseudoscalar_2HDM
INFO: Change particles name to pass to MG5 convention 
Defined multiparticle p = g u c d s u~ c~ d~ s~
Defined multiparticle j = g u c d s u~ c~ d~ s~
Defined multiparticle l+ = e+ mu+
Defined multiparticle l- = e- mu-
Defined multiparticle vl = ve vm vt
Defined multiparticle vl~ = ve~ vm~ vt~
Defined multiparticle all = g ghg ghg~ u c d s u~ c~ d~ s~ a gha gha~ ve vm vt e- mu- ve~ vm~ vt~ e+ mu+ t b t~ b~ z w+ ghz ghwp ghwm h+ h1 h2 h3 h4 w- ghz~ ghwp~ ghwm~ h- ta- xd ta+ xd~
generate g g > xd xd~ h1 / z [QCD]
[1;60m------------------------------------------------------------------------[0m
[1;60m No Born diagrams found. Now switching to the loop-induced mode.        [0m
[1;60m Please cite ref. 'arXiv:1507.00020' when using results from this mode. [0m
[1;60m------------------------------------------------------------------------[0m
1 processes with 80 diagrams generated in 5.026 s
Total: 1 processes with 80 diagrams
output 2HDMPZ2II_MH3_1400_MH4_200_MH2_1400_MHC_1400 -nojpeg
INFO: initialize a new directory: 2HDMPZ2II_MH3_1400_MH4_200_MH2_1400_MHC_1400 
INFO: remove old information in 2HDMPZ2II_MH3_1400_MH4_200_MH2_1400_MHC_1400 
INFO: Organizing processes into subprocess groups 
INFO: Generating Helas calls for process: g g > xd xd~ h1 WEIGHTED<=12 [ noborn = QCD ] / z 
INFO: Processing color information for loop process: g g > xd xd~ h1 [ noborn = QCD ] / z 
INFO: Creating color matrix  loop process: g g > xd xd~ h1 WEIGHTED<=12 [ noborn = QCD ] / z 
INFO: Creating files in directory /afs/cern.ch/work/s/syu/2HDM_gridpack/v25x/genproductions/bin/MadGraph5_aMCatNLO/interactive/interactive_gridpack/work/MG5_aMC_v2_5_2/2HDMPZ2II_MH3_1400_MH4_200_MH2_1400_MHC_1400/SubProcesses/PV0_0_1_gg_xdxdxh1_no_z 
ALOHA: aloha creates FFV1 set of routines with options: L1
INFO: Computing diagram color coefficients 
INFO: Drawing loop Feynman diagrams for Process: g g > xd xd~ h1 WEIGHTED<=12 [ noborn = QCD ] / z 
INFO: Creating files in directory P0_gg_xdxdxh1 
INFO: Generating Feynman diagrams for Process: g g > xd xd~ h1 WEIGHTED<=12 [ noborn = QCD ] / z 
INFO: Finding symmetric diagrams for subprocess group gg_xdxdxh1 
History written to /afs/cern.ch/work/s/syu/2HDM_gridpack/v25x/genproductions/bin/MadGraph5_aMCatNLO/interactive/interactive_gridpack/work/MG5_aMC_v2_5_2/2HDMPZ2II_MH3_1400_MH4_200_MH2_1400_MHC_1400/Cards/proc_card_mg5.dat
Generated helas calls for 1 subprocesses (80 diagrams) in 1.464 s
ALOHA: aloha creates FFS1 routines
ALOHA: aloha creates FFS3 set of routines with options: L2
ALOHA: aloha creates SSS1 routines
ALOHA: aloha creates FFS3_5 set of routines with options: L2
save configuration file to /afs/cern.ch/work/s/syu/2HDM_gridpack/v25x/genproductions/bin/MadGraph5_aMCatNLO/interactive/interactive_gridpack/work/MG5_aMC_v2_5_2/2HDMPZ2II_MH3_1400_MH4_200_MH2_1400_MHC_1400/Cards/me5_configuration.txt
INFO: Use Fortran compiler gfortran 
INFO: Use c++ compiler g++ 
INFO: Generate web pages 
Output to directory /afs/cern.ch/work/s/syu/2HDM_gridpack/v25x/genproductions/bin/MadGraph5_aMCatNLO/interactive/interactive_gridpack/work/MG5_aMC_v2_5_2/2HDMPZ2II_MH3_1400_MH4_200_MH2_1400_MHC_1400 done.
Type "launch" to generate events from this process, or see
/afs/cern.ch/work/s/syu/2HDM_gridpack/v25x/genproductions/bin/MadGraph5_aMCatNLO/interactive/interactive_gridpack/work/MG5_aMC_v2_5_2/2HDMPZ2II_MH3_1400_MH4_200_MH2_1400_MHC_1400/README
Run "open index.html" to see more information about this process.
launch 2HDMPZ2II_MH3_1400_MH4_200_MH2_1400_MHC_1400
************************************************************
*                                                          *
*                      W E L C O M E to                    *
*             M A D G R A P H 5 _ a M C @ N L O            *
*                      M A D E V E N T                     *
*                                                          *
*                 *                       *                *
*                   *        * *        *                  *
*                     * * * * 5 * * * *                    *
*                   *        * *        *                  *
*                 *                       *                *
*                                                          *
*         VERSION 2.5.2                 2016-12-10         *
*                                                          *
*    The MadGraph5_aMC@NLO Development Team - Find us at   *
*    https://server06.fynu.ucl.ac.be/projects/madgraph     *
*                                                          *
*               Type 'help' for in-line help.              *
*                                                          *
************************************************************
INFO: load configuration from /afs/cern.ch/work/s/syu/2HDM_gridpack/v25x/genproductions/bin/MadGraph5_aMCatNLO/interactive/interactive_gridpack/work/MG5_aMC_v2_5_2/2HDMPZ2II_MH3_1400_MH4_200_MH2_1400_MHC_1400/Cards/me5_configuration.txt  
INFO: load configuration from /afs/cern.ch/work/s/syu/2HDM_gridpack/v25x/genproductions/bin/MadGraph5_aMCatNLO/interactive/interactive_gridpack/work/MG5_aMC_v2_5_2/input/mg5_configuration.txt  
INFO: load configuration from /afs/cern.ch/work/s/syu/2HDM_gridpack/v25x/genproductions/bin/MadGraph5_aMCatNLO/interactive/interactive_gridpack/work/MG5_aMC_v2_5_2/2HDMPZ2II_MH3_1400_MH4_200_MH2_1400_MHC_1400/Cards/me5_configuration.txt  
No valid eps viewer found. Please set in ./input/mg5_configuration.txt
No valid web browser found. Please set in ./input/mg5_configuration.txt
generate_events run_01
The following switches determine which programs are run:
/--------------------------------------------------------------------------------------------------\
|  [31m1[0m. Choose the shower/hadronization program:                           shower = [31mNot installed[0m    |
|  [31m2[0m. Choose the detector simulation program:                          detector = [31mNot installed[0m    |
|  [31m3[0m. Run an analysis package on the events generated:                 analysis = [33mNo analysis tool interfaced to MG5aMC.[0m|
|  [31m4[0m. Decay particles with the MadSpin module:                          madspin = [31mOFF[0m              |
|  [31m5[0m. Add weights to events for different model hypothesis:            reweight = [31mOFF[0m              |
\--------------------------------------------------------------------------------------------------/
  Either type the switch number (1 to 5) to change its setting,
  Set any switch explicitly (e.g. type 'madspin=ON' at the prompt)
  Type 'help' for the list of all valid option
  Type '0', 'auto', 'done' or just press enter when you are done.
 [[4m0[0m, auto, done, madspin=ON, madspin=OFF, madspin, reweight=ON, reweight=OFF, reweight, parton, ... ]
[1;34mThe answer to the previous question is not set in your input file[0m
[1;34mUse 0 value[0m
set sinp 0.35
[1;60mINFO: modify param_card information BLOCK higgs with id (5,) set to 0.35 [0m
set tanbeta 1
[1;60mINFO: modify param_card information BLOCK frblock with id (2,) set to 1.0 [0m
set laP1 3.0
[1;60mINFO: modify param_card information BLOCK higgs with id (2,) set to 3.0 [0m
set laP2 3.0
[1;60mINFO: modify param_card information BLOCK higgs with id (3,) set to 3.0 [0m
set lam3 3.0
[1;60mINFO: modify param_card information BLOCK higgs with id (1,) set to 3.0 [0m
set sinbma 1.0
[1;60mINFO: modify param_card information BLOCK frblock with id (3,) set to 1.0 [0m
set gPXd 1.0
[1;60mINFO: modify param_card information BLOCK dminputs with id (1,) set to 1.0 [0m
set Mxd 1.0
[1;60mINFO: modify param_card information BLOCK mass with id (52,) set to 1.0 [0m
set mhc 1400
[1;60mINFO: modify param_card information BLOCK mass with id (37,) set to 1400.0 [0m
set mh2 1400
[1;60mINFO: modify param_card information BLOCK mass with id (35,) set to 1400.0 [0m
set mh3 1400
[1;60mINFO: modify param_card information BLOCK mass with id (36,) set to 1400.0 [0m
set mh4 200
[1;60mINFO: modify param_card information BLOCK mass with id (55,) set to 200.0 [0m
set Wh1 auto
[1;60mINFO: modify param_card information BLOCK decay with id (25,) set to Auto [0m
set Wh2 auto
[1;60mINFO: modify param_card information BLOCK decay with id (35,) set to Auto [0m
set Wh3 auto
[1;60mINFO: modify param_card information BLOCK decay with id (36,) set to Auto [0m
set Whc auto
[1;60mINFO: modify param_card information BLOCK decay with id (37,) set to Auto [0m
set Wh4 auto
[1;60mINFO: modify param_card information BLOCK decay with id (55,) set to Auto [0m
Do you want to edit a card (press enter to bypass editing)?
/------------------------------------------------------------\
|  [31m1[0m. param         : [32mparam_card.dat[0m                         |
|  [31m2[0m. run           : [32mrun_card.dat[0m                           |
|  [31m3[0m. MadLoopParams : [32mMadLoopParams.dat[0m                      |
\------------------------------------------------------------/
 you can also
   - enter the path to a valid card or banner.
   - use the 'set' command to modify a parameter directly.
     The set option works only for param_card and run_card.
     Type 'help set' for more information on this command.
   - call an external program (ASperGE/MadWidth/...).
     Type 'help' for the list of available command
 [[4m0[0m, done, 1, param, 2, run, 3, MadLoopParams, enter path]
[1;60mThe answer to the previous question is not set in your input file[0m
[1;60mUse 0 value[0m
INFO: Change particles name to pass to MG5 convention 
************************************************************
*                                                          *
*                     W E L C O M E to                     *
*              M A D G R A P H 5 _ a M C @ N L O           *
*                                                          *
*                                                          *
*                 *                       *                *
*                   *        * *        *                  *
*                     * * * * 5 * * * *                    *
*                   *        * *        *                  *
*                 *                       *                *
*                                                          *
*         VERSION 2.5.2                 2016-12-10         *
*                                                          *
*    The MadGraph5_aMC@NLO Development Team - Find us at   *
*    https://server06.fynu.ucl.ac.be/projects/madgraph     *
*                            and                           *
*            http://amcatnlo.web.cern.ch/amcatnlo/         *
*                                                          *
*               Type 'help' for in-line help.              *
*           Type 'tutorial' to learn how MG5 works         *
*    Type 'tutorial aMCatNLO' to learn how aMC@NLO works   *
*    Type 'tutorial MadLoop' to learn how MadLoop works    *
*                                                          *
************************************************************
load MG5 configuration from input/mg5_configuration.txt 
None does not seem to correspond to a valid fastjet-config executable (v3+). We will use fjcore instead.
 Please set the 'fastjet'variable to the full (absolute) /PATH/TO/fastjet-config (including fastjet-config).
 MG5_aMC> set fastjet /PATH/TO/fastjet-config

set lhapdf to /cvmfs/cms.cern.ch/slc6_amd64_gcc481/external/lhapdf/6.1.6-ddibom/share/LHAPDF/../../bin/lhapdf-config
set ninja to /afs/cern.ch/work/s/syu/2HDM_gridpack/v25x/genproductions/bin/MadGraph5_aMCatNLO/interactive/interactive_gridpack/work/MG5_aMC_v2_5_2/HEPTools/lib
No valid eps viewer found. Please set in ./input/mg5_configuration.txt
No valid web browser found. Please set in ./input/mg5_configuration.txt
set automatic_html_opening False --no_save
compute_widths 25 35 36 37 55 --precision_channel=0.01 --body_decay=4.0025 --path=/afs/cern.ch/work/s/syu/2HDM_gridpack/v25x/genproductions/bin/MadGraph5_aMCatNLO/interactive/interactive_gridpack/work/MG5_aMC_v2_5_2/2HDMPZ2II_MH3_1400_MH4_200_MH2_1400_MHC_1400/Cards/param_card.dat --output=/afs/cern.ch/work/s/syu/2HDM_gridpack/v25x/genproductions/bin/MadGraph5_aMCatNLO/interactive/interactive_gridpack/work/MG5_aMC_v2_5_2/2HDMPZ2II_MH3_1400_MH4_200_MH2_1400_MHC_1400/Cards/param_card.dat
[1;34mPlease note that the automatic computation of the width is
    only valid in narrow-width approximation and at tree-level.[0m
INFO: Get two body decay from FeynRules formula 
Results written to /afs/cern.ch/work/s/syu/2HDM_gridpack/v25x/genproductions/bin/MadGraph5_aMCatNLO/interactive/interactive_gridpack/work/MG5_aMC_v2_5_2/2HDMPZ2II_MH3_1400_MH4_200_MH2_1400_MHC_1400/Cards/param_card.dat
INFO: get decay diagram for h1 
Vertexlist of this model has not been searched.Automatically run the model.find_vertexlist()
Found 6 stable particles
INFO:     current estimated error: 0.0347816556741 go to 4-body decay: 
100 / 240: 5s
200 / 240: 8s
INFO: get decay diagram for h2 
INFO:     current estimated error: 0.00689424364202 go to 4-body decay: 
100 / 118: 5s
INFO:     stop to 4.0 body-decay. approximate error: 0.100263568946 
INFO: get decay diagram for h3 
INFO:     current estimated error: 109.509016361 go to 4-body decay: 
INFO:     stop to 4.0 body-decay. approximate error: 247.580910297 
INFO: get decay diagram for h+ 
INFO:     current estimated error: 17.2520683037 go to 4-body decay: 
INFO:     stop to 4.0 body-decay. approximate error: 0.588421269744 
INFO: get decay diagram for h4 
Pass to numerical integration for computing the widths:
INFO: More info in temporary files:
    /afs/cern.ch/work/s/syu/2HDM_gridpack/v25x/genproductions/bin/MadGraph5_aMCatNLO/interactive/interactive_gridpack/work/MG5_aMC_v2_5_2/tmp8PeHh9/temp_decay/index.html 
Results written to /afs/cern.ch/work/s/syu/2HDM_gridpack/v25x/genproductions/bin/MadGraph5_aMCatNLO/interactive/interactive_gridpack/work/MG5_aMC_v2_5_2/2HDMPZ2II_MH3_1400_MH4_200_MH2_1400_MHC_1400/Cards/param_card.dat
INFO: Update the dependent parameter of the param_card.dat 
Generating 20000 events with run name run_01
survey  run_01 
INFO: compile directory 
[1;34mNot able to open file /afs/cern.ch/work/s/syu/2HDM_gridpack/v25x/genproductions/bin/MadGraph5_aMCatNLO/interactive/interactive_gridpack/work/MG5_aMC_v2_5_2/2HDMPZ2II_MH3_1400_MH4_200_MH2_1400_MHC_1400/crossx.html since no program configured.Please set one in ./input/mg5_configuration.txt[0m
run_card missed argument ptlund. Takes default: -1.0
run_card missed argument pdgs_for_merging_cut. Takes default: [21, 1, 2, 3, 4, 5, 6]
run_card missed argument bias_parameters. Takes default: {}
initMadLoop -r -f
run_card missed argument ptlund. Takes default: -1.0
run_card missed argument pdgs_for_merging_cut. Takes default: [21, 1, 2, 3, 4, 5, 6]
run_card missed argument bias_parameters. Takes default: {}
Initializing MadLoop loop-induced matrix elements (this can take some time)...
MadLoop initialization finished.
compile Source Directory
Using random number seed offset = 21
INFO: Running Survey 
Creating Jobs
Working on SubProcesses
INFO:     P0_gg_xdxdxh1  
INFO:  Idle: 23,  Running: 32,  Completed: 0 [ current time: 20h13 ] 
INFO:  Idle: 22,  Running: 32,  Completed: 1 [  24.9s  ] 
INFO:  Idle: 19,  Running: 32,  Completed: 4 [  30.6s  ] 
INFO:  Idle: 15,  Running: 32,  Completed: 8 [  33.9s  ] 
INFO:  Idle: 11,  Running: 32,  Completed: 12 [  39.3s  ] 
INFO:  Idle: 7,  Running: 32,  Completed: 16 [  42.5s  ] 
INFO:  Idle: 3,  Running: 32,  Completed: 21 [  45.7s  ] 
INFO:  Idle: 1,  Running: 31,  Completed: 25 [  53.7s  ] 
INFO:  Idle: 0,  Running: 29,  Completed: 31 [  1m 20s  ] 
INFO:  Idle: 0,  Running: 22,  Completed: 39 [  1m 23s  ] 
INFO: P0_gg_xdxdxh1/G1.4 is at 4.84e-07 +- 1.97e-08 pb. Now submitting iteration #2. 
INFO: P0_gg_xdxdxh1/G1.7 is at 3.91e-09 +- 4.65e-10 pb. Now submitting iteration #2. 
INFO: P0_gg_xdxdxh1/G1.5 is at 1.79e-08 +- 3.45e-09 pb. Now submitting iteration #2. 
INFO: P0_gg_xdxdxh1/G2.7 is at 3.41e-08 +- 2.38e-09 pb. Now submitting iteration #2. 
INFO:  Idle: 0,  Running: 19,  Completed: 51 [  1m 27s  ] 
INFO: P0_gg_xdxdxh1/G2.5 is at 3.69e-07 +- 2.68e-08 pb. Now submitting iteration #2. 
INFO: P0_gg_xdxdxh1/G1.8 is at 2.34e-09 +- 1.48e-09 pb. Now submitting iteration #2. 
INFO: P0_gg_xdxdxh1/G2.8 is at 3.56e-07 +- 1.18e-07 pb. Now submitting iteration #2. 
INFO: P0_gg_xdxdxh1/G4.7 is at 0.00707 +- 0.000757 pb. Now submitting iteration #2. 
INFO:  Idle: 11,  Running: 32,  Completed: 57 [  1m 31s  ] 
INFO: P0_gg_xdxdxh1/G3 is at 0.00939 +- 0.00315 pb. Now submitting iteration #2. 
INFO: P0_gg_xdxdxh1/G4.5 is at 0.000221 +- 1.45e-05 pb. Now submitting iteration #2. 
INFO:  Idle: 22,  Running: 32,  Completed: 61 [  1m 40s  ] 
INFO:  Idle: 21,  Running: 32,  Completed: 62 [  1m 45s  ] 
INFO:  Idle: 19,  Running: 32,  Completed: 64 [  1m 55s  ] 
INFO:  Idle: 19,  Running: 32,  Completed: 65 [  2m 6s  ] 
INFO:  Idle: 18,  Running: 32,  Completed: 66 [  2m 12s  ] 
INFO:  Idle: 17,  Running: 32,  Completed: 67 [  2m 15s  ] 
INFO:  Idle: 14,  Running: 32,  Completed: 70 [  2m 20s  ] 
INFO:  Idle: 4,  Running: 32,  Completed: 80 [  2m 23s  ] 
INFO:  Idle: 0,  Running: 27,  Completed: 93 [  2m 27s  ] 
INFO: P0_gg_xdxdxh1/G1.5 is at 2.18e-08 +- 7.17e-09 pb. Now submitting iteration #3. 
INFO: P0_gg_xdxdxh1/G2.5 is at 3.621e-07 +- 1.7e-09 pb. Now submitting iteration #3. 
INFO: P0_gg_xdxdxh1/G4.8 is at 0.000185 +- 8.08e-05 pb. Now submitting iteration #2. 
INFO: Survey finished for P0_gg_xdxdxh1/G1.7 at 3.6e-09 +- 8.26e-11 pb 
INFO: P0_gg_xdxdxh1/G1.4 is at 5.33e-07 +- 1.91e-08 pb. Now submitting iteration #3. 
INFO:  Idle: 0,  Running: 30,  Completed: 96 [  2m 32s  ] 
INFO: P0_gg_xdxdxh1/G2.7 is at 3.4074e-08 +- 2.45e-11 pb. Now submitting iteration #3. 
INFO:  Idle: 12,  Running: 32,  Completed: 102 [  2m 40s  ] 
INFO:  Idle: 11,  Running: 32,  Completed: 104 [  2m 52s  ] 
INFO:  Idle: 9,  Running: 32,  Completed: 107 [  3m 2s  ] 
INFO:  Idle: 5,  Running: 32,  Completed: 111 [  3m 9s  ] 
INFO:  Idle: 2,  Running: 32,  Completed: 115 [  3m 13s  ] 
INFO:  Idle: 1,  Running: 32,  Completed: 116 [  3m 16s  ] 
INFO:  Idle: 0,  Running: 29,  Completed: 121 [  3m 20s  ] 
INFO:  Idle: 1,  Running: 25,  Completed: 126 [  3m 24s  ] 
INFO: Survey finished for P0_gg_xdxdxh1/G1.8 at 2.16e-09 +- 8e-11 pb 
INFO: P0_gg_xdxdxh1/G2.8 is at 4.81e-07 +- 2.85e-07 pb. Now submitting iteration #3. 
INFO: P0_gg_xdxdxh1/G4.7 is at 0.006957 +- 2.83e-05 pb. Now submitting iteration #3. 
INFO: P0_gg_xdxdxh1/G3 is at 0.00842 +- 0.000435 pb. Now submitting iteration #3. 
INFO:  Idle: 3,  Running: 26,  Completed: 128 [  3m 27s  ] 
INFO: P0_gg_xdxdxh1/G4.5 is at 0.000222 +- 3.76e-07 pb. Now submitting iteration #3. 
INFO: P0_gg_xdxdxh1/G4.8 is at 0.000253 +- 1.77e-05 pb. Now submitting iteration #3. 
INFO:  Idle: 13,  Running: 32,  Completed: 132 [  3m 30s  ] 
INFO:  Idle: 12,  Running: 32,  Completed: 133 [  3m 42s  ] 
INFO:  Idle: 11,  Running: 32,  Completed: 134 [  3m 46s  ] 
INFO:  Idle: 8,  Running: 32,  Completed: 137 [  3m 59s  ] 
INFO:  Idle: 6,  Running: 32,  Completed: 139 [  4m 4s  ] 
INFO:  Idle: 5,  Running: 32,  Completed: 141 [  4m 8s  ] 
INFO:  Idle: 3,  Running: 32,  Completed: 144 [  4m 19s  ] 
INFO:  Idle: 2,  Running: 32,  Completed: 145 [  4m 22s  ] 
INFO: Survey finished for P0_gg_xdxdxh1/G2.5 at 3.703e-07 +- 2.65e-09 pb 
INFO: Survey finished for P0_gg_xdxdxh1/G1.4 at 5.3e-07 +- 6.49e-09 pb 
INFO:  Idle: 0,  Running: 32,  Completed: 148 [  4m 30s  ] 
INFO: Survey finished for P0_gg_xdxdxh1/G1.5 at 7.36e-08 +- 1.58e-07 pb 
INFO:  Idle: 0,  Running: 30,  Completed: 150 [  4m 34s  ] 
INFO:  Idle: 0,  Running: 28,  Completed: 152 [  4m 37s  ] 
INFO:  Idle: 0,  Running: 27,  Completed: 153 [  4m 42s  ] 
INFO:  Idle: 0,  Running: 26,  Completed: 154 [  4m 47s  ] 
INFO:  Idle: 0,  Running: 24,  Completed: 156 [  4m 51s  ] 
INFO:  Idle: 0,  Running: 20,  Completed: 160 [  4m 54s  ] 
INFO:  Idle: 0,  Running: 19,  Completed: 162 [  4m 57s  ] 
INFO: P0_gg_xdxdxh1/G2.8 is at 6.09e-07 +- 1.9e-07 pb. Now submitting iteration #4. 
INFO:  Idle: 0,  Running: 20,  Completed: 167 [  5m 5s  ] 
INFO: Survey finished for P0_gg_xdxdxh1/G2.7 at 3.445e-08 +- 9.68e-11 pb 
INFO:  Idle: 1,  Running: 18,  Completed: 169 [  5m 10s  ] 
INFO:  Idle: 0,  Running: 16,  Completed: 172 [  5m 15s  ] 
INFO: Survey finished for P0_gg_xdxdxh1/G4.7 at 0.006757 +- 5.81e-05 pb 
INFO:  Idle: 1,  Running: 14,  Completed: 174 [  5m 23s  ] 
INFO:  Idle: 0,  Running: 13,  Completed: 176 [  5m 30s  ] 
INFO:  Idle: 0,  Running: 11,  Completed: 178 [  5m 34s  ] 
INFO: Survey finished for P0_gg_xdxdxh1/G3 at 0.008578 +- 8.44e-05 pb 
INFO:  Idle: 0,  Running: 9,  Completed: 181 [  5m 38s  ] 
INFO:  Idle: 0,  Running: 7,  Completed: 183 [  5m 41s  ] 
INFO: Survey finished for P0_gg_xdxdxh1/G4.5 at 0.00022203 +- 1.11e-07 pb 
INFO:  Idle: 1,  Running: 5,  Completed: 185 [  5m 46s  ] 
INFO: P0_gg_xdxdxh1/G4.8 is at 0.000284 +- 9.24e-06 pb. Now submitting iteration #4. 
INFO:  Idle: 0,  Running: 10,  Completed: 186 [  5m 50s  ] 
INFO:  Idle: 0,  Running: 9,  Completed: 187 [  7m 45s  ] 
INFO:  Idle: 0,  Running: 8,  Completed: 188 [  7m 54s  ] 
INFO:  Idle: 0,  Running: 7,  Completed: 189 [  8m 1s  ] 
INFO:  Idle: 0,  Running: 6,  Completed: 190 [  8m 5s  ] 
INFO:  Idle: 1,  Running: 5,  Completed: 191 [  8m 11s  ] 
INFO: P0_gg_xdxdxh1/G2.8 is at 5.49e-07 +- 4.97e-08 pb. Now submitting iteration #5. 
INFO:  Idle: 2,  Running: 8,  Completed: 192 [  8m 15s  ] 
INFO:  Idle: 0,  Running: 9,  Completed: 193 [  9m 7s  ] 
INFO:  Idle: 0,  Running: 7,  Completed: 195 [  9m 13s  ] 
INFO:  Idle: 1,  Running: 5,  Completed: 197 [  9m 17s  ] 
INFO: Survey finished for P0_gg_xdxdxh1/G4.8 at 0.0002762 +- 2.61e-06 pb 
INFO:  Idle: 0,  Running: 5,  Completed: 198 [  9m 20s  ] 
INFO:  Idle: 0,  Running: 4,  Completed: 199 [  12m 33s  ] 
INFO:  Idle: 0,  Running: 3,  Completed: 200 [  12m 40s  ] 
INFO:  Idle: 1,  Running: 0,  Completed: 203 [  12m 47s  ] 
INFO: Survey finished for P0_gg_xdxdxh1/G2.8 at 6e-07 +- 5.11e-08 pb 
INFO:  Idle: 0,  Running: 0,  Completed: 204 [  12m 49s  ] 
INFO: End survey 
refine 20000
Creating Jobs
INFO: Refine results to 20000 
INFO: Generating 20000.0 unweigthed events. 
INFO: Effective Luminosity 1452475.59846 pb^-1 
INFO: need to improve 3 channels 
Current estimate of cross-section: 0.0158350336655 +- 0.000102473734495
INFO:  Idle: 2,  Running: 32,  Completed: 0 [ current time: 20h26 ] 
INFO:  Idle: 2,  Running: 32,  Completed: 1 [  5m 12s  ] 
INFO:  Idle: 1,  Running: 32,  Completed: 2 [  7m 50s  ] 
INFO: found enough event for P0_gg_xdxdxh1/G4.8 
INFO:  Idle: 0,  Running: 30,  Completed: 5 [  8m 0s  ] 
INFO:  Idle: 0,  Running: 29,  Completed: 6 [  8m 21s  ] 
INFO:  Idle: 0,  Running: 28,  Completed: 7 [  8m 53s  ] 
INFO:  Idle: 0,  Running: 27,  Completed: 8 [  8m 57s  ] 
INFO:  Idle: 0,  Running: 24,  Completed: 11 [  9m 7s  ] 
INFO:  Idle: 0,  Running: 23,  Completed: 12 [  9m 13s  ] 
INFO:  Idle: 0,  Running: 22,  Completed: 13 [  9m 23s  ] 
INFO:  Idle: 0,  Running: 20,  Completed: 15 [  9m 42s  ] 
INFO:  Idle: 0,  Running: 18,  Completed: 17 [  9m 47s  ] 
INFO:  Idle: 0,  Running: 15,  Completed: 20 [  10m 3s  ] 
INFO:  Idle: 0,  Running: 12,  Completed: 23 [  10m 8s  ] 
INFO: P0_gg_xdxdxh1/G4.7 is at 2068/9696 (21%) event. Resubmit 3 job at iteration 1. 
INFO:  Idle: 0,  Running: 14,  Completed: 25 [  10m 12s  ] 
INFO:  Idle: 0,  Running: 12,  Completed: 27 [  10m 16s  ] 
INFO:  Idle: 0,  Running: 8,  Completed: 31 [  10m 21s  ] 
INFO:  Idle: 0,  Running: 6,  Completed: 33 [  10m 27s  ] 
INFO:  Idle: 0,  Running: 5,  Completed: 34 [  10m 45s  ] 
INFO:  Idle: 0,  Running: 4,  Completed: 35 [  14m 13s  ] 
INFO:  Idle: 1,  Running: 3,  Completed: 36 [  15m 5s  ] 
INFO: P0_gg_xdxdxh1/G3 is at 3219/13116 (25%) event. Resubmit 32 job at iteration 1. 
INFO:  Idle: 12,  Running: 23,  Completed: 37 [  15m 9s  ] 
INFO:  Idle: 2,  Running: 32,  Completed: 38 [  16m 39s  ] 
INFO:  Idle: 1,  Running: 32,  Completed: 39 [  17m 12s  ] 
INFO:  Idle: 1,  Running: 32,  Completed: 40 [  17m 44s  ] 
INFO:  Idle: 0,  Running: 32,  Completed: 41 [  25m 36s  ] 
INFO: P0_gg_xdxdxh1/G4.7 is at 5168/9726 (53%) event. Resubmit 5 job at iteration 2. 
INFO:  Idle: 3,  Running: 32,  Completed: 43 [  25m 40s  ] 
INFO:  Idle: 2,  Running: 32,  Completed: 44 [  25m 51s  ] 
INFO:  Idle: 0,  Running: 32,  Completed: 46 [  25m 55s  ] 
INFO:  Idle: 0,  Running: 31,  Completed: 47 [  26m 5s  ] 
INFO:  Idle: 0,  Running: 29,  Completed: 49 [  26m 16s  ] 
INFO:  Idle: 0,  Running: 28,  Completed: 50 [  26m 25s  ] 
INFO:  Idle: 0,  Running: 27,  Completed: 51 [  26m 28s  ] 
INFO:  Idle: 0,  Running: 25,  Completed: 53 [  26m 35s  ] 
INFO:  Idle: 0,  Running: 22,  Completed: 56 [  26m 43s  ] 
INFO:  Idle: 0,  Running: 20,  Completed: 58 [  26m 47s  ] 
INFO:  Idle: 0,  Running: 18,  Completed: 60 [  26m 51s  ] 
INFO:  Idle: 0,  Running: 16,  Completed: 62 [  26m 57s  ] 
INFO:  Idle: 0,  Running: 14,  Completed: 64 [  27m 2s  ] 
INFO:  Idle: 0,  Running: 9,  Completed: 69 [  27m 9s  ] 
INFO:  Idle: 0,  Running: 7,  Completed: 71 [  28m 14s  ] 
INFO:  Idle: 0,  Running: 6,  Completed: 72 [  28m 43s  ] 
INFO:  Idle: 1,  Running: 5,  Completed: 73 [  28m 48s  ] 
INFO: P0_gg_xdxdxh1/G3 is at 6506/13132 (50%) event. Resubmit 63 job at iteration 2. 
INFO:  Idle: 36,  Running: 32,  Completed: 74 [  28m 54s  ] 
INFO:  Idle: 35,  Running: 32,  Completed: 75 [  34m 8s  ] 
INFO:  Idle: 33,  Running: 32,  Completed: 77 [  34m 14s  ] 
INFO:  Idle: 32,  Running: 32,  Completed: 78 [  34m 23s  ] 
INFO:  Idle: 32,  Running: 32,  Completed: 79 [  34m 56s  ] 
INFO:  Idle: 31,  Running: 32,  Completed: 80 [  36m 25s  ] 
INFO:  Idle: 30,  Running: 32,  Completed: 81 [  36m 58s  ] 
INFO:  Idle: 29,  Running: 32,  Completed: 82 [  37m 9s  ] 
INFO:  Idle: 27,  Running: 32,  Completed: 84 [  37m 14s  ] 
INFO:  Idle: 26,  Running: 32,  Completed: 85 [  37m 24s  ] 
INFO:  Idle: 24,  Running: 32,  Completed: 87 [  37m 28s  ] 
INFO:  Idle: 22,  Running: 32,  Completed: 89 [  37m 31s  ] 
INFO:  Idle: 20,  Running: 32,  Completed: 91 [  37m 38s  ] 
INFO:  Idle: 19,  Running: 32,  Completed: 92 [  37m 41s  ] 
INFO:  Idle: 17,  Running: 32,  Completed: 94 [  37m 49s  ] 
INFO:  Idle: 13,  Running: 32,  Completed: 98 [  37m 54s  ] 
INFO:  Idle: 11,  Running: 32,  Completed: 100 [  37m 57s  ] 
INFO:  Idle: 10,  Running: 32,  Completed: 101 [  38m 6s  ] 
INFO:  Idle: 8,  Running: 32,  Completed: 103 [  38m 9s  ] 
INFO:  Idle: 7,  Running: 32,  Completed: 104 [  38m 17s  ] 
INFO:  Idle: 6,  Running: 32,  Completed: 105 [  38m 22s  ] 
INFO:  Idle: 5,  Running: 32,  Completed: 106 [  38m 29s  ] 
INFO:  Idle: 4,  Running: 32,  Completed: 107 [  42m 29s  ] 
INFO:  Idle: 3,  Running: 32,  Completed: 108 [  42m 38s  ] 
INFO:  Idle: 2,  Running: 32,  Completed: 109 [  42m 51s  ] 
INFO:  Idle: 1,  Running: 32,  Completed: 110 [  43m 14s  ] 
INFO:  Idle: 0,  Running: 32,  Completed: 111 [  43m 41s  ] 
INFO: found enough event for P0_gg_xdxdxh1/G4.7 
INFO:  Idle: 0,  Running: 31,  Completed: 112 [  43m 44s  ] 
INFO:  Idle: 0,  Running: 30,  Completed: 113 [  45m 3s  ] 
INFO:  Idle: 0,  Running: 29,  Completed: 114 [  45m 13s  ] 
INFO:  Idle: 0,  Running: 27,  Completed: 116 [  45m 23s  ] 
INFO:  Idle: 0,  Running: 26,  Completed: 117 [  45m 28s  ] 
INFO:  Idle: 0,  Running: 25,  Completed: 118 [  45m 38s  ] 
INFO:  Idle: 0,  Running: 23,  Completed: 120 [  45m 43s  ] 
INFO:  Idle: 0,  Running: 21,  Completed: 122 [  45m 47s  ] 
INFO:  Idle: 0,  Running: 17,  Completed: 126 [  45m 51s  ] 
INFO:  Idle: 0,  Running: 13,  Completed: 130 [  45m 56s  ] 
INFO:  Idle: 0,  Running: 8,  Completed: 135 [  45m 59s  ] 
INFO:  Idle: 0,  Running: 5,  Completed: 138 [  46m 2s  ] 
INFO:  Idle: 0,  Running: 4,  Completed: 139 [  46m 11s  ] 
INFO:  Idle: 0,  Running: 3,  Completed: 140 [  47m 44s  ] 
INFO:  Idle: 0,  Running: 2,  Completed: 141 [  48m 12s  ] 
INFO:  Idle: 1,  Running: 0,  Completed: 143 [  48m 15s  ] 
INFO: found enough event for P0_gg_xdxdxh1/G3 
INFO:  Idle: 0,  Running: 0,  Completed: 144 [  48m 22s  ] 
INFO:  Idle: 0,  Running: 0,  Completed: 144 [  48m 22s  ] 
INFO: Combining runs 
INFO: finish refine 
refine 20000
Creating Jobs
INFO: Refine results to 20000 
INFO: Generating 20000.0 unweigthed events. 
INFO: Effective Luminosity 1419334.85001 pb^-1 
INFO: need to improve 0 channels 
Current estimate of cross-section: 0.0162047736655 +- 1.7611630029e-05
INFO:  Idle: 0,  Running: 0,  Completed: 0 [ current time: 21h15 ] 
INFO: Combining runs 
INFO: finish refine 
INFO: Combining Events 
 
 
 
  === Results Summary for run: run_01 tag: tag_1 ===

     Cumulative sequential time for this run: 11h23m44s
     Cross-section :   0.0162 +- 1.761e-05 pb
     Nb of events :  20000
 
store_events
INFO: Storing parton level results 
INFO: End Parton 
reweight -from_cards
decay_events -from_cards
INFO: storing files of previous run 
INFO: Done 
quit
INFO:  
 
INFO:  
 
quit
 

 


Job finished at Fri Jul 21 21:15:47 CEST 2017 on node 
 under linux version Scientific Linux CERN SLC release 6.9 (Carbon)

CERN statistics: This process used approximately : 32:47:31 KSI2K hours (118051 KSI2K seconds)
                 This process corresponds to     : 127:53:21 HS06  hours (460401 HS06  seconds)
