@(#)CERN job starter $Date: 2010/06/23 14:22:16 $
Working directory is </pool/lsf/syu/60545618> on <b6294853a9.cern.ch>

Starting job on  Fri Jul 21 18:42:43 CEST 2017
Running on  Linux b6294853a9.cern.ch 2.6.32-642.11.1.el6.x86_64 #1 SMP Wed Nov 16 09:40:09 CET 2016 x86_64 x86_64 x86_64 GNU/Linux
System release  Scientific Linux CERN SLC release 6.9 (Carbon)
name: interactive
carddir: 
queue: local
scram_arch: slc6_amd64_gcc481
cmssw_version: CMSSW_7_1_28
# On branch mg25x
# Changed but not updated:
#   (use "git add <file>..." to update what will be committed)
#   (use "git checkout -- <file>..." to discard changes in working directory)
#
#	modified:   gridpack_generation.sh
#
# Untracked files:
#   (use "git add <file>..." to include in what will be committed)
#
#	2HDMPZ2II_MH3_1000_MH4_100_MH2_1000_MHC_1000_proc_card.dat
#	2HDMPZ2II_MH3_1000_MH4_150_MH2_1000_MHC_1000_proc_card.dat
#	2HDMPZ2II_MH3_1000_MH4_200_MH2_1000_MHC_1000_proc_card.dat
#	2HDMPZ2II_MH3_1000_MH4_250_MH2_1000_MHC_1000_proc_card.dat
#	2HDMPZ2II_MH3_1000_MH4_300_MH2_1000_MHC_1000_proc_card.dat
#	2HDMPZ2II_MH3_1000_MH4_350_MH2_1000_MHC_1000_proc_card.dat
#	2HDMPZ2II_MH3_1000_MH4_400_MH2_1000_MHC_1000_proc_card.dat
#	2HDMPZ2II_MH3_1000_MH4_450_MH2_1000_MHC_1000_proc_card.dat
#	2HDMPZ2II_MH3_1000_MH4_500_MH2_1000_MHC_1000_proc_card.dat
#	2HDMPZ2II_MH3_100_MH4_100_MH2_100_MHC_100_proc_card.dat
#	2HDMPZ2II_MH3_1100_MH4_100_MH2_1100_MHC_1100_proc_card.dat
#	2HDMPZ2II_MH3_1100_MH4_150_MH2_1100_MHC_1100_proc_card.dat
#	2HDMPZ2II_MH3_1100_MH4_200_MH2_1100_MHC_1100_proc_card.dat
#	2HDMPZ2II_MH3_1100_MH4_250_MH2_1100_MHC_1100_proc_card.dat
#	2HDMPZ2II_MH3_1100_MH4_300_MH2_1100_MHC_1100_proc_card.dat
#	2HDMPZ2II_MH3_1100_MH4_350_MH2_1100_MHC_1100_proc_card.dat
#	2HDMPZ2II_MH3_1100_MH4_400_MH2_1100_MHC_1100_proc_card.dat
#	2HDMPZ2II_MH3_1100_MH4_450_MH2_1100_MHC_1100_proc_card.dat
#	2HDMPZ2II_MH3_1100_MH4_500_MH2_1100_MHC_1100_proc_card.dat
#	2HDMPZ2II_MH3_1200_MH4_100_MH2_1200_MHC_1200_proc_card.dat
#	2HDMPZ2II_MH3_1200_MH4_150_MH2_1200_MHC_1200_proc_card.dat
#	2HDMPZ2II_MH3_1200_MH4_200_MH2_1200_MHC_1200_proc_card.dat
#	2HDMPZ2II_MH3_1200_MH4_250_MH2_1200_MHC_1200_proc_card.dat
#	2HDMPZ2II_MH3_1200_MH4_300_MH2_1200_MHC_1200_proc_card.dat
#	2HDMPZ2II_MH3_1200_MH4_350_MH2_1200_MHC_1200_proc_card.dat
#	2HDMPZ2II_MH3_1200_MH4_400_MH2_1200_MHC_1200_proc_card.dat
#	2HDMPZ2II_MH3_1200_MH4_450_MH2_1200_MHC_1200_proc_card.dat
#	2HDMPZ2II_MH3_1200_MH4_500_MH2_1200_MHC_1200_proc_card.dat
#	2HDMPZ2II_MH3_1300_MH4_100_MH2_1300_MHC_1300_proc_card.dat
#	2HDMPZ2II_MH3_1300_MH4_150_MH2_1300_MHC_1300_proc_card.dat
#	2HDMPZ2II_MH3_1300_MH4_200_MH2_1300_MHC_1300_proc_card.dat
#	2HDMPZ2II_MH3_1300_MH4_250_MH2_1300_MHC_1300_proc_card.dat
#	2HDMPZ2II_MH3_1300_MH4_300_MH2_1300_MHC_1300_proc_card.dat
#	2HDMPZ2II_MH3_1300_MH4_350_MH2_1300_MHC_1300_proc_card.dat
#	2HDMPZ2II_MH3_1300_MH4_400_MH2_1300_MHC_1300_proc_card.dat
#	2HDMPZ2II_MH3_1300_MH4_450_MH2_1300_MHC_1300_proc_card.dat
#	2HDMPZ2II_MH3_1300_MH4_500_MH2_1300_MHC_1300_proc_card.dat
#	2HDMPZ2II_MH3_1400_MH4_100_MH2_1400_MHC_1400_proc_card.dat
#	2HDMPZ2II_MH3_1400_MH4_150_MH2_1400_MHC_1400_proc_card.dat
#	2HDMPZ2II_MH3_1400_MH4_200_MH2_1400_MHC_1400_proc_card.dat
#	2HDMPZ2II_MH3_1400_MH4_250_MH2_1400_MHC_1400_proc_card.dat
#	2HDMPZ2II_MH3_1400_MH4_300_MH2_1400_MHC_1400_proc_card.dat
#	2HDMPZ2II_MH3_1400_MH4_350_MH2_1400_MHC_1400_proc_card.dat
#	2HDMPZ2II_MH3_1400_MH4_400_MH2_1400_MHC_1400_proc_card.dat
#	2HDMPZ2II_MH3_1400_MH4_450_MH2_1400_MHC_1400_proc_card.dat
#	2HDMPZ2II_MH3_1400_MH4_500_MH2_1400_MHC_1400_proc_card.dat
#	2HDMPZ2II_MH3_1500_MH4_100_MH2_1500_MHC_1500_proc_card.dat
#	2HDMPZ2II_MH3_1500_MH4_150_MH2_1500_MHC_1500_proc_card.dat
#	2HDMPZ2II_MH3_1500_MH4_200_MH2_1500_MHC_1500_proc_card.dat
#	2HDMPZ2II_MH3_1500_MH4_250_MH2_1500_MHC_1500_proc_card.dat
#	2HDMPZ2II_MH3_1500_MH4_300_MH2_1500_MHC_1500_proc_card.dat
#	2HDMPZ2II_MH3_1500_MH4_350_MH2_1500_MHC_1500_proc_card.dat
#	2HDMPZ2II_MH3_1500_MH4_400_MH2_1500_MHC_1500_proc_card.dat
#	2HDMPZ2II_MH3_1500_MH4_450_MH2_1500_MHC_1500_proc_card.dat
#	2HDMPZ2II_MH3_1500_MH4_500_MH2_1500_MHC_1500_proc_card.dat
#	2HDMPZ2II_MH3_1600_MH4_100_MH2_1600_MHC_1600_proc_card.dat
#	2HDMPZ2II_MH3_1600_MH4_150_MH2_1600_MHC_1600_proc_card.dat
#	2HDMPZ2II_MH3_1600_MH4_200_MH2_1600_MHC_1600_proc_card.dat
#	2HDMPZ2II_MH3_1600_MH4_250_MH2_1600_MHC_1600_proc_card.dat
#	2HDMPZ2II_MH3_1600_MH4_300_MH2_1600_MHC_1600_proc_card.dat
#	2HDMPZ2II_MH3_1600_MH4_350_MH2_1600_MHC_1600_proc_card.dat
#	2HDMPZ2II_MH3_1600_MH4_400_MH2_1600_MHC_1600_proc_card.dat
#	2HDMPZ2II_MH3_1600_MH4_450_MH2_1600_MHC_1600_proc_card.dat
#	2HDMPZ2II_MH3_1600_MH4_500_MH2_1600_MHC_1600_proc_card.dat
#	2HDMPZ2II_MH3_200_MH4_100_MH2_200_MHC_200_proc_card.dat
#	2HDMPZ2II_MH3_200_MH4_150_MH2_200_MHC_200_proc_card.dat
#	2HDMPZ2II_MH3_200_MH4_200_MH2_200_MHC_200_proc_card.dat
#	2HDMPZ2II_MH3_300_MH4_100_MH2_300_MHC_300_proc_card.dat
#	2HDMPZ2II_MH3_300_MH4_150_MH2_300_MHC_300_proc_card.dat
#	2HDMPZ2II_MH3_300_MH4_200_MH2_300_MHC_300_proc_card.dat
#	2HDMPZ2II_MH3_300_MH4_250_MH2_300_MHC_300_proc_card.dat
#	2HDMPZ2II_MH3_300_MH4_300_MH2_300_MHC_300_proc_card.dat
#	2HDMPZ2II_MH3_400_MH4_100_MH2_400_MHC_400_proc_card.dat
#	2HDMPZ2II_MH3_400_MH4_150_MH2_400_MHC_400_proc_card.dat
#	2HDMPZ2II_MH3_400_MH4_200_MH2_400_MHC_400_proc_card.dat
#	2HDMPZ2II_MH3_400_MH4_250_MH2_400_MHC_400_proc_card.dat
#	2HDMPZ2II_MH3_400_MH4_300_MH2_400_MHC_400_proc_card.dat
#	2HDMPZ2II_MH3_400_MH4_350_MH2_400_MHC_400_proc_card.dat
#	2HDMPZ2II_MH3_400_MH4_400_MH2_400_MHC_400_proc_card.dat
#	2HDMPZ2II_MH3_500_MH4_100_MH2_500_MHC_500_proc_card.dat
#	2HDMPZ2II_MH3_500_MH4_150_MH2_500_MHC_500_proc_card.dat
#	2HDMPZ2II_MH3_500_MH4_200_MH2_500_MHC_500_proc_card.dat
#	2HDMPZ2II_MH3_500_MH4_250_MH2_500_MHC_500_proc_card.dat
#	2HDMPZ2II_MH3_500_MH4_300_MH2_500_MHC_500_proc_card.dat
#	2HDMPZ2II_MH3_500_MH4_350_MH2_500_MHC_500_proc_card.dat
#	2HDMPZ2II_MH3_500_MH4_400_MH2_500_MHC_500_proc_card.dat
#	2HDMPZ2II_MH3_500_MH4_450_MH2_500_MHC_500_proc_card.dat
#	2HDMPZ2II_MH3_500_MH4_500_MH2_500_MHC_500_proc_card.dat
#	2HDMPZ2II_MH3_600_MH4_100_MH2_600_MHC_600_proc_card.dat
#	2HDMPZ2II_MH3_600_MH4_150_MH2_600_MHC_600_proc_card.dat
#	2HDMPZ2II_MH3_600_MH4_200_MH2_600_MHC_600_proc_card.dat
#	2HDMPZ2II_MH3_600_MH4_250_MH2_600_MHC_600_proc_card.dat
#	2HDMPZ2II_MH3_600_MH4_300_MH2_600_MHC_600_proc_card.dat
#	2HDMPZ2II_MH3_600_MH4_350_MH2_600_MHC_600_proc_card.dat
#	2HDMPZ2II_MH3_600_MH4_400_MH2_600_MHC_600_proc_card.dat
#	2HDMPZ2II_MH3_600_MH4_450_MH2_600_MHC_600_proc_card.dat
#	2HDMPZ2II_MH3_600_MH4_500_MH2_600_MHC_600_proc_card.dat
#	2HDMPZ2II_MH3_700_MH4_100_MH2_700_MHC_700_proc_card.dat
#	2HDMPZ2II_MH3_700_MH4_150_MH2_700_MHC_700_proc_card.dat
#	2HDMPZ2II_MH3_700_MH4_200_MH2_700_MHC_700_proc_card.dat
#	2HDMPZ2II_MH3_700_MH4_250_MH2_700_MHC_700_proc_card.dat
#	2HDMPZ2II_MH3_700_MH4_300_MH2_700_MHC_700_proc_card.dat
#	2HDMPZ2II_MH3_700_MH4_350_MH2_700_MHC_700_proc_card.dat
#	2HDMPZ2II_MH3_700_MH4_400_MH2_700_MHC_700_proc_card.dat
#	2HDMPZ2II_MH3_700_MH4_450_MH2_700_MHC_700_proc_card.dat
#	2HDMPZ2II_MH3_700_MH4_500_MH2_700_MHC_700_proc_card.dat
#	2HDMPZ2II_MH3_800_MH4_100_MH2_800_MHC_800_proc_card.dat
#	2HDMPZ2II_MH3_800_MH4_150_MH2_800_MHC_800_proc_card.dat
#	2HDMPZ2II_MH3_800_MH4_200_MH2_800_MHC_800_proc_card.dat
#	2HDMPZ2II_MH3_800_MH4_250_MH2_800_MHC_800_proc_card.dat
#	2HDMPZ2II_MH3_800_MH4_300_MH2_800_MHC_800_proc_card.dat
#	2HDMPZ2II_MH3_800_MH4_350_MH2_800_MHC_800_proc_card.dat
#	2HDMPZ2II_MH3_800_MH4_400_MH2_800_MHC_800_proc_card.dat
#	2HDMPZ2II_MH3_800_MH4_450_MH2_800_MHC_800_proc_card.dat
#	2HDMPZ2II_MH3_800_MH4_500_MH2_800_MHC_800_proc_card.dat
#	2HDMPZ2II_MH3_900_MH4_100_MH2_900_MHC_900_proc_card.dat
#	2HDMPZ2II_MH3_900_MH4_150_MH2_900_MHC_900_proc_card.dat
#	2HDMPZ2II_MH3_900_MH4_200_MH2_900_MHC_900_proc_card.dat
#	2HDMPZ2II_MH3_900_MH4_250_MH2_900_MHC_900_proc_card.dat
#	2HDMPZ2II_MH3_900_MH4_300_MH2_900_MHC_900_proc_card.dat
#	2HDMPZ2II_MH3_900_MH4_350_MH2_900_MHC_900_proc_card.dat
#	2HDMPZ2II_MH3_900_MH4_400_MH2_900_MHC_900_proc_card.dat
#	2HDMPZ2II_MH3_900_MH4_450_MH2_900_MHC_900_proc_card.dat
#	2HDMPZ2II_MH3_900_MH4_500_MH2_900_MHC_900_proc_card.dat
#	2HDMPZ2II_proc_card.dat
#	2HDMPZ2II_proc_card.dat~
#	ATLAS_mass
#	LSFJOB_60545393/
#	cards/testATLAS/
#	interactive/
#	launch_2HDMPZ2II.sh
#	launch_2HDMPZ2II.sh~
#	runLaunch.sh
#	runLaunch.sh~
#	testATLAS.log
#	testATLAS/
no changes added to commit (use "git add" and/or "git commit -a")
Current git revision is:
0bbec92b3038971e3e0a64618fcf83a7833dbb80
diff --git a/bin/MadGraph5_aMCatNLO/gridpack_generation.sh b/bin/MadGraph5_aMCatNLO/gridpack_generation.sh
index 728419e..a2b5a94 100755
--- a/bin/MadGraph5_aMCatNLO/gridpack_generation.sh
+++ b/bin/MadGraph5_aMCatNLO/gridpack_generation.sh
@@ -112,7 +112,7 @@ CARDSDIR=${PRODHOME}/${carddir}
 MGBASEDIR=mgbasedir
 
 MG_EXT=".tar.gz"
-MG=MG5_aMC_v2.5.5$MG_EXT
+MG=MG5_aMC_v2.5.2$MG_EXT
 MGSOURCE=https://cms-project-generators.web.cern.ch/cms-project-generators/$MG
 
 #syscalc is a helper tool for madgraph to add scale and pdf variation weights for LO processes
/afs/cern.ch/work/s/syu/2HDM_gridpack/v25x/genproductions/bin/MadGraph5_aMCatNLO
Reusing existing directory assuming generated code already exists
WARNING: If you changed the process card you need to clean the folder and run from scratch
************************************************************
*                                                          *
*                     W E L C O M E to                     *
*              M A D G R A P H 5 _ a M C @ N L O           *
*                                                          *
*                                                          *
*                 *                       *                *
*                   *        * *        *                  *
*                     * * * * 5 * * * *                    *
*                   *        * *        *                  *
*                 *                       *                *
*                                                          *
*         VERSION 2.5.2                 2016-12-10         *
*                                                          *
*    The MadGraph5_aMC@NLO Development Team - Find us at   *
*    https://server06.fynu.ucl.ac.be/projects/madgraph     *
*                            and                           *
*            http://amcatnlo.web.cern.ch/amcatnlo/         *
*                                                          *
*               Type 'help' for in-line help.              *
*           Type 'tutorial' to learn how MG5 works         *
*    Type 'tutorial aMCatNLO' to learn how aMC@NLO works   *
*    Type 'tutorial MadLoop' to learn how MadLoop works    *
*                                                          *
************************************************************
load MG5 configuration from input/mg5_configuration.txt 
None does not seem to correspond to a valid fastjet-config executable (v3+). We will use fjcore instead.
 Please set the 'fastjet'variable to the full (absolute) /PATH/TO/fastjet-config (including fastjet-config).
 MG5_aMC> set fastjet /PATH/TO/fastjet-config

set lhapdf to /cvmfs/cms.cern.ch/slc6_amd64_gcc481/external/lhapdf/6.1.6-ddibom/share/LHAPDF/../../bin/lhapdf-config
set ninja to /afs/cern.ch/work/s/syu/2HDM_gridpack/v25x/genproductions/bin/MadGraph5_aMCatNLO/interactive/interactive_gridpack/work/MG5_aMC_v2_5_2/HEPTools/lib
No valid eps viewer found. Please set in ./input/mg5_configuration.txt
No valid web browser found. Please set in ./input/mg5_configuration.txt
import /afs/cern.ch/work/s/syu/2HDM_gridpack/v25x/genproductions/bin/MadGraph5_aMCatNLO/2HDMPZ2II_MH3_1600_MH4_400_MH2_1600_MHC_1600_proc_card.dat
The import format was not given, so we guess it as command
import model Pseudoscalar_2HDM
INFO: Change particles name to pass to MG5 convention 
Defined multiparticle p = g u c d s u~ c~ d~ s~
Defined multiparticle j = g u c d s u~ c~ d~ s~
Defined multiparticle l+ = e+ mu+
Defined multiparticle l- = e- mu-
Defined multiparticle vl = ve vm vt
Defined multiparticle vl~ = ve~ vm~ vt~
Defined multiparticle all = g ghg ghg~ u c d s u~ c~ d~ s~ a gha gha~ ve vm vt e- mu- ve~ vm~ vt~ e+ mu+ t b t~ b~ z w+ ghz ghwp ghwm h+ h1 h2 h3 h4 w- ghz~ ghwp~ ghwm~ h- ta- xd ta+ xd~
generate g g > xd xd~ h1 / z [QCD]
[1;60m------------------------------------------------------------------------[0m
[1;60m No Born diagrams found. Now switching to the loop-induced mode.        [0m
[1;60m Please cite ref. 'arXiv:1507.00020' when using results from this mode. [0m
[1;60m------------------------------------------------------------------------[0m
1 processes with 80 diagrams generated in 4.420 s
Total: 1 processes with 80 diagrams
output 2HDMPZ2II_MH3_1600_MH4_400_MH2_1600_MHC_1600 -nojpeg
INFO: initialize a new directory: 2HDMPZ2II_MH3_1600_MH4_400_MH2_1600_MHC_1600 
INFO: remove old information in 2HDMPZ2II_MH3_1600_MH4_400_MH2_1600_MHC_1600 
INFO: Organizing processes into subprocess groups 
INFO: Generating Helas calls for process: g g > xd xd~ h1 WEIGHTED<=12 [ noborn = QCD ] / z 
INFO: Processing color information for loop process: g g > xd xd~ h1 [ noborn = QCD ] / z 
INFO: Creating color matrix  loop process: g g > xd xd~ h1 WEIGHTED<=12 [ noborn = QCD ] / z 
INFO: Creating files in directory /afs/cern.ch/work/s/syu/2HDM_gridpack/v25x/genproductions/bin/MadGraph5_aMCatNLO/interactive/interactive_gridpack/work/MG5_aMC_v2_5_2/2HDMPZ2II_MH3_1600_MH4_400_MH2_1600_MHC_1600/SubProcesses/PV0_0_1_gg_xdxdxh1_no_z 
ALOHA: aloha creates FFV1 set of routines with options: L1
INFO: Computing diagram color coefficients 
INFO: Drawing loop Feynman diagrams for Process: g g > xd xd~ h1 WEIGHTED<=12 [ noborn = QCD ] / z 
INFO: Creating files in directory P0_gg_xdxdxh1 
INFO: Generating Feynman diagrams for Process: g g > xd xd~ h1 WEIGHTED<=12 [ noborn = QCD ] / z 
INFO: Finding symmetric diagrams for subprocess group gg_xdxdxh1 
History written to /afs/cern.ch/work/s/syu/2HDM_gridpack/v25x/genproductions/bin/MadGraph5_aMCatNLO/interactive/interactive_gridpack/work/MG5_aMC_v2_5_2/2HDMPZ2II_MH3_1600_MH4_400_MH2_1600_MHC_1600/Cards/proc_card_mg5.dat
Generated helas calls for 1 subprocesses (80 diagrams) in 1.872 s
ALOHA: aloha creates FFS1 routines
ALOHA: aloha creates FFS3 set of routines with options: L2
ALOHA: aloha creates SSS1 routines
ALOHA: aloha creates FFS3_5 set of routines with options: L2
save configuration file to /afs/cern.ch/work/s/syu/2HDM_gridpack/v25x/genproductions/bin/MadGraph5_aMCatNLO/interactive/interactive_gridpack/work/MG5_aMC_v2_5_2/2HDMPZ2II_MH3_1600_MH4_400_MH2_1600_MHC_1600/Cards/me5_configuration.txt
INFO: Use Fortran compiler gfortran 
INFO: Use c++ compiler g++ 
INFO: Generate web pages 
Output to directory /afs/cern.ch/work/s/syu/2HDM_gridpack/v25x/genproductions/bin/MadGraph5_aMCatNLO/interactive/interactive_gridpack/work/MG5_aMC_v2_5_2/2HDMPZ2II_MH3_1600_MH4_400_MH2_1600_MHC_1600 done.
Type "launch" to generate events from this process, or see
/afs/cern.ch/work/s/syu/2HDM_gridpack/v25x/genproductions/bin/MadGraph5_aMCatNLO/interactive/interactive_gridpack/work/MG5_aMC_v2_5_2/2HDMPZ2II_MH3_1600_MH4_400_MH2_1600_MHC_1600/README
Run "open index.html" to see more information about this process.
launch 2HDMPZ2II_MH3_1600_MH4_400_MH2_1600_MHC_1600
************************************************************
*                                                          *
*                      W E L C O M E to                    *
*             M A D G R A P H 5 _ a M C @ N L O            *
*                      M A D E V E N T                     *
*                                                          *
*                 *                       *                *
*                   *        * *        *                  *
*                     * * * * 5 * * * *                    *
*                   *        * *        *                  *
*                 *                       *                *
*                                                          *
*         VERSION 2.5.2                 2016-12-10         *
*                                                          *
*    The MadGraph5_aMC@NLO Development Team - Find us at   *
*    https://server06.fynu.ucl.ac.be/projects/madgraph     *
*                                                          *
*               Type 'help' for in-line help.              *
*                                                          *
************************************************************
INFO: load configuration from /afs/cern.ch/work/s/syu/2HDM_gridpack/v25x/genproductions/bin/MadGraph5_aMCatNLO/interactive/interactive_gridpack/work/MG5_aMC_v2_5_2/2HDMPZ2II_MH3_1600_MH4_400_MH2_1600_MHC_1600/Cards/me5_configuration.txt  
INFO: load configuration from /afs/cern.ch/work/s/syu/2HDM_gridpack/v25x/genproductions/bin/MadGraph5_aMCatNLO/interactive/interactive_gridpack/work/MG5_aMC_v2_5_2/input/mg5_configuration.txt  
INFO: load configuration from /afs/cern.ch/work/s/syu/2HDM_gridpack/v25x/genproductions/bin/MadGraph5_aMCatNLO/interactive/interactive_gridpack/work/MG5_aMC_v2_5_2/2HDMPZ2II_MH3_1600_MH4_400_MH2_1600_MHC_1600/Cards/me5_configuration.txt  
No valid eps viewer found. Please set in ./input/mg5_configuration.txt
No valid web browser found. Please set in ./input/mg5_configuration.txt
generate_events run_01
The following switches determine which programs are run:
/--------------------------------------------------------------------------------------------------\
|  [31m1[0m. Choose the shower/hadronization program:                           shower = [31mNot installed[0m    |
|  [31m2[0m. Choose the detector simulation program:                          detector = [31mNot installed[0m    |
|  [31m3[0m. Run an analysis package on the events generated:                 analysis = [33mNo analysis tool interfaced to MG5aMC.[0m|
|  [31m4[0m. Decay particles with the MadSpin module:                          madspin = [31mOFF[0m              |
|  [31m5[0m. Add weights to events for different model hypothesis:            reweight = [31mOFF[0m              |
\--------------------------------------------------------------------------------------------------/
  Either type the switch number (1 to 5) to change its setting,
  Set any switch explicitly (e.g. type 'madspin=ON' at the prompt)
  Type 'help' for the list of all valid option
  Type '0', 'auto', 'done' or just press enter when you are done.
 [[4m0[0m, auto, done, madspin=ON, madspin=OFF, madspin, reweight=ON, reweight=OFF, reweight, parton, ... ]
[1;34mThe answer to the previous question is not set in your input file[0m
[1;34mUse 0 value[0m
set sinp 0.35
[1;60mINFO: modify param_card information BLOCK higgs with id (5,) set to 0.35 [0m
set tanbeta 1
[1;60mINFO: modify param_card information BLOCK frblock with id (2,) set to 1.0 [0m
set laP1 3.0
[1;60mINFO: modify param_card information BLOCK higgs with id (2,) set to 3.0 [0m
set laP2 3.0
[1;60mINFO: modify param_card information BLOCK higgs with id (3,) set to 3.0 [0m
set lam3 3.0
[1;60mINFO: modify param_card information BLOCK higgs with id (1,) set to 3.0 [0m
set sinbma 1.0
[1;60mINFO: modify param_card information BLOCK frblock with id (3,) set to 1.0 [0m
set gPXd 1.0
[1;60mINFO: modify param_card information BLOCK dminputs with id (1,) set to 1.0 [0m
set Mxd 1.0
[1;60mINFO: modify param_card information BLOCK mass with id (52,) set to 1.0 [0m
set mhc 1600
[1;60mINFO: modify param_card information BLOCK mass with id (37,) set to 1600.0 [0m
set mh2 1600
[1;60mINFO: modify param_card information BLOCK mass with id (35,) set to 1600.0 [0m
set mh3 1600
[1;60mINFO: modify param_card information BLOCK mass with id (36,) set to 1600.0 [0m
set mh4 400
[1;60mINFO: modify param_card information BLOCK mass with id (55,) set to 400.0 [0m
set Wh1 auto
[1;60mINFO: modify param_card information BLOCK decay with id (25,) set to Auto [0m
set Wh2 auto
[1;60mINFO: modify param_card information BLOCK decay with id (35,) set to Auto [0m
set Wh3 auto
[1;60mINFO: modify param_card information BLOCK decay with id (36,) set to Auto [0m
set Whc auto
[1;60mINFO: modify param_card information BLOCK decay with id (37,) set to Auto [0m
set Wh4 auto
[1;60mINFO: modify param_card information BLOCK decay with id (55,) set to Auto [0m
Do you want to edit a card (press enter to bypass editing)?
/------------------------------------------------------------\
|  [31m1[0m. param         : [32mparam_card.dat[0m                         |
|  [31m2[0m. run           : [32mrun_card.dat[0m                           |
|  [31m3[0m. MadLoopParams : [32mMadLoopParams.dat[0m                      |
\------------------------------------------------------------/
 you can also
   - enter the path to a valid card or banner.
   - use the 'set' command to modify a parameter directly.
     The set option works only for param_card and run_card.
     Type 'help set' for more information on this command.
   - call an external program (ASperGE/MadWidth/...).
     Type 'help' for the list of available command
 [[4m0[0m, done, 1, param, 2, run, 3, MadLoopParams, enter path]
[1;60mThe answer to the previous question is not set in your input file[0m
[1;60mUse 0 value[0m
INFO: Change particles name to pass to MG5 convention 
************************************************************
*                                                          *
*                     W E L C O M E to                     *
*              M A D G R A P H 5 _ a M C @ N L O           *
*                                                          *
*                                                          *
*                 *                       *                *
*                   *        * *        *                  *
*                     * * * * 5 * * * *                    *
*                   *        * *        *                  *
*                 *                       *                *
*                                                          *
*         VERSION 2.5.2                 2016-12-10         *
*                                                          *
*    The MadGraph5_aMC@NLO Development Team - Find us at   *
*    https://server06.fynu.ucl.ac.be/projects/madgraph     *
*                            and                           *
*            http://amcatnlo.web.cern.ch/amcatnlo/         *
*                                                          *
*               Type 'help' for in-line help.              *
*           Type 'tutorial' to learn how MG5 works         *
*    Type 'tutorial aMCatNLO' to learn how aMC@NLO works   *
*    Type 'tutorial MadLoop' to learn how MadLoop works    *
*                                                          *
************************************************************
load MG5 configuration from input/mg5_configuration.txt 
None does not seem to correspond to a valid fastjet-config executable (v3+). We will use fjcore instead.
 Please set the 'fastjet'variable to the full (absolute) /PATH/TO/fastjet-config (including fastjet-config).
 MG5_aMC> set fastjet /PATH/TO/fastjet-config

set lhapdf to /cvmfs/cms.cern.ch/slc6_amd64_gcc481/external/lhapdf/6.1.6-ddibom/share/LHAPDF/../../bin/lhapdf-config
set ninja to /afs/cern.ch/work/s/syu/2HDM_gridpack/v25x/genproductions/bin/MadGraph5_aMCatNLO/interactive/interactive_gridpack/work/MG5_aMC_v2_5_2/HEPTools/lib
No valid eps viewer found. Please set in ./input/mg5_configuration.txt
No valid web browser found. Please set in ./input/mg5_configuration.txt
set automatic_html_opening False --no_save
compute_widths 25 35 36 37 55 --precision_channel=0.01 --body_decay=4.0025 --path=/afs/cern.ch/work/s/syu/2HDM_gridpack/v25x/genproductions/bin/MadGraph5_aMCatNLO/interactive/interactive_gridpack/work/MG5_aMC_v2_5_2/2HDMPZ2II_MH3_1600_MH4_400_MH2_1600_MHC_1600/Cards/param_card.dat --output=/afs/cern.ch/work/s/syu/2HDM_gridpack/v25x/genproductions/bin/MadGraph5_aMCatNLO/interactive/interactive_gridpack/work/MG5_aMC_v2_5_2/2HDMPZ2II_MH3_1600_MH4_400_MH2_1600_MHC_1600/Cards/param_card.dat
[1;34mPlease note that the automatic computation of the width is
    only valid in narrow-width approximation and at tree-level.[0m
INFO: Get two body decay from FeynRules formula 
Results written to /afs/cern.ch/work/s/syu/2HDM_gridpack/v25x/genproductions/bin/MadGraph5_aMCatNLO/interactive/interactive_gridpack/work/MG5_aMC_v2_5_2/2HDMPZ2II_MH3_1600_MH4_400_MH2_1600_MHC_1600/Cards/param_card.dat
INFO: get decay diagram for h1 
Vertexlist of this model has not been searched.Automatically run the model.find_vertexlist()
Found 6 stable particles
INFO: get decay diagram for h2 
INFO:     current estimated error: 0.0108688731337 go to 4-body decay: 
100 / 118: 5s
INFO:     stop to 4.0 body-decay. approximate error: 0.209865293321 
INFO: get decay diagram for h3 
INFO:     current estimated error: 316.740616787 go to 4-body decay: 
INFO:     stop to 4.0 body-decay. approximate error: 886.546248018 
INFO: get decay diagram for h+ 
INFO:     current estimated error: 40.8672337143 go to 4-body decay: 
INFO:     stop to 4.0 body-decay. approximate error: 2.10194833222 
INFO: get decay diagram for h4 
INFO:     current estimated error: 0.0227241331743 go to 4-body decay: 
100 / 173: 5s
INFO:     stop to 4.0 body-decay. approximate error: 0.00631154679975 
Pass to numerical integration for computing the widths:
INFO: More info in temporary files:
    /afs/cern.ch/work/s/syu/2HDM_gridpack/v25x/genproductions/bin/MadGraph5_aMCatNLO/interactive/interactive_gridpack/work/MG5_aMC_v2_5_2/tmpRRFmmj/temp_decay/index.html 
Results written to /afs/cern.ch/work/s/syu/2HDM_gridpack/v25x/genproductions/bin/MadGraph5_aMCatNLO/interactive/interactive_gridpack/work/MG5_aMC_v2_5_2/2HDMPZ2II_MH3_1600_MH4_400_MH2_1600_MHC_1600/Cards/param_card.dat
INFO: Update the dependent parameter of the param_card.dat 
Generating 20000 events with run name run_01
survey  run_01 
INFO: compile directory 
[1;34mNot able to open file /afs/cern.ch/work/s/syu/2HDM_gridpack/v25x/genproductions/bin/MadGraph5_aMCatNLO/interactive/interactive_gridpack/work/MG5_aMC_v2_5_2/2HDMPZ2II_MH3_1600_MH4_400_MH2_1600_MHC_1600/crossx.html since no program configured.Please set one in ./input/mg5_configuration.txt[0m
run_card missed argument ptlund. Takes default: -1.0
run_card missed argument pdgs_for_merging_cut. Takes default: [21, 1, 2, 3, 4, 5, 6]
run_card missed argument bias_parameters. Takes default: {}
initMadLoop -r -f
run_card missed argument ptlund. Takes default: -1.0
run_card missed argument pdgs_for_merging_cut. Takes default: [21, 1, 2, 3, 4, 5, 6]
run_card missed argument bias_parameters. Takes default: {}
Initializing MadLoop loop-induced matrix elements (this can take some time)...
MadLoop initialization finished.
compile Source Directory
Using random number seed offset = 21
INFO: Running Survey 
Creating Jobs
Working on SubProcesses
INFO:     P0_gg_xdxdxh1  
INFO:  Idle: 32,  Running: 16,  Completed: 0 [ current time: 20h06 ] 
INFO:  Idle: 30,  Running: 16,  Completed: 2 [  34.6s  ] 
INFO:  Idle: 27,  Running: 16,  Completed: 5 [  39s  ] 
INFO:  Idle: 26,  Running: 16,  Completed: 6 [  42.9s  ] 
INFO:  Idle: 24,  Running: 16,  Completed: 9 [  46.8s  ] 
INFO:  Idle: 23,  Running: 16,  Completed: 11 [  54.4s  ] 
INFO:  Idle: 20,  Running: 16,  Completed: 15 [  58.5s  ] 
INFO:  Idle: 20,  Running: 16,  Completed: 16 [  1m 5s  ] 
INFO:  Idle: 19,  Running: 16,  Completed: 17 [  1m 14s  ] 
INFO:  Idle: 18,  Running: 16,  Completed: 18 [  1m 17s  ] 
INFO:  Idle: 15,  Running: 16,  Completed: 22 [  1m 25s  ] 
INFO:  Idle: 13,  Running: 16,  Completed: 24 [  1m 37s  ] 
INFO:  Idle: 12,  Running: 16,  Completed: 25 [  1m 44s  ] 
INFO:  Idle: 10,  Running: 16,  Completed: 28 [  1m 49s  ] 
INFO:  Idle: 9,  Running: 16,  Completed: 29 [  1m 55s  ] 
INFO:  Idle: 4,  Running: 16,  Completed: 35 [  2m 7s  ] 
INFO:  Idle: 3,  Running: 16,  Completed: 37 [  2m 21s  ] 
INFO: P0_gg_xdxdxh1/G1.4 is at 1.5e-07 +- 5.24e-09 pb. Now submitting iteration #2. 
INFO: P0_gg_xdxdxh1/G1.5 is at 2.25e-09 +- 4.45e-10 pb. Now submitting iteration #2. 
INFO: P0_gg_xdxdxh1/G1.7 is at 6.48e-10 +- 7.41e-11 pb. Now submitting iteration #2. 
INFO:  Idle: 3,  Running: 16,  Completed: 42 [  2m 26s  ] 
INFO: P0_gg_xdxdxh1/G1.8 is at 2.18e-10 +- 8.23e-11 pb. Now submitting iteration #2. 
INFO: P0_gg_xdxdxh1/G2.5 is at 8.55e-06 +- 6.68e-07 pb. Now submitting iteration #2. 
INFO:  Idle: 11,  Running: 16,  Completed: 47 [  2m 29s  ] 
INFO:  Idle: 14,  Running: 16,  Completed: 48 [  2m 33s  ] 
INFO: P0_gg_xdxdxh1/G2.7 is at 2.44e-08 +- 1.81e-09 pb. Now submitting iteration #2. 
INFO: P0_gg_xdxdxh1/G3 is at 0.0016 +- 0.0001 pb. Now submitting iteration #2. 
INFO: P0_gg_xdxdxh1/G4.5 is at 0.00318 +- 0.00028 pb. Now submitting iteration #2. 
INFO: P0_gg_xdxdxh1/G4.4 is at 1.8e-05 +- 6.65e-07 pb. Now submitting iteration #2. 
INFO:  Idle: 19,  Running: 16,  Completed: 52 [  2m 37s  ] 
INFO:  Idle: 23,  Running: 16,  Completed: 56 [  2m 50s  ] 
INFO:  Idle: 23,  Running: 16,  Completed: 57 [  3m 9s  ] 
INFO:  Idle: 21,  Running: 16,  Completed: 59 [  3m 16s  ] 
INFO:  Idle: 19,  Running: 16,  Completed: 61 [  3m 19s  ] 
INFO: P0_gg_xdxdxh1/G4.7 is at 0.000576 +- 5.5e-05 pb. Now submitting iteration #2. 
INFO:  Idle: 16,  Running: 16,  Completed: 65 [  3m 22s  ] 
INFO: P0_gg_xdxdxh1/G2.8 is at 3.46e-07 +- 1.87e-07 pb. Now submitting iteration #2. 
INFO:  Idle: 19,  Running: 16,  Completed: 72 [  3m 26s  ] 
INFO:  Idle: 18,  Running: 16,  Completed: 73 [  3m 30s  ] 
INFO:  Idle: 17,  Running: 16,  Completed: 74 [  3m 44s  ] 
INFO:  Idle: 17,  Running: 16,  Completed: 75 [  4m 3s  ] 
INFO:  Idle: 16,  Running: 16,  Completed: 76 [  4m 18s  ] 
INFO:  Idle: 15,  Running: 16,  Completed: 77 [  4m 27s  ] 
INFO:  Idle: 6,  Running: 16,  Completed: 89 [  4m 31s  ] 
INFO: P0_gg_xdxdxh1/G1.4 is at 1.6e-07 +- 1.18e-08 pb. Now submitting iteration #3. 
INFO: P0_gg_xdxdxh1/G4.8 is at 0.000342 +- 0.000309 pb. Now submitting iteration #2. 
INFO: Survey finished for P0_gg_xdxdxh1/G1.5 at 3.32e-09 +- 4.14e-09 pb 
INFO:  Idle: 8,  Running: 16,  Completed: 91 [  4m 35s  ] 
INFO: Survey finished for P0_gg_xdxdxh1/G1.7 at 5.1e-10 +- 3.85e-11 pb 
INFO: Survey finished for P0_gg_xdxdxh1/G1.8 at 5.51e-10 +- 8.46e-11 pb 
INFO:  Idle: 8,  Running: 16,  Completed: 96 [  4m 44s  ] 
INFO: P0_gg_xdxdxh1/G3 is at 0.00169 +- 4.26e-05 pb. Now submitting iteration #3. 
INFO: P0_gg_xdxdxh1/G2.5 is at 1.04e-05 +- 4.29e-07 pb. Now submitting iteration #3. 
INFO: P0_gg_xdxdxh1/G2.7 is at 2.26e-08 +- 7.19e-10 pb. Now submitting iteration #3. 
INFO:  Idle: 11,  Running: 16,  Completed: 97 [  4m 58s  ] 
INFO:  Idle: 16,  Running: 16,  Completed: 100 [  5m 9s  ] 
INFO:  Idle: 15,  Running: 16,  Completed: 101 [  5m 20s  ] 
INFO:  Idle: 14,  Running: 16,  Completed: 102 [  5m 27s  ] 
INFO:  Idle: 9,  Running: 16,  Completed: 107 [  5m 30s  ] 
INFO: P0_gg_xdxdxh1/G4.5 is at 0.003154 +- 4.57e-06 pb. Now submitting iteration #3. 
INFO:  Idle: 11,  Running: 16,  Completed: 112 [  5m 36s  ] 
INFO:  Idle: 10,  Running: 16,  Completed: 113 [  5m 56s  ] 
INFO:  Idle: 9,  Running: 16,  Completed: 114 [  6m 15s  ] 
INFO:  Idle: 7,  Running: 16,  Completed: 116 [  6m 27s  ] 
INFO:  Idle: 6,  Running: 16,  Completed: 118 [  6m 30s  ] 
INFO:  Idle: 5,  Running: 16,  Completed: 120 [  6m 34s  ] 
INFO: P0_gg_xdxdxh1/G4.4 is at 1.825e-05 +- 1.79e-07 pb. Now submitting iteration #3. 
INFO: P0_gg_xdxdxh1/G2.8 is at 1.62e-07 +- 6.48e-08 pb. Now submitting iteration #3. 
INFO: P0_gg_xdxdxh1/G4.7 is at 0.000633 +- 1.72e-05 pb. Now submitting iteration #3. 
INFO:  Idle: 13,  Running: 16,  Completed: 124 [  6m 50s  ] 
INFO: P0_gg_xdxdxh1/G4.8 is at 8.72e-05 +- 9.47e-05 pb. Now submitting iteration #3. 
INFO:  Idle: 16,  Running: 16,  Completed: 125 [  6m 59s  ] 
INFO:  Idle: 12,  Running: 16,  Completed: 129 [  7m 2s  ] 
INFO: Survey finished for P0_gg_xdxdxh1/G1.4 at 1.66e-07 +- 2.99e-09 pb 
INFO:  Idle: 12,  Running: 16,  Completed: 130 [  7m 7s  ] 
INFO:  Idle: 9,  Running: 16,  Completed: 134 [  7m 36s  ] 
INFO:  Idle: 8,  Running: 16,  Completed: 135 [  7m 46s  ] 
INFO:  Idle: 7,  Running: 16,  Completed: 136 [  7m 52s  ] 
INFO:  Idle: 7,  Running: 16,  Completed: 137 [  8m 0s  ] 
INFO:  Idle: 6,  Running: 16,  Completed: 138 [  8m 4s  ] 
INFO:  Idle: 4,  Running: 16,  Completed: 141 [  8m 16s  ] 
INFO:  Idle: 3,  Running: 16,  Completed: 142 [  8m 34s  ] 
INFO: Survey finished for P0_gg_xdxdxh1/G3 at 0.00176 +- 3.4e-05 pb 
INFO: Survey finished for P0_gg_xdxdxh1/G2.5 at 1.06e-05 +- 1.36e-07 pb 
INFO:  Idle: 0,  Running: 15,  Completed: 146 [  8m 38s  ] 
INFO: Survey finished for P0_gg_xdxdxh1/G2.7 at 2.28e-08 +- 3.66e-10 pb 
INFO: Survey finished for P0_gg_xdxdxh1/G4.5 at 0.003134 +- 6.29e-06 pb 
INFO:  Idle: 1,  Running: 10,  Completed: 151 [  8m 42s  ] 
INFO: P0_gg_xdxdxh1/G2.8 is at 1.99e-07 +- 1.63e-08 pb. Now submitting iteration #4. 
INFO:  Idle: 1,  Running: 12,  Completed: 153 [  8m 49s  ] 
INFO: Survey finished for P0_gg_xdxdxh1/G4.4 at 1.867e-05 +- 1.8e-07 pb 
INFO:  Idle: 0,  Running: 12,  Completed: 155 [  9m 8s  ] 
INFO:  Idle: 0,  Running: 10,  Completed: 157 [  9m 11s  ] 
INFO:  Idle: 0,  Running: 9,  Completed: 158 [  9m 24s  ] 
INFO:  Idle: 0,  Running: 8,  Completed: 159 [  9m 27s  ] 
INFO: Survey finished for P0_gg_xdxdxh1/G4.7 at 0.0006349 +- 4.78e-06 pb 
INFO: P0_gg_xdxdxh1/G4.8 is at 7.54e-05 +- 1.77e-05 pb. Now submitting iteration #4. 
INFO:  Idle: 0,  Running: 9,  Completed: 164 [  9m 35s  ] 
INFO:  Idle: 0,  Running: 7,  Completed: 166 [  10m 57s  ] 
INFO:  Idle: 0,  Running: 5,  Completed: 168 [  11m 1s  ] 
INFO:  Idle: 1,  Running: 4,  Completed: 169 [  11m 7s  ] 
INFO: P0_gg_xdxdxh1/G2.8 is at 2.21e-07 +- 1.98e-08 pb. Now submitting iteration #5. 
INFO:  Idle: 0,  Running: 8,  Completed: 170 [  11m 23s  ] 
INFO:  Idle: 0,  Running: 7,  Completed: 171 [  11m 39s  ] 
INFO: P0_gg_xdxdxh1/G4.8 is at 7.04e-05 +- 3.39e-06 pb. Now submitting iteration #5. 
INFO:  Idle: 1,  Running: 7,  Completed: 175 [  11m 44s  ] 
INFO:  Idle: 0,  Running: 7,  Completed: 176 [  15m 16s  ] 
INFO: Survey finished for P0_gg_xdxdxh1/G2.8 at 2.27e-07 +- 1.96e-08 pb 
INFO:  Idle: 0,  Running: 4,  Completed: 180 [  15m 22s  ] 
INFO:  Idle: 0,  Running: 3,  Completed: 181 [  15m 31s  ] 
INFO:  Idle: 0,  Running: 2,  Completed: 182 [  15m 34s  ] 
INFO: Survey finished for P0_gg_xdxdxh1/G4.8 at 7.28e-05 +- 1.92e-06 pb 
INFO:  Idle: 0,  Running: 0,  Completed: 185 [  15m 41s  ] 
INFO:  Idle: 0,  Running: 0,  Completed: 185 [  15m 41s  ] 
INFO: End survey 
refine 20000
Creating Jobs
INFO: Refine results to 20000 
INFO: Generating 20000.0 unweigthed events. 
INFO: Effective Luminosity 4082284.43668 pb^-1 
INFO: need to improve 4 channels 
Current estimate of cross-section: 0.0056341003075 +- 3.49659672035e-05
INFO:  Idle: 1,  Running: 16,  Completed: 0 [ current time: 20h22 ] 
INFO:  Idle: 1,  Running: 16,  Completed: 1 [  2m 2s  ] 
INFO:  Idle: 0,  Running: 16,  Completed: 2 [  2m 10s  ] 
INFO: P0_gg_xdxdxh1/G4.7 is at 998/2678 (37%) event. Resubmit 1 job at iteration 1. 
INFO:  Idle: 0,  Running: 15,  Completed: 4 [  2m 26s  ] 
INFO:  Idle: 0,  Running: 13,  Completed: 6 [  2m 29s  ] 
INFO: P0_gg_xdxdxh1/G4.5 is at 6/15676 (0.039%) event. Resubmit 5 job at iteration 1. 
INFO:  Idle: 0,  Running: 10,  Completed: 10 [  2m 33s  ] 
INFO: P0_gg_xdxdxh1/G4.8 is at 175/299 (59%) event. Resubmit 1 job at iteration 1. 
INFO:  Idle: 0,  Running: 10,  Completed: 17 [  2m 36s  ] 
INFO:  Idle: 0,  Running: 8,  Completed: 19 [  2m 45s  ] 
INFO:  Idle: 1,  Running: 7,  Completed: 20 [  3m 48s  ] 
INFO: P0_gg_xdxdxh1/G4.7 is at 1967/2647 (74%) event. Resubmit 1 job at iteration 2. 
INFO:  Idle: 1,  Running: 7,  Completed: 22 [  3m 57s  ] 
INFO: P0_gg_xdxdxh1/G3 is at 1642/7146 (23%) event. Resubmit 13 job at iteration 1. 
INFO:  Idle: 4,  Running: 16,  Completed: 23 [  4m 0s  ] 
INFO:  Idle: 3,  Running: 16,  Completed: 24 [  4m 18s  ] 
INFO:  Idle: 0,  Running: 16,  Completed: 27 [  4m 24s  ] 
INFO:  Idle: 1,  Running: 15,  Completed: 28 [  4m 28s  ] 
INFO:  Idle: 1,  Running: 15,  Completed: 29 [  4m 33s  ] 
INFO: P0_gg_xdxdxh1/G4.8 is at 237/298 (80%) event. Resubmit 1 job at iteration 2. 
INFO: P0_gg_xdxdxh1/G4.5 is at 7934/12818 (62%) event. Resubmit 4 job at iteration 2. 
INFO:  Idle: 3,  Running: 16,  Completed: 31 [  4m 37s  ] 
INFO:  Idle: 3,  Running: 16,  Completed: 32 [  5m 46s  ] 
INFO:  Idle: 2,  Running: 16,  Completed: 33 [  6m 14s  ] 
INFO:  Idle: 1,  Running: 16,  Completed: 34 [  6m 25s  ] 
INFO: found enough event for P0_gg_xdxdxh1/G4.7 
INFO:  Idle: 0,  Running: 15,  Completed: 36 [  6m 28s  ] 
INFO:  Idle: 0,  Running: 13,  Completed: 38 [  6m 33s  ] 
INFO:  Idle: 0,  Running: 9,  Completed: 42 [  6m 37s  ] 
INFO:  Idle: 0,  Running: 6,  Completed: 45 [  6m 46s  ] 
INFO:  Idle: 0,  Running: 5,  Completed: 47 [  6m 51s  ] 
INFO: P0_gg_xdxdxh1/G3 is at 3558/7126 (50%) event. Resubmit 25 job at iteration 2. 
INFO:  Idle: 13,  Running: 16,  Completed: 49 [  6m 57s  ] 
INFO:  Idle: 12,  Running: 16,  Completed: 50 [  7m 59s  ] 
INFO:  Idle: 11,  Running: 16,  Completed: 51 [  8m 26s  ] 
INFO:  Idle: 11,  Running: 16,  Completed: 52 [  8m 49s  ] 
INFO:  Idle: 10,  Running: 16,  Completed: 53 [  9m 7s  ] 
INFO:  Idle: 9,  Running: 16,  Completed: 54 [  9m 16s  ] 
INFO:  Idle: 7,  Running: 16,  Completed: 56 [  9m 22s  ] 
INFO:  Idle: 4,  Running: 16,  Completed: 59 [  9m 26s  ] 
INFO:  Idle: 3,  Running: 16,  Completed: 60 [  9m 30s  ] 
INFO: found enough event for P0_gg_xdxdxh1/G4.8 
INFO:  Idle: 0,  Running: 13,  Completed: 66 [  9m 33s  ] 
INFO: found enough event for P0_gg_xdxdxh1/G4.5 
INFO:  Idle: 0,  Running: 12,  Completed: 67 [  9m 36s  ] 
INFO:  Idle: 0,  Running: 11,  Completed: 68 [  10m 27s  ] 
INFO:  Idle: 0,  Running: 10,  Completed: 69 [  10m 43s  ] 
INFO:  Idle: 0,  Running: 9,  Completed: 70 [  10m 52s  ] 
INFO:  Idle: 0,  Running: 8,  Completed: 71 [  11m 7s  ] 
INFO:  Idle: 0,  Running: 7,  Completed: 72 [  11m 11s  ] 
INFO:  Idle: 0,  Running: 6,  Completed: 73 [  11m 19s  ] 
INFO:  Idle: 0,  Running: 1,  Completed: 78 [  11m 22s  ] 
INFO: found enough event for P0_gg_xdxdxh1/G3 
INFO:  Idle: 0,  Running: 0,  Completed: 80 [  11m 28s  ] 
INFO:  Idle: 0,  Running: 0,  Completed: 80 [  11m 28s  ] 
INFO: Combining runs 
INFO: finish refine 
refine 20000
Creating Jobs
INFO: Refine results to 20000 
INFO: Generating 20000.0 unweigthed events. 
INFO: Effective Luminosity 4071614.8854 pb^-1 
INFO: need to improve 1 channels 
Current estimate of cross-section: 0.0056488643075 +- 1.2871678821e-05
INFO:  Idle: 0,  Running: 1,  Completed: 0 [ current time: 20h34 ] 
INFO:  Idle: 1,  Running: 0,  Completed: 1 [  18.2s  ] 
[1;34mWARNING: float division by zero [0m
INFO:  Idle: 0,  Running: 0,  Completed: 2 [  18.5s  ] 
float division by zero
Cluster Error detected. Do you want to clean the queue? ("c"=continue the run anyway) [[4my[0m, n, c]
[1;60mThe answer to the previous question is not set in your input file[0m
[1;60mUse y value[0m
[1;31mCommand "generate_events run_01" interrupted with error:
ZeroDivisionError : float division by zero
Please report this bug on https://bugs.launchpad.net/mg5amcnlo
More information is found in '/afs/cern.ch/work/s/syu/2HDM_gridpack/v25x/genproductions/bin/MadGraph5_aMCatNLO/interactive/interactive_gridpack/work/MG5_aMC_v2_5_2/2HDMPZ2II_MH3_1600_MH4_400_MH2_1600_MHC_1600/run_01_tag_1_debug.log'.
Please attach this file to your report.[0m
INFO:  
 
INFO:  
 
quit
INFO:  
 
INFO:  
 
quit
 

 


Job finished at Fri Jul 21 20:34:26 CEST 2017 on node 
 under linux version Scientific Linux CERN SLC release 6.9 (Carbon)

CERN statistics: This process used approximately : 10:29:33 KSI2K hours (37773 KSI2K seconds)
                 This process corresponds to     : 40:55:17 HS06  hours (147317 HS06  seconds)
