@(#)CERN job starter $Date: 2010/06/23 14:22:16 $
Working directory is </pool/lsf/syu/60545177> on <b6d0d3b8ee.cern.ch>

Starting job on  Fri Jul 21 18:40:07 CEST 2017
Running on  Linux b6d0d3b8ee.cern.ch 2.6.32-696.3.2.el6.x86_64 #1 SMP Tue Jun 20 09:58:05 CEST 2017 x86_64 x86_64 x86_64 GNU/Linux
System release  Scientific Linux CERN SLC release 6.9 (Carbon)
name: interactive
carddir: 
queue: local
scram_arch: slc6_amd64_gcc481
cmssw_version: CMSSW_7_1_28
# On branch mg25x
# Changed but not updated:
#   (use "git add <file>..." to update what will be committed)
#   (use "git checkout -- <file>..." to discard changes in working directory)
#
#	modified:   gridpack_generation.sh
#
# Untracked files:
#   (use "git add <file>..." to include in what will be committed)
#
#	2HDMPZ2II_MH3_1000_MH4_100_MH2_1000_MHC_1000_proc_card.dat
#	2HDMPZ2II_MH3_1000_MH4_150_MH2_1000_MHC_1000_proc_card.dat
#	2HDMPZ2II_MH3_1000_MH4_200_MH2_1000_MHC_1000_proc_card.dat
#	2HDMPZ2II_MH3_1000_MH4_250_MH2_1000_MHC_1000_proc_card.dat
#	2HDMPZ2II_MH3_1000_MH4_300_MH2_1000_MHC_1000_proc_card.dat
#	2HDMPZ2II_MH3_1000_MH4_350_MH2_1000_MHC_1000_proc_card.dat
#	2HDMPZ2II_MH3_1000_MH4_400_MH2_1000_MHC_1000_proc_card.dat
#	2HDMPZ2II_MH3_1000_MH4_450_MH2_1000_MHC_1000_proc_card.dat
#	2HDMPZ2II_MH3_1000_MH4_500_MH2_1000_MHC_1000_proc_card.dat
#	2HDMPZ2II_MH3_100_MH4_100_MH2_100_MHC_100_proc_card.dat
#	2HDMPZ2II_MH3_1100_MH4_100_MH2_1100_MHC_1100_proc_card.dat
#	2HDMPZ2II_MH3_1100_MH4_150_MH2_1100_MHC_1100_proc_card.dat
#	2HDMPZ2II_MH3_1100_MH4_200_MH2_1100_MHC_1100_proc_card.dat
#	2HDMPZ2II_MH3_1100_MH4_250_MH2_1100_MHC_1100_proc_card.dat
#	2HDMPZ2II_MH3_1100_MH4_300_MH2_1100_MHC_1100_proc_card.dat
#	2HDMPZ2II_MH3_1100_MH4_350_MH2_1100_MHC_1100_proc_card.dat
#	2HDMPZ2II_MH3_1100_MH4_400_MH2_1100_MHC_1100_proc_card.dat
#	2HDMPZ2II_MH3_1100_MH4_450_MH2_1100_MHC_1100_proc_card.dat
#	2HDMPZ2II_MH3_1100_MH4_500_MH2_1100_MHC_1100_proc_card.dat
#	2HDMPZ2II_MH3_1200_MH4_100_MH2_1200_MHC_1200_proc_card.dat
#	2HDMPZ2II_MH3_1200_MH4_150_MH2_1200_MHC_1200_proc_card.dat
#	2HDMPZ2II_MH3_1200_MH4_200_MH2_1200_MHC_1200_proc_card.dat
#	2HDMPZ2II_MH3_1200_MH4_250_MH2_1200_MHC_1200_proc_card.dat
#	2HDMPZ2II_MH3_1200_MH4_300_MH2_1200_MHC_1200_proc_card.dat
#	2HDMPZ2II_MH3_1200_MH4_350_MH2_1200_MHC_1200_proc_card.dat
#	2HDMPZ2II_MH3_1200_MH4_400_MH2_1200_MHC_1200_proc_card.dat
#	2HDMPZ2II_MH3_1200_MH4_450_MH2_1200_MHC_1200_proc_card.dat
#	2HDMPZ2II_MH3_1200_MH4_500_MH2_1200_MHC_1200_proc_card.dat
#	2HDMPZ2II_MH3_1300_MH4_100_MH2_1300_MHC_1300_proc_card.dat
#	2HDMPZ2II_MH3_1300_MH4_150_MH2_1300_MHC_1300_proc_card.dat
#	2HDMPZ2II_MH3_1300_MH4_200_MH2_1300_MHC_1300_proc_card.dat
#	2HDMPZ2II_MH3_1300_MH4_250_MH2_1300_MHC_1300_proc_card.dat
#	2HDMPZ2II_MH3_1300_MH4_300_MH2_1300_MHC_1300_proc_card.dat
#	2HDMPZ2II_MH3_1300_MH4_350_MH2_1300_MHC_1300_proc_card.dat
#	2HDMPZ2II_MH3_1300_MH4_400_MH2_1300_MHC_1300_proc_card.dat
#	2HDMPZ2II_MH3_1300_MH4_450_MH2_1300_MHC_1300_proc_card.dat
#	2HDMPZ2II_MH3_1300_MH4_500_MH2_1300_MHC_1300_proc_card.dat
#	2HDMPZ2II_MH3_1400_MH4_100_MH2_1400_MHC_1400_proc_card.dat
#	2HDMPZ2II_MH3_1400_MH4_150_MH2_1400_MHC_1400_proc_card.dat
#	2HDMPZ2II_MH3_1400_MH4_200_MH2_1400_MHC_1400_proc_card.dat
#	2HDMPZ2II_MH3_1400_MH4_250_MH2_1400_MHC_1400_proc_card.dat
#	2HDMPZ2II_MH3_1400_MH4_300_MH2_1400_MHC_1400_proc_card.dat
#	2HDMPZ2II_MH3_1400_MH4_350_MH2_1400_MHC_1400_proc_card.dat
#	2HDMPZ2II_MH3_1400_MH4_400_MH2_1400_MHC_1400_proc_card.dat
#	2HDMPZ2II_MH3_1400_MH4_450_MH2_1400_MHC_1400_proc_card.dat
#	2HDMPZ2II_MH3_1400_MH4_500_MH2_1400_MHC_1400_proc_card.dat
#	2HDMPZ2II_MH3_1500_MH4_100_MH2_1500_MHC_1500_proc_card.dat
#	2HDMPZ2II_MH3_1500_MH4_150_MH2_1500_MHC_1500_proc_card.dat
#	2HDMPZ2II_MH3_1500_MH4_200_MH2_1500_MHC_1500_proc_card.dat
#	2HDMPZ2II_MH3_1500_MH4_250_MH2_1500_MHC_1500_proc_card.dat
#	2HDMPZ2II_MH3_1500_MH4_300_MH2_1500_MHC_1500_proc_card.dat
#	2HDMPZ2II_MH3_1500_MH4_350_MH2_1500_MHC_1500_proc_card.dat
#	2HDMPZ2II_MH3_1500_MH4_400_MH2_1500_MHC_1500_proc_card.dat
#	2HDMPZ2II_MH3_1500_MH4_450_MH2_1500_MHC_1500_proc_card.dat
#	2HDMPZ2II_MH3_1500_MH4_500_MH2_1500_MHC_1500_proc_card.dat
#	2HDMPZ2II_MH3_1600_MH4_100_MH2_1600_MHC_1600_proc_card.dat
#	2HDMPZ2II_MH3_1600_MH4_150_MH2_1600_MHC_1600_proc_card.dat
#	2HDMPZ2II_MH3_1600_MH4_200_MH2_1600_MHC_1600_proc_card.dat
#	2HDMPZ2II_MH3_1600_MH4_250_MH2_1600_MHC_1600_proc_card.dat
#	2HDMPZ2II_MH3_1600_MH4_300_MH2_1600_MHC_1600_proc_card.dat
#	2HDMPZ2II_MH3_1600_MH4_350_MH2_1600_MHC_1600_proc_card.dat
#	2HDMPZ2II_MH3_1600_MH4_400_MH2_1600_MHC_1600_proc_card.dat
#	2HDMPZ2II_MH3_1600_MH4_450_MH2_1600_MHC_1600_proc_card.dat
#	2HDMPZ2II_MH3_1600_MH4_500_MH2_1600_MHC_1600_proc_card.dat
#	2HDMPZ2II_MH3_200_MH4_100_MH2_200_MHC_200_proc_card.dat
#	2HDMPZ2II_MH3_200_MH4_150_MH2_200_MHC_200_proc_card.dat
#	2HDMPZ2II_MH3_200_MH4_200_MH2_200_MHC_200_proc_card.dat
#	2HDMPZ2II_MH3_300_MH4_100_MH2_300_MHC_300_proc_card.dat
#	2HDMPZ2II_MH3_300_MH4_150_MH2_300_MHC_300_proc_card.dat
#	2HDMPZ2II_MH3_300_MH4_200_MH2_300_MHC_300_proc_card.dat
#	2HDMPZ2II_MH3_300_MH4_250_MH2_300_MHC_300_proc_card.dat
#	2HDMPZ2II_MH3_300_MH4_300_MH2_300_MHC_300_proc_card.dat
#	2HDMPZ2II_MH3_400_MH4_100_MH2_400_MHC_400_proc_card.dat
#	2HDMPZ2II_MH3_400_MH4_150_MH2_400_MHC_400_proc_card.dat
#	2HDMPZ2II_MH3_400_MH4_200_MH2_400_MHC_400_proc_card.dat
#	2HDMPZ2II_MH3_400_MH4_250_MH2_400_MHC_400_proc_card.dat
#	2HDMPZ2II_MH3_400_MH4_300_MH2_400_MHC_400_proc_card.dat
#	2HDMPZ2II_MH3_400_MH4_350_MH2_400_MHC_400_proc_card.dat
#	2HDMPZ2II_MH3_400_MH4_400_MH2_400_MHC_400_proc_card.dat
#	2HDMPZ2II_MH3_500_MH4_100_MH2_500_MHC_500_proc_card.dat
#	2HDMPZ2II_MH3_500_MH4_150_MH2_500_MHC_500_proc_card.dat
#	2HDMPZ2II_MH3_500_MH4_200_MH2_500_MHC_500_proc_card.dat
#	2HDMPZ2II_MH3_500_MH4_250_MH2_500_MHC_500_proc_card.dat
#	2HDMPZ2II_MH3_500_MH4_300_MH2_500_MHC_500_proc_card.dat
#	2HDMPZ2II_MH3_500_MH4_350_MH2_500_MHC_500_proc_card.dat
#	2HDMPZ2II_MH3_500_MH4_400_MH2_500_MHC_500_proc_card.dat
#	2HDMPZ2II_MH3_500_MH4_450_MH2_500_MHC_500_proc_card.dat
#	2HDMPZ2II_MH3_500_MH4_500_MH2_500_MHC_500_proc_card.dat
#	2HDMPZ2II_MH3_600_MH4_100_MH2_600_MHC_600_proc_card.dat
#	2HDMPZ2II_MH3_600_MH4_150_MH2_600_MHC_600_proc_card.dat
#	2HDMPZ2II_MH3_600_MH4_200_MH2_600_MHC_600_proc_card.dat
#	2HDMPZ2II_MH3_600_MH4_250_MH2_600_MHC_600_proc_card.dat
#	2HDMPZ2II_MH3_600_MH4_300_MH2_600_MHC_600_proc_card.dat
#	2HDMPZ2II_MH3_600_MH4_350_MH2_600_MHC_600_proc_card.dat
#	2HDMPZ2II_MH3_600_MH4_400_MH2_600_MHC_600_proc_card.dat
#	2HDMPZ2II_MH3_600_MH4_450_MH2_600_MHC_600_proc_card.dat
#	2HDMPZ2II_MH3_600_MH4_500_MH2_600_MHC_600_proc_card.dat
#	2HDMPZ2II_MH3_700_MH4_100_MH2_700_MHC_700_proc_card.dat
#	2HDMPZ2II_MH3_700_MH4_150_MH2_700_MHC_700_proc_card.dat
#	2HDMPZ2II_MH3_700_MH4_200_MH2_700_MHC_700_proc_card.dat
#	2HDMPZ2II_MH3_700_MH4_250_MH2_700_MHC_700_proc_card.dat
#	2HDMPZ2II_MH3_700_MH4_300_MH2_700_MHC_700_proc_card.dat
#	2HDMPZ2II_MH3_700_MH4_350_MH2_700_MHC_700_proc_card.dat
#	2HDMPZ2II_MH3_700_MH4_400_MH2_700_MHC_700_proc_card.dat
#	2HDMPZ2II_MH3_700_MH4_450_MH2_700_MHC_700_proc_card.dat
#	2HDMPZ2II_MH3_700_MH4_500_MH2_700_MHC_700_proc_card.dat
#	2HDMPZ2II_MH3_800_MH4_100_MH2_800_MHC_800_proc_card.dat
#	2HDMPZ2II_MH3_800_MH4_150_MH2_800_MHC_800_proc_card.dat
#	2HDMPZ2II_MH3_800_MH4_200_MH2_800_MHC_800_proc_card.dat
#	2HDMPZ2II_MH3_800_MH4_250_MH2_800_MHC_800_proc_card.dat
#	2HDMPZ2II_MH3_800_MH4_300_MH2_800_MHC_800_proc_card.dat
#	2HDMPZ2II_MH3_800_MH4_350_MH2_800_MHC_800_proc_card.dat
#	2HDMPZ2II_MH3_800_MH4_400_MH2_800_MHC_800_proc_card.dat
#	2HDMPZ2II_MH3_800_MH4_450_MH2_800_MHC_800_proc_card.dat
#	2HDMPZ2II_MH3_800_MH4_500_MH2_800_MHC_800_proc_card.dat
#	2HDMPZ2II_MH3_900_MH4_100_MH2_900_MHC_900_proc_card.dat
#	2HDMPZ2II_MH3_900_MH4_150_MH2_900_MHC_900_proc_card.dat
#	2HDMPZ2II_MH3_900_MH4_200_MH2_900_MHC_900_proc_card.dat
#	2HDMPZ2II_MH3_900_MH4_250_MH2_900_MHC_900_proc_card.dat
#	2HDMPZ2II_MH3_900_MH4_300_MH2_900_MHC_900_proc_card.dat
#	2HDMPZ2II_MH3_900_MH4_350_MH2_900_MHC_900_proc_card.dat
#	2HDMPZ2II_MH3_900_MH4_400_MH2_900_MHC_900_proc_card.dat
#	2HDMPZ2II_MH3_900_MH4_450_MH2_900_MHC_900_proc_card.dat
#	2HDMPZ2II_MH3_900_MH4_500_MH2_900_MHC_900_proc_card.dat
#	2HDMPZ2II_proc_card.dat
#	2HDMPZ2II_proc_card.dat~
#	ATLAS_mass
#	cards/testATLAS/
#	interactive/
#	launch_2HDMPZ2II.sh
#	launch_2HDMPZ2II.sh~
#	runLaunch.sh
#	runLaunch.sh~
#	testATLAS.log
#	testATLAS/
no changes added to commit (use "git add" and/or "git commit -a")
Current git revision is:
0bbec92b3038971e3e0a64618fcf83a7833dbb80
diff --git a/bin/MadGraph5_aMCatNLO/gridpack_generation.sh b/bin/MadGraph5_aMCatNLO/gridpack_generation.sh
index 728419e..a2b5a94 100755
--- a/bin/MadGraph5_aMCatNLO/gridpack_generation.sh
+++ b/bin/MadGraph5_aMCatNLO/gridpack_generation.sh
@@ -112,7 +112,7 @@ CARDSDIR=${PRODHOME}/${carddir}
 MGBASEDIR=mgbasedir
 
 MG_EXT=".tar.gz"
-MG=MG5_aMC_v2.5.5$MG_EXT
+MG=MG5_aMC_v2.5.2$MG_EXT
 MGSOURCE=https://cms-project-generators.web.cern.ch/cms-project-generators/$MG
 
 #syscalc is a helper tool for madgraph to add scale and pdf variation weights for LO processes
/afs/cern.ch/work/s/syu/2HDM_gridpack/v25x/genproductions/bin/MadGraph5_aMCatNLO
Reusing existing directory assuming generated code already exists
WARNING: If you changed the process card you need to clean the folder and run from scratch
************************************************************
*                                                          *
*                     W E L C O M E to                     *
*              M A D G R A P H 5 _ a M C @ N L O           *
*                                                          *
*                                                          *
*                 *                       *                *
*                   *        * *        *                  *
*                     * * * * 5 * * * *                    *
*                   *        * *        *                  *
*                 *                       *                *
*                                                          *
*         VERSION 2.5.2                 2016-12-10         *
*                                                          *
*    The MadGraph5_aMC@NLO Development Team - Find us at   *
*    https://server06.fynu.ucl.ac.be/projects/madgraph     *
*                            and                           *
*            http://amcatnlo.web.cern.ch/amcatnlo/         *
*                                                          *
*               Type 'help' for in-line help.              *
*           Type 'tutorial' to learn how MG5 works         *
*    Type 'tutorial aMCatNLO' to learn how aMC@NLO works   *
*    Type 'tutorial MadLoop' to learn how MadLoop works    *
*                                                          *
************************************************************
load MG5 configuration from input/mg5_configuration.txt 
None does not seem to correspond to a valid fastjet-config executable (v3+). We will use fjcore instead.
 Please set the 'fastjet'variable to the full (absolute) /PATH/TO/fastjet-config (including fastjet-config).
 MG5_aMC> set fastjet /PATH/TO/fastjet-config

set lhapdf to /cvmfs/cms.cern.ch/slc6_amd64_gcc481/external/lhapdf/6.1.6-ddibom/share/LHAPDF/../../bin/lhapdf-config
set ninja to /afs/cern.ch/work/s/syu/2HDM_gridpack/v25x/genproductions/bin/MadGraph5_aMCatNLO/interactive/interactive_gridpack/work/MG5_aMC_v2_5_2/HEPTools/lib
No valid eps viewer found. Please set in ./input/mg5_configuration.txt
No valid web browser found. Please set in ./input/mg5_configuration.txt
import /afs/cern.ch/work/s/syu/2HDM_gridpack/v25x/genproductions/bin/MadGraph5_aMCatNLO/2HDMPZ2II_MH3_1000_MH4_500_MH2_1000_MHC_1000_proc_card.dat
The import format was not given, so we guess it as command
import model Pseudoscalar_2HDM
INFO: Change particles name to pass to MG5 convention 
Defined multiparticle p = g u c d s u~ c~ d~ s~
Defined multiparticle j = g u c d s u~ c~ d~ s~
Defined multiparticle l+ = e+ mu+
Defined multiparticle l- = e- mu-
Defined multiparticle vl = ve vm vt
Defined multiparticle vl~ = ve~ vm~ vt~
Defined multiparticle all = g ghg ghg~ u c d s u~ c~ d~ s~ a gha gha~ ve vm vt e- mu- ve~ vm~ vt~ e+ mu+ t b t~ b~ z w+ ghz ghwp ghwm h+ h1 h2 h3 h4 w- ghz~ ghwp~ ghwm~ h- ta- xd ta+ xd~
generate g g > xd xd~ h1 / z [QCD]
[1;60m------------------------------------------------------------------------[0m
[1;60m No Born diagrams found. Now switching to the loop-induced mode.        [0m
[1;60m Please cite ref. 'arXiv:1507.00020' when using results from this mode. [0m
[1;60m------------------------------------------------------------------------[0m
1 processes with 80 diagrams generated in 13.640 s
Total: 1 processes with 80 diagrams
output 2HDMPZ2II_MH3_1000_MH4_500_MH2_1000_MHC_1000 -nojpeg
INFO: initialize a new directory: 2HDMPZ2II_MH3_1000_MH4_500_MH2_1000_MHC_1000 
INFO: remove old information in 2HDMPZ2II_MH3_1000_MH4_500_MH2_1000_MHC_1000 
INFO: Organizing processes into subprocess groups 
INFO: Generating Helas calls for process: g g > xd xd~ h1 WEIGHTED<=12 [ noborn = QCD ] / z 
INFO: Processing color information for loop process: g g > xd xd~ h1 [ noborn = QCD ] / z 
INFO: Creating color matrix  loop process: g g > xd xd~ h1 WEIGHTED<=12 [ noborn = QCD ] / z 
INFO: Creating files in directory /afs/cern.ch/work/s/syu/2HDM_gridpack/v25x/genproductions/bin/MadGraph5_aMCatNLO/interactive/interactive_gridpack/work/MG5_aMC_v2_5_2/2HDMPZ2II_MH3_1000_MH4_500_MH2_1000_MHC_1000/SubProcesses/PV0_0_1_gg_xdxdxh1_no_z 
ALOHA: aloha creates FFV1 set of routines with options: L1
INFO: Computing diagram color coefficients 
INFO: Drawing loop Feynman diagrams for Process: g g > xd xd~ h1 WEIGHTED<=12 [ noborn = QCD ] / z 
INFO: Creating files in directory P0_gg_xdxdxh1 
INFO: Generating Feynman diagrams for Process: g g > xd xd~ h1 WEIGHTED<=12 [ noborn = QCD ] / z 
INFO: Finding symmetric diagrams for subprocess group gg_xdxdxh1 
History written to /afs/cern.ch/work/s/syu/2HDM_gridpack/v25x/genproductions/bin/MadGraph5_aMCatNLO/interactive/interactive_gridpack/work/MG5_aMC_v2_5_2/2HDMPZ2II_MH3_1000_MH4_500_MH2_1000_MHC_1000/Cards/proc_card_mg5.dat
Generated helas calls for 1 subprocesses (80 diagrams) in 2.952 s
ALOHA: aloha creates FFS1 routines
ALOHA: aloha creates FFS3 set of routines with options: L2
ALOHA: aloha creates SSS1 routines
save configuration file to /afs/cern.ch/work/s/syu/2HDM_gridpack/v25x/genproductions/bin/MadGraph5_aMCatNLO/interactive/interactive_gridpack/work/MG5_aMC_v2_5_2/2HDMPZ2II_MH3_1000_MH4_500_MH2_1000_MHC_1000/Cards/me5_configuration.txt
INFO: Use Fortran compiler gfortran 
INFO: Use c++ compiler g++ 
INFO: Generate web pages 
Output to directory /afs/cern.ch/work/s/syu/2HDM_gridpack/v25x/genproductions/bin/MadGraph5_aMCatNLO/interactive/interactive_gridpack/work/MG5_aMC_v2_5_2/2HDMPZ2II_MH3_1000_MH4_500_MH2_1000_MHC_1000 done.
Type "launch" to generate events from this process, or see
/afs/cern.ch/work/s/syu/2HDM_gridpack/v25x/genproductions/bin/MadGraph5_aMCatNLO/interactive/interactive_gridpack/work/MG5_aMC_v2_5_2/2HDMPZ2II_MH3_1000_MH4_500_MH2_1000_MHC_1000/README
Run "open index.html" to see more information about this process.
launch 2HDMPZ2II_MH3_1000_MH4_500_MH2_1000_MHC_1000
************************************************************
*                                                          *
*                      W E L C O M E to                    *
*             M A D G R A P H 5 _ a M C @ N L O            *
*                      M A D E V E N T                     *
*                                                          *
*                 *                       *                *
*                   *        * *        *                  *
*                     * * * * 5 * * * *                    *
*                   *        * *        *                  *
*                 *                       *                *
*                                                          *
*         VERSION 2.5.2                 2016-12-10         *
*                                                          *
*    The MadGraph5_aMC@NLO Development Team - Find us at   *
*    https://server06.fynu.ucl.ac.be/projects/madgraph     *
*                                                          *
*               Type 'help' for in-line help.              *
*                                                          *
************************************************************
INFO: load configuration from /afs/cern.ch/work/s/syu/2HDM_gridpack/v25x/genproductions/bin/MadGraph5_aMCatNLO/interactive/interactive_gridpack/work/MG5_aMC_v2_5_2/2HDMPZ2II_MH3_1000_MH4_500_MH2_1000_MHC_1000/Cards/me5_configuration.txt  
INFO: load configuration from /afs/cern.ch/work/s/syu/2HDM_gridpack/v25x/genproductions/bin/MadGraph5_aMCatNLO/interactive/interactive_gridpack/work/MG5_aMC_v2_5_2/input/mg5_configuration.txt  
INFO: load configuration from /afs/cern.ch/work/s/syu/2HDM_gridpack/v25x/genproductions/bin/MadGraph5_aMCatNLO/interactive/interactive_gridpack/work/MG5_aMC_v2_5_2/2HDMPZ2II_MH3_1000_MH4_500_MH2_1000_MHC_1000/Cards/me5_configuration.txt  
No valid eps viewer found. Please set in ./input/mg5_configuration.txt
No valid web browser found. Please set in ./input/mg5_configuration.txt
generate_events run_01
The following switches determine which programs are run:
/--------------------------------------------------------------------------------------------------\
|  [31m1[0m. Choose the shower/hadronization program:                           shower = [31mNot installed[0m    |
|  [31m2[0m. Choose the detector simulation program:                          detector = [31mNot installed[0m    |
|  [31m3[0m. Run an analysis package on the events generated:                 analysis = [33mNo analysis tool interfaced to MG5aMC.[0m|
|  [31m4[0m. Decay particles with the MadSpin module:                          madspin = [31mOFF[0m              |
|  [31m5[0m. Add weights to events for different model hypothesis:            reweight = [31mOFF[0m              |
\--------------------------------------------------------------------------------------------------/
  Either type the switch number (1 to 5) to change its setting,
  Set any switch explicitly (e.g. type 'madspin=ON' at the prompt)
  Type 'help' for the list of all valid option
  Type '0', 'auto', 'done' or just press enter when you are done.
 [[4m0[0m, auto, done, madspin=ON, madspin=OFF, madspin, reweight=ON, reweight=OFF, reweight, parton, ... ]
[1;34mThe answer to the previous question is not set in your input file[0m
[1;34mUse 0 value[0m
set sinp 0.35
[1;60mINFO: modify param_card information BLOCK higgs with id (5,) set to 0.35 [0m
set tanbeta 1
[1;60mINFO: modify param_card information BLOCK frblock with id (2,) set to 1.0 [0m
set laP1 3.0
[1;60mINFO: modify param_card information BLOCK higgs with id (2,) set to 3.0 [0m
set laP2 3.0
[1;60mINFO: modify param_card information BLOCK higgs with id (3,) set to 3.0 [0m
set lam3 3.0
[1;60mINFO: modify param_card information BLOCK higgs with id (1,) set to 3.0 [0m
set sinbma 1.0
[1;60mINFO: modify param_card information BLOCK frblock with id (3,) set to 1.0 [0m
set gPXd 1.0
[1;60mINFO: modify param_card information BLOCK dminputs with id (1,) set to 1.0 [0m
set Mxd 1.0
[1;60mINFO: modify param_card information BLOCK mass with id (52,) set to 1.0 [0m
set mhc 1000
[1;60mINFO: modify param_card information BLOCK mass with id (37,) set to 1000.0 [0m
set mh2 1000
[1;60mINFO: modify param_card information BLOCK mass with id (35,) set to 1000.0 [0m
set mh3 1000
[1;60mINFO: modify param_card information BLOCK mass with id (36,) set to 1000.0 [0m
set mh4 500
[1;60mINFO: modify param_card information BLOCK mass with id (55,) set to 500.0 [0m
set Wh1 auto
[1;60mINFO: modify param_card information BLOCK decay with id (25,) set to Auto [0m
set Wh2 auto
[1;60mINFO: modify param_card information BLOCK decay with id (35,) set to Auto [0m
set Wh3 auto
[1;60mINFO: modify param_card information BLOCK decay with id (36,) set to Auto [0m
set Whc auto
[1;60mINFO: modify param_card information BLOCK decay with id (37,) set to Auto [0m
set Wh4 auto
[1;60mINFO: modify param_card information BLOCK decay with id (55,) set to Auto [0m
Do you want to edit a card (press enter to bypass editing)?
/------------------------------------------------------------\
|  [31m1[0m. param         : [32mparam_card.dat[0m                         |
|  [31m2[0m. run           : [32mrun_card.dat[0m                           |
|  [31m3[0m. MadLoopParams : [32mMadLoopParams.dat[0m                      |
\------------------------------------------------------------/
 you can also
   - enter the path to a valid card or banner.
   - use the 'set' command to modify a parameter directly.
     The set option works only for param_card and run_card.
     Type 'help set' for more information on this command.
   - call an external program (ASperGE/MadWidth/...).
     Type 'help' for the list of available command
 [[4m0[0m, done, 1, param, 2, run, 3, MadLoopParams, enter path]
[1;60mThe answer to the previous question is not set in your input file[0m
[1;60mUse 0 value[0m
INFO: Change particles name to pass to MG5 convention 
************************************************************
*                                                          *
*                     W E L C O M E to                     *
*              M A D G R A P H 5 _ a M C @ N L O           *
*                                                          *
*                                                          *
*                 *                       *                *
*                   *        * *        *                  *
*                     * * * * 5 * * * *                    *
*                   *        * *        *                  *
*                 *                       *                *
*                                                          *
*         VERSION 2.5.2                 2016-12-10         *
*                                                          *
*    The MadGraph5_aMC@NLO Development Team - Find us at   *
*    https://server06.fynu.ucl.ac.be/projects/madgraph     *
*                            and                           *
*            http://amcatnlo.web.cern.ch/amcatnlo/         *
*                                                          *
*               Type 'help' for in-line help.              *
*           Type 'tutorial' to learn how MG5 works         *
*    Type 'tutorial aMCatNLO' to learn how aMC@NLO works   *
*    Type 'tutorial MadLoop' to learn how MadLoop works    *
*                                                          *
************************************************************
load MG5 configuration from input/mg5_configuration.txt 
None does not seem to correspond to a valid fastjet-config executable (v3+). We will use fjcore instead.
 Please set the 'fastjet'variable to the full (absolute) /PATH/TO/fastjet-config (including fastjet-config).
 MG5_aMC> set fastjet /PATH/TO/fastjet-config

set lhapdf to /cvmfs/cms.cern.ch/slc6_amd64_gcc481/external/lhapdf/6.1.6-ddibom/share/LHAPDF/../../bin/lhapdf-config
set ninja to /afs/cern.ch/work/s/syu/2HDM_gridpack/v25x/genproductions/bin/MadGraph5_aMCatNLO/interactive/interactive_gridpack/work/MG5_aMC_v2_5_2/HEPTools/lib
No valid eps viewer found. Please set in ./input/mg5_configuration.txt
No valid web browser found. Please set in ./input/mg5_configuration.txt
set automatic_html_opening False --no_save
compute_widths 25 35 36 37 55 --precision_channel=0.01 --body_decay=4.0025 --path=/afs/cern.ch/work/s/syu/2HDM_gridpack/v25x/genproductions/bin/MadGraph5_aMCatNLO/interactive/interactive_gridpack/work/MG5_aMC_v2_5_2/2HDMPZ2II_MH3_1000_MH4_500_MH2_1000_MHC_1000/Cards/param_card.dat --output=/afs/cern.ch/work/s/syu/2HDM_gridpack/v25x/genproductions/bin/MadGraph5_aMCatNLO/interactive/interactive_gridpack/work/MG5_aMC_v2_5_2/2HDMPZ2II_MH3_1000_MH4_500_MH2_1000_MHC_1000/Cards/param_card.dat
[1;34mPlease note that the automatic computation of the width is
    only valid in narrow-width approximation and at tree-level.[0m
INFO: Get two body decay from FeynRules formula 
Results written to /afs/cern.ch/work/s/syu/2HDM_gridpack/v25x/genproductions/bin/MadGraph5_aMCatNLO/interactive/interactive_gridpack/work/MG5_aMC_v2_5_2/2HDMPZ2II_MH3_1000_MH4_500_MH2_1000_MHC_1000/Cards/param_card.dat
INFO: get decay diagram for h1 
Vertexlist of this model has not been searched.Automatically run the model.find_vertexlist()
Found 6 stable particles
INFO: get decay diagram for h2 
INFO:     current estimated error: 0.100523295618 go to 4-body decay: 
100 / 136: 12s
INFO:     stop to 4.0 body-decay. approximate error: 0.819283914236 
INFO: get decay diagram for h3 
INFO:     current estimated error: 0.216461268437 go to 4-body decay: 
INFO:     stop to 4.0 body-decay. approximate error: 1.43852434692 
INFO: get decay diagram for h+ 
INFO:     current estimated error: 0.0539165678492 go to 4-body decay: 
INFO:     stop to 4.0 body-decay. approximate error: 0.00289906428012 
INFO: get decay diagram for h4 
Pass to numerical integration for computing the widths:
INFO: More info in temporary files:
    /afs/cern.ch/work/s/syu/2HDM_gridpack/v25x/genproductions/bin/MadGraph5_aMCatNLO/interactive/interactive_gridpack/work/MG5_aMC_v2_5_2/tmplMmJeq/temp_decay/index.html 
Results written to /afs/cern.ch/work/s/syu/2HDM_gridpack/v25x/genproductions/bin/MadGraph5_aMCatNLO/interactive/interactive_gridpack/work/MG5_aMC_v2_5_2/2HDMPZ2II_MH3_1000_MH4_500_MH2_1000_MHC_1000/Cards/param_card.dat
INFO: Update the dependent parameter of the param_card.dat 
Generating 20000 events with run name run_01
survey  run_01 
INFO: compile directory 
[1;34mNot able to open file /afs/cern.ch/work/s/syu/2HDM_gridpack/v25x/genproductions/bin/MadGraph5_aMCatNLO/interactive/interactive_gridpack/work/MG5_aMC_v2_5_2/2HDMPZ2II_MH3_1000_MH4_500_MH2_1000_MHC_1000/crossx.html since no program configured.Please set one in ./input/mg5_configuration.txt[0m
run_card missed argument ptlund. Takes default: -1.0
run_card missed argument pdgs_for_merging_cut. Takes default: [21, 1, 2, 3, 4, 5, 6]
run_card missed argument bias_parameters. Takes default: {}
initMadLoop -r -f
run_card missed argument ptlund. Takes default: -1.0
run_card missed argument pdgs_for_merging_cut. Takes default: [21, 1, 2, 3, 4, 5, 6]
run_card missed argument bias_parameters. Takes default: {}
Initializing MadLoop loop-induced matrix elements (this can take some time)...
MadLoop initialization finished.
compile Source Directory
Using random number seed offset = 21
INFO: Running Survey 
Creating Jobs
Working on SubProcesses
INFO:     P0_gg_xdxdxh1  
INFO:  Idle: 24,  Running: 24,  Completed: 0 [ current time: 19h18 ] 
INFO:  Idle: 22,  Running: 24,  Completed: 2 [  1m 12s  ] 
INFO:  Idle: 17,  Running: 24,  Completed: 7 [  1m 15s  ] 
INFO:  Idle: 11,  Running: 24,  Completed: 13 [  1m 18s  ] 
INFO:  Idle: 6,  Running: 24,  Completed: 19 [  1m 21s  ] 
INFO:  Idle: 6,  Running: 24,  Completed: 23 [  1m 36s  ] 
INFO:  Idle: 6,  Running: 24,  Completed: 24 [  1m 40s  ] 
INFO:  Idle: 3,  Running: 24,  Completed: 27 [  2m 29s  ] 
INFO: P0_gg_xdxdxh1/G1.5 is at 5.3e-06 +- 5.55e-07 pb. Now submitting iteration #2. 
INFO: P0_gg_xdxdxh1/G1.4 is at 1.12e-05 +- 7.81e-07 pb. Now submitting iteration #2. 
INFO: P0_gg_xdxdxh1/G2.5 is at 6.57e-06 +- 5.51e-07 pb. Now submitting iteration #2. 
INFO: P0_gg_xdxdxh1/G1.7 is at 1.13e-06 +- 1.08e-07 pb. Now submitting iteration #2. 
INFO:  Idle: 14,  Running: 24,  Completed: 32 [  2m 32s  ] 
INFO: P0_gg_xdxdxh1/G1.8 is at 1.47e-07 +- 7.15e-08 pb. Now submitting iteration #2. 
INFO: P0_gg_xdxdxh1/G2.7 is at 1.46e-07 +- 1.21e-08 pb. Now submitting iteration #2. 
INFO:  Idle: 18,  Running: 24,  Completed: 36 [  2m 35s  ] 
INFO:  Idle: 10,  Running: 24,  Completed: 45 [  2m 40s  ] 
INFO:  Idle: 9,  Running: 24,  Completed: 49 [  2m 43s  ] 
INFO:  Idle: 8,  Running: 24,  Completed: 50 [  2m 56s  ] 
INFO:  Idle: 7,  Running: 24,  Completed: 52 [  3m 10s  ] 
INFO:  Idle: 6,  Running: 24,  Completed: 53 [  3m 14s  ] 
INFO:  Idle: 5,  Running: 24,  Completed: 55 [  3m 59s  ] 
INFO: P0_gg_xdxdxh1/G3 is at 0.0106 +- 0.000307 pb. Now submitting iteration #2. 
INFO:  Idle: 8,  Running: 24,  Completed: 56 [  4m 3s  ] 
INFO: P0_gg_xdxdxh1/G4.7 is at 0.000562 +- 4.43e-05 pb. Now submitting iteration #2. 
INFO: P0_gg_xdxdxh1/G4.5 is at 0.000962 +- 9.08e-05 pb. Now submitting iteration #2. 
INFO:  Idle: 9,  Running: 24,  Completed: 63 [  4m 10s  ] 
INFO: P0_gg_xdxdxh1/G2.8 is at 7.87e-08 +- 3.94e-08 pb. Now submitting iteration #2. 
INFO:  Idle: 3,  Running: 24,  Completed: 72 [  4m 13s  ] 
INFO: P0_gg_xdxdxh1/G4.4 is at 4.62e-05 +- 1.64e-06 pb. Now submitting iteration #2. 
INFO: P0_gg_xdxdxh1/G4.8 is at 1.21e-05 +- 6.13e-06 pb. Now submitting iteration #2. 
INFO: P0_gg_xdxdxh1/G1.7 is at 1.35e-06 +- 6.41e-08 pb. Now submitting iteration #3. 
INFO:  Idle: 12,  Running: 24,  Completed: 80 [  4m 21s  ] 
INFO: P0_gg_xdxdxh1/G1.4 is at 1.05e-05 +- 2.34e-07 pb. Now submitting iteration #3. 
INFO: P0_gg_xdxdxh1/G1.5 is at 5.526e-06 +- 4.75e-08 pb. Now submitting iteration #3. 
INFO: P0_gg_xdxdxh1/G2.5 is at 7.85e-06 +- 2.99e-07 pb. Now submitting iteration #3. 
INFO:  Idle: 19,  Running: 24,  Completed: 86 [  4m 38s  ] 
INFO:  Idle: 18,  Running: 24,  Completed: 88 [  4m 43s  ] 
INFO:  Idle: 17,  Running: 24,  Completed: 89 [  5m 40s  ] 
INFO:  Idle: 11,  Running: 24,  Completed: 95 [  5m 44s  ] 
INFO:  Idle: 8,  Running: 24,  Completed: 98 [  5m 49s  ] 
INFO: P0_gg_xdxdxh1/G1.8 is at 1.26e-07 +- 4.98e-09 pb. Now submitting iteration #3. 
INFO:  Idle: 7,  Running: 24,  Completed: 107 [  5m 54s  ] 
INFO: P0_gg_xdxdxh1/G2.7 is at 1.39e-07 +- 9.05e-09 pb. Now submitting iteration #3. 
INFO:  Idle: 8,  Running: 24,  Completed: 111 [  6m 4s  ] 
INFO: P0_gg_xdxdxh1/G3 is at 0.01077 +- 7.43e-05 pb. Now submitting iteration #3. 
INFO: P0_gg_xdxdxh1/G2.8 is at 2.99e-07 +- 7.47e-08 pb. Now submitting iteration #3. 
INFO: P0_gg_xdxdxh1/G4.7 is at 0.000495 +- 1.96e-05 pb. Now submitting iteration #3. 
INFO: P0_gg_xdxdxh1/G4.5 is at 0.0009332 +- 6.04e-06 pb. Now submitting iteration #3. 
INFO:  Idle: 18,  Running: 24,  Completed: 118 [  6m 14s  ] 
INFO:  Idle: 17,  Running: 24,  Completed: 119 [  8m 32s  ] 
INFO: P0_gg_xdxdxh1/G4.4 is at 4.657e-05 +- 2.51e-07 pb. Now submitting iteration #3. 
INFO:  Idle: 18,  Running: 24,  Completed: 122 [  8m 35s  ] 
INFO:  Idle: 14,  Running: 24,  Completed: 126 [  8m 38s  ] 
INFO:  Idle: 12,  Running: 24,  Completed: 130 [  8m 50s  ] 
INFO:  Idle: 8,  Running: 24,  Completed: 134 [  8m 53s  ] 
INFO:  Idle: 7,  Running: 24,  Completed: 136 [  8m 56s  ] 
INFO: P0_gg_xdxdxh1/G4.8 is at 1.34e-05 +- 6.18e-07 pb. Now submitting iteration #3. 
INFO:  Idle: 9,  Running: 24,  Completed: 139 [  8m 59s  ] 
INFO:  Idle: 7,  Running: 24,  Completed: 141 [  9m 3s  ] 
INFO:  Idle: 6,  Running: 24,  Completed: 143 [  9m 7s  ] 
INFO: Survey finished for P0_gg_xdxdxh1/G1.4 at 1.039e-05 +- 8.34e-08 pb 
INFO: Survey finished for P0_gg_xdxdxh1/G1.7 at 1.38e-06 +- 1.89e-08 pb 
INFO: Survey finished for P0_gg_xdxdxh1/G1.5 at 5.523e-06 +- 1.4e-08 pb 
INFO:  Idle: 3,  Running: 24,  Completed: 146 [  9m 10s  ] 
INFO: Survey finished for P0_gg_xdxdxh1/G2.5 at 8.12e-06 +- 1.13e-07 pb 
INFO:  Idle: 2,  Running: 24,  Completed: 147 [  9m 13s  ] 
INFO:  Idle: 2,  Running: 24,  Completed: 148 [  9m 20s  ] 
INFO:  Idle: 1,  Running: 24,  Completed: 149 [  11m 25s  ] 
INFO:  Idle: 0,  Running: 24,  Completed: 150 [  11m 29s  ] 
INFO: Survey finished for P0_gg_xdxdxh1/G2.7 at 1.21e-07 +- 3.54e-09 pb 
INFO: P0_gg_xdxdxh1/G1.8 is at 2.19e-07 +- 3.46e-08 pb. Now submitting iteration #4. 
INFO:  Idle: 0,  Running: 21,  Completed: 157 [  11m 32s  ] 
INFO:  Idle: 1,  Running: 19,  Completed: 160 [  11m 36s  ] 
INFO: Survey finished for P0_gg_xdxdxh1/G3 at 0.01074 +- 2.71e-05 pb 
INFO:  Idle: 0,  Running: 18,  Completed: 162 [  11m 39s  ] 
INFO: P0_gg_xdxdxh1/G2.8 is at 3.18e-07 +- 1.91e-08 pb. Now submitting iteration #4. 
INFO:  Idle: 0,  Running: 19,  Completed: 166 [  11m 45s  ] 
INFO: Survey finished for P0_gg_xdxdxh1/G4.7 at 0.000493 +- 5.73e-06 pb 
INFO:  Idle: 0,  Running: 18,  Completed: 167 [  11m 53s  ] 
INFO:  Idle: 0,  Running: 13,  Completed: 174 [  11m 57s  ] 
INFO:  Idle: 0,  Running: 11,  Completed: 176 [  12m 0s  ] 
INFO: Survey finished for P0_gg_xdxdxh1/G4.4 at 4.634e-05 +- 1.29e-07 pb 
INFO: Survey finished for P0_gg_xdxdxh1/G4.5 at 0.0009468 +- 4.43e-06 pb 
INFO:  Idle: 0,  Running: 10,  Completed: 177 [  12m 4s  ] 
INFO:  Idle: 1,  Running: 8,  Completed: 179 [  12m 10s  ] 
INFO: P0_gg_xdxdxh1/G4.8 is at 1.55e-05 +- 2.02e-06 pb. Now submitting iteration #4. 
INFO:  Idle: 0,  Running: 12,  Completed: 180 [  12m 29s  ] 
INFO:  Idle: 0,  Running: 11,  Completed: 181 [  15m 34s  ] 
INFO:  Idle: 0,  Running: 8,  Completed: 184 [  15m 44s  ] 
INFO:  Idle: 0,  Running: 6,  Completed: 187 [  15m 52s  ] 
INFO:  Idle: 1,  Running: 5,  Completed: 188 [  15m 59s  ] 
INFO: P0_gg_xdxdxh1/G1.8 is at 2.43e-07 +- 1.25e-08 pb. Now submitting iteration #5. 
INFO:  Idle: 1,  Running: 8,  Completed: 189 [  16m 9s  ] 
INFO:  Idle: 0,  Running: 8,  Completed: 190 [  16m 21s  ] 
INFO: P0_gg_xdxdxh1/G2.8 is at 3.47e-07 +- 8.01e-09 pb. Now submitting iteration #5. 
INFO:  Idle: 0,  Running: 11,  Completed: 191 [  16m 25s  ] 
INFO:  Idle: 0,  Running: 10,  Completed: 192 [  16m 31s  ] 
INFO:  Idle: 1,  Running: 8,  Completed: 194 [  17m 6s  ] 
INFO: P0_gg_xdxdxh1/G4.8 is at 2.23e-05 +- 1.82e-06 pb. Now submitting iteration #5. 
INFO:  Idle: 2,  Running: 10,  Completed: 195 [  17m 22s  ] 
INFO:  Idle: 0,  Running: 12,  Completed: 195 [  22m 23s  ] 
INFO:  Idle: 0,  Running: 10,  Completed: 197 [  24m 3s  ] 
INFO:  Idle: 0,  Running: 8,  Completed: 199 [  24m 11s  ] 
INFO:  Idle: 1,  Running: 7,  Completed: 200 [  24m 21s  ] 
INFO:  Idle: 0,  Running: 7,  Completed: 201 [  24m 32s  ] 
INFO: Survey finished for P0_gg_xdxdxh1/G1.8 at 2.55e-07 +- 2.04e-08 pb 
INFO:  Idle: 0,  Running: 5,  Completed: 204 [  24m 40s  ] 
INFO: Survey finished for P0_gg_xdxdxh1/G2.8 at 3.52e-07 +- 5.19e-09 pb 
INFO:  Idle: 0,  Running: 2,  Completed: 207 [  25m 21s  ] 
INFO:  Idle: 0,  Running: 1,  Completed: 208 [  25m 30s  ] 
INFO: Survey finished for P0_gg_xdxdxh1/G4.8 at 2.28e-05 +- 4.35e-07 pb 
INFO:  Idle: 0,  Running: 0,  Completed: 210 [  25m 57s  ] 
INFO:  Idle: 0,  Running: 0,  Completed: 210 [  25m 57s  ] 
INFO: End survey 
refine 20000
Creating Jobs
INFO: Refine results to 20000 
INFO: Generating 20000.0 unweigthed events. 
INFO: Effective Luminosity 1873876.26339 pb^-1 
INFO: need to improve 1 channels 
Current estimate of cross-section: 0.01227402281 +- 2.80134012536e-05
INFO:  Idle: 0,  Running: 24,  Completed: 0 [ current time: 19h44 ] 
INFO:  Idle: 0,  Running: 23,  Completed: 1 [  1m 9s  ] 
INFO:  Idle: 0,  Running: 22,  Completed: 2 [  1m 21s  ] 
INFO:  Idle: 0,  Running: 13,  Completed: 11 [  1m 25s  ] 
INFO:  Idle: 0,  Running: 8,  Completed: 16 [  1m 32s  ] 
INFO: P0_gg_xdxdxh1/G3 is at 5593/19880 (28%) event. Resubmit 21 job at iteration 1. 
INFO:  Idle: 4,  Running: 17,  Completed: 25 [  3m 36s  ] 
INFO:  Idle: 0,  Running: 18,  Completed: 28 [  5m 8s  ] 
INFO:  Idle: 0,  Running: 6,  Completed: 40 [  5m 42s  ] 
INFO:  Idle: 0,  Running: 1,  Completed: 45 [  5m 53s  ] 
INFO: P0_gg_xdxdxh1/G3 is at 10480/19916 (53%) event. Resubmit 41 job at iteration 2. 
INFO:  Idle: 17,  Running: 24,  Completed: 47 [  6m 42s  ] 
INFO:  Idle: 16,  Running: 24,  Completed: 48 [  8m 3s  ] 
INFO:  Idle: 13,  Running: 24,  Completed: 51 [  8m 16s  ] 
INFO:  Idle: 10,  Running: 24,  Completed: 54 [  8m 19s  ] 
INFO:  Idle: 6,  Running: 24,  Completed: 58 [  8m 35s  ] 
INFO:  Idle: 0,  Running: 20,  Completed: 68 [  8m 38s  ] 
INFO:  Idle: 0,  Running: 16,  Completed: 72 [  9m 31s  ] 
INFO:  Idle: 0,  Running: 13,  Completed: 75 [  9m 36s  ] 
INFO:  Idle: 0,  Running: 11,  Completed: 77 [  9m 48s  ] 
INFO:  Idle: 0,  Running: 10,  Completed: 78 [  10m 1s  ] 
INFO:  Idle: 0,  Running: 5,  Completed: 83 [  10m 5s  ] 
INFO: found enough event for P0_gg_xdxdxh1/G3 
INFO:  Idle: 0,  Running: 0,  Completed: 89 [  12m 28s  ] 
INFO:  Idle: 0,  Running: 0,  Completed: 89 [  12m 28s  ] 
INFO: Combining runs 
INFO: finish refine 
refine 20000
Creating Jobs
INFO: Refine results to 20000 
INFO: Generating 20000.0 unweigthed events. 
INFO: Effective Luminosity 1888182.9842 pb^-1 
INFO: need to improve 0 channels 
Current estimate of cross-section: 0.01218102281 +- 1.80389213313e-05
INFO:  Idle: 0,  Running: 0,  Completed: 0 [ current time: 19h56 ] 
INFO:  Idle: 0,  Running: 0,  Completed: 0 [  0.032s  ] 
INFO: Combining runs 
INFO: finish refine 
INFO: Combining Events 
 
 
 
  === Results Summary for run: run_01 tag: tag_1 ===

     Cumulative sequential time for this run: 4h42m47s
     Cross-section :   0.01218 +- 1.804e-05 pb
     Nb of events :  20000
 
store_events
INFO: Storing parton level results 
INFO: End Parton 
reweight -from_cards
decay_events -from_cards
INFO: storing files of previous run 
INFO: Done 
quit
INFO:  
 
INFO:  
 
quit
 

 


Job finished at Fri Jul 21 20:00:09 CEST 2017 on node 
 under linux version Scientific Linux CERN SLC release 6.9 (Carbon)

CERN statistics: This process used approximately : 8:09:16 KSI2K hours (29356 KSI2K seconds)
                 This process corresponds to     : 31:48:11 HS06  hours (114491 HS06  seconds)
